2024-10-23 23:50:36.710 [info] Extension host with pid 27386 started
2024-10-23 23:50:36.710 [info] Skipping acquiring lock for /home/Heryforce/.config/VSCodium/User/workspaceStorage/1cda70b88a7f9558a940c4a576b54b94.
2024-10-23 23:50:36.914 [info] ExtensionService#_doActivateExtension vscode.emmet, startup: false, activationEvent: 'onLanguage'
2024-10-23 23:50:36.937 [info] ExtensionService#_doActivateExtension vscode.configuration-editing, startup: false, activationEvent: 'onLanguage:jsonc'
2024-10-23 23:50:36.950 [info] ExtensionService#_doActivateExtension vscode.json-language-features, startup: false, activationEvent: 'onLanguage:jsonc'
2024-10-23 23:50:37.020 [info] ExtensionService#_doActivateExtension vscode.typescript-language-features, startup: false, activationEvent: 'onLanguage:jsonc'
2024-10-23 23:50:37.437 [info] ExtensionService#_doActivateExtension vscode.git-base, startup: true, activationEvent: '*', root cause: vscode.git
2024-10-23 23:50:37.444 [info] ExtensionService#_doActivateExtension vscode.git, startup: true, activationEvent: '*'
2024-10-23 23:50:37.561 [info] ExtensionService#_doActivateExtension vscode.github, startup: true, activationEvent: '*'
2024-10-23 23:50:37.633 [info] Eager extensions activated
2024-10-23 23:50:37.661 [info] ExtensionService#_doActivateExtension vscode.debug-auto-launch, startup: false, activationEvent: 'onStartupFinished'
2024-10-23 23:50:37.663 [info] ExtensionService#_doActivateExtension vscode.merge-conflict, startup: false, activationEvent: 'onStartupFinished'
2024-10-23 23:50:37.820 [warning] [Decorations] CAPPING events from decorations provider vscode.git 844
2024-10-23 23:50:37.878 [info] ExtensionService#_doActivateExtension vscode.github-authentication, startup: false, activationEvent: 'onAuthenticationRequest:github'
2024-10-23 23:50:38.126 [warning] [Decorations] CAPPING events from decorations provider vscode.git 845
2024-10-23 23:50:40.162 [warning] [Decorations] CAPPING events from decorations provider vscode.git 845
2024-10-23 23:50:45.234 [warning] [Decorations] CAPPING events from decorations provider vscode.git 845
2024-10-23 23:50:50.311 [warning] [Decorations] CAPPING events from decorations provider vscode.git 876
2024-10-23 23:50:55.371 [warning] [Decorations] CAPPING events from decorations provider vscode.git 876
2024-10-23 23:56:08.846 [warning] [Decorations] CAPPING events from decorations provider vscode.git 876
2024-10-23 23:56:13.912 [warning] [Decorations] CAPPING events from decorations provider vscode.git 876
2024-10-23 23:56:30.260 [warning] [Decorations] CAPPING events from decorations provider vscode.git 876
2024-10-23 23:56:35.312 [warning] [Decorations] CAPPING events from decorations provider vscode.git 877
2024-10-23 23:56:40.389 [warning] [Decorations] CAPPING events from decorations provider vscode.git 877
2024-10-23 23:56:45.436 [warning] [Decorations] CAPPING events from decorations provider vscode.git 877
2024-10-23 23:56:50.499 [warning] [Decorations] CAPPING events from decorations provider vscode.git 878
2024-10-23 23:56:55.566 [warning] [Decorations] CAPPING events from decorations provider vscode.git 877
2024-10-23 23:57:00.626 [warning] [Decorations] CAPPING events from decorations provider vscode.git 877
2024-10-23 23:57:05.697 [warning] [Decorations] CAPPING events from decorations provider vscode.git 877
2024-10-23 23:57:10.751 [warning] [Decorations] CAPPING events from decorations provider vscode.git 877
2024-10-23 23:57:22.321 [warning] [Decorations] CAPPING events from decorations provider vscode.git 877
2024-10-23 23:57:27.393 [warning] [Decorations] CAPPING events from decorations provider vscode.git 878
2024-10-23 23:57:32.476 [warning] [Decorations] CAPPING events from decorations provider vscode.git 878
2024-10-23 23:57:37.537 [warning] [Decorations] CAPPING events from decorations provider vscode.git 878
2024-10-23 23:57:42.589 [warning] [Decorations] CAPPING events from decorations provider vscode.git 878
2024-10-23 23:57:47.660 [warning] [Decorations] CAPPING events from decorations provider vscode.git 878
2024-10-23 23:57:52.750 [warning] [Decorations] CAPPING events from decorations provider vscode.git 878
2024-10-23 23:57:57.810 [warning] [Decorations] CAPPING events from decorations provider vscode.git 879
2024-10-23 23:58:02.881 [warning] [Decorations] CAPPING events from decorations provider vscode.git 879
2024-10-23 23:58:07.956 [warning] [Decorations] CAPPING events from decorations provider vscode.git 879
2024-10-23 23:58:13.008 [warning] [Decorations] CAPPING events from decorations provider vscode.git 880
2024-10-23 23:58:18.081 [warning] [Decorations] CAPPING events from decorations provider vscode.git 880
2024-10-23 23:58:23.139 [warning] [Decorations] CAPPING events from decorations provider vscode.git 881
2024-10-23 23:58:28.236 [warning] [Decorations] CAPPING events from decorations provider vscode.git 881
2024-10-23 23:58:33.300 [warning] [Decorations] CAPPING events from decorations provider vscode.git 881
2024-10-23 23:58:38.363 [warning] [Decorations] CAPPING events from decorations provider vscode.git 881
2024-10-23 23:58:43.428 [warning] [Decorations] CAPPING events from decorations provider vscode.git 881
2024-10-23 23:58:48.496 [warning] [Decorations] CAPPING events from decorations provider vscode.git 882
2024-10-23 23:58:53.558 [warning] [Decorations] CAPPING events from decorations provider vscode.git 882
2024-10-23 23:58:58.621 [warning] [Decorations] CAPPING events from decorations provider vscode.git 882
2024-10-23 23:59:03.684 [warning] [Decorations] CAPPING events from decorations provider vscode.git 882
2024-10-23 23:59:39.350 [warning] [Decorations] CAPPING events from decorations provider vscode.git 882
2024-10-23 23:59:44.409 [warning] [Decorations] CAPPING events from decorations provider vscode.git 883
2024-10-23 23:59:53.359 [warning] [Decorations] CAPPING events from decorations provider vscode.git 884
2024-10-23 23:59:58.414 [warning] [Decorations] CAPPING events from decorations provider vscode.git 883
2024-10-24 00:00:03.469 [warning] [Decorations] CAPPING events from decorations provider vscode.git 883
2024-10-24 00:00:08.530 [warning] [Decorations] CAPPING events from decorations provider vscode.git 884
2024-10-24 00:00:13.606 [warning] [Decorations] CAPPING events from decorations provider vscode.git 884
2024-10-24 00:00:37.227 [warning] [Decorations] CAPPING events from decorations provider vscode.git 893
2024-10-24 00:00:42.282 [warning] [Decorations] CAPPING events from decorations provider vscode.git 893
2024-10-24 00:00:47.354 [warning] [Decorations] CAPPING events from decorations provider vscode.git 893
2024-10-24 00:00:52.411 [warning] [Decorations] CAPPING events from decorations provider vscode.git 893
2024-10-24 00:00:57.473 [warning] [Decorations] CAPPING events from decorations provider vscode.git 893
2024-10-24 00:01:02.554 [warning] [Decorations] CAPPING events from decorations provider vscode.git 892
2024-10-24 00:01:07.604 [warning] [Decorations] CAPPING events from decorations provider vscode.git 892
2024-10-24 00:01:12.674 [warning] [Decorations] CAPPING events from decorations provider vscode.git 893
2024-10-24 00:01:17.743 [warning] [Decorations] CAPPING events from decorations provider vscode.git 892
2024-10-24 00:01:22.805 [warning] [Decorations] CAPPING events from decorations provider vscode.git 892
2024-10-24 00:01:27.869 [warning] [Decorations] CAPPING events from decorations provider vscode.git 893
2024-10-24 00:01:32.936 [warning] [Decorations] CAPPING events from decorations provider vscode.git 893
2024-10-24 00:01:37.991 [warning] [Decorations] CAPPING events from decorations provider vscode.git 893
2024-10-24 00:01:43.059 [warning] [Decorations] CAPPING events from decorations provider vscode.git 893
2024-10-24 00:01:48.127 [warning] [Decorations] CAPPING events from decorations provider vscode.git 895
2024-10-24 00:01:53.197 [warning] [Decorations] CAPPING events from decorations provider vscode.git 895
2024-10-24 00:01:58.256 [warning] [Decorations] CAPPING events from decorations provider vscode.git 896
2024-10-24 00:02:03.323 [warning] [Decorations] CAPPING events from decorations provider vscode.git 896
2024-10-24 00:02:12.365 [warning] [Decorations] CAPPING events from decorations provider vscode.git 896
2024-10-24 00:02:17.438 [warning] [Decorations] CAPPING events from decorations provider vscode.git 896
2024-10-24 00:02:22.515 [warning] [Decorations] CAPPING events from decorations provider vscode.git 896
2024-10-24 00:03:09.205 [warning] [Decorations] CAPPING events from decorations provider vscode.git 896
2024-10-24 00:04:42.411 [warning] [Decorations] CAPPING events from decorations provider vscode.git 896
2024-10-24 00:04:47.477 [warning] [Decorations] CAPPING events from decorations provider vscode.git 896
2024-10-24 00:04:52.534 [warning] [Decorations] CAPPING events from decorations provider vscode.git 896
2024-10-24 00:04:57.604 [warning] [Decorations] CAPPING events from decorations provider vscode.git 896
2024-10-24 00:05:02.693 [warning] [Decorations] CAPPING events from decorations provider vscode.git 896
2024-10-24 00:05:07.778 [warning] [Decorations] CAPPING events from decorations provider vscode.git 896
2024-10-24 00:05:12.833 [warning] [Decorations] CAPPING events from decorations provider vscode.git 897
2024-10-24 00:05:17.898 [warning] [Decorations] CAPPING events from decorations provider vscode.git 897
2024-10-24 00:05:22.965 [warning] [Decorations] CAPPING events from decorations provider vscode.git 897
2024-10-24 00:05:28.030 [warning] [Decorations] CAPPING events from decorations provider vscode.git 898
2024-10-24 00:05:33.096 [warning] [Decorations] CAPPING events from decorations provider vscode.git 898
2024-10-24 00:05:38.159 [warning] [Decorations] CAPPING events from decorations provider vscode.git 899
2024-10-24 00:05:43.224 [warning] [Decorations] CAPPING events from decorations provider vscode.git 899
2024-10-24 00:05:48.307 [warning] [Decorations] CAPPING events from decorations provider vscode.git 899
2024-10-24 00:05:53.372 [warning] [Decorations] CAPPING events from decorations provider vscode.git 900
2024-10-24 00:05:58.422 [warning] [Decorations] CAPPING events from decorations provider vscode.git 899
2024-10-24 00:06:03.513 [warning] [Decorations] CAPPING events from decorations provider vscode.git 898
2024-10-24 00:06:08.571 [warning] [Decorations] CAPPING events from decorations provider vscode.git 899
2024-10-24 00:06:13.636 [warning] [Decorations] CAPPING events from decorations provider vscode.git 899
2024-10-24 00:06:18.685 [warning] [Decorations] CAPPING events from decorations provider vscode.git 900
2024-10-24 00:06:23.745 [warning] [Decorations] CAPPING events from decorations provider vscode.git 901
2024-10-24 00:06:28.809 [warning] [Decorations] CAPPING events from decorations provider vscode.git 900
2024-10-24 00:06:33.874 [warning] [Decorations] CAPPING events from decorations provider vscode.git 900
2024-10-24 00:06:38.932 [warning] [Decorations] CAPPING events from decorations provider vscode.git 901
2024-10-24 00:06:44.000 [warning] [Decorations] CAPPING events from decorations provider vscode.git 901
2024-10-24 00:06:49.085 [warning] [Decorations] CAPPING events from decorations provider vscode.git 901
2024-10-24 00:06:54.138 [warning] [Decorations] CAPPING events from decorations provider vscode.git 901
2024-10-24 00:06:59.217 [warning] [Decorations] CAPPING events from decorations provider vscode.git 901
2024-10-24 00:07:04.269 [warning] [Decorations] CAPPING events from decorations provider vscode.git 901
2024-10-24 00:07:09.359 [warning] [Decorations] CAPPING events from decorations provider vscode.git 901
2024-10-24 00:07:14.427 [warning] [Decorations] CAPPING events from decorations provider vscode.git 901
2024-10-24 00:07:19.494 [warning] [Decorations] CAPPING events from decorations provider vscode.git 901
2024-10-24 00:07:45.601 [warning] [Decorations] CAPPING events from decorations provider vscode.git 901
2024-10-24 00:09:01.474 [warning] [Decorations] CAPPING events from decorations provider vscode.git 901
2024-10-24 00:09:06.541 [warning] [Decorations] CAPPING events from decorations provider vscode.git 901
2024-10-24 00:09:11.642 [warning] [Decorations] CAPPING events from decorations provider vscode.git 901
2024-10-24 00:09:16.727 [warning] [Decorations] CAPPING events from decorations provider vscode.git 901
2024-10-24 00:09:21.783 [warning] [Decorations] CAPPING events from decorations provider vscode.git 901
