2024-10-29 19:50:34.573 [info] [main] Log level: Info
2024-10-29 19:50:34.573 [info] [main] Validating found git in: "git"
2024-10-29 19:50:34.573 [info] [main] Using git "2.47.0" from "git"
2024-10-29 19:50:34.573 [info] [Model][doInitialScan] Initial repository scan started
2024-10-29 19:50:34.573 [info] > git rev-parse --show-toplevel [7ms]
2024-10-29 19:50:34.573 [info] > git rev-parse --git-dir --git-common-dir [2ms]
2024-10-29 19:50:34.573 [info] [Model][openRepository] Opened repository: /home/Heryforce/.config
2024-10-29 19:50:34.574 [info] > git rev-parse --show-toplevel [28ms]
2024-10-29 19:50:34.575 [info] > git config --get commit.template [36ms]
2024-10-29 19:50:34.597 [info] > git for-each-ref --format=%(refname)%00%(upstream:short)%00%(objectname)%00%(upstream:track)%00%(upstream:remotename)%00%(upstream:remoteref) refs/heads/main refs/remotes/main [9ms]
2024-10-29 19:50:34.619 [info] > git for-each-ref --sort -committerdate --format %(refname) %(objectname) %(*objectname) [3ms]
2024-10-29 19:50:34.630 [info] > git rev-parse --show-toplevel [3ms]
2024-10-29 19:50:34.640 [info] > git rev-parse --show-toplevel [2ms]
2024-10-29 19:50:34.647 [info] > git rev-parse --show-toplevel [2ms]
2024-10-29 19:50:34.660 [info] > git rev-parse --show-toplevel [7ms]
2024-10-29 19:50:34.670 [info] > git rev-parse --show-toplevel [3ms]
2024-10-29 19:50:34.678 [info] > git rev-parse --show-toplevel [2ms]
2024-10-29 19:50:34.688 [info] > git rev-parse --show-toplevel [3ms]
2024-10-29 19:50:34.697 [info] > git status -z -uall [91ms]
2024-10-29 19:50:34.771 [info] > git for-each-ref --format=%(refname)%00%(upstream:short)%00%(objectname)%00%(upstream:track)%00%(upstream:remotename)%00%(upstream:remoteref) refs/heads/main refs/remotes/main [12ms]
2024-10-29 19:50:34.778 [info] > git rev-parse --show-toplevel [84ms]
2024-10-29 19:50:34.791 [info] > git config --local branch.main.vscode-merge-base [12ms]
2024-10-29 19:50:34.791 [warning] [Git][config] git config failed: Failed to execute git
2024-10-29 19:50:34.797 [info] > git config --get commit.template [27ms]
2024-10-29 19:50:34.802 [info] > git rev-parse --show-toplevel [13ms]
2024-10-29 19:50:34.815 [info] > git reflog main --grep-reflog=branch: Created from *. [18ms]
2024-10-29 19:50:35.044 [info] > git symbolic-ref --short refs/remotes/origin/HEAD [223ms]
2024-10-29 19:50:35.044 [info] fatal: ref refs/remotes/origin/HEAD is not a symbolic ref
2024-10-29 19:50:35.044 [warning] [Repository][getDefaultBranch] Failed to get default branch details: Failed to execute git.
2024-10-29 19:50:35.053 [info] > git rev-parse --show-toplevel [238ms]
2024-10-29 19:50:35.053 [info] > git for-each-ref --format=%(refname)%00%(upstream:short)%00%(objectname)%00%(upstream:track)%00%(upstream:remotename)%00%(upstream:remoteref) refs/heads/main refs/remotes/main [245ms]
2024-10-29 19:50:35.066 [info] > git merge-base refs/heads/main refs/remotes/origin/main [15ms]
2024-10-29 19:50:35.075 [info] > git rev-parse --show-toplevel [10ms]
2024-10-29 19:50:35.083 [info] > git diff --name-status -z --diff-filter=ADMR d4d20faaa5841efd0beb4f20a46bbefe855d3220...refs/remotes/origin/main [9ms]
2024-10-29 19:50:35.105 [info] > git check-ignore -v -z --stdin [14ms]
2024-10-29 19:50:35.106 [info] > git rev-parse --show-toplevel [24ms]
2024-10-29 19:50:35.153 [info] > git for-each-ref --sort -committerdate --format %(refname) %(objectname) %(*objectname) [49ms]
2024-10-29 19:50:35.158 [info] > git rev-parse --show-toplevel [6ms]
2024-10-29 19:50:35.166 [info] > git rev-parse --show-toplevel [2ms]
2024-10-29 19:50:35.178 [info] > git status -z -uall [80ms]
2024-10-29 19:50:35.178 [info] > git rev-parse --show-toplevel [5ms]
2024-10-29 19:50:35.225 [info] > git rev-parse --show-toplevel [5ms]
2024-10-29 19:50:35.232 [info] > git rev-parse --show-toplevel [1ms]
2024-10-29 19:50:35.240 [info] > git rev-parse --show-toplevel [2ms]
2024-10-29 19:50:35.246 [info] > git rev-parse --show-toplevel [1ms]
2024-10-29 19:50:35.247 [info] [Model][doInitialScan] Initial repository scan completed - repositories (1), closed repositories (0), parent repositories (0), unsafe repositories (0)
2024-10-29 19:50:35.260 [info] > git show --textconv :dunst/dunstrc [6ms]
2024-10-29 19:50:35.262 [info] > git ls-files --stage -- /home/Heryforce/.config/dunst/dunstrc [2ms]
2024-10-29 19:50:35.269 [info] > git cat-file -s f5e2f6e5e0134f4a5d7ff78dc623f8d556386534 [1ms]
2024-10-29 19:50:39.976 [info] > git config --get commit.template [2ms]
2024-10-29 19:50:39.982 [info] > git for-each-ref --format=%(refname)%00%(upstream:short)%00%(objectname)%00%(upstream:track)%00%(upstream:remotename)%00%(upstream:remoteref) refs/heads/main refs/remotes/main [1ms]
2024-10-29 19:50:39.993 [info] > git for-each-ref --sort -committerdate --format %(refname) %(objectname) %(*objectname) [1ms]
2024-10-29 19:50:40.035 [info] > git status -z -uall [48ms]
2024-10-29 19:50:45.066 [info] > git config --get commit.template [7ms]
2024-10-29 19:50:45.068 [info] > git for-each-ref --format=%(refname)%00%(upstream:short)%00%(objectname)%00%(upstream:track)%00%(upstream:remotename)%00%(upstream:remoteref) refs/heads/main refs/remotes/main [1ms]
2024-10-29 19:50:45.081 [info] > git for-each-ref --sort -committerdate --format %(refname) %(objectname) %(*objectname) [2ms]
2024-10-29 19:50:45.125 [info] > git status -z -uall [51ms]
2024-10-29 19:50:46.679 [info] > git show --textconv HEAD:dunst/dunstrc [7ms]
2024-10-29 19:50:46.680 [info] > git ls-tree -l HEAD -- /home/Heryforce/.config/dunst/dunstrc [2ms]
2024-10-29 19:50:50.150 [info] > git config --get commit.template [1ms]
2024-10-29 19:50:50.160 [info] > git for-each-ref --format=%(refname)%00%(upstream:short)%00%(objectname)%00%(upstream:track)%00%(upstream:remotename)%00%(upstream:remoteref) refs/heads/main refs/remotes/main [3ms]
2024-10-29 19:50:50.175 [info] > git for-each-ref --sort -committerdate --format %(refname) %(objectname) %(*objectname) [2ms]
2024-10-29 19:50:50.212 [info] > git status -z -uall [46ms]
2024-10-29 19:50:55.238 [info] > git config --get commit.template [1ms]
2024-10-29 19:50:55.246 [info] > git for-each-ref --format=%(refname)%00%(upstream:short)%00%(objectname)%00%(upstream:track)%00%(upstream:remotename)%00%(upstream:remoteref) refs/heads/main refs/remotes/main [2ms]
2024-10-29 19:50:55.261 [info] > git for-each-ref --sort -committerdate --format %(refname) %(objectname) %(*objectname) [2ms]
2024-10-29 19:50:55.296 [info] > git status -z -uall [44ms]
2024-10-29 19:51:00.325 [info] > git config --get commit.template [6ms]
2024-10-29 19:51:00.325 [info] > git for-each-ref --format=%(refname)%00%(upstream:short)%00%(objectname)%00%(upstream:track)%00%(upstream:remotename)%00%(upstream:remoteref) refs/heads/main refs/remotes/main [1ms]
2024-10-29 19:51:00.336 [info] > git for-each-ref --sort -committerdate --format %(refname) %(objectname) %(*objectname) [1ms]
2024-10-29 19:51:00.379 [info] > git status -z -uall [49ms]
2024-10-29 19:51:05.408 [info] > git config --get commit.template [2ms]
2024-10-29 19:51:05.417 [info] > git for-each-ref --format=%(refname)%00%(upstream:short)%00%(objectname)%00%(upstream:track)%00%(upstream:remotename)%00%(upstream:remoteref) refs/heads/main refs/remotes/main [3ms]
2024-10-29 19:51:05.430 [info] > git for-each-ref --sort -committerdate --format %(refname) %(objectname) %(*objectname) [1ms]
2024-10-29 19:51:05.467 [info] > git status -z -uall [45ms]
2024-10-29 19:51:10.491 [info] > git config --get commit.template [1ms]
2024-10-29 19:51:10.497 [info] > git for-each-ref --format=%(refname)%00%(upstream:short)%00%(objectname)%00%(upstream:track)%00%(upstream:remotename)%00%(upstream:remoteref) refs/heads/main refs/remotes/main [1ms]
2024-10-29 19:51:10.508 [info] > git for-each-ref --sort -committerdate --format %(refname) %(objectname) %(*objectname) [1ms]
2024-10-29 19:51:10.546 [info] > git status -z -uall [44ms]
2024-10-29 19:51:15.571 [info] > git config --get commit.template [1ms]
2024-10-29 19:51:15.576 [info] > git for-each-ref --format=%(refname)%00%(upstream:short)%00%(objectname)%00%(upstream:track)%00%(upstream:remotename)%00%(upstream:remoteref) refs/heads/main refs/remotes/main [1ms]
2024-10-29 19:51:15.589 [info] > git for-each-ref --sort -committerdate --format %(refname) %(objectname) %(*objectname) [2ms]
2024-10-29 19:51:15.631 [info] > git status -z -uall [49ms]
2024-10-29 19:51:20.662 [info] > git config --get commit.template [5ms]
2024-10-29 19:51:20.663 [info] > git for-each-ref --format=%(refname)%00%(upstream:short)%00%(objectname)%00%(upstream:track)%00%(upstream:remotename)%00%(upstream:remoteref) refs/heads/main refs/remotes/main [2ms]
2024-10-29 19:51:20.681 [info] > git for-each-ref --sort -committerdate --format %(refname) %(objectname) %(*objectname) [2ms]
2024-10-29 19:51:20.719 [info] > git status -z -uall [47ms]
2024-10-29 19:51:25.742 [info] > git config --get commit.template [5ms]
2024-10-29 19:51:25.743 [info] > git for-each-ref --format=%(refname)%00%(upstream:short)%00%(objectname)%00%(upstream:track)%00%(upstream:remotename)%00%(upstream:remoteref) refs/heads/main refs/remotes/main [1ms]
2024-10-29 19:51:25.753 [info] > git for-each-ref --sort -committerdate --format %(refname) %(objectname) %(*objectname) [1ms]
2024-10-29 19:51:25.796 [info] > git status -z -uall [49ms]
2024-10-29 19:51:30.818 [info] > git config --get commit.template [1ms]
2024-10-29 19:51:30.823 [info] > git for-each-ref --format=%(refname)%00%(upstream:short)%00%(objectname)%00%(upstream:track)%00%(upstream:remotename)%00%(upstream:remoteref) refs/heads/main refs/remotes/main [1ms]
2024-10-29 19:51:30.833 [info] > git for-each-ref --sort -committerdate --format %(refname) %(objectname) %(*objectname) [1ms]
2024-10-29 19:51:30.872 [info] > git status -z -uall [44ms]
2024-10-29 19:51:35.902 [info] > git config --get commit.template [7ms]
2024-10-29 19:51:35.903 [info] > git for-each-ref --format=%(refname)%00%(upstream:short)%00%(objectname)%00%(upstream:track)%00%(upstream:remotename)%00%(upstream:remoteref) refs/heads/main refs/remotes/main [2ms]
2024-10-29 19:51:35.918 [info] > git for-each-ref --sort -committerdate --format %(refname) %(objectname) %(*objectname) [1ms]
2024-10-29 19:51:35.961 [info] > git status -z -uall [51ms]
