2024-10-29 19:56:55.463 [info] Extension host with pid 7252 started
2024-10-29 19:56:55.463 [info] Skipping acquiring lock for /home/Heryforce/.config/VSCodium/User/workspaceStorage/1cda70b88a7f9558a940c4a576b54b94.
2024-10-29 19:56:55.757 [info] ExtensionService#_doActivateExtension vscode.emmet, startup: false, activationEvent: 'onLanguage'
2024-10-29 19:56:56.034 [info] ExtensionService#_doActivateExtension vscode.git-base, startup: true, activationEvent: '*', root cause: vscode.git
2024-10-29 19:56:56.047 [info] ExtensionService#_doActivateExtension vscode.git, startup: true, activationEvent: '*'
2024-10-29 19:56:56.170 [info] ExtensionService#_doActivateExtension vscode.github, startup: true, activationEvent: '*'
2024-10-29 19:56:56.285 [info] Eager extensions activated
2024-10-29 19:56:56.327 [info] ExtensionService#_doActivateExtension vscode.debug-auto-launch, startup: false, activationEvent: 'onStartupFinished'
2024-10-29 19:56:56.331 [info] ExtensionService#_doActivateExtension vscode.merge-conflict, startup: false, activationEvent: 'onStartupFinished'
2024-10-29 19:56:56.553 [warning] [Decorations] CAPPING events from decorations provider vscode.git 2615
2024-10-29 19:56:56.866 [info] ExtensionService#_doActivateExtension vscode.github-authentication, startup: false, activationEvent: 'onAuthenticationRequest:github'
2024-10-29 19:56:57.069 [warning] [Decorations] CAPPING events from decorations provider vscode.git 2630
2024-10-29 19:57:01.298 [warning] [Decorations] CAPPING events from decorations provider vscode.git 2681
2024-10-29 19:57:06.377 [warning] [Decorations] CAPPING events from decorations provider vscode.git 2683
2024-10-29 19:57:11.470 [warning] [Decorations] CAPPING events from decorations provider vscode.git 2668
2024-10-29 19:57:16.553 [warning] [Decorations] CAPPING events from decorations provider vscode.git 2668
2024-10-29 19:57:21.629 [warning] [Decorations] CAPPING events from decorations provider vscode.git 2669
2024-10-29 19:57:26.713 [warning] [Decorations] CAPPING events from decorations provider vscode.git 2670
2024-10-29 19:57:31.804 [warning] [Decorations] CAPPING events from decorations provider vscode.git 2672
2024-10-29 19:57:36.892 [warning] [Decorations] CAPPING events from decorations provider vscode.git 2675
2024-10-29 19:57:41.980 [warning] [Decorations] CAPPING events from decorations provider vscode.git 2676
2024-10-29 19:57:47.061 [warning] [Decorations] CAPPING events from decorations provider vscode.git 2675
2024-10-29 19:57:52.657 [warning] [Decorations] CAPPING events from decorations provider vscode.git 2675
2024-10-29 19:57:57.745 [warning] [Decorations] CAPPING events from decorations provider vscode.git 2676
2024-10-29 19:58:02.825 [warning] [Decorations] CAPPING events from decorations provider vscode.git 2676
2024-10-29 19:58:07.909 [warning] [Decorations] CAPPING events from decorations provider vscode.git 2675
2024-10-29 19:58:12.992 [warning] [Decorations] CAPPING events from decorations provider vscode.git 2675
2024-10-29 19:58:18.083 [warning] [Decorations] CAPPING events from decorations provider vscode.git 2676
2024-10-29 19:58:23.168 [warning] [Decorations] CAPPING events from decorations provider vscode.git 2676
2024-10-29 19:58:28.246 [warning] [Decorations] CAPPING events from decorations provider vscode.git 2678
2024-10-29 19:58:33.328 [warning] [Decorations] CAPPING events from decorations provider vscode.git 2678
2024-10-29 19:58:38.404 [warning] [Decorations] CAPPING events from decorations provider vscode.git 2677
2024-10-29 19:58:43.480 [warning] [Decorations] CAPPING events from decorations provider vscode.git 2677
2024-10-29 19:58:48.565 [warning] [Decorations] CAPPING events from decorations provider vscode.git 2677
2024-10-29 19:58:53.637 [warning] [Decorations] CAPPING events from decorations provider vscode.git 2678
2024-10-29 19:59:03.545 [warning] [Decorations] CAPPING events from decorations provider vscode.git 2692
2024-10-29 19:59:08.637 [warning] [Decorations] CAPPING events from decorations provider vscode.git 2692
2024-10-29 19:59:13.710 [warning] [Decorations] CAPPING events from decorations provider vscode.git 2692
2024-10-29 19:59:18.801 [warning] [Decorations] CAPPING events from decorations provider vscode.git 2692
2024-10-29 19:59:23.886 [warning] [Decorations] CAPPING events from decorations provider vscode.git 2692
2024-10-29 19:59:28.965 [warning] [Decorations] CAPPING events from decorations provider vscode.git 2692
2024-10-29 19:59:34.047 [warning] [Decorations] CAPPING events from decorations provider vscode.git 2692
2024-10-29 19:59:39.126 [warning] [Decorations] CAPPING events from decorations provider vscode.git 2692
2024-10-29 19:59:44.205 [warning] [Decorations] CAPPING events from decorations provider vscode.git 2692
2024-10-29 19:59:49.307 [warning] [Decorations] CAPPING events from decorations provider vscode.git 2692
2024-10-29 19:59:54.394 [warning] [Decorations] CAPPING events from decorations provider vscode.git 2692
2024-10-29 19:59:59.470 [warning] [Decorations] CAPPING events from decorations provider vscode.git 2692
2024-10-29 20:00:04.590 [warning] [Decorations] CAPPING events from decorations provider vscode.git 2692
2024-10-29 20:00:09.699 [warning] [Decorations] CAPPING events from decorations provider vscode.git 2692
2024-10-29 20:00:14.778 [warning] [Decorations] CAPPING events from decorations provider vscode.git 2693
2024-10-29 20:00:19.859 [warning] [Decorations] CAPPING events from decorations provider vscode.git 2694
2024-10-29 20:00:24.966 [warning] [Decorations] CAPPING events from decorations provider vscode.git 2694
2024-10-29 20:00:30.046 [warning] [Decorations] CAPPING events from decorations provider vscode.git 2694
2024-10-29 20:00:35.131 [warning] [Decorations] CAPPING events from decorations provider vscode.git 2694
2024-10-29 20:00:40.217 [warning] [Decorations] CAPPING events from decorations provider vscode.git 2694
2024-10-29 20:00:45.305 [warning] [Decorations] CAPPING events from decorations provider vscode.git 2695
2024-10-29 20:00:50.636 [warning] [Decorations] CAPPING events from decorations provider vscode.git 2694
2024-10-29 20:00:55.721 [warning] [Decorations] CAPPING events from decorations provider vscode.git 2694
2024-10-29 20:01:00.803 [warning] [Decorations] CAPPING events from decorations provider vscode.git 2694
2024-10-29 20:01:05.891 [warning] [Decorations] CAPPING events from decorations provider vscode.git 2694
2024-10-29 20:01:10.995 [warning] [Decorations] CAPPING events from decorations provider vscode.git 2694
2024-10-29 20:01:16.079 [warning] [Decorations] CAPPING events from decorations provider vscode.git 2694
2024-10-29 20:01:21.171 [warning] [Decorations] CAPPING events from decorations provider vscode.git 2694
2024-10-29 20:01:26.268 [warning] [Decorations] CAPPING events from decorations provider vscode.git 2694
2024-10-29 20:01:31.390 [warning] [Decorations] CAPPING events from decorations provider vscode.git 2694
2024-10-29 20:01:36.496 [warning] [Decorations] CAPPING events from decorations provider vscode.git 2694
2024-10-29 20:01:41.615 [warning] [Decorations] CAPPING events from decorations provider vscode.git 2694
2024-10-29 20:01:46.726 [warning] [Decorations] CAPPING events from decorations provider vscode.git 2694
2024-10-29 20:01:51.840 [warning] [Decorations] CAPPING events from decorations provider vscode.git 2694
2024-10-29 20:01:58.576 [warning] [Decorations] CAPPING events from decorations provider vscode.git 2695
2024-10-29 20:02:09.592 [warning] [Decorations] CAPPING events from decorations provider vscode.git 2695
2024-10-29 20:02:14.679 [warning] [Decorations] CAPPING events from decorations provider vscode.git 2695
2024-10-29 20:02:30.572 [warning] [Decorations] CAPPING events from decorations provider vscode.git 2695
2024-10-29 20:02:35.664 [warning] [Decorations] CAPPING events from decorations provider vscode.git 2694
2024-10-29 20:02:40.762 [warning] [Decorations] CAPPING events from decorations provider vscode.git 2694
2024-10-29 20:02:45.873 [warning] [Decorations] CAPPING events from decorations provider vscode.git 2694
2024-10-29 20:02:50.984 [warning] [Decorations] CAPPING events from decorations provider vscode.git 2694
2024-10-29 20:02:56.057 [warning] [Decorations] CAPPING events from decorations provider vscode.git 2694
2024-10-29 20:03:01.140 [warning] [Decorations] CAPPING events from decorations provider vscode.git 2695
2024-10-29 20:03:06.226 [warning] [Decorations] CAPPING events from decorations provider vscode.git 2696
2024-10-29 20:03:11.316 [warning] [Decorations] CAPPING events from decorations provider vscode.git 2695
2024-10-29 20:03:16.397 [warning] [Decorations] CAPPING events from decorations provider vscode.git 2695
2024-10-29 20:03:44.989 [warning] [Decorations] CAPPING events from decorations provider vscode.git 2695
2024-10-29 20:03:50.081 [warning] [Decorations] CAPPING events from decorations provider vscode.git 2696
2024-10-29 20:03:55.171 [warning] [Decorations] CAPPING events from decorations provider vscode.git 2696
2024-10-29 20:04:26.892 [warning] [Decorations] CAPPING events from decorations provider vscode.git 2697
2024-10-29 20:04:31.987 [warning] [Decorations] CAPPING events from decorations provider vscode.git 2697
2024-10-29 20:04:56.874 [warning] [Decorations] CAPPING events from decorations provider vscode.git 2697
2024-10-29 20:05:01.960 [warning] [Decorations] CAPPING events from decorations provider vscode.git 2697
