2024-10-24 23:24:40.920 [info] [main] Log level: Info
2024-10-24 23:24:40.920 [info] [main] Validating found git in: "git"
2024-10-24 23:24:40.920 [info] [main] Using git "2.47.0" from "git"
2024-10-24 23:24:40.920 [info] [Model][doInitialScan] Initial repository scan started
2024-10-24 23:24:40.920 [info] > git rev-parse --show-toplevel [8ms]
2024-10-24 23:24:40.920 [info] > git rev-parse --git-dir --git-common-dir [11ms]
2024-10-24 23:24:40.920 [info] [Model][openRepository] Opened repository: /home/Heryforce/.config
2024-10-24 23:24:40.920 [info] > git rev-parse --show-toplevel [2ms]
2024-10-24 23:24:40.920 [info] > git config --get commit.template [9ms]
2024-10-24 23:24:40.922 [info] > git for-each-ref --format=%(refname)%00%(upstream:short)%00%(objectname)%00%(upstream:track)%00%(upstream:remotename)%00%(upstream:remoteref) refs/heads/main refs/remotes/main [4ms]
2024-10-24 23:24:40.942 [info] > git for-each-ref --sort -committerdate --format %(refname) %(objectname) %(*objectname) [2ms]
2024-10-24 23:24:40.953 [info] > git rev-parse --show-toplevel [2ms]
2024-10-24 23:24:40.960 [info] > git rev-parse --show-toplevel [2ms]
2024-10-24 23:24:40.967 [info] > git rev-parse --show-toplevel [1ms]
2024-10-24 23:24:40.974 [info] > git rev-parse --show-toplevel [2ms]
2024-10-24 23:24:40.981 [info] > git rev-parse --show-toplevel [2ms]
2024-10-24 23:24:40.987 [info] > git rev-parse --show-toplevel [2ms]
2024-10-24 23:24:40.993 [info] > git rev-parse --show-toplevel [1ms]
2024-10-24 23:24:40.999 [info] > git rev-parse --show-toplevel [1ms]
2024-10-24 23:24:41.006 [info] > git status -z -uall [75ms]
2024-10-24 23:24:41.060 [info] > git for-each-ref --format=%(refname)%00%(upstream:short)%00%(objectname)%00%(upstream:track)%00%(upstream:remotename)%00%(upstream:remoteref) refs/heads/main refs/remotes/main [11ms]
2024-10-24 23:24:41.068 [info] > git rev-parse --show-toplevel [64ms]
2024-10-24 23:24:41.074 [info] > git config --get commit.template [15ms]
2024-10-24 23:24:41.079 [info] > git rev-parse --show-toplevel [6ms]
2024-10-24 23:24:41.079 [info] > git config --local branch.main.vscode-merge-base [11ms]
2024-10-24 23:24:41.079 [warning] [Git][config] git config failed: Failed to execute git
2024-10-24 23:24:41.103 [info] > git reflog main --grep-reflog=branch: Created from *. [19ms]
2024-10-24 23:24:41.145 [info] > git symbolic-ref --short refs/remotes/origin/HEAD [36ms]
2024-10-24 23:24:41.145 [info] fatal: ref refs/remotes/origin/HEAD is not a symbolic ref
2024-10-24 23:24:41.145 [warning] [Repository][getDefaultBranch] Failed to get default branch details: Failed to execute git.
2024-10-24 23:24:41.162 [info] > git rev-parse --show-toplevel [63ms]
2024-10-24 23:24:41.162 [info] > git for-each-ref --format=%(refname)%00%(upstream:short)%00%(objectname)%00%(upstream:track)%00%(upstream:remotename)%00%(upstream:remoteref) refs/heads/main refs/remotes/main [67ms]
2024-10-24 23:24:41.360 [info] > git merge-base refs/heads/main refs/remotes/origin/main [209ms]
2024-10-24 23:24:41.372 [info] > git diff --name-status -z --diff-filter=ADMR bbced4127b79d12082f58d763a48fc32aa5dcb46...refs/remotes/origin/main [5ms]
2024-10-24 23:24:41.373 [info] > git rev-parse --show-toplevel [13ms]
2024-10-24 23:24:41.390 [info] > git rev-parse --show-toplevel [11ms]
2024-10-24 23:24:41.396 [info] > git for-each-ref --sort -committerdate --format %(refname) %(objectname) %(*objectname) [7ms]
2024-10-24 23:24:41.397 [info] > git rev-parse --show-toplevel [2ms]
2024-10-24 23:24:41.407 [info] > git rev-parse --show-toplevel [2ms]
2024-10-24 23:24:41.414 [info] > git rev-parse --show-toplevel [2ms]
2024-10-24 23:24:41.420 [info] > git rev-parse --show-toplevel [1ms]
2024-10-24 23:24:41.428 [info] > git rev-parse --show-toplevel [1ms]
2024-10-24 23:24:41.433 [info] > git rev-parse --show-toplevel [1ms]
2024-10-24 23:24:41.434 [info] [Model][doInitialScan] Initial repository scan completed - repositories (1), closed repositories (0), parent repositories (0), unsafe repositories (0)
2024-10-24 23:24:41.448 [info] > git show --textconv :kitty/kitty.conf [8ms]
2024-10-24 23:24:41.449 [info] > git ls-files --stage -- /home/Heryforce/.config/kitty/kitty.conf [2ms]
2024-10-24 23:24:41.456 [info] > git status -z -uall [72ms]
2024-10-24 23:24:41.487 [info] > git cat-file -s fcf4cf4897d6cd7336c0365e81d01c873c280d13 [33ms]
2024-10-24 23:24:41.491 [info] > git check-ignore -v -z --stdin [6ms]
2024-10-24 23:24:50.335 [info] > git config --get commit.template [6ms]
2024-10-24 23:24:50.336 [info] > git for-each-ref --format=%(refname)%00%(upstream:short)%00%(objectname)%00%(upstream:track)%00%(upstream:remotename)%00%(upstream:remoteref) refs/heads/main refs/remotes/main [1ms]
2024-10-24 23:24:50.346 [info] > git for-each-ref --sort -committerdate --format %(refname) %(objectname) %(*objectname) [2ms]
2024-10-24 23:24:50.391 [info] > git status -z -uall [51ms]
