2024-10-23 23:16:49.912 [info] [main] Log level: Info
2024-10-23 23:16:49.912 [info] [main] Validating found git in: "git"
2024-10-23 23:16:49.912 [info] [main] Using git "2.47.0" from "git"
2024-10-23 23:16:49.912 [info] [Model][doInitialScan] Initial repository scan started
2024-10-23 23:16:49.912 [info] > git rev-parse --show-toplevel [8ms]
2024-10-23 23:16:49.912 [info] > git rev-parse --git-dir --git-common-dir [7ms]
2024-10-23 23:16:49.912 [info] [Model][openRepository] Opened repository: /home/Heryforce/.config
2024-10-23 23:16:49.912 [info] > git rev-parse --show-toplevel [2ms]
2024-10-23 23:16:49.912 [info] > git config --get commit.template [6ms]
2024-10-23 23:16:49.924 [info] > git for-each-ref --format=%(refname)%00%(upstream:short)%00%(objectname)%00%(upstream:track)%00%(upstream:remotename)%00%(upstream:remoteref) refs/heads/main refs/remotes/main [5ms]
2024-10-23 23:16:49.936 [info] > git for-each-ref --sort -committerdate --format %(refname) %(objectname) %(*objectname) [2ms]
2024-10-23 23:16:49.943 [info] > git rev-parse --show-toplevel [1ms]
2024-10-23 23:16:49.949 [info] > git rev-parse --show-toplevel [1ms]
2024-10-23 23:16:49.955 [info] > git rev-parse --show-toplevel [1ms]
2024-10-23 23:16:49.962 [info] > git rev-parse --show-toplevel [1ms]
2024-10-23 23:16:49.968 [info] > git rev-parse --show-toplevel [1ms]
2024-10-23 23:16:49.972 [info] > git rev-parse --show-toplevel [1ms]
2024-10-23 23:16:49.978 [info] > git status -z -uall [49ms]
2024-10-23 23:16:49.978 [info] > git rev-parse --show-toplevel [2ms]
2024-10-23 23:16:50.044 [info] > git for-each-ref --format=%(refname)%00%(upstream:short)%00%(objectname)%00%(upstream:track)%00%(upstream:remotename)%00%(upstream:remoteref) refs/heads/main refs/remotes/main [47ms]
2024-10-23 23:16:50.048 [info] > git rev-parse --show-toplevel [66ms]
2024-10-23 23:16:50.081 [info] > git config --local branch.main.vscode-merge-base [33ms]
2024-10-23 23:16:50.081 [warning] [Git][config] git config failed: Failed to execute git
2024-10-23 23:16:50.085 [info] > git config --get commit.template [43ms]
2024-10-23 23:16:50.088 [info] > git reflog main --grep-reflog=branch: Created from *. [3ms]
2024-10-23 23:16:50.092 [info] > git rev-parse --show-toplevel [11ms]
2024-10-23 23:16:50.102 [info] > git symbolic-ref --short refs/remotes/origin/HEAD [10ms]
2024-10-23 23:16:50.102 [info] fatal: ref refs/remotes/origin/HEAD is not a symbolic ref
2024-10-23 23:16:50.102 [warning] [Repository][getDefaultBranch] Failed to get default branch details: Failed to execute git.
2024-10-23 23:16:50.108 [info] > git merge-base refs/heads/main refs/remotes/origin/main [2ms]
2024-10-23 23:16:50.112 [info] > git rev-parse --show-toplevel [11ms]
2024-10-23 23:16:50.112 [info] > git for-each-ref --format=%(refname)%00%(upstream:short)%00%(objectname)%00%(upstream:track)%00%(upstream:remotename)%00%(upstream:remoteref) refs/heads/main refs/remotes/main [16ms]
2024-10-23 23:16:50.117 [info] > git diff --name-status -z --diff-filter=ADMR f55a9b58394c19432ec7eb334125d8bd31f1ce8c...refs/remotes/origin/main [5ms]
2024-10-23 23:16:50.119 [info] > git rev-parse --show-toplevel [3ms]
2024-10-23 23:16:50.130 [info] > git rev-parse --show-toplevel [7ms]
2024-10-23 23:16:50.135 [info] > git for-each-ref --sort -committerdate --format %(refname) %(objectname) %(*objectname) [5ms]
2024-10-23 23:16:50.135 [info] > git rev-parse --show-toplevel [1ms]
2024-10-23 23:16:50.140 [info] > git rev-parse --show-toplevel [0ms]
2024-10-23 23:16:50.146 [info] > git rev-parse --show-toplevel [2ms]
2024-10-23 23:16:50.151 [info] > git rev-parse --show-toplevel [1ms]
2024-10-23 23:16:50.156 [info] > git rev-parse --show-toplevel [1ms]
2024-10-23 23:16:50.160 [info] > git status -z -uall [34ms]
2024-10-23 23:16:50.166 [info] > git rev-parse --show-toplevel [7ms]
2024-10-23 23:16:50.176 [info] > git rev-parse --show-toplevel [3ms]
2024-10-23 23:16:50.176 [info] [Model][doInitialScan] Initial repository scan completed - repositories (1), closed repositories (0), parent repositories (0), unsafe repositories (0)
2024-10-23 23:16:50.437 [info] > git check-ignore -v -z --stdin [4ms]
2024-10-23 23:16:50.513 [info] > git show --textconv :waybar/style.css [7ms]
2024-10-23 23:16:50.515 [info] > git ls-files --stage -- /home/Heryforce/.config/waybar/style.css [2ms]
2024-10-23 23:16:50.523 [info] > git cat-file -s 8510e1674cf209da175ee0640b522d8b71aa44b1 [2ms]
2024-10-23 23:16:52.484 [info] > git config --get commit.template [7ms]
2024-10-23 23:16:52.485 [info] > git for-each-ref --format=%(refname)%00%(upstream:short)%00%(objectname)%00%(upstream:track)%00%(upstream:remotename)%00%(upstream:remoteref) refs/heads/main refs/remotes/main [2ms]
2024-10-23 23:16:52.495 [info] > git for-each-ref --sort -committerdate --format %(refname) %(objectname) %(*objectname) [2ms]
2024-10-23 23:16:52.517 [info] > git status -z -uall [28ms]
2024-10-23 23:16:58.428 [info] > git config --get commit.template [8ms]
2024-10-23 23:16:58.429 [info] > git for-each-ref --format=%(refname)%00%(upstream:short)%00%(objectname)%00%(upstream:track)%00%(upstream:remotename)%00%(upstream:remoteref) refs/heads/main refs/remotes/main [2ms]
2024-10-23 23:16:58.444 [info] > git for-each-ref --sort -committerdate --format %(refname) %(objectname) %(*objectname) [2ms]
2024-10-23 23:16:58.472 [info] > git status -z -uall [36ms]
2024-10-23 23:17:03.484 [info] > git config --get commit.template [2ms]
2024-10-23 23:17:03.489 [info] > git for-each-ref --format=%(refname)%00%(upstream:short)%00%(objectname)%00%(upstream:track)%00%(upstream:remotename)%00%(upstream:remoteref) refs/heads/main refs/remotes/main [1ms]
2024-10-23 23:17:03.497 [info] > git for-each-ref --sort -committerdate --format %(refname) %(objectname) %(*objectname) [1ms]
2024-10-23 23:17:03.517 [info] > git status -z -uall [25ms]
2024-10-23 23:17:08.536 [info] > git config --get commit.template [5ms]
2024-10-23 23:17:08.537 [info] > git for-each-ref --format=%(refname)%00%(upstream:short)%00%(objectname)%00%(upstream:track)%00%(upstream:remotename)%00%(upstream:remoteref) refs/heads/main refs/remotes/main [2ms]
2024-10-23 23:17:08.546 [info] > git for-each-ref --sort -committerdate --format %(refname) %(objectname) %(*objectname) [1ms]
2024-10-23 23:17:08.571 [info] > git status -z -uall [31ms]
2024-10-23 23:17:12.591 [info] > git show --textconv :waybar/config.jsonc [5ms]
2024-10-23 23:17:12.592 [info] > git ls-files --stage -- /home/Heryforce/.config/waybar/config.jsonc [1ms]
2024-10-23 23:17:12.596 [info] > git cat-file -s ae03ddacd1dd02c0cfda81aea1b50995e127a2c2 [1ms]
2024-10-23 23:17:13.588 [info] > git config --get commit.template [6ms]
2024-10-23 23:17:13.589 [info] > git for-each-ref --format=%(refname)%00%(upstream:short)%00%(objectname)%00%(upstream:track)%00%(upstream:remotename)%00%(upstream:remoteref) refs/heads/main refs/remotes/main [2ms]
2024-10-23 23:17:13.604 [info] > git for-each-ref --sort -committerdate --format %(refname) %(objectname) %(*objectname) [4ms]
2024-10-23 23:17:13.626 [info] > git status -z -uall [33ms]
2024-10-23 23:17:18.637 [info] > git config --get commit.template [1ms]
2024-10-23 23:17:18.642 [info] > git for-each-ref --format=%(refname)%00%(upstream:short)%00%(objectname)%00%(upstream:track)%00%(upstream:remotename)%00%(upstream:remoteref) refs/heads/main refs/remotes/main [1ms]
2024-10-23 23:17:18.651 [info] > git for-each-ref --sort -committerdate --format %(refname) %(objectname) %(*objectname) [1ms]
2024-10-23 23:17:18.674 [info] > git status -z -uall [28ms]
2024-10-23 23:17:23.694 [info] > git config --get commit.template [8ms]
2024-10-23 23:17:23.695 [info] > git for-each-ref --format=%(refname)%00%(upstream:short)%00%(objectname)%00%(upstream:track)%00%(upstream:remotename)%00%(upstream:remoteref) refs/heads/main refs/remotes/main [2ms]
2024-10-23 23:17:23.711 [info] > git for-each-ref --sort -committerdate --format %(refname) %(objectname) %(*objectname) [2ms]
2024-10-23 23:17:23.753 [info] > git show --textconv :waybar/style.css [6ms]
2024-10-23 23:17:23.753 [info] > git ls-files --stage -- /home/Heryforce/.config/waybar/style.css [1ms]
2024-10-23 23:17:23.757 [info] > git status -z -uall [55ms]
2024-10-23 23:17:23.761 [info] > git cat-file -s 8510e1674cf209da175ee0640b522d8b71aa44b1 [5ms]
2024-10-23 23:17:28.771 [info] > git config --get commit.template [1ms]
2024-10-23 23:17:28.776 [info] > git for-each-ref --format=%(refname)%00%(upstream:short)%00%(objectname)%00%(upstream:track)%00%(upstream:remotename)%00%(upstream:remoteref) refs/heads/main refs/remotes/main [1ms]
2024-10-23 23:17:28.785 [info] > git for-each-ref --sort -committerdate --format %(refname) %(objectname) %(*objectname) [1ms]
2024-10-23 23:17:28.808 [info] > git status -z -uall [28ms]
2024-10-23 23:17:33.835 [info] > git config --get commit.template [8ms]
2024-10-23 23:17:33.836 [info] > git for-each-ref --format=%(refname)%00%(upstream:short)%00%(objectname)%00%(upstream:track)%00%(upstream:remotename)%00%(upstream:remoteref) refs/heads/main refs/remotes/main [2ms]
2024-10-23 23:17:33.852 [info] > git for-each-ref --sort -committerdate --format %(refname) %(objectname) %(*objectname) [1ms]
2024-10-23 23:17:33.873 [info] > git status -z -uall [30ms]
2024-10-23 23:17:38.893 [info] > git config --get commit.template [7ms]
2024-10-23 23:17:38.894 [info] > git for-each-ref --format=%(refname)%00%(upstream:short)%00%(objectname)%00%(upstream:track)%00%(upstream:remotename)%00%(upstream:remoteref) refs/heads/main refs/remotes/main [2ms]
2024-10-23 23:17:38.908 [info] > git for-each-ref --sort -committerdate --format %(refname) %(objectname) %(*objectname) [1ms]
2024-10-23 23:17:38.931 [info] > git status -z -uall [30ms]
2024-10-23 23:17:43.953 [info] > git config --get commit.template [8ms]
2024-10-23 23:17:43.954 [info] > git for-each-ref --format=%(refname)%00%(upstream:short)%00%(objectname)%00%(upstream:track)%00%(upstream:remotename)%00%(upstream:remoteref) refs/heads/main refs/remotes/main [2ms]
2024-10-23 23:17:43.966 [info] > git for-each-ref --sort -committerdate --format %(refname) %(objectname) %(*objectname) [1ms]
2024-10-23 23:17:43.988 [info] > git status -z -uall [30ms]
2024-10-23 23:17:49.000 [info] > git config --get commit.template [1ms]
2024-10-23 23:17:49.005 [info] > git for-each-ref --format=%(refname)%00%(upstream:short)%00%(objectname)%00%(upstream:track)%00%(upstream:remotename)%00%(upstream:remoteref) refs/heads/main refs/remotes/main [2ms]
2024-10-23 23:17:49.013 [info] > git for-each-ref --sort -committerdate --format %(refname) %(objectname) %(*objectname) [1ms]
2024-10-23 23:17:49.035 [info] > git status -z -uall [27ms]
2024-10-23 23:17:54.064 [info] > git config --get commit.template [10ms]
2024-10-23 23:17:54.065 [info] > git for-each-ref --format=%(refname)%00%(upstream:short)%00%(objectname)%00%(upstream:track)%00%(upstream:remotename)%00%(upstream:remoteref) refs/heads/main refs/remotes/main [1ms]
2024-10-23 23:17:54.080 [info] > git for-each-ref --sort -committerdate --format %(refname) %(objectname) %(*objectname) [2ms]
2024-10-23 23:17:54.103 [info] > git status -z -uall [31ms]
2024-10-23 23:17:59.117 [info] > git config --get commit.template [4ms]
2024-10-23 23:17:59.117 [info] > git for-each-ref --format=%(refname)%00%(upstream:short)%00%(objectname)%00%(upstream:track)%00%(upstream:remotename)%00%(upstream:remoteref) refs/heads/main refs/remotes/main [1ms]
2024-10-23 23:17:59.150 [info] > git for-each-ref --sort -committerdate --format %(refname) %(objectname) %(*objectname) [1ms]
2024-10-23 23:17:59.171 [info] > git status -z -uall [26ms]
