2024-10-24 00:21:32.916 [info] Extension host with pid 34177 started
2024-10-24 00:21:32.916 [info] Skipping acquiring lock for /home/Heryforce/.config/VSCodium/User/workspaceStorage/1cda70b88a7f9558a940c4a576b54b94.
2024-10-24 00:21:33.083 [info] ExtensionService#_doActivateExtension vscode.emmet, startup: false, activationEvent: 'onLanguage'
2024-10-24 00:21:33.100 [info] ExtensionService#_doActivateExtension vscode.css-language-features, startup: false, activationEvent: 'onLanguage:css'
2024-10-24 00:21:33.558 [info] ExtensionService#_doActivateExtension vscode.git-base, startup: true, activationEvent: '*', root cause: vscode.git
2024-10-24 00:21:33.567 [info] ExtensionService#_doActivateExtension vscode.git, startup: true, activationEvent: '*'
2024-10-24 00:21:33.652 [info] ExtensionService#_doActivateExtension vscode.github, startup: true, activationEvent: '*'
2024-10-24 00:21:33.720 [info] Eager extensions activated
2024-10-24 00:21:33.735 [info] ExtensionService#_doActivateExtension vscode.debug-auto-launch, startup: false, activationEvent: 'onStartupFinished'
2024-10-24 00:21:33.737 [info] ExtensionService#_doActivateExtension vscode.merge-conflict, startup: false, activationEvent: 'onStartupFinished'
2024-10-24 00:21:33.867 [warning] [Decorations] CAPPING events from decorations provider vscode.git 379
2024-10-24 00:21:33.968 [info] ExtensionService#_doActivateExtension vscode.github-authentication, startup: false, activationEvent: 'onAuthenticationRequest:github'
2024-10-24 00:21:34.067 [warning] [Decorations] CAPPING events from decorations provider vscode.git 380
2024-10-24 00:21:36.349 [warning] [Decorations] CAPPING events from decorations provider vscode.git 380
2024-10-24 00:21:41.414 [warning] [Decorations] CAPPING events from decorations provider vscode.git 380
2024-10-24 00:21:46.477 [warning] [Decorations] CAPPING events from decorations provider vscode.git 416
2024-10-24 00:21:53.547 [warning] [Decorations] CAPPING events from decorations provider vscode.git 444
2024-10-24 00:21:58.604 [warning] [Decorations] CAPPING events from decorations provider vscode.git 443
2024-10-24 00:22:05.772 [warning] [Decorations] CAPPING events from decorations provider vscode.git 442
2024-10-24 00:22:10.837 [warning] [Decorations] CAPPING events from decorations provider vscode.git 442
2024-10-24 00:22:15.884 [warning] [Decorations] CAPPING events from decorations provider vscode.git 442
2024-10-24 00:22:20.947 [warning] [Decorations] CAPPING events from decorations provider vscode.git 442
2024-10-24 00:22:26.013 [warning] [Decorations] CAPPING events from decorations provider vscode.git 442
2024-10-24 00:22:31.062 [warning] [Decorations] CAPPING events from decorations provider vscode.git 442
2024-10-24 00:22:36.136 [warning] [Decorations] CAPPING events from decorations provider vscode.git 442
2024-10-24 00:22:41.198 [warning] [Decorations] CAPPING events from decorations provider vscode.git 442
2024-10-24 00:22:46.285 [warning] [Decorations] CAPPING events from decorations provider vscode.git 442
2024-10-24 00:22:51.343 [warning] [Decorations] CAPPING events from decorations provider vscode.git 442
