2024-10-23 22:36:18.997 [info] Reading sessions from keychain...
2024-10-23 22:36:18.997 [info] Getting sessions for all scopes...
2024-10-23 22:36:18.997 [info] Getting sessions for all scopes...
2024-10-23 22:36:18.997 [info] Got 0 sessions for ...
2024-10-23 22:36:18.997 [info] Got 0 sessions for ...
2024-10-23 22:36:18.997 [info] Getting sessions for read:user,repo,user:email,workflow...
2024-10-23 22:36:18.997 [info] Got 0 sessions for read:user,repo,user:email,workflow...
2024-10-23 22:36:38.569 [info] Reading sessions from keychain...
2024-10-23 22:36:38.569 [info] Getting sessions for all scopes...
2024-10-23 22:36:38.569 [info] Getting sessions for all scopes...
2024-10-23 22:36:38.569 [info] Got 0 sessions for ...
2024-10-23 22:36:38.569 [info] Got 0 sessions for ...
2024-10-23 22:36:38.569 [info] Getting sessions for read:user,repo,user:email,workflow...
2024-10-23 22:36:38.569 [info] Got 0 sessions for read:user,repo,user:email,workflow...
2024-10-23 22:36:51.920 [info] Reading sessions from keychain...
2024-10-23 22:36:51.920 [info] Getting sessions for all scopes...
2024-10-23 22:36:51.920 [info] Getting sessions for all scopes...
2024-10-23 22:36:51.920 [info] Got 0 sessions for ...
2024-10-23 22:36:51.920 [info] Got 0 sessions for ...
2024-10-23 22:36:51.920 [info] Getting sessions for read:user,repo,user:email,workflow...
2024-10-23 22:36:51.920 [info] Got 0 sessions for read:user,repo,user:email,workflow...
