2024-10-23 22:36:11.494 [info] Added views:outline in workbench.view.explorer
2024-10-23 22:36:11.494 [info] Added views:workbench.view.search in workbench.view.search
2024-10-23 22:36:11.494 [info] Added views:workbench.scm in workbench.view.scm
2024-10-23 22:36:11.494 [info] Added views:workbench.panel.markers.view in workbench.panel.markers
2024-10-23 22:36:11.494 [info] Added views:workbench.panel.output in workbench.panel.output
2024-10-23 22:36:11.494 [info] Added views:terminal in terminal
2024-10-23 22:36:11.494 [info] Added views:timeline in workbench.view.explorer
2024-10-23 22:36:11.494 [info] Added views:workbench.explorer.emptyView in workbench.view.explorer
2024-10-23 22:36:11.711 [info] Added views:workbench.debug.welcome in workbench.view.debug
2024-10-23 22:36:12.218 [info] Added views:workbench.panel.repl.view in workbench.panel.repl
2024-10-23 22:36:12.443 [info] Added views:~remote.forwardedPorts in ~remote.forwardedPortsContainer
2024-10-23 22:36:18.736 [info] Added views:workbench.scm.history in workbench.view.scm
2024-10-23 22:36:35.285 [info] Removed views:workbench.scm.history from workbench.view.scm
2024-10-23 22:36:35.700 [info] Added views:outline in workbench.view.explorer
2024-10-23 22:36:35.700 [info] Added views:workbench.view.search in workbench.view.search
2024-10-23 22:36:35.700 [info] Added views:workbench.scm in workbench.view.scm
2024-10-23 22:36:35.700 [info] Added views:workbench.panel.markers.view in workbench.panel.markers
2024-10-23 22:36:35.700 [info] Added views:workbench.panel.output in workbench.panel.output
2024-10-23 22:36:35.700 [info] Added views:terminal in terminal
2024-10-23 22:36:35.700 [info] Added views:timeline in workbench.view.explorer
2024-10-23 22:36:35.700 [info] Added views:workbench.explorer.fileView in workbench.view.explorer
2024-10-23 22:36:36.089 [info] Added views:workbench.debug.variablesView,workbench.debug.watchExpressionsView,workbench.debug.callStackView,workbench.debug.breakPointsView in workbench.view.debug
2024-10-23 22:36:36.120 [info] Added views:~remote.forwardedPorts in ~remote.forwardedPortsContainer
2024-10-23 22:36:36.371 [info] Added views:workbench.panel.repl.view in workbench.panel.repl
2024-10-23 22:36:36.373 [info] Removed views:workbench.debug.breakPointsView,workbench.debug.callStackView,workbench.debug.watchExpressionsView,workbench.debug.variablesView from workbench.view.debug
2024-10-23 22:36:36.374 [info] Added views:workbench.debug.welcome in workbench.view.debug
2024-10-23 22:36:38.314 [info] Added views:workbench.scm.history in workbench.view.scm
2024-10-23 22:36:45.615 [info] Removed views:workbench.scm.history from workbench.view.scm
2024-10-23 22:36:45.929 [info] Added views:outline in workbench.view.explorer
2024-10-23 22:36:45.929 [info] Added views:workbench.view.search in workbench.view.search
2024-10-23 22:36:45.929 [info] Added views:workbench.scm in workbench.view.scm
2024-10-23 22:36:45.929 [info] Added views:workbench.panel.markers.view in workbench.panel.markers
2024-10-23 22:36:45.929 [info] Added views:workbench.panel.output in workbench.panel.output
2024-10-23 22:36:45.929 [info] Added views:terminal in terminal
2024-10-23 22:36:45.929 [info] Added views:timeline in workbench.view.explorer
2024-10-23 22:36:45.929 [info] Added views:workbench.explorer.fileView in workbench.view.explorer
2024-10-23 22:36:46.244 [info] Added views:workbench.debug.variablesView,workbench.debug.watchExpressionsView,workbench.debug.callStackView,workbench.debug.breakPointsView in workbench.view.debug
2024-10-23 22:36:46.340 [info] Added views:~remote.forwardedPorts in ~remote.forwardedPortsContainer
2024-10-23 22:36:46.556 [info] Added views:workbench.panel.repl.view in workbench.panel.repl
2024-10-23 22:36:46.558 [info] Removed views:workbench.debug.breakPointsView,workbench.debug.callStackView,workbench.debug.watchExpressionsView,workbench.debug.variablesView from workbench.view.debug
2024-10-23 22:36:46.559 [info] Added views:workbench.debug.welcome in workbench.view.debug
2024-10-23 22:36:51.652 [info] Added views:workbench.scm.history in workbench.view.scm
