2024-10-23 22:46:51.003 [info] [main] Log level: Info
2024-10-23 22:46:51.003 [info] [main] Validating found git in: "git"
2024-10-23 22:46:51.003 [info] [main] Using git "2.47.0" from "git"
2024-10-23 22:46:51.003 [info] [Model][doInitialScan] Initial repository scan started
2024-10-23 22:46:51.003 [info] > git rev-parse --show-toplevel [10ms]
2024-10-23 22:46:51.003 [info] > git rev-parse --git-dir --git-common-dir [4ms]
2024-10-23 22:46:51.003 [info] [Model][openRepository] Opened repository: /home/Heryforce/.config
2024-10-23 22:46:51.003 [info] > git rev-parse --show-toplevel [35ms]
2024-10-23 22:46:51.003 [info] > git config --get commit.template [41ms]
2024-10-23 22:46:51.017 [info] > git for-each-ref --format=%(refname)%00%(upstream:short)%00%(objectname)%00%(upstream:track)%00%(upstream:remotename)%00%(upstream:remoteref) refs/heads/main refs/remotes/main [8ms]
2024-10-23 22:46:51.022 [info] > git rev-parse --show-toplevel [7ms]
2024-10-23 22:46:51.041 [info] > git rev-parse --show-toplevel [14ms]
2024-10-23 22:46:51.047 [info] > git for-each-ref --sort -committerdate --format %(refname) %(objectname) %(*objectname) [8ms]
2024-10-23 22:46:51.049 [info] > git rev-parse --show-toplevel [2ms]
2024-10-23 22:46:51.061 [info] > git rev-parse --show-toplevel [1ms]
2024-10-23 22:46:51.068 [info] > git status -z -uall [34ms]
2024-10-23 22:46:51.104 [info] > git for-each-ref --format=%(refname)%00%(upstream:short)%00%(objectname)%00%(upstream:track)%00%(upstream:remotename)%00%(upstream:remoteref) refs/heads/main refs/remotes/main [9ms]
2024-10-23 22:46:51.109 [info] > git rev-parse --show-toplevel [42ms]
2024-10-23 22:46:51.115 [info] > git config --local branch.main.vscode-merge-base [6ms]
2024-10-23 22:46:51.115 [warning] [Git][config] git config failed: Failed to execute git
2024-10-23 22:46:51.121 [info] > git config --get commit.template [17ms]
2024-10-23 22:46:51.127 [info] > git rev-parse --show-toplevel [13ms]
2024-10-23 22:46:51.137 [info] > git reflog main --grep-reflog=branch: Created from *. [17ms]
2024-10-23 22:46:51.142 [info] > git rev-parse --show-toplevel [6ms]
2024-10-23 22:46:51.143 [info] > git for-each-ref --format=%(refname)%00%(upstream:short)%00%(objectname)%00%(upstream:track)%00%(upstream:remotename)%00%(upstream:remoteref) refs/heads/main refs/remotes/main [11ms]
2024-10-23 22:46:51.188 [info] > git symbolic-ref --short refs/remotes/origin/HEAD [47ms]
2024-10-23 22:46:51.188 [info] fatal: ref refs/remotes/origin/HEAD is not a symbolic ref
2024-10-23 22:46:51.188 [warning] [Repository][getDefaultBranch] Failed to get default branch details: Failed to execute git.
2024-10-23 22:46:51.296 [info] > git merge-base refs/heads/main refs/remotes/origin/main [102ms]
2024-10-23 22:46:51.301 [info] > git rev-parse --show-toplevel [114ms]
2024-10-23 22:46:51.307 [info] > git diff --name-status -z --diff-filter=ADMR c5bb5ae41ce62af00852e928fe37f4e9bedd475a...refs/remotes/origin/main [6ms]
2024-10-23 22:46:51.317 [info] > git rev-parse --show-toplevel [11ms]
2024-10-23 22:46:51.323 [info] > git for-each-ref --sort -committerdate --format %(refname) %(objectname) %(*objectname) [5ms]
2024-10-23 22:46:51.324 [info] > git rev-parse --show-toplevel [2ms]
2024-10-23 22:46:51.333 [info] > git rev-parse --show-toplevel [1ms]
2024-10-23 22:46:51.339 [info] > git status -z -uall [27ms]
2024-10-23 22:46:51.340 [info] > git rev-parse --show-toplevel [1ms]
2024-10-23 22:46:51.362 [info] > git rev-parse --show-toplevel [3ms]
2024-10-23 22:46:51.368 [info] > git rev-parse --show-toplevel [1ms]
2024-10-23 22:46:51.373 [info] > git rev-parse --show-toplevel [1ms]
2024-10-23 22:46:51.378 [info] > git rev-parse --show-toplevel [1ms]
2024-10-23 22:46:51.383 [info] > git rev-parse --show-toplevel [1ms]
2024-10-23 22:46:51.388 [info] > git rev-parse --show-toplevel [1ms]
2024-10-23 22:46:51.389 [info] [Model][doInitialScan] Initial repository scan completed - repositories (1), closed repositories (0), parent repositories (0), unsafe repositories (0)
2024-10-23 22:46:51.397 [info] > git show --textconv :hypr/hyprland.conf [5ms]
2024-10-23 22:46:51.398 [info] > git ls-files --stage -- /home/Heryforce/.config/hypr/hyprland.conf [2ms]
2024-10-23 22:46:51.404 [info] > git cat-file -s 64fafc78401fa4c992ae6e01dccafdf7ed55fae0 [2ms]
2024-10-23 22:46:51.512 [info] > git check-ignore -v -z --stdin [1ms]
2024-10-23 22:46:56.401 [info] > git config --get commit.template [5ms]
2024-10-23 22:46:56.402 [info] > git for-each-ref --format=%(refname)%00%(upstream:short)%00%(objectname)%00%(upstream:track)%00%(upstream:remotename)%00%(upstream:remoteref) refs/heads/main refs/remotes/main [2ms]
2024-10-23 22:46:56.412 [info] > git for-each-ref --sort -committerdate --format %(refname) %(objectname) %(*objectname) [1ms]
2024-10-23 22:46:56.424 [info] > git status -z -uall [18ms]
2024-10-23 22:47:01.446 [info] > git config --get commit.template [7ms]
2024-10-23 22:47:01.448 [info] > git for-each-ref --format=%(refname)%00%(upstream:short)%00%(objectname)%00%(upstream:track)%00%(upstream:remotename)%00%(upstream:remoteref) refs/heads/main refs/remotes/main [2ms]
2024-10-23 22:47:01.462 [info] > git for-each-ref --sort -committerdate --format %(refname) %(objectname) %(*objectname) [2ms]
2024-10-23 22:47:01.476 [info] > git status -z -uall [22ms]
2024-10-23 22:47:06.497 [info] > git config --get commit.template [5ms]
2024-10-23 22:47:06.497 [info] > git for-each-ref --format=%(refname)%00%(upstream:short)%00%(objectname)%00%(upstream:track)%00%(upstream:remotename)%00%(upstream:remoteref) refs/heads/main refs/remotes/main [1ms]
2024-10-23 22:47:06.508 [info] > git for-each-ref --sort -committerdate --format %(refname) %(objectname) %(*objectname) [2ms]
2024-10-23 22:47:06.522 [info] > git status -z -uall [21ms]
2024-10-23 22:47:11.546 [info] > git config --get commit.template [6ms]
2024-10-23 22:47:11.547 [info] > git for-each-ref --format=%(refname)%00%(upstream:short)%00%(objectname)%00%(upstream:track)%00%(upstream:remotename)%00%(upstream:remoteref) refs/heads/main refs/remotes/main [1ms]
2024-10-23 22:47:11.559 [info] > git for-each-ref --sort -committerdate --format %(refname) %(objectname) %(*objectname) [1ms]
2024-10-23 22:47:11.572 [info] > git status -z -uall [19ms]
2024-10-23 22:47:16.597 [info] > git config --get commit.template [8ms]
2024-10-23 22:47:16.599 [info] > git for-each-ref --format=%(refname)%00%(upstream:short)%00%(objectname)%00%(upstream:track)%00%(upstream:remotename)%00%(upstream:remoteref) refs/heads/main refs/remotes/main [3ms]
2024-10-23 22:47:16.612 [info] > git for-each-ref --sort -committerdate --format %(refname) %(objectname) %(*objectname) [1ms]
2024-10-23 22:47:16.625 [info] > git status -z -uall [19ms]
2024-10-23 22:47:21.640 [info] > git config --get commit.template [1ms]
2024-10-23 22:47:21.646 [info] > git for-each-ref --format=%(refname)%00%(upstream:short)%00%(objectname)%00%(upstream:track)%00%(upstream:remotename)%00%(upstream:remoteref) refs/heads/main refs/remotes/main [1ms]
2024-10-23 22:47:21.656 [info] > git for-each-ref --sort -committerdate --format %(refname) %(objectname) %(*objectname) [1ms]
2024-10-23 22:47:21.673 [info] > git status -z -uall [22ms]
2024-10-23 22:47:26.689 [info] > git config --get commit.template [1ms]
2024-10-23 22:47:26.693 [info] > git for-each-ref --format=%(refname)%00%(upstream:short)%00%(objectname)%00%(upstream:track)%00%(upstream:remotename)%00%(upstream:remoteref) refs/heads/main refs/remotes/main [1ms]
2024-10-23 22:47:26.702 [info] > git for-each-ref --sort -committerdate --format %(refname) %(objectname) %(*objectname) [1ms]
2024-10-23 22:47:26.714 [info] > git status -z -uall [17ms]
2024-10-23 22:47:31.739 [info] > git config --get commit.template [7ms]
2024-10-23 22:47:31.741 [info] > git for-each-ref --format=%(refname)%00%(upstream:short)%00%(objectname)%00%(upstream:track)%00%(upstream:remotename)%00%(upstream:remoteref) refs/heads/main refs/remotes/main [2ms]
2024-10-23 22:47:31.756 [info] > git for-each-ref --sort -committerdate --format %(refname) %(objectname) %(*objectname) [2ms]
2024-10-23 22:47:31.771 [info] > git status -z -uall [24ms]
2024-10-23 22:47:36.792 [info] > git config --get commit.template [1ms]
2024-10-23 22:47:36.797 [info] > git for-each-ref --format=%(refname)%00%(upstream:short)%00%(objectname)%00%(upstream:track)%00%(upstream:remotename)%00%(upstream:remoteref) refs/heads/main refs/remotes/main [2ms]
2024-10-23 22:47:36.806 [info] > git for-each-ref --sort -committerdate --format %(refname) %(objectname) %(*objectname) [1ms]
2024-10-23 22:47:36.818 [info] > git status -z -uall [16ms]
2024-10-23 22:47:41.833 [info] > git config --get commit.template [4ms]
2024-10-23 22:47:41.834 [info] > git for-each-ref --format=%(refname)%00%(upstream:short)%00%(objectname)%00%(upstream:track)%00%(upstream:remotename)%00%(upstream:remoteref) refs/heads/main refs/remotes/main [1ms]
2024-10-23 22:47:41.843 [info] > git for-each-ref --sort -committerdate --format %(refname) %(objectname) %(*objectname) [1ms]
2024-10-23 22:47:41.856 [info] > git status -z -uall [18ms]
2024-10-23 22:47:46.879 [info] > git config --get commit.template [6ms]
2024-10-23 22:47:46.879 [info] > git for-each-ref --format=%(refname)%00%(upstream:short)%00%(objectname)%00%(upstream:track)%00%(upstream:remotename)%00%(upstream:remoteref) refs/heads/main refs/remotes/main [1ms]
2024-10-23 22:47:46.890 [info] > git for-each-ref --sort -committerdate --format %(refname) %(objectname) %(*objectname) [1ms]
2024-10-23 22:47:46.906 [info] > git status -z -uall [22ms]
2024-10-23 22:47:58.331 [info] > git config --get commit.template [1ms]
2024-10-23 22:47:58.337 [info] > git for-each-ref --format=%(refname)%00%(upstream:short)%00%(objectname)%00%(upstream:track)%00%(upstream:remotename)%00%(upstream:remoteref) refs/heads/main refs/remotes/main [2ms]
2024-10-23 22:47:58.348 [info] > git for-each-ref --sort -committerdate --format %(refname) %(objectname) %(*objectname) [2ms]
2024-10-23 22:47:58.364 [info] > git status -z -uall [22ms]
2024-10-23 22:48:23.118 [info] > git check-ignore -v -z --stdin [1ms]
2024-10-23 22:49:32.146 [info] > git config --get commit.template [5ms]
2024-10-23 22:49:32.146 [info] > git for-each-ref --format=%(refname)%00%(upstream:short)%00%(objectname)%00%(upstream:track)%00%(upstream:remotename)%00%(upstream:remoteref) refs/heads/main refs/remotes/main [1ms]
2024-10-23 22:49:32.155 [info] > git for-each-ref --sort -committerdate --format %(refname) %(objectname) %(*objectname) [1ms]
2024-10-23 22:49:32.168 [info] > git status -z -uall [18ms]
2024-10-23 22:49:37.187 [info] > git config --get commit.template [5ms]
2024-10-23 22:49:37.187 [info] > git for-each-ref --format=%(refname)%00%(upstream:short)%00%(objectname)%00%(upstream:track)%00%(upstream:remotename)%00%(upstream:remoteref) refs/heads/main refs/remotes/main [1ms]
2024-10-23 22:49:37.199 [info] > git for-each-ref --sort -committerdate --format %(refname) %(objectname) %(*objectname) [2ms]
2024-10-23 22:49:37.229 [info] > git status -z -uall [37ms]
2024-10-23 22:50:22.485 [info] > git config --get commit.template [2ms]
2024-10-23 22:50:22.493 [info] > git for-each-ref --format=%(refname)%00%(upstream:short)%00%(objectname)%00%(upstream:track)%00%(upstream:remotename)%00%(upstream:remoteref) refs/heads/main refs/remotes/main [2ms]
2024-10-23 22:50:22.506 [info] > git for-each-ref --sort -committerdate --format %(refname) %(objectname) %(*objectname) [2ms]
2024-10-23 22:50:22.523 [info] > git status -z -uall [24ms]
2024-10-23 22:52:27.032 [info] > git config --get commit.template [2ms]
2024-10-23 22:52:27.038 [info] > git for-each-ref --format=%(refname)%00%(upstream:short)%00%(objectname)%00%(upstream:track)%00%(upstream:remotename)%00%(upstream:remoteref) refs/heads/main refs/remotes/main [1ms]
2024-10-23 22:52:27.047 [info] > git for-each-ref --sort -committerdate --format %(refname) %(objectname) %(*objectname) [1ms]
2024-10-23 22:52:27.060 [info] > git status -z -uall [18ms]
2024-10-23 22:53:07.116 [info] > git config --get commit.template [4ms]
2024-10-23 22:53:07.117 [info] > git for-each-ref --format=%(refname)%00%(upstream:short)%00%(objectname)%00%(upstream:track)%00%(upstream:remotename)%00%(upstream:remoteref) refs/heads/main refs/remotes/main [1ms]
2024-10-23 22:53:07.128 [info] > git status -z -uall [6ms]
2024-10-23 22:53:07.129 [info] > git for-each-ref --sort -committerdate --format %(refname) %(objectname) %(*objectname) [2ms]
2024-10-23 22:53:07.143 [info] > git merge-base refs/heads/main refs/remotes/origin/main [2ms]
2024-10-23 22:53:07.153 [info] > git diff --name-status -z --diff-filter=ADMR c5bb5ae41ce62af00852e928fe37f4e9bedd475a...refs/remotes/origin/main [6ms]
2024-10-23 22:53:07.154 [info] > git ls-files --stage -- /home/Heryforce/.config/hypr/hyprland.conf [2ms]
2024-10-23 22:53:07.161 [info] > git cat-file -s 30a8b30f0e93f7256128c32a519ba413a6a7e9f1 [2ms]
2024-10-23 22:53:07.172 [info] > git show --textconv :hypr/hyprland.conf [2ms]
2024-10-23 22:53:12.151 [info] > git config --get commit.template [1ms]
2024-10-23 22:53:12.157 [info] > git for-each-ref --format=%(refname)%00%(upstream:short)%00%(objectname)%00%(upstream:track)%00%(upstream:remotename)%00%(upstream:remoteref) refs/heads/main refs/remotes/main [1ms]
2024-10-23 22:53:12.167 [info] > git status -z -uall [5ms]
2024-10-23 22:53:12.168 [info] > git for-each-ref --sort -committerdate --format %(refname) %(objectname) %(*objectname) [1ms]
2024-10-23 22:53:17.086 [info] > git ls-files --stage -- /home/Heryforce/.config/hypr/hyprland.conf [3ms]
2024-10-23 22:53:17.096 [info] > git cat-file -s 30a8b30f0e93f7256128c32a519ba413a6a7e9f1 [2ms]
2024-10-23 22:53:17.104 [info] > git show --textconv :hypr/hyprland.conf [2ms]
2024-10-23 22:53:17.176 [info] > git config --get commit.template [0ms]
2024-10-23 22:53:17.181 [info] > git for-each-ref --format=%(refname)%00%(upstream:short)%00%(objectname)%00%(upstream:track)%00%(upstream:remotename)%00%(upstream:remoteref) refs/heads/main refs/remotes/main [1ms]
2024-10-23 22:53:17.190 [info] > git status -z -uall [5ms]
2024-10-23 22:53:17.191 [info] > git for-each-ref --sort -committerdate --format %(refname) %(objectname) %(*objectname) [2ms]
2024-10-23 22:53:17.197 [info] > git merge-base refs/heads/main refs/remotes/origin/main [1ms]
2024-10-23 22:53:17.201 [info] > git diff --name-status -z --diff-filter=ADMR f55a9b58394c19432ec7eb334125d8bd31f1ce8c...refs/remotes/origin/main [1ms]
2024-10-23 22:53:23.426 [info] > git config --get commit.template [8ms]
2024-10-23 22:53:23.427 [info] > git for-each-ref --format=%(refname)%00%(upstream:short)%00%(objectname)%00%(upstream:track)%00%(upstream:remotename)%00%(upstream:remoteref) refs/heads/main refs/remotes/main [2ms]
2024-10-23 22:53:23.438 [info] > git status -z -uall [6ms]
2024-10-23 22:53:23.438 [info] > git for-each-ref --sort -committerdate --format %(refname) %(objectname) %(*objectname) [2ms]
2024-10-23 22:53:26.129 [info] > git check-ignore -v -z --stdin [3ms]
2024-10-23 22:53:27.820 [info] > git check-ignore -v -z --stdin [1ms]
2024-10-23 22:53:28.458 [info] > git config --get commit.template [7ms]
2024-10-23 22:53:28.459 [info] > git for-each-ref --format=%(refname)%00%(upstream:short)%00%(objectname)%00%(upstream:track)%00%(upstream:remotename)%00%(upstream:remoteref) refs/heads/main refs/remotes/main [2ms]
2024-10-23 22:53:28.474 [info] > git status -z -uall [10ms]
2024-10-23 22:53:28.475 [info] > git for-each-ref --sort -committerdate --format %(refname) %(objectname) %(*objectname) [2ms]
2024-10-23 22:53:31.123 [info] > git check-ignore -v -z --stdin [1ms]
2024-10-23 22:53:34.014 [info] > git check-ignore -v -z --stdin [1ms]
2024-10-23 22:53:34.798 [info] > git config --get commit.template [8ms]
2024-10-23 22:53:34.799 [info] > git for-each-ref --format=%(refname)%00%(upstream:short)%00%(objectname)%00%(upstream:track)%00%(upstream:remotename)%00%(upstream:remoteref) refs/heads/main refs/remotes/main [2ms]
2024-10-23 22:53:34.812 [info] > git for-each-ref --sort -committerdate --format %(refname) %(objectname) %(*objectname) [2ms]
2024-10-23 22:53:34.813 [info] > git status -z -uall [8ms]
2024-10-23 22:53:35.543 [info] > git check-ignore -v -z --stdin [1ms]
2024-10-23 22:53:39.831 [info] > git config --get commit.template [7ms]
2024-10-23 22:53:39.833 [info] > git for-each-ref --format=%(refname)%00%(upstream:short)%00%(objectname)%00%(upstream:track)%00%(upstream:remotename)%00%(upstream:remoteref) refs/heads/main refs/remotes/main [2ms]
2024-10-23 22:53:39.844 [info] > git for-each-ref --sort -committerdate --format %(refname) %(objectname) %(*objectname) [2ms]
2024-10-23 22:53:39.845 [info] > git status -z -uall [9ms]
2024-10-23 22:53:44.870 [info] > git config --get commit.template [8ms]
2024-10-23 22:53:44.871 [info] > git for-each-ref --format=%(refname)%00%(upstream:short)%00%(objectname)%00%(upstream:track)%00%(upstream:remotename)%00%(upstream:remoteref) refs/heads/main refs/remotes/main [2ms]
2024-10-23 22:53:44.884 [info] > git for-each-ref --sort -committerdate --format %(refname) %(objectname) %(*objectname) [1ms]
2024-10-23 22:53:44.885 [info] > git status -z -uall [7ms]
2024-10-23 22:53:51.178 [info] > git config --get commit.template [1ms]
2024-10-23 22:53:51.183 [info] > git for-each-ref --format=%(refname)%00%(upstream:short)%00%(objectname)%00%(upstream:track)%00%(upstream:remotename)%00%(upstream:remoteref) refs/heads/main refs/remotes/main [0ms]
2024-10-23 22:53:51.192 [info] > git status -z -uall [5ms]
2024-10-23 22:53:51.192 [info] > git for-each-ref --sort -committerdate --format %(refname) %(objectname) %(*objectname) [1ms]
2024-10-23 22:53:57.092 [info] > git config --get commit.template [6ms]
2024-10-23 22:53:57.092 [info] > git for-each-ref --format=%(refname)%00%(upstream:short)%00%(objectname)%00%(upstream:track)%00%(upstream:remotename)%00%(upstream:remoteref) refs/heads/main refs/remotes/main [1ms]
2024-10-23 22:53:57.102 [info] > git for-each-ref --sort -committerdate --format %(refname) %(objectname) %(*objectname) [1ms]
2024-10-23 22:53:57.103 [info] > git status -z -uall [6ms]
2024-10-23 22:57:31.766 [info] > git config --get commit.template [5ms]
2024-10-23 22:57:31.766 [info] > git for-each-ref --format=%(refname)%00%(upstream:short)%00%(objectname)%00%(upstream:track)%00%(upstream:remotename)%00%(upstream:remoteref) refs/heads/main refs/remotes/main [1ms]
2024-10-23 22:57:31.776 [info] > git for-each-ref --sort -committerdate --format %(refname) %(objectname) %(*objectname) [1ms]
2024-10-23 22:57:31.782 [info] > git status -z -uall [11ms]
2024-10-23 23:03:18.154 [info] > git config --get commit.template [5ms]
2024-10-23 23:03:18.155 [info] > git for-each-ref --format=%(refname)%00%(upstream:short)%00%(objectname)%00%(upstream:track)%00%(upstream:remotename)%00%(upstream:remoteref) refs/heads/main refs/remotes/main [2ms]
2024-10-23 23:03:18.165 [info] > git for-each-ref --sort -committerdate --format %(refname) %(objectname) %(*objectname) [1ms]
2024-10-23 23:03:18.170 [info] > git status -z -uall [11ms]
2024-10-23 23:03:22.810 [info] > git check-ignore -v -z --stdin [2ms]
2024-10-23 23:03:23.180 [info] > git config --get commit.template [1ms]
2024-10-23 23:03:23.189 [info] > git for-each-ref --format=%(refname)%00%(upstream:short)%00%(objectname)%00%(upstream:track)%00%(upstream:remotename)%00%(upstream:remoteref) refs/heads/main refs/remotes/main [2ms]
2024-10-23 23:03:23.206 [info] > git for-each-ref --sort -committerdate --format %(refname) %(objectname) %(*objectname) [2ms]
2024-10-23 23:03:23.215 [info] > git status -z -uall [18ms]
2024-10-23 23:03:25.171 [info] > git check-ignore -v -z --stdin [2ms]
2024-10-23 23:03:28.233 [info] > git config --get commit.template [7ms]
2024-10-23 23:03:28.235 [info] > git for-each-ref --format=%(refname)%00%(upstream:short)%00%(objectname)%00%(upstream:track)%00%(upstream:remotename)%00%(upstream:remoteref) refs/heads/main refs/remotes/main [2ms]
2024-10-23 23:03:28.249 [info] > git for-each-ref --sort -committerdate --format %(refname) %(objectname) %(*objectname) [2ms]
2024-10-23 23:03:28.258 [info] > git status -z -uall [16ms]
2024-10-23 23:03:30.063 [info] > git show --textconv :hypr/hyprland.conf [6ms]
2024-10-23 23:03:30.064 [info] > git ls-files --stage -- /home/Heryforce/.config/hypr/hyprland.conf [2ms]
2024-10-23 23:03:30.069 [info] > git cat-file -s 30a8b30f0e93f7256128c32a519ba413a6a7e9f1 [2ms]
2024-10-23 23:03:33.273 [info] > git config --get commit.template [6ms]
2024-10-23 23:03:33.274 [info] > git for-each-ref --format=%(refname)%00%(upstream:short)%00%(objectname)%00%(upstream:track)%00%(upstream:remotename)%00%(upstream:remoteref) refs/heads/main refs/remotes/main [2ms]
2024-10-23 23:03:33.285 [info] > git for-each-ref --sort -committerdate --format %(refname) %(objectname) %(*objectname) [1ms]
2024-10-23 23:03:33.291 [info] > git status -z -uall [12ms]
2024-10-23 23:03:38.307 [info] > git config --get commit.template [2ms]
2024-10-23 23:03:38.316 [info] > git for-each-ref --format=%(refname)%00%(upstream:short)%00%(objectname)%00%(upstream:track)%00%(upstream:remotename)%00%(upstream:remoteref) refs/heads/main refs/remotes/main [1ms]
2024-10-23 23:03:38.329 [info] > git for-each-ref --sort -committerdate --format %(refname) %(objectname) %(*objectname) [2ms]
2024-10-23 23:03:38.338 [info] > git status -z -uall [16ms]
2024-10-23 23:03:43.349 [info] > git config --get commit.template [1ms]
2024-10-23 23:03:43.354 [info] > git for-each-ref --format=%(refname)%00%(upstream:short)%00%(objectname)%00%(upstream:track)%00%(upstream:remotename)%00%(upstream:remoteref) refs/heads/main refs/remotes/main [1ms]
2024-10-23 23:03:43.365 [info] > git for-each-ref --sort -committerdate --format %(refname) %(objectname) %(*objectname) [1ms]
2024-10-23 23:03:43.375 [info] > git status -z -uall [17ms]
2024-10-23 23:03:51.205 [info] > git config --get commit.template [8ms]
2024-10-23 23:03:51.206 [info] > git for-each-ref --format=%(refname)%00%(upstream:short)%00%(objectname)%00%(upstream:track)%00%(upstream:remotename)%00%(upstream:remoteref) refs/heads/main refs/remotes/main [2ms]
2024-10-23 23:03:51.221 [info] > git for-each-ref --sort -committerdate --format %(refname) %(objectname) %(*objectname) [2ms]
2024-10-23 23:03:51.232 [info] > git status -z -uall [19ms]
2024-10-23 23:04:01.280 [info] > git config --get commit.template [7ms]
2024-10-23 23:04:01.280 [info] > git for-each-ref --format=%(refname)%00%(upstream:short)%00%(objectname)%00%(upstream:track)%00%(upstream:remotename)%00%(upstream:remoteref) refs/heads/main refs/remotes/main [1ms]
2024-10-23 23:04:01.292 [info] > git for-each-ref --sort -committerdate --format %(refname) %(objectname) %(*objectname) [2ms]
2024-10-23 23:04:01.303 [info] > git status -z -uall [18ms]
2024-10-23 23:04:07.239 [info] > git config --get commit.template [8ms]
2024-10-23 23:04:07.241 [info] > git for-each-ref --format=%(refname)%00%(upstream:short)%00%(objectname)%00%(upstream:track)%00%(upstream:remotename)%00%(upstream:remoteref) refs/heads/main refs/remotes/main [2ms]
2024-10-23 23:04:07.252 [info] > git for-each-ref --sort -committerdate --format %(refname) %(objectname) %(*objectname) [1ms]
2024-10-23 23:04:07.267 [info] > git status -z -uall [21ms]
2024-10-23 23:04:14.365 [info] > git config --get commit.template [6ms]
2024-10-23 23:04:14.366 [info] > git for-each-ref --format=%(refname)%00%(upstream:short)%00%(objectname)%00%(upstream:track)%00%(upstream:remotename)%00%(upstream:remoteref) refs/heads/main refs/remotes/main [1ms]
2024-10-23 23:04:14.379 [info] > git for-each-ref --sort -committerdate --format %(refname) %(objectname) %(*objectname) [1ms]
2024-10-23 23:04:14.399 [info] > git status -z -uall [27ms]
2024-10-23 23:04:19.411 [info] > git config --get commit.template [1ms]
2024-10-23 23:04:19.419 [info] > git for-each-ref --format=%(refname)%00%(upstream:short)%00%(objectname)%00%(upstream:track)%00%(upstream:remotename)%00%(upstream:remoteref) refs/heads/main refs/remotes/main [2ms]
2024-10-23 23:04:19.431 [info] > git for-each-ref --sort -committerdate --format %(refname) %(objectname) %(*objectname) [2ms]
2024-10-23 23:04:19.448 [info] > git status -z -uall [24ms]
2024-10-23 23:04:24.469 [info] > git config --get commit.template [8ms]
2024-10-23 23:04:24.471 [info] > git for-each-ref --format=%(refname)%00%(upstream:short)%00%(objectname)%00%(upstream:track)%00%(upstream:remotename)%00%(upstream:remoteref) refs/heads/main refs/remotes/main [3ms]
2024-10-23 23:04:24.486 [info] > git for-each-ref --sort -committerdate --format %(refname) %(objectname) %(*objectname) [2ms]
2024-10-23 23:04:24.505 [info] > git status -z -uall [27ms]
2024-10-23 23:04:29.524 [info] > git config --get commit.template [8ms]
2024-10-23 23:04:29.525 [info] > git for-each-ref --format=%(refname)%00%(upstream:short)%00%(objectname)%00%(upstream:track)%00%(upstream:remotename)%00%(upstream:remoteref) refs/heads/main refs/remotes/main [2ms]
2024-10-23 23:04:29.540 [info] > git for-each-ref --sort -committerdate --format %(refname) %(objectname) %(*objectname) [1ms]
2024-10-23 23:04:29.555 [info] > git status -z -uall [24ms]
2024-10-23 23:04:44.245 [info] > git config --get commit.template [6ms]
2024-10-23 23:04:44.245 [info] > git for-each-ref --format=%(refname)%00%(upstream:short)%00%(objectname)%00%(upstream:track)%00%(upstream:remotename)%00%(upstream:remoteref) refs/heads/main refs/remotes/main [1ms]
2024-10-23 23:04:44.258 [info] > git for-each-ref --sort -committerdate --format %(refname) %(objectname) %(*objectname) [2ms]
2024-10-23 23:04:44.275 [info] > git status -z -uall [25ms]
2024-10-23 23:04:49.299 [info] > git config --get commit.template [8ms]
2024-10-23 23:04:49.300 [info] > git for-each-ref --format=%(refname)%00%(upstream:short)%00%(objectname)%00%(upstream:track)%00%(upstream:remotename)%00%(upstream:remoteref) refs/heads/main refs/remotes/main [2ms]
2024-10-23 23:04:49.316 [info] > git for-each-ref --sort -committerdate --format %(refname) %(objectname) %(*objectname) [2ms]
2024-10-23 23:04:49.347 [info] > git status -z -uall [40ms]
2024-10-23 23:04:54.367 [info] > git config --get commit.template [8ms]
2024-10-23 23:04:54.369 [info] > git for-each-ref --format=%(refname)%00%(upstream:short)%00%(objectname)%00%(upstream:track)%00%(upstream:remotename)%00%(upstream:remoteref) refs/heads/main refs/remotes/main [2ms]
2024-10-23 23:04:54.384 [info] > git for-each-ref --sort -committerdate --format %(refname) %(objectname) %(*objectname) [1ms]
2024-10-23 23:04:54.403 [info] > git status -z -uall [27ms]
2024-10-23 23:04:59.422 [info] > git config --get commit.template [8ms]
2024-10-23 23:04:59.424 [info] > git for-each-ref --format=%(refname)%00%(upstream:short)%00%(objectname)%00%(upstream:track)%00%(upstream:remotename)%00%(upstream:remoteref) refs/heads/main refs/remotes/main [3ms]
2024-10-23 23:04:59.439 [info] > git for-each-ref --sort -committerdate --format %(refname) %(objectname) %(*objectname) [2ms]
2024-10-23 23:04:59.457 [info] > git status -z -uall [26ms]
2024-10-23 23:05:04.475 [info] > git config --get commit.template [8ms]
2024-10-23 23:05:04.477 [info] > git for-each-ref --format=%(refname)%00%(upstream:short)%00%(objectname)%00%(upstream:track)%00%(upstream:remotename)%00%(upstream:remoteref) refs/heads/main refs/remotes/main [3ms]
2024-10-23 23:05:04.493 [info] > git for-each-ref --sort -committerdate --format %(refname) %(objectname) %(*objectname) [1ms]
2024-10-23 23:05:04.510 [info] > git status -z -uall [26ms]
2024-10-23 23:05:09.531 [info] > git config --get commit.template [8ms]
2024-10-23 23:05:09.533 [info] > git for-each-ref --format=%(refname)%00%(upstream:short)%00%(objectname)%00%(upstream:track)%00%(upstream:remotename)%00%(upstream:remoteref) refs/heads/main refs/remotes/main [2ms]
2024-10-23 23:05:09.548 [info] > git for-each-ref --sort -committerdate --format %(refname) %(objectname) %(*objectname) [1ms]
2024-10-23 23:05:09.567 [info] > git status -z -uall [27ms]
2024-10-23 23:05:14.576 [info] > git config --get commit.template [1ms]
2024-10-23 23:05:14.581 [info] > git for-each-ref --format=%(refname)%00%(upstream:short)%00%(objectname)%00%(upstream:track)%00%(upstream:remotename)%00%(upstream:remoteref) refs/heads/main refs/remotes/main [1ms]
2024-10-23 23:05:14.589 [info] > git for-each-ref --sort -committerdate --format %(refname) %(objectname) %(*objectname) [1ms]
2024-10-23 23:05:14.604 [info] > git status -z -uall [19ms]
2024-10-23 23:05:25.817 [info] > git config --get commit.template [2ms]
2024-10-23 23:05:25.827 [info] > git for-each-ref --format=%(refname)%00%(upstream:short)%00%(objectname)%00%(upstream:track)%00%(upstream:remotename)%00%(upstream:remoteref) refs/heads/main refs/remotes/main [2ms]
2024-10-23 23:05:25.840 [info] > git for-each-ref --sort -committerdate --format %(refname) %(objectname) %(*objectname) [1ms]
2024-10-23 23:05:25.858 [info] > git status -z -uall [24ms]
2024-10-23 23:05:30.868 [info] > git config --get commit.template [1ms]
2024-10-23 23:05:30.874 [info] > git for-each-ref --format=%(refname)%00%(upstream:short)%00%(objectname)%00%(upstream:track)%00%(upstream:remotename)%00%(upstream:remoteref) refs/heads/main refs/remotes/main [2ms]
2024-10-23 23:05:30.884 [info] > git for-each-ref --sort -committerdate --format %(refname) %(objectname) %(*objectname) [1ms]
2024-10-23 23:05:30.903 [info] > git status -z -uall [25ms]
2024-10-23 23:05:35.921 [info] > git config --get commit.template [7ms]
2024-10-23 23:05:35.922 [info] > git for-each-ref --format=%(refname)%00%(upstream:short)%00%(objectname)%00%(upstream:track)%00%(upstream:remotename)%00%(upstream:remoteref) refs/heads/main refs/remotes/main [2ms]
2024-10-23 23:05:35.936 [info] > git for-each-ref --sort -committerdate --format %(refname) %(objectname) %(*objectname) [2ms]
2024-10-23 23:05:35.955 [info] > git status -z -uall [27ms]
2024-10-23 23:05:40.976 [info] > git config --get commit.template [9ms]
2024-10-23 23:05:40.977 [info] > git for-each-ref --format=%(refname)%00%(upstream:short)%00%(objectname)%00%(upstream:track)%00%(upstream:remotename)%00%(upstream:remoteref) refs/heads/main refs/remotes/main [2ms]
2024-10-23 23:05:40.988 [info] > git for-each-ref --sort -committerdate --format %(refname) %(objectname) %(*objectname) [2ms]
2024-10-23 23:05:41.002 [info] > git status -z -uall [20ms]
2024-10-23 23:05:50.726 [info] > git config --get commit.template [6ms]
2024-10-23 23:05:50.726 [info] > git for-each-ref --format=%(refname)%00%(upstream:short)%00%(objectname)%00%(upstream:track)%00%(upstream:remotename)%00%(upstream:remoteref) refs/heads/main refs/remotes/main [1ms]
2024-10-23 23:05:50.736 [info] > git for-each-ref --sort -committerdate --format %(refname) %(objectname) %(*objectname) [1ms]
2024-10-23 23:05:50.752 [info] > git status -z -uall [21ms]
2024-10-23 23:05:55.775 [info] > git config --get commit.template [8ms]
2024-10-23 23:05:55.776 [info] > git for-each-ref --format=%(refname)%00%(upstream:short)%00%(objectname)%00%(upstream:track)%00%(upstream:remotename)%00%(upstream:remoteref) refs/heads/main refs/remotes/main [2ms]
2024-10-23 23:05:55.792 [info] > git for-each-ref --sort -committerdate --format %(refname) %(objectname) %(*objectname) [2ms]
2024-10-23 23:05:55.808 [info] > git status -z -uall [24ms]
2024-10-23 23:06:00.829 [info] > git config --get commit.template [8ms]
2024-10-23 23:06:00.831 [info] > git for-each-ref --format=%(refname)%00%(upstream:short)%00%(objectname)%00%(upstream:track)%00%(upstream:remotename)%00%(upstream:remoteref) refs/heads/main refs/remotes/main [2ms]
2024-10-23 23:06:00.842 [info] > git for-each-ref --sort -committerdate --format %(refname) %(objectname) %(*objectname) [2ms]
2024-10-23 23:06:00.857 [info] > git status -z -uall [22ms]
2024-10-23 23:06:05.877 [info] > git config --get commit.template [8ms]
2024-10-23 23:06:05.878 [info] > git for-each-ref --format=%(refname)%00%(upstream:short)%00%(objectname)%00%(upstream:track)%00%(upstream:remotename)%00%(upstream:remoteref) refs/heads/main refs/remotes/main [2ms]
2024-10-23 23:06:05.892 [info] > git for-each-ref --sort -committerdate --format %(refname) %(objectname) %(*objectname) [1ms]
2024-10-23 23:06:05.915 [info] > git status -z -uall [31ms]
2024-10-23 23:06:10.936 [info] > git config --get commit.template [5ms]
2024-10-23 23:06:10.936 [info] > git for-each-ref --format=%(refname)%00%(upstream:short)%00%(objectname)%00%(upstream:track)%00%(upstream:remotename)%00%(upstream:remoteref) refs/heads/main refs/remotes/main [1ms]
2024-10-23 23:06:10.947 [info] > git for-each-ref --sort -committerdate --format %(refname) %(objectname) %(*objectname) [2ms]
2024-10-23 23:06:10.965 [info] > git status -z -uall [24ms]
2024-10-23 23:06:21.387 [info] > git config --get commit.template [1ms]
2024-10-23 23:06:21.391 [info] > git for-each-ref --format=%(refname)%00%(upstream:short)%00%(objectname)%00%(upstream:track)%00%(upstream:remotename)%00%(upstream:remoteref) refs/heads/main refs/remotes/main [1ms]
2024-10-23 23:06:21.401 [info] > git for-each-ref --sort -committerdate --format %(refname) %(objectname) %(*objectname) [1ms]
2024-10-23 23:06:21.416 [info] > git status -z -uall [21ms]
2024-10-23 23:06:53.140 [info] > git for-each-ref --format=%(refname)%00%(upstream:short)%00%(objectname)%00%(upstream:track)%00%(upstream:remotename)%00%(upstream:remoteref) refs/heads/main refs/remotes/main [1ms]
2024-10-23 23:06:53.140 [info] > git config --get commit.template [5ms]
2024-10-23 23:06:53.152 [info] > git for-each-ref --sort -committerdate --format %(refname) %(objectname) %(*objectname) [1ms]
2024-10-23 23:06:53.169 [info] > git status -z -uall [23ms]
2024-10-23 23:06:58.183 [info] > git config --get commit.template [4ms]
2024-10-23 23:06:58.183 [info] > git for-each-ref --format=%(refname)%00%(upstream:short)%00%(objectname)%00%(upstream:track)%00%(upstream:remotename)%00%(upstream:remoteref) refs/heads/main refs/remotes/main [1ms]
2024-10-23 23:06:58.192 [info] > git for-each-ref --sort -committerdate --format %(refname) %(objectname) %(*objectname) [1ms]
2024-10-23 23:06:58.208 [info] > git status -z -uall [21ms]
2024-10-23 23:07:03.217 [info] > git config --get commit.template [1ms]
2024-10-23 23:07:03.221 [info] > git for-each-ref --format=%(refname)%00%(upstream:short)%00%(objectname)%00%(upstream:track)%00%(upstream:remotename)%00%(upstream:remoteref) refs/heads/main refs/remotes/main [1ms]
2024-10-23 23:07:03.229 [info] > git for-each-ref --sort -committerdate --format %(refname) %(objectname) %(*objectname) [1ms]
2024-10-23 23:07:03.245 [info] > git status -z -uall [20ms]
2024-10-23 23:07:09.476 [info] > git config --get commit.template [10ms]
2024-10-23 23:07:09.478 [info] > git for-each-ref --format=%(refname)%00%(upstream:short)%00%(objectname)%00%(upstream:track)%00%(upstream:remotename)%00%(upstream:remoteref) refs/heads/main refs/remotes/main [3ms]
2024-10-23 23:07:09.489 [info] > git for-each-ref --sort -committerdate --format %(refname) %(objectname) %(*objectname) [1ms]
2024-10-23 23:07:09.502 [info] > git status -z -uall [21ms]
2024-10-23 23:07:14.521 [info] > git config --get commit.template [5ms]
2024-10-23 23:07:14.521 [info] > git for-each-ref --format=%(refname)%00%(upstream:short)%00%(objectname)%00%(upstream:track)%00%(upstream:remotename)%00%(upstream:remoteref) refs/heads/main refs/remotes/main [1ms]
2024-10-23 23:07:14.538 [info] > git for-each-ref --sort -committerdate --format %(refname) %(objectname) %(*objectname) [3ms]
2024-10-23 23:07:14.556 [info] > git status -z -uall [28ms]
2024-10-23 23:07:21.953 [info] > git config --get commit.template [5ms]
2024-10-23 23:07:21.954 [info] > git for-each-ref --format=%(refname)%00%(upstream:short)%00%(objectname)%00%(upstream:track)%00%(upstream:remotename)%00%(upstream:remoteref) refs/heads/main refs/remotes/main [2ms]
2024-10-23 23:07:21.967 [info] > git for-each-ref --sort -committerdate --format %(refname) %(objectname) %(*objectname) [1ms]
2024-10-23 23:07:21.985 [info] > git status -z -uall [24ms]
2024-10-23 23:07:46.015 [info] > git config --get commit.template [6ms]
2024-10-23 23:07:46.016 [info] > git for-each-ref --format=%(refname)%00%(upstream:short)%00%(objectname)%00%(upstream:track)%00%(upstream:remotename)%00%(upstream:remoteref) refs/heads/main refs/remotes/main [1ms]
2024-10-23 23:07:46.030 [info] > git for-each-ref --sort -committerdate --format %(refname) %(objectname) %(*objectname) [2ms]
2024-10-23 23:07:46.048 [info] > git status -z -uall [26ms]
2024-10-23 23:07:48.581 [info] > git check-ignore -v -z --stdin [3ms]
2024-10-23 23:07:49.120 [info] > git show --textconv :dunst/dunstrc [9ms]
2024-10-23 23:07:49.122 [info] > git ls-files --stage -- /home/Heryforce/.config/dunst/dunstrc [3ms]
2024-10-23 23:07:49.130 [info] > git cat-file -s 494800c94d08e19ad9b858f96af30c41be408a48 [1ms]
2024-10-23 23:07:51.057 [info] > git config --get commit.template [1ms]
2024-10-23 23:07:51.061 [info] > git for-each-ref --format=%(refname)%00%(upstream:short)%00%(objectname)%00%(upstream:track)%00%(upstream:remotename)%00%(upstream:remoteref) refs/heads/main refs/remotes/main [1ms]
2024-10-23 23:07:51.070 [info] > git for-each-ref --sort -committerdate --format %(refname) %(objectname) %(*objectname) [1ms]
2024-10-23 23:07:51.085 [info] > git status -z -uall [20ms]
2024-10-23 23:07:56.100 [info] > git config --get commit.template [4ms]
2024-10-23 23:07:56.101 [info] > git for-each-ref --format=%(refname)%00%(upstream:short)%00%(objectname)%00%(upstream:track)%00%(upstream:remotename)%00%(upstream:remoteref) refs/heads/main refs/remotes/main [1ms]
2024-10-23 23:07:56.109 [info] > git for-each-ref --sort -committerdate --format %(refname) %(objectname) %(*objectname) [1ms]
2024-10-23 23:07:56.124 [info] > git status -z -uall [19ms]
2024-10-23 23:08:10.661 [info] > git config --get commit.template [5ms]
2024-10-23 23:08:10.661 [info] > git for-each-ref --format=%(refname)%00%(upstream:short)%00%(objectname)%00%(upstream:track)%00%(upstream:remotename)%00%(upstream:remoteref) refs/heads/main refs/remotes/main [1ms]
2024-10-23 23:08:10.671 [info] > git for-each-ref --sort -committerdate --format %(refname) %(objectname) %(*objectname) [1ms]
2024-10-23 23:08:10.685 [info] > git status -z -uall [20ms]
2024-10-23 23:08:16.038 [info] > git config --get commit.template [1ms]
2024-10-23 23:08:16.044 [info] > git for-each-ref --format=%(refname)%00%(upstream:short)%00%(objectname)%00%(upstream:track)%00%(upstream:remotename)%00%(upstream:remoteref) refs/heads/main refs/remotes/main [2ms]
2024-10-23 23:08:16.053 [info] > git for-each-ref --sort -committerdate --format %(refname) %(objectname) %(*objectname) [2ms]
2024-10-23 23:08:16.071 [info] > git status -z -uall [23ms]
2024-10-23 23:08:21.887 [info] > git config --get commit.template [8ms]
2024-10-23 23:08:21.888 [info] > git for-each-ref --format=%(refname)%00%(upstream:short)%00%(objectname)%00%(upstream:track)%00%(upstream:remotename)%00%(upstream:remoteref) refs/heads/main refs/remotes/main [2ms]
2024-10-23 23:08:21.901 [info] > git for-each-ref --sort -committerdate --format %(refname) %(objectname) %(*objectname) [1ms]
2024-10-23 23:08:21.917 [info] > git status -z -uall [22ms]
2024-10-23 23:08:26.930 [info] > git config --get commit.template [3ms]
2024-10-23 23:08:26.930 [info] > git for-each-ref --format=%(refname)%00%(upstream:short)%00%(objectname)%00%(upstream:track)%00%(upstream:remotename)%00%(upstream:remoteref) refs/heads/main refs/remotes/main [1ms]
2024-10-23 23:08:26.938 [info] > git for-each-ref --sort -committerdate --format %(refname) %(objectname) %(*objectname) [1ms]
2024-10-23 23:08:26.954 [info] > git status -z -uall [20ms]
2024-10-23 23:08:36.040 [info] > git config --get commit.template [5ms]
2024-10-23 23:08:36.041 [info] > git for-each-ref --format=%(refname)%00%(upstream:short)%00%(objectname)%00%(upstream:track)%00%(upstream:remotename)%00%(upstream:remoteref) refs/heads/main refs/remotes/main [1ms]
2024-10-23 23:08:36.050 [info] > git for-each-ref --sort -committerdate --format %(refname) %(objectname) %(*objectname) [1ms]
2024-10-23 23:08:36.065 [info] > git status -z -uall [19ms]
2024-10-23 23:08:58.840 [info] > git config --get commit.template [7ms]
2024-10-23 23:08:58.841 [info] > git for-each-ref --format=%(refname)%00%(upstream:short)%00%(objectname)%00%(upstream:track)%00%(upstream:remotename)%00%(upstream:remoteref) refs/heads/main refs/remotes/main [2ms]
2024-10-23 23:08:58.853 [info] > git for-each-ref --sort -committerdate --format %(refname) %(objectname) %(*objectname) [1ms]
2024-10-23 23:08:58.872 [info] > git status -z -uall [26ms]
2024-10-23 23:09:03.880 [info] > git config --get commit.template [1ms]
2024-10-23 23:09:03.885 [info] > git for-each-ref --format=%(refname)%00%(upstream:short)%00%(objectname)%00%(upstream:track)%00%(upstream:remotename)%00%(upstream:remoteref) refs/heads/main refs/remotes/main [1ms]
2024-10-23 23:09:03.897 [info] > git for-each-ref --sort -committerdate --format %(refname) %(objectname) %(*objectname) [2ms]
2024-10-23 23:09:03.919 [info] > git status -z -uall [30ms]
2024-10-23 23:09:08.931 [info] > git config --get commit.template [1ms]
2024-10-23 23:09:08.937 [info] > git for-each-ref --format=%(refname)%00%(upstream:short)%00%(objectname)%00%(upstream:track)%00%(upstream:remotename)%00%(upstream:remoteref) refs/heads/main refs/remotes/main [2ms]
2024-10-23 23:09:08.946 [info] > git for-each-ref --sort -committerdate --format %(refname) %(objectname) %(*objectname) [1ms]
2024-10-23 23:09:08.961 [info] > git status -z -uall [20ms]
2024-10-23 23:09:25.112 [info] > git config --get commit.template [10ms]
2024-10-23 23:09:25.113 [info] > git for-each-ref --format=%(refname)%00%(upstream:short)%00%(objectname)%00%(upstream:track)%00%(upstream:remotename)%00%(upstream:remoteref) refs/heads/main refs/remotes/main [2ms]
2024-10-23 23:09:25.125 [info] > git for-each-ref --sort -committerdate --format %(refname) %(objectname) %(*objectname) [2ms]
2024-10-23 23:09:25.144 [info] > git status -z -uall [25ms]
2024-10-23 23:09:37.034 [info] > git config --get commit.template [7ms]
2024-10-23 23:09:37.035 [info] > git for-each-ref --format=%(refname)%00%(upstream:short)%00%(objectname)%00%(upstream:track)%00%(upstream:remotename)%00%(upstream:remoteref) refs/heads/main refs/remotes/main [2ms]
2024-10-23 23:09:37.051 [info] > git for-each-ref --sort -committerdate --format %(refname) %(objectname) %(*objectname) [2ms]
2024-10-23 23:09:37.070 [info] > git status -z -uall [28ms]
2024-10-23 23:09:45.074 [info] > git config --get commit.template [7ms]
2024-10-23 23:09:45.076 [info] > git for-each-ref --format=%(refname)%00%(upstream:short)%00%(objectname)%00%(upstream:track)%00%(upstream:remotename)%00%(upstream:remoteref) refs/heads/main refs/remotes/main [3ms]
2024-10-23 23:09:45.087 [info] > git for-each-ref --sort -committerdate --format %(refname) %(objectname) %(*objectname) [2ms]
2024-10-23 23:09:45.105 [info] > git status -z -uall [26ms]
2024-10-23 23:09:52.172 [info] > git config --get commit.template [6ms]
2024-10-23 23:09:52.173 [info] > git for-each-ref --format=%(refname)%00%(upstream:short)%00%(objectname)%00%(upstream:track)%00%(upstream:remotename)%00%(upstream:remoteref) refs/heads/main refs/remotes/main [2ms]
2024-10-23 23:09:52.183 [info] > git for-each-ref --sort -committerdate --format %(refname) %(objectname) %(*objectname) [1ms]
2024-10-23 23:09:52.203 [info] > git status -z -uall [25ms]
2024-10-23 23:10:07.462 [info] > git config --get commit.template [4ms]
2024-10-23 23:10:07.462 [info] > git for-each-ref --format=%(refname)%00%(upstream:short)%00%(objectname)%00%(upstream:track)%00%(upstream:remotename)%00%(upstream:remoteref) refs/heads/main refs/remotes/main [1ms]
2024-10-23 23:10:07.470 [info] > git for-each-ref --sort -committerdate --format %(refname) %(objectname) %(*objectname) [1ms]
2024-10-23 23:10:07.488 [info] > git status -z -uall [22ms]
2024-10-23 23:11:34.793 [info] > git config --get commit.template [6ms]
2024-10-23 23:11:34.794 [info] > git for-each-ref --format=%(refname)%00%(upstream:short)%00%(objectname)%00%(upstream:track)%00%(upstream:remotename)%00%(upstream:remoteref) refs/heads/main refs/remotes/main [1ms]
2024-10-23 23:11:34.805 [info] > git for-each-ref --sort -committerdate --format %(refname) %(objectname) %(*objectname) [1ms]
2024-10-23 23:11:34.820 [info] > git status -z -uall [21ms]
2024-10-23 23:11:36.731 [info] > git show --textconv :hypr/hyprlock.conf [7ms]
2024-10-23 23:11:36.732 [info] > git ls-files --stage -- /home/Heryforce/.config/hypr/hyprlock.conf [2ms]
2024-10-23 23:11:36.740 [info] > git cat-file -s d710419508433d9ad3a8e2c7dc20629beb55d5af [2ms]
2024-10-23 23:11:39.830 [info] > git config --get commit.template [0ms]
2024-10-23 23:11:39.834 [info] > git for-each-ref --format=%(refname)%00%(upstream:short)%00%(objectname)%00%(upstream:track)%00%(upstream:remotename)%00%(upstream:remoteref) refs/heads/main refs/remotes/main [1ms]
2024-10-23 23:11:39.843 [info] > git for-each-ref --sort -committerdate --format %(refname) %(objectname) %(*objectname) [1ms]
2024-10-23 23:11:39.858 [info] > git status -z -uall [20ms]
2024-10-23 23:11:46.257 [info] > git config --get commit.template [2ms]
2024-10-23 23:11:46.266 [info] > git for-each-ref --format=%(refname)%00%(upstream:short)%00%(objectname)%00%(upstream:track)%00%(upstream:remotename)%00%(upstream:remoteref) refs/heads/main refs/remotes/main [2ms]
2024-10-23 23:11:46.277 [info] > git for-each-ref --sort -committerdate --format %(refname) %(objectname) %(*objectname) [1ms]
2024-10-23 23:11:46.292 [info] > git status -z -uall [22ms]
2024-10-23 23:11:51.303 [info] > git config --get commit.template [1ms]
2024-10-23 23:11:51.309 [info] > git for-each-ref --format=%(refname)%00%(upstream:short)%00%(objectname)%00%(upstream:track)%00%(upstream:remotename)%00%(upstream:remoteref) refs/heads/main refs/remotes/main [1ms]
2024-10-23 23:11:51.317 [info] > git for-each-ref --sort -committerdate --format %(refname) %(objectname) %(*objectname) [1ms]
2024-10-23 23:11:51.332 [info] > git status -z -uall [20ms]
2024-10-23 23:11:56.352 [info] > git config --get commit.template [8ms]
2024-10-23 23:11:56.354 [info] > git for-each-ref --format=%(refname)%00%(upstream:short)%00%(objectname)%00%(upstream:track)%00%(upstream:remotename)%00%(upstream:remoteref) refs/heads/main refs/remotes/main [3ms]
2024-10-23 23:11:56.367 [info] > git for-each-ref --sort -committerdate --format %(refname) %(objectname) %(*objectname) [2ms]
2024-10-23 23:11:56.387 [info] > git status -z -uall [28ms]
2024-10-23 23:12:11.512 [info] > git config --get commit.template [8ms]
2024-10-23 23:12:11.514 [info] > git for-each-ref --format=%(refname)%00%(upstream:short)%00%(objectname)%00%(upstream:track)%00%(upstream:remotename)%00%(upstream:remoteref) refs/heads/main refs/remotes/main [3ms]
2024-10-23 23:12:11.530 [info] > git for-each-ref --sort -committerdate --format %(refname) %(objectname) %(*objectname) [2ms]
2024-10-23 23:12:11.551 [info] > git status -z -uall [29ms]
2024-10-23 23:12:16.571 [info] > git config --get commit.template [8ms]
2024-10-23 23:12:16.572 [info] > git for-each-ref --format=%(refname)%00%(upstream:short)%00%(objectname)%00%(upstream:track)%00%(upstream:remotename)%00%(upstream:remoteref) refs/heads/main refs/remotes/main [2ms]
2024-10-23 23:12:16.587 [info] > git for-each-ref --sort -committerdate --format %(refname) %(objectname) %(*objectname) [2ms]
2024-10-23 23:12:16.607 [info] > git status -z -uall [28ms]
2024-10-23 23:12:21.626 [info] > git config --get commit.template [8ms]
2024-10-23 23:12:21.627 [info] > git for-each-ref --format=%(refname)%00%(upstream:short)%00%(objectname)%00%(upstream:track)%00%(upstream:remotename)%00%(upstream:remoteref) refs/heads/main refs/remotes/main [2ms]
2024-10-23 23:12:21.642 [info] > git for-each-ref --sort -committerdate --format %(refname) %(objectname) %(*objectname) [2ms]
2024-10-23 23:12:21.666 [info] > git status -z -uall [32ms]
2024-10-23 23:12:26.680 [info] > git config --get commit.template [1ms]
2024-10-23 23:12:26.687 [info] > git for-each-ref --format=%(refname)%00%(upstream:short)%00%(objectname)%00%(upstream:track)%00%(upstream:remotename)%00%(upstream:remoteref) refs/heads/main refs/remotes/main [2ms]
2024-10-23 23:12:26.697 [info] > git for-each-ref --sort -committerdate --format %(refname) %(objectname) %(*objectname) [1ms]
2024-10-23 23:12:26.713 [info] > git status -z -uall [21ms]
2024-10-23 23:12:31.732 [info] > git config --get commit.template [9ms]
2024-10-23 23:12:31.733 [info] > git for-each-ref --format=%(refname)%00%(upstream:short)%00%(objectname)%00%(upstream:track)%00%(upstream:remotename)%00%(upstream:remoteref) refs/heads/main refs/remotes/main [2ms]
2024-10-23 23:12:31.749 [info] > git for-each-ref --sort -committerdate --format %(refname) %(objectname) %(*objectname) [2ms]
2024-10-23 23:12:31.765 [info] > git status -z -uall [25ms]
2024-10-23 23:12:54.521 [info] > git config --get commit.template [1ms]
2024-10-23 23:12:54.525 [info] > git for-each-ref --format=%(refname)%00%(upstream:short)%00%(objectname)%00%(upstream:track)%00%(upstream:remotename)%00%(upstream:remoteref) refs/heads/main refs/remotes/main [1ms]
2024-10-23 23:12:54.533 [info] > git for-each-ref --sort -committerdate --format %(refname) %(objectname) %(*objectname) [1ms]
2024-10-23 23:12:54.552 [info] > git status -z -uall [24ms]
2024-10-23 23:13:18.356 [info] > git config --get commit.template [7ms]
2024-10-23 23:13:18.358 [info] > git for-each-ref --format=%(refname)%00%(upstream:short)%00%(objectname)%00%(upstream:track)%00%(upstream:remotename)%00%(upstream:remoteref) refs/heads/main refs/remotes/main [2ms]
2024-10-23 23:13:18.373 [info] > git for-each-ref --sort -committerdate --format %(refname) %(objectname) %(*objectname) [2ms]
2024-10-23 23:13:18.388 [info] > git status -z -uall [23ms]
2024-10-23 23:13:25.105 [info] > git config --get commit.template [6ms]
2024-10-23 23:13:25.106 [info] > git for-each-ref --format=%(refname)%00%(upstream:short)%00%(objectname)%00%(upstream:track)%00%(upstream:remotename)%00%(upstream:remoteref) refs/heads/main refs/remotes/main [2ms]
2024-10-23 23:13:25.122 [info] > git for-each-ref --sort -committerdate --format %(refname) %(objectname) %(*objectname) [2ms]
2024-10-23 23:13:25.141 [info] > git status -z -uall [27ms]
2024-10-23 23:13:36.809 [info] > git config --get commit.template [5ms]
2024-10-23 23:13:36.809 [info] > git for-each-ref --format=%(refname)%00%(upstream:short)%00%(objectname)%00%(upstream:track)%00%(upstream:remotename)%00%(upstream:remoteref) refs/heads/main refs/remotes/main [1ms]
2024-10-23 23:13:36.817 [info] > git for-each-ref --sort -committerdate --format %(refname) %(objectname) %(*objectname) [1ms]
2024-10-23 23:13:36.832 [info] > git status -z -uall [19ms]
2024-10-23 23:13:40.880 [info] > git show --textconv :hypr/hyprpaper.conf [5ms]
2024-10-23 23:13:40.880 [info] > git ls-files --stage -- /home/Heryforce/.config/hypr/hyprpaper.conf [1ms]
2024-10-23 23:13:40.884 [info] > git cat-file -s 6218f96b8c9a857b72b9a03750e28cff94044b78 [0ms]
2024-10-23 23:13:41.852 [info] > git config --get commit.template [8ms]
2024-10-23 23:13:41.853 [info] > git for-each-ref --format=%(refname)%00%(upstream:short)%00%(objectname)%00%(upstream:track)%00%(upstream:remotename)%00%(upstream:remoteref) refs/heads/main refs/remotes/main [2ms]
2024-10-23 23:13:41.868 [info] > git for-each-ref --sort -committerdate --format %(refname) %(objectname) %(*objectname) [2ms]
2024-10-23 23:13:41.888 [info] > git status -z -uall [28ms]
2024-10-23 23:13:46.902 [info] > git config --get commit.template [4ms]
2024-10-23 23:13:46.903 [info] > git for-each-ref --format=%(refname)%00%(upstream:short)%00%(objectname)%00%(upstream:track)%00%(upstream:remotename)%00%(upstream:remoteref) refs/heads/main refs/remotes/main [1ms]
2024-10-23 23:13:46.912 [info] > git for-each-ref --sort -committerdate --format %(refname) %(objectname) %(*objectname) [1ms]
2024-10-23 23:13:46.926 [info] > git status -z -uall [19ms]
2024-10-23 23:13:48.738 [info] > git show --textconv :hypr/hyprland.conf [4ms]
2024-10-23 23:13:48.739 [info] > git ls-files --stage -- /home/Heryforce/.config/hypr/hyprland.conf [0ms]
2024-10-23 23:13:48.744 [info] > git cat-file -s 30a8b30f0e93f7256128c32a519ba413a6a7e9f1 [2ms]
2024-10-23 23:13:52.291 [info] > git config --get commit.template [1ms]
2024-10-23 23:13:52.298 [info] > git for-each-ref --format=%(refname)%00%(upstream:short)%00%(objectname)%00%(upstream:track)%00%(upstream:remotename)%00%(upstream:remoteref) refs/heads/main refs/remotes/main [3ms]
2024-10-23 23:13:52.314 [info] > git for-each-ref --sort -committerdate --format %(refname) %(objectname) %(*objectname) [1ms]
2024-10-23 23:13:52.332 [info] > git status -z -uall [27ms]
2024-10-23 23:13:57.337 [info] > git check-ignore -v -z --stdin [1ms]
2024-10-23 23:13:57.984 [info] > git show --textconv :kitty/kitty.conf [8ms]
2024-10-23 23:13:57.986 [info] > git ls-files --stage -- /home/Heryforce/.config/kitty/kitty.conf [3ms]
2024-10-23 23:13:57.994 [info] > git cat-file -s fcf4cf4897d6cd7336c0365e81d01c873c280d13 [2ms]
2024-10-23 23:13:58.219 [info] > git config --get commit.template [7ms]
2024-10-23 23:13:58.220 [info] > git for-each-ref --format=%(refname)%00%(upstream:short)%00%(objectname)%00%(upstream:track)%00%(upstream:remotename)%00%(upstream:remoteref) refs/heads/main refs/remotes/main [2ms]
2024-10-23 23:13:58.235 [info] > git for-each-ref --sort -committerdate --format %(refname) %(objectname) %(*objectname) [2ms]
2024-10-23 23:13:58.254 [info] > git status -z -uall [27ms]
2024-10-23 23:14:07.129 [info] > git config --get commit.template [4ms]
2024-10-23 23:14:07.130 [info] > git for-each-ref --format=%(refname)%00%(upstream:short)%00%(objectname)%00%(upstream:track)%00%(upstream:remotename)%00%(upstream:remoteref) refs/heads/main refs/remotes/main [1ms]
2024-10-23 23:14:07.139 [info] > git for-each-ref --sort -committerdate --format %(refname) %(objectname) %(*objectname) [1ms]
2024-10-23 23:14:07.153 [info] > git status -z -uall [19ms]
2024-10-23 23:14:15.177 [info] > git config --get commit.template [7ms]
2024-10-23 23:14:15.179 [info] > git for-each-ref --format=%(refname)%00%(upstream:short)%00%(objectname)%00%(upstream:track)%00%(upstream:remotename)%00%(upstream:remoteref) refs/heads/main refs/remotes/main [2ms]
2024-10-23 23:14:15.193 [info] > git for-each-ref --sort -committerdate --format %(refname) %(objectname) %(*objectname) [2ms]
2024-10-23 23:14:15.210 [info] > git status -z -uall [24ms]
2024-10-23 23:14:25.105 [info] > git config --get commit.template [2ms]
2024-10-23 23:14:25.110 [info] > git for-each-ref --format=%(refname)%00%(upstream:short)%00%(objectname)%00%(upstream:track)%00%(upstream:remotename)%00%(upstream:remoteref) refs/heads/main refs/remotes/main [1ms]
2024-10-23 23:14:25.120 [info] > git for-each-ref --sort -committerdate --format %(refname) %(objectname) %(*objectname) [1ms]
2024-10-23 23:14:25.136 [info] > git status -z -uall [22ms]
2024-10-23 23:14:37.208 [info] > git config --get commit.template [4ms]
2024-10-23 23:14:37.208 [info] > git for-each-ref --format=%(refname)%00%(upstream:short)%00%(objectname)%00%(upstream:track)%00%(upstream:remotename)%00%(upstream:remoteref) refs/heads/main refs/remotes/main [1ms]
2024-10-23 23:14:37.217 [info] > git for-each-ref --sort -committerdate --format %(refname) %(objectname) %(*objectname) [1ms]
2024-10-23 23:14:37.232 [info] > git status -z -uall [20ms]
2024-10-23 23:14:44.501 [info] > git config --get commit.template [6ms]
2024-10-23 23:14:44.501 [info] > git for-each-ref --format=%(refname)%00%(upstream:short)%00%(objectname)%00%(upstream:track)%00%(upstream:remotename)%00%(upstream:remoteref) refs/heads/main refs/remotes/main [2ms]
2024-10-23 23:14:44.510 [info] > git for-each-ref --sort -committerdate --format %(refname) %(objectname) %(*objectname) [1ms]
2024-10-23 23:14:44.528 [info] > git status -z -uall [23ms]
2024-10-23 23:14:49.542 [info] > git config --get commit.template [5ms]
2024-10-23 23:14:49.543 [info] > git for-each-ref --format=%(refname)%00%(upstream:short)%00%(objectname)%00%(upstream:track)%00%(upstream:remotename)%00%(upstream:remoteref) refs/heads/main refs/remotes/main [2ms]
2024-10-23 23:14:49.552 [info] > git for-each-ref --sort -committerdate --format %(refname) %(objectname) %(*objectname) [1ms]
2024-10-23 23:14:49.571 [info] > git status -z -uall [24ms]
2024-10-23 23:14:54.585 [info] > git config --get commit.template [5ms]
2024-10-23 23:14:54.585 [info] > git for-each-ref --format=%(refname)%00%(upstream:short)%00%(objectname)%00%(upstream:track)%00%(upstream:remotename)%00%(upstream:remoteref) refs/heads/main refs/remotes/main [1ms]
2024-10-23 23:14:54.594 [info] > git for-each-ref --sort -committerdate --format %(refname) %(objectname) %(*objectname) [2ms]
2024-10-23 23:14:54.608 [info] > git status -z -uall [19ms]
2024-10-23 23:15:04.059 [info] > git config --get commit.template [8ms]
2024-10-23 23:15:04.060 [info] > git for-each-ref --format=%(refname)%00%(upstream:short)%00%(objectname)%00%(upstream:track)%00%(upstream:remotename)%00%(upstream:remoteref) refs/heads/main refs/remotes/main [2ms]
2024-10-23 23:15:04.076 [info] > git for-each-ref --sort -committerdate --format %(refname) %(objectname) %(*objectname) [2ms]
2024-10-23 23:15:04.093 [info] > git status -z -uall [25ms]
2024-10-23 23:15:08.494 [info] > git show --textconv :kitty/kitty.conf [8ms]
2024-10-23 23:15:08.495 [info] > git ls-files --stage -- /home/Heryforce/.config/kitty/kitty.conf [2ms]
2024-10-23 23:15:08.504 [info] > git cat-file -s fcf4cf4897d6cd7336c0365e81d01c873c280d13 [3ms]
2024-10-23 23:15:09.798 [info] > git config --get commit.template [8ms]
2024-10-23 23:15:09.799 [info] > git for-each-ref --format=%(refname)%00%(upstream:short)%00%(objectname)%00%(upstream:track)%00%(upstream:remotename)%00%(upstream:remoteref) refs/heads/main refs/remotes/main [2ms]
2024-10-23 23:15:09.814 [info] > git for-each-ref --sort -committerdate --format %(refname) %(objectname) %(*objectname) [2ms]
2024-10-23 23:15:09.834 [info] > git status -z -uall [28ms]
2024-10-23 23:15:14.847 [info] > git config --get commit.template [1ms]
2024-10-23 23:15:14.855 [info] > git for-each-ref --format=%(refname)%00%(upstream:short)%00%(objectname)%00%(upstream:track)%00%(upstream:remotename)%00%(upstream:remoteref) refs/heads/main refs/remotes/main [2ms]
2024-10-23 23:15:14.866 [info] > git for-each-ref --sort -committerdate --format %(refname) %(objectname) %(*objectname) [1ms]
2024-10-23 23:15:14.883 [info] > git status -z -uall [23ms]
2024-10-23 23:15:17.813 [info] > git show --textconv :hypr/hyprland.conf [8ms]
2024-10-23 23:15:17.815 [info] > git ls-files --stage -- /home/Heryforce/.config/hypr/hyprland.conf [3ms]
2024-10-23 23:15:17.823 [info] > git cat-file -s 30a8b30f0e93f7256128c32a519ba413a6a7e9f1 [2ms]
2024-10-23 23:15:19.374 [info] > git show --textconv :dunst/dunstrc [7ms]
2024-10-23 23:15:19.376 [info] > git ls-files --stage -- /home/Heryforce/.config/dunst/dunstrc [2ms]
2024-10-23 23:15:19.384 [info] > git cat-file -s 494800c94d08e19ad9b858f96af30c41be408a48 [2ms]
2024-10-23 23:15:20.532 [info] > git config --get commit.template [8ms]
2024-10-23 23:15:20.533 [info] > git for-each-ref --format=%(refname)%00%(upstream:short)%00%(objectname)%00%(upstream:track)%00%(upstream:remotename)%00%(upstream:remoteref) refs/heads/main refs/remotes/main [2ms]
2024-10-23 23:15:20.545 [info] > git for-each-ref --sort -committerdate --format %(refname) %(objectname) %(*objectname) [2ms]
2024-10-23 23:15:20.564 [info] > git status -z -uall [25ms]
2024-10-23 23:15:25.581 [info] > git config --get commit.template [6ms]
2024-10-23 23:15:25.582 [info] > git for-each-ref --format=%(refname)%00%(upstream:short)%00%(objectname)%00%(upstream:track)%00%(upstream:remotename)%00%(upstream:remoteref) refs/heads/main refs/remotes/main [2ms]
2024-10-23 23:15:25.599 [info] > git for-each-ref --sort -committerdate --format %(refname) %(objectname) %(*objectname) [2ms]
2024-10-23 23:15:25.615 [info] > git status -z -uall [25ms]
2024-10-23 23:15:27.554 [info] > git show --textconv :hypr/hyprland.conf [8ms]
2024-10-23 23:15:27.556 [info] > git ls-files --stage -- /home/Heryforce/.config/hypr/hyprland.conf [2ms]
2024-10-23 23:15:27.563 [info] > git cat-file -s 30a8b30f0e93f7256128c32a519ba413a6a7e9f1 [1ms]
2024-10-23 23:15:30.633 [info] > git config --get commit.template [8ms]
2024-10-23 23:15:30.635 [info] > git for-each-ref --format=%(refname)%00%(upstream:short)%00%(objectname)%00%(upstream:track)%00%(upstream:remotename)%00%(upstream:remoteref) refs/heads/main refs/remotes/main [2ms]
2024-10-23 23:15:30.650 [info] > git for-each-ref --sort -committerdate --format %(refname) %(objectname) %(*objectname) [2ms]
2024-10-23 23:15:30.668 [info] > git status -z -uall [26ms]
2024-10-23 23:15:32.321 [info] > git check-ignore -v -z --stdin [1ms]
2024-10-23 23:15:33.648 [info] > git show --textconv :waybar/style.css [5ms]
2024-10-23 23:15:33.649 [info] > git ls-files --stage -- /home/Heryforce/.config/waybar/style.css [1ms]
2024-10-23 23:15:33.654 [info] > git cat-file -s 8510e1674cf209da175ee0640b522d8b71aa44b1 [1ms]
2024-10-23 23:15:35.689 [info] > git config --get commit.template [8ms]
2024-10-23 23:15:35.691 [info] > git for-each-ref --format=%(refname)%00%(upstream:short)%00%(objectname)%00%(upstream:track)%00%(upstream:remotename)%00%(upstream:remoteref) refs/heads/main refs/remotes/main [3ms]
2024-10-23 23:15:35.702 [info] > git for-each-ref --sort -committerdate --format %(refname) %(objectname) %(*objectname) [1ms]
2024-10-23 23:15:35.721 [info] > git status -z -uall [25ms]
2024-10-23 23:15:43.054 [info] > git config --get commit.template [1ms]
2024-10-23 23:15:43.059 [info] > git for-each-ref --format=%(refname)%00%(upstream:short)%00%(objectname)%00%(upstream:track)%00%(upstream:remotename)%00%(upstream:remoteref) refs/heads/main refs/remotes/main [1ms]
2024-10-23 23:15:43.070 [info] > git for-each-ref --sort -committerdate --format %(refname) %(objectname) %(*objectname) [1ms]
2024-10-23 23:15:43.085 [info] > git status -z -uall [21ms]
2024-10-23 23:15:48.464 [info] > git config --get commit.template [8ms]
2024-10-23 23:15:48.465 [info] > git for-each-ref --format=%(refname)%00%(upstream:short)%00%(objectname)%00%(upstream:track)%00%(upstream:remotename)%00%(upstream:remoteref) refs/heads/main refs/remotes/main [2ms]
2024-10-23 23:15:48.479 [info] > git for-each-ref --sort -committerdate --format %(refname) %(objectname) %(*objectname) [1ms]
2024-10-23 23:15:48.494 [info] > git status -z -uall [24ms]
2024-10-23 23:15:53.503 [info] > git config --get commit.template [0ms]
2024-10-23 23:15:53.507 [info] > git for-each-ref --format=%(refname)%00%(upstream:short)%00%(objectname)%00%(upstream:track)%00%(upstream:remotename)%00%(upstream:remoteref) refs/heads/main refs/remotes/main [1ms]
2024-10-23 23:15:53.517 [info] > git for-each-ref --sort -committerdate --format %(refname) %(objectname) %(*objectname) [2ms]
2024-10-23 23:15:53.536 [info] > git status -z -uall [25ms]
2024-10-23 23:15:58.557 [info] > git config --get commit.template [9ms]
2024-10-23 23:15:58.558 [info] > git for-each-ref --format=%(refname)%00%(upstream:short)%00%(objectname)%00%(upstream:track)%00%(upstream:remotename)%00%(upstream:remoteref) refs/heads/main refs/remotes/main [2ms]
2024-10-23 23:15:58.595 [info] > git for-each-ref --sort -committerdate --format %(refname) %(objectname) %(*objectname) [2ms]
2024-10-23 23:15:58.614 [info] > git status -z -uall [27ms]
2024-10-23 23:16:03.637 [info] > git config --get commit.template [8ms]
2024-10-23 23:16:03.638 [info] > git for-each-ref --format=%(refname)%00%(upstream:short)%00%(objectname)%00%(upstream:track)%00%(upstream:remotename)%00%(upstream:remoteref) refs/heads/main refs/remotes/main [3ms]
2024-10-23 23:16:03.653 [info] > git for-each-ref --sort -committerdate --format %(refname) %(objectname) %(*objectname) [2ms]
2024-10-23 23:16:03.674 [info] > git status -z -uall [29ms]
2024-10-23 23:16:08.691 [info] > git config --get commit.template [5ms]
2024-10-23 23:16:08.692 [info] > git for-each-ref --format=%(refname)%00%(upstream:short)%00%(objectname)%00%(upstream:track)%00%(upstream:remotename)%00%(upstream:remoteref) refs/heads/main refs/remotes/main [1ms]
2024-10-23 23:16:08.707 [info] > git for-each-ref --sort -committerdate --format %(refname) %(objectname) %(*objectname) [2ms]
2024-10-23 23:16:08.725 [info] > git status -z -uall [27ms]
2024-10-23 23:16:13.735 [info] > git config --get commit.template [0ms]
2024-10-23 23:16:13.740 [info] > git for-each-ref --format=%(refname)%00%(upstream:short)%00%(objectname)%00%(upstream:track)%00%(upstream:remotename)%00%(upstream:remoteref) refs/heads/main refs/remotes/main [1ms]
2024-10-23 23:16:13.751 [info] > git for-each-ref --sort -committerdate --format %(refname) %(objectname) %(*objectname) [2ms]
2024-10-23 23:16:13.770 [info] > git status -z -uall [25ms]
