2024-10-28 23:42:03.029 [info] Extension host with pid 13623 started
2024-10-28 23:42:03.030 [info] Skipping acquiring lock for /home/Heryforce/.config/VSCodium/User/workspaceStorage/1cda70b88a7f9558a940c4a576b54b94.
2024-10-28 23:42:03.295 [info] ExtensionService#_doActivateExtension vscode.emmet, startup: false, activationEvent: 'onLanguage'
2024-10-28 23:42:03.532 [info] ExtensionService#_doActivateExtension vscode.git-base, startup: true, activationEvent: '*', root cause: vscode.git
2024-10-28 23:42:03.552 [info] ExtensionService#_doActivateExtension vscode.git, startup: true, activationEvent: '*'
2024-10-28 23:42:03.695 [info] ExtensionService#_doActivateExtension vscode.github, startup: true, activationEvent: '*'
2024-10-28 23:42:03.794 [info] Eager extensions activated
2024-10-28 23:42:03.840 [info] ExtensionService#_doActivateExtension vscode.debug-auto-launch, startup: false, activationEvent: 'onStartupFinished'
2024-10-28 23:42:03.842 [info] ExtensionService#_doActivateExtension vscode.merge-conflict, startup: false, activationEvent: 'onStartupFinished'
2024-10-28 23:42:04.021 [warning] [Decorations] CAPPING events from decorations provider vscode.git 2126
2024-10-28 23:42:04.348 [info] ExtensionService#_doActivateExtension vscode.github-authentication, startup: false, activationEvent: 'onAuthenticationRequest:github'
2024-10-28 23:42:04.430 [warning] [Decorations] CAPPING events from decorations provider vscode.git 2126
2024-10-28 23:42:12.867 [warning] [Decorations] CAPPING events from decorations provider vscode.git 2219
2024-10-28 23:42:17.954 [warning] [Decorations] CAPPING events from decorations provider vscode.git 2219
2024-10-28 23:43:07.174 [warning] [Decorations] CAPPING events from decorations provider vscode.git 2203
2024-10-28 23:43:12.247 [warning] [Decorations] CAPPING events from decorations provider vscode.git 2202
2024-10-28 23:43:26.316 [warning] [Decorations] CAPPING events from decorations provider vscode.git 2203
2024-10-28 23:43:31.401 [warning] [Decorations] CAPPING events from decorations provider vscode.git 2203
2024-10-28 23:43:36.492 [warning] [Decorations] CAPPING events from decorations provider vscode.git 2204
2024-10-28 23:43:54.061 [warning] [Decorations] CAPPING events from decorations provider vscode.git 2204
2024-10-28 23:43:59.147 [warning] [Decorations] CAPPING events from decorations provider vscode.git 2204
2024-10-28 23:44:04.409 [warning] [Decorations] CAPPING events from decorations provider vscode.git 2204
2024-10-28 23:44:09.494 [warning] [Decorations] CAPPING events from decorations provider vscode.git 2204
2024-10-28 23:44:14.582 [warning] [Decorations] CAPPING events from decorations provider vscode.git 2204
2024-10-28 23:44:19.658 [warning] [Decorations] CAPPING events from decorations provider vscode.git 2205
2024-10-28 23:44:24.735 [warning] [Decorations] CAPPING events from decorations provider vscode.git 2205
2024-10-28 23:44:29.806 [warning] [Decorations] CAPPING events from decorations provider vscode.git 2205
2024-10-28 23:44:34.908 [warning] [Decorations] CAPPING events from decorations provider vscode.git 2205
2024-10-28 23:44:40.000 [warning] [Decorations] CAPPING events from decorations provider vscode.git 2206
2024-10-28 23:44:46.308 [warning] [Decorations] CAPPING events from decorations provider vscode.git 2206
2024-10-28 23:44:51.380 [warning] [Decorations] CAPPING events from decorations provider vscode.git 2205
2024-10-28 23:44:56.478 [warning] [Decorations] CAPPING events from decorations provider vscode.git 2205
2024-10-28 23:45:01.577 [warning] [Decorations] CAPPING events from decorations provider vscode.git 2205
2024-10-28 23:45:06.661 [warning] [Decorations] CAPPING events from decorations provider vscode.git 2205
2024-10-28 23:45:11.746 [warning] [Decorations] CAPPING events from decorations provider vscode.git 2205
2024-10-28 23:45:16.816 [warning] [Decorations] CAPPING events from decorations provider vscode.git 2205
2024-10-28 23:45:21.926 [warning] [Decorations] CAPPING events from decorations provider vscode.git 2205
2024-10-28 23:45:27.028 [warning] [Decorations] CAPPING events from decorations provider vscode.git 2205
2024-10-28 23:45:32.134 [warning] [Decorations] CAPPING events from decorations provider vscode.git 2205
2024-10-28 23:45:36.736 [info] ExtensionService#_doActivateExtension vscode.simple-browser, startup: false, activationEvent: 'onOpenExternalUri:https'
2024-10-28 23:45:37.202 [warning] [Decorations] CAPPING events from decorations provider vscode.git 2205
2024-10-28 23:45:54.546 [warning] [Decorations] CAPPING events from decorations provider vscode.git 2205
2024-10-28 23:45:59.635 [warning] [Decorations] CAPPING events from decorations provider vscode.git 2205
2024-10-28 23:46:04.716 [warning] [Decorations] CAPPING events from decorations provider vscode.git 2206
