2024-10-23 23:18:29.319 [info] [main] Log level: Info
2024-10-23 23:18:29.319 [info] [main] Validating found git in: "git"
2024-10-23 23:18:29.319 [info] [main] Using git "2.47.0" from "git"
2024-10-23 23:18:29.319 [info] [Model][doInitialScan] Initial repository scan started
2024-10-23 23:18:29.319 [info] > git rev-parse --show-toplevel [4ms]
2024-10-23 23:18:29.319 [info] > git rev-parse --git-dir --git-common-dir [3ms]
2024-10-23 23:18:29.319 [info] [Model][openRepository] Opened repository: /home/Heryforce/.config
2024-10-23 23:18:29.320 [info] > git rev-parse --show-toplevel [10ms]
2024-10-23 23:18:29.321 [info] > git config --get commit.template [14ms]
2024-10-23 23:18:29.328 [info] > git for-each-ref --format=%(refname)%00%(upstream:short)%00%(objectname)%00%(upstream:track)%00%(upstream:remotename)%00%(upstream:remoteref) refs/heads/main refs/remotes/main [1ms]
2024-10-23 23:18:29.339 [info] > git for-each-ref --sort -committerdate --format %(refname) %(objectname) %(*objectname) [1ms]
2024-10-23 23:18:29.347 [info] > git rev-parse --show-toplevel [2ms]
2024-10-23 23:18:29.353 [info] > git rev-parse --show-toplevel [1ms]
2024-10-23 23:18:29.357 [info] > git rev-parse --show-toplevel [1ms]
2024-10-23 23:18:29.362 [info] > git rev-parse --show-toplevel [1ms]
2024-10-23 23:18:29.367 [info] > git status -z -uall [33ms]
2024-10-23 23:18:29.367 [info] > git rev-parse --show-toplevel [2ms]
2024-10-23 23:18:29.441 [info] > git for-each-ref --format=%(refname)%00%(upstream:short)%00%(objectname)%00%(upstream:track)%00%(upstream:remotename)%00%(upstream:remoteref) refs/heads/main refs/remotes/main [50ms]
2024-10-23 23:18:29.446 [info] > git rev-parse --show-toplevel [76ms]
2024-10-23 23:18:29.454 [info] > git config --local branch.main.vscode-merge-base [8ms]
2024-10-23 23:18:29.454 [warning] [Git][config] git config failed: Failed to execute git
2024-10-23 23:18:29.459 [info] > git config --get commit.template [19ms]
2024-10-23 23:18:29.462 [info] > git reflog main --grep-reflog=branch: Created from *. [3ms]
2024-10-23 23:18:29.466 [info] > git rev-parse --show-toplevel [13ms]
2024-10-23 23:18:29.498 [info] > git symbolic-ref --short refs/remotes/origin/HEAD [32ms]
2024-10-23 23:18:29.498 [info] fatal: ref refs/remotes/origin/HEAD is not a symbolic ref
2024-10-23 23:18:29.498 [warning] [Repository][getDefaultBranch] Failed to get default branch details: Failed to execute git.
2024-10-23 23:18:29.505 [info] > git merge-base refs/heads/main refs/remotes/origin/main [3ms]
2024-10-23 23:18:29.509 [info] > git rev-parse --show-toplevel [14ms]
2024-10-23 23:18:29.509 [info] > git for-each-ref --format=%(refname)%00%(upstream:short)%00%(objectname)%00%(upstream:track)%00%(upstream:remotename)%00%(upstream:remoteref) refs/heads/main refs/remotes/main [17ms]
2024-10-23 23:18:29.513 [info] > git diff --name-status -z --diff-filter=ADMR f55a9b58394c19432ec7eb334125d8bd31f1ce8c...refs/remotes/origin/main [4ms]
2024-10-23 23:18:29.517 [info] > git rev-parse --show-toplevel [3ms]
2024-10-23 23:18:29.528 [info] > git rev-parse --show-toplevel [8ms]
2024-10-23 23:18:29.534 [info] > git for-each-ref --sort -committerdate --format %(refname) %(objectname) %(*objectname) [6ms]
2024-10-23 23:18:29.534 [info] > git rev-parse --show-toplevel [1ms]
2024-10-23 23:18:29.538 [info] > git rev-parse --show-toplevel [0ms]
2024-10-23 23:18:29.542 [info] > git rev-parse --show-toplevel [1ms]
2024-10-23 23:18:29.547 [info] > git rev-parse --show-toplevel [1ms]
2024-10-23 23:18:29.551 [info] > git rev-parse --show-toplevel [1ms]
2024-10-23 23:18:29.557 [info] > git status -z -uall [33ms]
2024-10-23 23:18:29.565 [info] > git rev-parse --show-toplevel [7ms]
2024-10-23 23:18:29.571 [info] > git rev-parse --show-toplevel [1ms]
2024-10-23 23:18:29.579 [info] > git rev-parse --show-toplevel [4ms]
2024-10-23 23:18:29.585 [info] > git rev-parse --show-toplevel [1ms]
2024-10-23 23:18:29.586 [info] [Model][doInitialScan] Initial repository scan completed - repositories (1), closed repositories (0), parent repositories (0), unsafe repositories (0)
2024-10-23 23:18:29.811 [info] > git check-ignore -v -z --stdin [2ms]
2024-10-23 23:18:29.916 [info] > git show --textconv :waybar/style.css [7ms]
2024-10-23 23:18:29.918 [info] > git ls-files --stage -- /home/Heryforce/.config/waybar/style.css [3ms]
2024-10-23 23:18:29.925 [info] > git cat-file -s 8510e1674cf209da175ee0640b522d8b71aa44b1 [1ms]
2024-10-23 23:18:31.850 [info] > git config --get commit.template [5ms]
2024-10-23 23:18:31.850 [info] > git for-each-ref --format=%(refname)%00%(upstream:short)%00%(objectname)%00%(upstream:track)%00%(upstream:remotename)%00%(upstream:remoteref) refs/heads/main refs/remotes/main [1ms]
2024-10-23 23:18:31.859 [info] > git for-each-ref --sort -committerdate --format %(refname) %(objectname) %(*objectname) [1ms]
2024-10-23 23:18:31.880 [info] > git status -z -uall [25ms]
2024-10-23 23:18:36.895 [info] > git config --get commit.template [5ms]
2024-10-23 23:18:36.895 [info] > git for-each-ref --format=%(refname)%00%(upstream:short)%00%(objectname)%00%(upstream:track)%00%(upstream:remotename)%00%(upstream:remoteref) refs/heads/main refs/remotes/main [1ms]
2024-10-23 23:18:36.904 [info] > git for-each-ref --sort -committerdate --format %(refname) %(objectname) %(*objectname) [2ms]
2024-10-23 23:18:36.926 [info] > git status -z -uall [28ms]
2024-10-23 23:20:18.637 [info] > git config --get commit.template [7ms]
2024-10-23 23:20:18.638 [info] > git for-each-ref --format=%(refname)%00%(upstream:short)%00%(objectname)%00%(upstream:track)%00%(upstream:remotename)%00%(upstream:remoteref) refs/heads/main refs/remotes/main [1ms]
2024-10-23 23:20:18.652 [info] > git for-each-ref --sort -committerdate --format %(refname) %(objectname) %(*objectname) [2ms]
2024-10-23 23:20:18.674 [info] > git status -z -uall [30ms]
2024-10-23 23:20:23.701 [info] > git config --get commit.template [7ms]
2024-10-23 23:20:23.701 [info] > git for-each-ref --format=%(refname)%00%(upstream:short)%00%(objectname)%00%(upstream:track)%00%(upstream:remotename)%00%(upstream:remoteref) refs/heads/main refs/remotes/main [1ms]
2024-10-23 23:20:23.716 [info] > git for-each-ref --sort -committerdate --format %(refname) %(objectname) %(*objectname) [2ms]
2024-10-23 23:20:23.739 [info] > git status -z -uall [30ms]
2024-10-23 23:20:25.468 [info] > git show --textconv :waybar/config.jsonc [5ms]
2024-10-23 23:20:25.469 [info] > git ls-files --stage -- /home/Heryforce/.config/waybar/config.jsonc [2ms]
2024-10-23 23:20:25.474 [info] > git cat-file -s ae03ddacd1dd02c0cfda81aea1b50995e127a2c2 [1ms]
