2024-10-24 00:23:18.373 [info] Extension host with pid 35310 started
2024-10-24 00:23:18.373 [info] Skipping acquiring lock for /home/Heryforce/.config/VSCodium/User/workspaceStorage/1cda70b88a7f9558a940c4a576b54b94.
2024-10-24 00:23:18.542 [info] ExtensionService#_doActivateExtension vscode.emmet, startup: false, activationEvent: 'onLanguage'
2024-10-24 00:23:18.567 [info] ExtensionService#_doActivateExtension vscode.css-language-features, startup: false, activationEvent: 'onLanguage:css'
2024-10-24 00:23:19.031 [info] ExtensionService#_doActivateExtension vscode.git-base, startup: true, activationEvent: '*', root cause: vscode.git
2024-10-24 00:23:19.040 [info] ExtensionService#_doActivateExtension vscode.git, startup: true, activationEvent: '*'
2024-10-24 00:23:19.124 [info] ExtensionService#_doActivateExtension vscode.github, startup: true, activationEvent: '*'
2024-10-24 00:23:19.193 [info] Eager extensions activated
2024-10-24 00:23:19.230 [info] ExtensionService#_doActivateExtension vscode.debug-auto-launch, startup: false, activationEvent: 'onStartupFinished'
2024-10-24 00:23:19.232 [info] ExtensionService#_doActivateExtension vscode.merge-conflict, startup: false, activationEvent: 'onStartupFinished'
2024-10-24 00:23:19.345 [warning] [Decorations] CAPPING events from decorations provider vscode.git 544
2024-10-24 00:23:19.384 [info] ExtensionService#_doActivateExtension vscode.github-authentication, startup: false, activationEvent: 'onAuthenticationRequest:github'
2024-10-24 00:23:19.567 [warning] [Decorations] CAPPING events from decorations provider vscode.git 545
2024-10-24 00:23:21.818 [warning] [Decorations] CAPPING events from decorations provider vscode.git 545
2024-10-24 00:23:26.882 [warning] [Decorations] CAPPING events from decorations provider vscode.git 545
2024-10-24 00:23:29.724 [info] ExtensionService#_doActivateExtension vscode.configuration-editing, startup: false, activationEvent: 'onLanguage:jsonc'
2024-10-24 00:23:29.734 [info] ExtensionService#_doActivateExtension vscode.json-language-features, startup: false, activationEvent: 'onLanguage:jsonc'
2024-10-24 00:23:29.791 [info] ExtensionService#_doActivateExtension vscode.typescript-language-features, startup: false, activationEvent: 'onLanguage:jsonc'
2024-10-24 00:23:31.945 [warning] [Decorations] CAPPING events from decorations provider vscode.git 578
2024-10-24 00:23:37.014 [warning] [Decorations] CAPPING events from decorations provider vscode.git 578
2024-10-24 00:23:55.226 [warning] [Decorations] CAPPING events from decorations provider vscode.git 577
2024-10-24 00:24:00.293 [warning] [Decorations] CAPPING events from decorations provider vscode.git 576
2024-10-24 00:24:05.352 [warning] [Decorations] CAPPING events from decorations provider vscode.git 576
2024-10-24 00:24:10.408 [warning] [Decorations] CAPPING events from decorations provider vscode.git 576
2024-10-24 00:24:15.475 [warning] [Decorations] CAPPING events from decorations provider vscode.git 578
2024-10-24 00:24:26.527 [warning] [Decorations] CAPPING events from decorations provider vscode.git 578
2024-10-24 00:24:31.584 [warning] [Decorations] CAPPING events from decorations provider vscode.git 578
2024-10-24 00:25:47.775 [warning] [Decorations] CAPPING events from decorations provider vscode.git 578
2024-10-24 00:25:52.843 [warning] [Decorations] CAPPING events from decorations provider vscode.git 578
2024-10-24 00:26:26.634 [warning] [Decorations] CAPPING events from decorations provider vscode.git 579
2024-10-24 00:26:31.687 [warning] [Decorations] CAPPING events from decorations provider vscode.git 579
2024-10-24 00:26:36.757 [warning] [Decorations] CAPPING events from decorations provider vscode.git 579
2024-10-24 00:26:41.815 [warning] [Decorations] CAPPING events from decorations provider vscode.git 579
