2024-10-23 23:40:40.711 [info] [main] Log level: Info
2024-10-23 23:40:40.711 [info] [main] Validating found git in: "git"
2024-10-23 23:40:40.711 [info] [main] Using git "2.47.0" from "git"
2024-10-23 23:40:40.711 [info] [Model][doInitialScan] Initial repository scan started
2024-10-23 23:40:40.711 [info] > git rev-parse --show-toplevel [6ms]
2024-10-23 23:40:40.711 [info] > git rev-parse --git-dir --git-common-dir [9ms]
2024-10-23 23:40:40.711 [info] [Model][openRepository] Opened repository: /home/Heryforce/.config
2024-10-23 23:40:40.711 [info] > git rev-parse --show-toplevel [7ms]
2024-10-23 23:40:40.711 [info] > git config --get commit.template [12ms]
2024-10-23 23:40:40.712 [info] > git for-each-ref --format=%(refname)%00%(upstream:short)%00%(objectname)%00%(upstream:track)%00%(upstream:remotename)%00%(upstream:remoteref) refs/heads/main refs/remotes/main [1ms]
2024-10-23 23:40:40.725 [info] > git for-each-ref --sort -committerdate --format %(refname) %(objectname) %(*objectname) [2ms]
2024-10-23 23:40:40.733 [info] > git rev-parse --show-toplevel [1ms]
2024-10-23 23:40:40.738 [info] > git rev-parse --show-toplevel [1ms]
2024-10-23 23:40:40.743 [info] > git rev-parse --show-toplevel [1ms]
2024-10-23 23:40:40.752 [info] > git status -z -uall [33ms]
2024-10-23 23:40:40.781 [info] > git rev-parse --show-toplevel [33ms]
2024-10-23 23:40:40.872 [info] > git for-each-ref --format=%(refname)%00%(upstream:short)%00%(objectname)%00%(upstream:track)%00%(upstream:remotename)%00%(upstream:remoteref) refs/heads/main refs/remotes/main [96ms]
2024-10-23 23:40:40.878 [info] > git config --local branch.main.vscode-merge-base [1ms]
2024-10-23 23:40:40.878 [warning] [Git][config] git config failed: Failed to execute git
2024-10-23 23:40:40.884 [info] > git rev-parse --show-toplevel [14ms]
2024-10-23 23:40:40.884 [info] > git config --get commit.template [18ms]
2024-10-23 23:40:40.889 [info] > git reflog main --grep-reflog=branch: Created from *. [5ms]
2024-10-23 23:40:40.923 [info] > git symbolic-ref --short refs/remotes/origin/HEAD [31ms]
2024-10-23 23:40:40.923 [info] fatal: ref refs/remotes/origin/HEAD is not a symbolic ref
2024-10-23 23:40:40.923 [warning] [Repository][getDefaultBranch] Failed to get default branch details: Failed to execute git.
2024-10-23 23:40:40.928 [info] > git rev-parse --show-toplevel [40ms]
2024-10-23 23:40:40.937 [info] > git merge-base refs/heads/main refs/remotes/origin/main [9ms]
2024-10-23 23:40:40.943 [info] > git for-each-ref --format=%(refname)%00%(upstream:short)%00%(objectname)%00%(upstream:track)%00%(upstream:remotename)%00%(upstream:remoteref) refs/heads/main refs/remotes/main [21ms]
2024-10-23 23:40:40.944 [info] > git diff --name-status -z --diff-filter=ADMR f55a9b58394c19432ec7eb334125d8bd31f1ce8c...refs/remotes/origin/main [1ms]
2024-10-23 23:40:40.945 [info] > git rev-parse --show-toplevel [9ms]
2024-10-23 23:40:40.953 [info] > git rev-parse --show-toplevel [2ms]
2024-10-23 23:40:40.970 [info] > git rev-parse --show-toplevel [2ms]
2024-10-23 23:40:40.970 [info] > git for-each-ref --sort -committerdate --format %(refname) %(objectname) %(*objectname) [7ms]
2024-10-23 23:40:40.977 [info] > git rev-parse --show-toplevel [1ms]
2024-10-23 23:40:40.983 [info] > git rev-parse --show-toplevel [1ms]
2024-10-23 23:40:40.988 [info] > git rev-parse --show-toplevel [1ms]
2024-10-23 23:40:40.993 [info] > git status -z -uall [34ms]
2024-10-23 23:40:41.004 [info] > git rev-parse --show-toplevel [12ms]
2024-10-23 23:40:41.011 [info] > git rev-parse --show-toplevel [2ms]
2024-10-23 23:40:41.016 [info] > git rev-parse --show-toplevel [1ms]
2024-10-23 23:40:41.022 [info] > git rev-parse --show-toplevel [1ms]
2024-10-23 23:40:41.028 [info] > git rev-parse --show-toplevel [1ms]
2024-10-23 23:40:41.034 [info] > git rev-parse --show-toplevel [1ms]
2024-10-23 23:40:41.039 [info] > git rev-parse --show-toplevel [1ms]
2024-10-23 23:40:41.040 [info] [Model][doInitialScan] Initial repository scan completed - repositories (1), closed repositories (0), parent repositories (0), unsafe repositories (0)
2024-10-23 23:40:41.215 [info] > git check-ignore -v -z --stdin [3ms]
2024-10-23 23:40:41.370 [info] > git show --textconv :waybar/config.jsonc [8ms]
2024-10-23 23:40:41.371 [info] > git ls-files --stage -- /home/Heryforce/.config/waybar/config.jsonc [2ms]
2024-10-23 23:40:41.377 [info] > git cat-file -s ae03ddacd1dd02c0cfda81aea1b50995e127a2c2 [1ms]
2024-10-23 23:40:43.276 [info] > git config --get commit.template [1ms]
2024-10-23 23:40:43.282 [info] > git for-each-ref --format=%(refname)%00%(upstream:short)%00%(objectname)%00%(upstream:track)%00%(upstream:remotename)%00%(upstream:remoteref) refs/heads/main refs/remotes/main [1ms]
2024-10-23 23:40:43.292 [info] > git for-each-ref --sort -committerdate --format %(refname) %(objectname) %(*objectname) [1ms]
2024-10-23 23:40:43.313 [info] > git status -z -uall [27ms]
2024-10-23 23:49:46.815 [info] > git config --get commit.template [6ms]
2024-10-23 23:49:46.815 [info] > git for-each-ref --format=%(refname)%00%(upstream:short)%00%(objectname)%00%(upstream:track)%00%(upstream:remotename)%00%(upstream:remoteref) refs/heads/main refs/remotes/main [1ms]
2024-10-23 23:49:46.826 [info] > git for-each-ref --sort -committerdate --format %(refname) %(objectname) %(*objectname) [1ms]
2024-10-23 23:49:46.853 [info] > git status -z -uall [33ms]
2024-10-23 23:49:51.881 [info] > git config --get commit.template [8ms]
2024-10-23 23:49:51.882 [info] > git for-each-ref --format=%(refname)%00%(upstream:short)%00%(objectname)%00%(upstream:track)%00%(upstream:remotename)%00%(upstream:remoteref) refs/heads/main refs/remotes/main [3ms]
2024-10-23 23:49:51.895 [info] > git for-each-ref --sort -committerdate --format %(refname) %(objectname) %(*objectname) [2ms]
2024-10-23 23:49:51.919 [info] > git status -z -uall [31ms]
2024-10-23 23:49:56.949 [info] > git config --get commit.template [9ms]
2024-10-23 23:49:56.950 [info] > git for-each-ref --format=%(refname)%00%(upstream:short)%00%(objectname)%00%(upstream:track)%00%(upstream:remotename)%00%(upstream:remoteref) refs/heads/main refs/remotes/main [2ms]
2024-10-23 23:49:56.964 [info] > git for-each-ref --sort -committerdate --format %(refname) %(objectname) %(*objectname) [2ms]
2024-10-23 23:49:56.989 [info] > git status -z -uall [32ms]
2024-10-23 23:50:02.010 [info] > git config --get commit.template [6ms]
2024-10-23 23:50:02.010 [info] > git for-each-ref --format=%(refname)%00%(upstream:short)%00%(objectname)%00%(upstream:track)%00%(upstream:remotename)%00%(upstream:remoteref) refs/heads/main refs/remotes/main [1ms]
2024-10-23 23:50:02.021 [info] > git for-each-ref --sort -committerdate --format %(refname) %(objectname) %(*objectname) [2ms]
2024-10-23 23:50:02.048 [info] > git status -z -uall [33ms]
2024-10-23 23:50:07.075 [info] > git config --get commit.template [9ms]
2024-10-23 23:50:07.076 [info] > git for-each-ref --format=%(refname)%00%(upstream:short)%00%(objectname)%00%(upstream:track)%00%(upstream:remotename)%00%(upstream:remoteref) refs/heads/main refs/remotes/main [2ms]
2024-10-23 23:50:07.093 [info] > git for-each-ref --sort -committerdate --format %(refname) %(objectname) %(*objectname) [2ms]
2024-10-23 23:50:07.129 [info] > git status -z -uall [46ms]
