2024-10-27 22:15:06.590 [info] [main] Log level: Info
2024-10-27 22:15:06.590 [info] [main] Validating found git in: "git"
2024-10-27 22:15:06.590 [info] [main] Using git "2.47.0" from "git"
2024-10-27 22:15:06.590 [info] [Model][doInitialScan] Initial repository scan started
2024-10-27 22:15:06.590 [info] > git rev-parse --show-toplevel [5ms]
2024-10-27 22:15:06.590 [info] > git rev-parse --git-dir --git-common-dir [5ms]
2024-10-27 22:15:06.590 [info] [Model][openRepository] Opened repository: /home/Heryforce/.config
2024-10-27 22:15:06.592 [info] > git rev-parse --show-toplevel [42ms]
2024-10-27 22:15:06.593 [info] > git config --get commit.template [48ms]
2024-10-27 22:15:06.615 [info] > git for-each-ref --format=%(refname)%00%(upstream:short)%00%(objectname)%00%(upstream:track)%00%(upstream:remotename)%00%(upstream:remoteref) refs/heads/main refs/remotes/main [5ms]
2024-10-27 22:15:06.638 [info] > git for-each-ref --sort -committerdate --format %(refname) %(objectname) %(*objectname) [9ms]
2024-10-27 22:15:06.647 [info] > git rev-parse --show-toplevel [1ms]
2024-10-27 22:15:06.653 [info] > git rev-parse --show-toplevel [1ms]
2024-10-27 22:15:06.658 [info] > git rev-parse --show-toplevel [1ms]
2024-10-27 22:15:06.665 [info] > git rev-parse --show-toplevel [1ms]
2024-10-27 22:15:06.671 [info] > git rev-parse --show-toplevel [1ms]
2024-10-27 22:15:06.677 [info] > git rev-parse --show-toplevel [1ms]
2024-10-27 22:15:06.682 [info] > git rev-parse --show-toplevel [1ms]
2024-10-27 22:15:06.688 [info] > git rev-parse --show-toplevel [1ms]
2024-10-27 22:15:06.693 [info] > git rev-parse --show-toplevel [1ms]
2024-10-27 22:15:06.700 [info] > git status -z -uall [78ms]
2024-10-27 22:15:06.700 [info] > git rev-parse --show-toplevel [3ms]
2024-10-27 22:15:06.748 [info] > git for-each-ref --format=%(refname)%00%(upstream:short)%00%(objectname)%00%(upstream:track)%00%(upstream:remotename)%00%(upstream:remoteref) refs/heads/main refs/remotes/main [15ms]
2024-10-27 22:15:06.755 [info] > git config --local branch.main.vscode-merge-base [2ms]
2024-10-27 22:15:06.755 [warning] [Git][config] git config failed: Failed to execute git
2024-10-27 22:15:06.760 [info] > git config --get commit.template [15ms]
2024-10-27 22:15:06.760 [info] > git rev-parse --show-toplevel [20ms]
2024-10-27 22:15:06.768 [info] > git reflog main --grep-reflog=branch: Created from *. [8ms]
2024-10-27 22:15:06.777 [info] > git rev-parse --show-toplevel [9ms]
2024-10-27 22:15:06.821 [info] > git for-each-ref --format=%(refname)%00%(upstream:short)%00%(objectname)%00%(upstream:track)%00%(upstream:remotename)%00%(upstream:remoteref) refs/heads/main refs/remotes/main [45ms]
2024-10-27 22:15:06.821 [info] > git symbolic-ref --short refs/remotes/origin/HEAD [49ms]
2024-10-27 22:15:06.821 [info] fatal: ref refs/remotes/origin/HEAD is not a symbolic ref
2024-10-27 22:15:06.821 [warning] [Repository][getDefaultBranch] Failed to get default branch details: Failed to execute git.
2024-10-27 22:15:07.069 [info] > git merge-base refs/heads/main refs/remotes/origin/main [242ms]
2024-10-27 22:15:07.077 [info] > git rev-parse --show-toplevel [257ms]
2024-10-27 22:15:07.089 [info] > git diff --name-status -z --diff-filter=ADMR d4d20faaa5841efd0beb4f20a46bbefe855d3220...refs/remotes/origin/main [13ms]
2024-10-27 22:15:07.097 [info] > git rev-parse --show-toplevel [9ms]
2024-10-27 22:15:07.117 [info] > git check-ignore -v -z --stdin [22ms]
2024-10-27 22:15:07.118 [info] > git rev-parse --show-toplevel [3ms]
2024-10-27 22:15:07.118 [info] > git for-each-ref --sort -committerdate --format %(refname) %(objectname) %(*objectname) [8ms]
2024-10-27 22:15:07.127 [info] > git rev-parse --show-toplevel [2ms]
2024-10-27 22:15:07.133 [info] > git rev-parse --show-toplevel [1ms]
2024-10-27 22:15:07.139 [info] > git rev-parse --show-toplevel [1ms]
2024-10-27 22:15:07.144 [info] > git rev-parse --show-toplevel [2ms]
2024-10-27 22:15:07.144 [info] [Model][doInitialScan] Initial repository scan completed - repositories (1), closed repositories (0), parent repositories (0), unsafe repositories (0)
2024-10-27 22:15:07.156 [info] > git show --textconv :waybar/style.css [6ms]
2024-10-27 22:15:07.157 [info] > git ls-files --stage -- /home/Heryforce/.config/waybar/style.css [2ms]
2024-10-27 22:15:07.164 [info] > git cat-file -s 20574e1229b98bec2343af3c6f2c6b069aba882b [1ms]
2024-10-27 22:15:07.168 [info] > git status -z -uall [64ms]
2024-10-27 22:15:11.047 [info] > git config --get commit.template [8ms]
2024-10-27 22:15:11.049 [info] > git for-each-ref --format=%(refname)%00%(upstream:short)%00%(objectname)%00%(upstream:track)%00%(upstream:remotename)%00%(upstream:remoteref) refs/heads/main refs/remotes/main [3ms]
2024-10-27 22:15:11.065 [info] > git for-each-ref --sort -committerdate --format %(refname) %(objectname) %(*objectname) [2ms]
2024-10-27 22:15:11.110 [info] > git status -z -uall [54ms]
2024-10-27 22:15:16.132 [info] > git config --get commit.template [1ms]
2024-10-27 22:15:16.138 [info] > git for-each-ref --format=%(refname)%00%(upstream:short)%00%(objectname)%00%(upstream:track)%00%(upstream:remotename)%00%(upstream:remoteref) refs/heads/main refs/remotes/main [1ms]
2024-10-27 22:15:16.148 [info] > git for-each-ref --sort -committerdate --format %(refname) %(objectname) %(*objectname) [1ms]
2024-10-27 22:15:16.187 [info] > git status -z -uall [45ms]
2024-10-27 22:15:21.217 [info] > git config --get commit.template [6ms]
2024-10-27 22:15:21.219 [info] > git for-each-ref --format=%(refname)%00%(upstream:short)%00%(objectname)%00%(upstream:track)%00%(upstream:remotename)%00%(upstream:remoteref) refs/heads/main refs/remotes/main [2ms]
2024-10-27 22:15:21.235 [info] > git for-each-ref --sort -committerdate --format %(refname) %(objectname) %(*objectname) [2ms]
2024-10-27 22:15:21.273 [info] > git status -z -uall [47ms]
2024-10-27 22:15:26.302 [info] > git config --get commit.template [5ms]
2024-10-27 22:15:26.302 [info] > git for-each-ref --format=%(refname)%00%(upstream:short)%00%(objectname)%00%(upstream:track)%00%(upstream:remotename)%00%(upstream:remoteref) refs/heads/main refs/remotes/main [1ms]
2024-10-27 22:15:26.317 [info] > git for-each-ref --sort -committerdate --format %(refname) %(objectname) %(*objectname) [2ms]
2024-10-27 22:15:26.354 [info] > git status -z -uall [45ms]
2024-10-27 22:15:31.386 [info] > git config --get commit.template [9ms]
2024-10-27 22:15:31.388 [info] > git for-each-ref --format=%(refname)%00%(upstream:short)%00%(objectname)%00%(upstream:track)%00%(upstream:remotename)%00%(upstream:remoteref) refs/heads/main refs/remotes/main [3ms]
2024-10-27 22:15:31.400 [info] > git for-each-ref --sort -committerdate --format %(refname) %(objectname) %(*objectname) [1ms]
2024-10-27 22:15:31.441 [info] > git status -z -uall [46ms]
2024-10-27 22:15:36.463 [info] > git config --get commit.template [1ms]
2024-10-27 22:15:36.470 [info] > git for-each-ref --format=%(refname)%00%(upstream:short)%00%(objectname)%00%(upstream:track)%00%(upstream:remotename)%00%(upstream:remoteref) refs/heads/main refs/remotes/main [2ms]
2024-10-27 22:15:36.483 [info] > git for-each-ref --sort -committerdate --format %(refname) %(objectname) %(*objectname) [2ms]
2024-10-27 22:15:36.518 [info] > git status -z -uall [43ms]
