2024-10-24 22:56:05.169 [info] [main] Log level: Info
2024-10-24 22:56:05.169 [info] [main] Validating found git in: "git"
2024-10-24 22:56:05.169 [info] [main] Using git "2.47.0" from "git"
2024-10-24 22:56:05.169 [info] [Model][doInitialScan] Initial repository scan started
2024-10-24 22:56:05.169 [info] > git rev-parse --show-toplevel [6ms]
2024-10-24 22:56:05.169 [info] > git rev-parse --git-dir --git-common-dir [2ms]
2024-10-24 22:56:05.169 [info] [Model][openRepository] Opened repository: /home/Heryforce/.config
2024-10-24 22:56:05.226 [info] > git rev-parse --show-toplevel [46ms]
2024-10-24 22:56:05.227 [info] > git config --get commit.template [51ms]
2024-10-24 22:56:05.245 [info] > git for-each-ref --format=%(refname)%00%(upstream:short)%00%(objectname)%00%(upstream:track)%00%(upstream:remotename)%00%(upstream:remoteref) refs/heads/main refs/remotes/main [4ms]
2024-10-24 22:56:05.263 [info] > git for-each-ref --sort -committerdate --format %(refname) %(objectname) %(*objectname) [2ms]
2024-10-24 22:56:05.271 [info] > git rev-parse --show-toplevel [2ms]
2024-10-24 22:56:05.278 [info] > git rev-parse --show-toplevel [2ms]
2024-10-24 22:56:05.286 [info] > git rev-parse --show-toplevel [1ms]
2024-10-24 22:56:05.292 [info] > git rev-parse --show-toplevel [1ms]
2024-10-24 22:56:05.300 [info] > git rev-parse --show-toplevel [1ms]
2024-10-24 22:56:05.306 [info] > git rev-parse --show-toplevel [1ms]
2024-10-24 22:56:05.313 [info] > git rev-parse --show-toplevel [2ms]
2024-10-24 22:56:05.319 [info] > git rev-parse --show-toplevel [1ms]
2024-10-24 22:56:05.326 [info] > git rev-parse --show-toplevel [2ms]
2024-10-24 22:56:05.332 [info] > git rev-parse --show-toplevel [1ms]
2024-10-24 22:56:05.339 [info] > git status -z -uall [85ms]
2024-10-24 22:56:05.402 [info] > git for-each-ref --format=%(refname)%00%(upstream:short)%00%(objectname)%00%(upstream:track)%00%(upstream:remotename)%00%(upstream:remoteref) refs/heads/main refs/remotes/main [14ms]
2024-10-24 22:56:05.408 [info] > git rev-parse --show-toplevel [71ms]
2024-10-24 22:56:05.422 [info] > git config --local branch.main.vscode-merge-base [14ms]
2024-10-24 22:56:05.422 [warning] [Git][config] git config failed: Failed to execute git
2024-10-24 22:56:05.428 [info] > git config --get commit.template [27ms]
2024-10-24 22:56:05.437 [info] > git reflog main --grep-reflog=branch: Created from *. [9ms]
2024-10-24 22:56:05.442 [info] > git rev-parse --show-toplevel [21ms]
2024-10-24 22:56:05.622 [info] > git rev-parse --show-toplevel [169ms]
2024-10-24 22:56:05.622 [info] > git for-each-ref --format=%(refname)%00%(upstream:short)%00%(objectname)%00%(upstream:track)%00%(upstream:remotename)%00%(upstream:remoteref) refs/heads/main refs/remotes/main [174ms]
2024-10-24 22:56:05.622 [info] > git symbolic-ref --short refs/remotes/origin/HEAD [180ms]
2024-10-24 22:56:05.622 [info] fatal: ref refs/remotes/origin/HEAD is not a symbolic ref
2024-10-24 22:56:05.622 [warning] [Repository][getDefaultBranch] Failed to get default branch details: Failed to execute git.
2024-10-24 22:56:05.672 [info] > git merge-base refs/heads/main refs/remotes/origin/main [44ms]
2024-10-24 22:56:05.682 [info] > git diff --name-status -z --diff-filter=ADMR bbced4127b79d12082f58d763a48fc32aa5dcb46...refs/remotes/origin/main [4ms]
2024-10-24 22:56:05.683 [info] > git rev-parse --show-toplevel [12ms]
2024-10-24 22:56:05.699 [info] > git rev-parse --show-toplevel [12ms]
2024-10-24 22:56:05.705 [info] > git for-each-ref --sort -committerdate --format %(refname) %(objectname) %(*objectname) [7ms]
2024-10-24 22:56:05.708 [info] > git rev-parse --show-toplevel [3ms]
2024-10-24 22:56:05.716 [info] > git rev-parse --show-toplevel [2ms]
2024-10-24 22:56:05.728 [info] > git rev-parse --show-toplevel [7ms]
2024-10-24 22:56:05.729 [info] [Model][doInitialScan] Initial repository scan completed - repositories (1), closed repositories (0), parent repositories (0), unsafe repositories (0)
2024-10-24 22:56:05.742 [info] > git check-ignore -v -z --stdin [15ms]
2024-10-24 22:56:05.742 [info] > git show --textconv :kitty/kitty.conf [7ms]
2024-10-24 22:56:05.744 [info] > git ls-files --stage -- /home/Heryforce/.config/kitty/kitty.conf [3ms]
2024-10-24 22:56:05.750 [info] > git cat-file -s fcf4cf4897d6cd7336c0365e81d01c873c280d13 [1ms]
2024-10-24 22:56:05.754 [info] > git status -z -uall [62ms]
2024-10-24 22:57:06.627 [info] > git config --get commit.template [5ms]
2024-10-24 22:57:06.627 [info] > git for-each-ref --format=%(refname)%00%(upstream:short)%00%(objectname)%00%(upstream:track)%00%(upstream:remotename)%00%(upstream:remoteref) refs/heads/main refs/remotes/main [2ms]
2024-10-24 22:57:06.637 [info] > git for-each-ref --sort -committerdate --format %(refname) %(objectname) %(*objectname) [1ms]
2024-10-24 22:57:06.681 [info] > git status -z -uall [49ms]
2024-10-24 22:58:50.633 [info] > git config --get commit.template [1ms]
2024-10-24 22:58:50.639 [info] > git for-each-ref --format=%(refname)%00%(upstream:short)%00%(objectname)%00%(upstream:track)%00%(upstream:remotename)%00%(upstream:remoteref) refs/heads/main refs/remotes/main [1ms]
2024-10-24 22:58:50.649 [info] > git for-each-ref --sort -committerdate --format %(refname) %(objectname) %(*objectname) [2ms]
2024-10-24 22:58:50.692 [info] > git status -z -uall [49ms]
