[2024-Oct-18 01:18:15.578 +02:00][ 8521: 8521][info ] Logging initialized
[2024-Oct-18 01:18:15.578 +02:00][ 8521: 8521][info ] Initializing krisp SDK...
[2024-Oct-18 01:18:15.578 +02:00][ 8521: 8521][info ] DoKrispInitialize
[2024-Oct-18 01:18:15.857 +02:00][ 8521: 8521][info ] LoadDynamicKrisp
[2024-Oct-18 01:18:15.857 +02:00][ 8521: 8521][info ] Did not find KRISP_DYLIB_PATH, skipping dynamic loading
[2024-Oct-18 01:18:15.857 +02:00][ 8521: 8521][info ] Initializing Krisp SDK in PID 8521, addr 0x746ab7b907a0
[2024-Oct-18 01:18:16.021 +02:00][ 8521: 8521][info ] Initialized Krisp SDK successfully
[2024-Oct-18 01:18:16.021 +02:00][ 8521: 8521][info ] Krisp SDK initialized
[2024-Oct-18 01:18:48.452 +02:00][ 8521: 8521][info ] Logging initialized
[2024-Oct-18 01:18:48.452 +02:00][ 8521: 8521][info ] Initializing krisp SDK...
[2024-Oct-18 01:18:48.452 +02:00][ 8521: 8521][info ] Krisp SDK initialized
[2024-Oct-18 01:19:08.153 +02:00][ 8521: 8904][info ] KrispNCSetup: sampleRate = 48000, duration = 10
[2024-Oct-18 01:19:08.153 +02:00][ 8521: 8904][info ] Setting Krisp model: full_NC
[2024-Oct-18 01:19:08.160 +02:00][ 8521: 8904][info ] KrispVADSetup: sampleRate = 48000, duration = 10
[2024-Oct-18 01:19:22.532 +02:00][ 8521: 8898][info ] KrispVADReset
[2024-Oct-18 01:19:57.978 +02:00][ 9337: 9337][info ] Logging initialized
[2024-Oct-18 01:19:57.978 +02:00][ 9337: 9337][info ] Initializing krisp SDK...
[2024-Oct-18 01:19:57.978 +02:00][ 9337: 9337][info ] DoKrispInitialize
[2024-Oct-18 01:19:58.257 +02:00][ 9337: 9337][info ] LoadDynamicKrisp
[2024-Oct-18 01:19:58.257 +02:00][ 9337: 9337][info ] Did not find KRISP_DYLIB_PATH, skipping dynamic loading
[2024-Oct-18 01:19:58.257 +02:00][ 9337: 9337][info ] Initializing Krisp SDK in PID 9337, addr 0x7c463bf907a0
[2024-Oct-18 01:19:58.417 +02:00][ 9337: 9337][info ] Initialized Krisp SDK successfully
[2024-Oct-18 01:19:58.417 +02:00][ 9337: 9337][info ] Krisp SDK initialized
[2024-Oct-18 01:21:23.385 +02:00][10081:10081][info ] Logging initialized
[2024-Oct-18 01:21:23.385 +02:00][10081:10081][info ] Initializing krisp SDK...
[2024-Oct-18 01:21:23.385 +02:00][10081:10081][info ] DoKrispInitialize
[2024-Oct-18 01:21:23.673 +02:00][10081:10081][info ] LoadDynamicKrisp
[2024-Oct-18 01:21:23.673 +02:00][10081:10081][info ] Did not find KRISP_DYLIB_PATH, skipping dynamic loading
[2024-Oct-18 01:21:23.673 +02:00][10081:10081][info ] Initializing Krisp SDK in PID 10081, addr 0x7c57139907a0
[2024-Oct-18 01:21:23.845 +02:00][10081:10081][info ] Initialized Krisp SDK successfully
[2024-Oct-18 01:21:23.845 +02:00][10081:10081][info ] Krisp SDK initialized
[2024-Oct-18 01:27:19.315 +02:00][ 1778: 1778][info ] Logging initialized
[2024-Oct-18 01:27:19.315 +02:00][ 1778: 1778][info ] Initializing krisp SDK...
[2024-Oct-18 01:27:19.315 +02:00][ 1778: 1778][info ] DoKrispInitialize
[2024-Oct-18 01:27:19.662 +02:00][ 1778: 1778][info ] LoadDynamicKrisp
[2024-Oct-18 01:27:19.662 +02:00][ 1778: 1778][info ] Did not find KRISP_DYLIB_PATH, skipping dynamic loading
[2024-Oct-18 01:27:19.662 +02:00][ 1778: 1778][info ] Initializing Krisp SDK in PID 1778, addr 0x70e0e67907a0
[2024-Oct-18 01:27:19.858 +02:00][ 1778: 1778][info ] Initialized Krisp SDK successfully
[2024-Oct-18 01:27:19.858 +02:00][ 1778: 1778][info ] Krisp SDK initialized
