2024-10-24 00:18:09.076 [info] [main] Log level: Info
2024-10-24 00:18:09.076 [info] [main] Validating found git in: "git"
2024-10-24 00:18:09.076 [info] [main] Using git "2.47.0" from "git"
2024-10-24 00:18:09.076 [info] [Model][doInitialScan] Initial repository scan started
2024-10-24 00:18:09.076 [info] > git rev-parse --show-toplevel [7ms]
2024-10-24 00:18:09.076 [info] > git rev-parse --git-dir --git-common-dir [7ms]
2024-10-24 00:18:09.076 [info] [Model][openRepository] Opened repository: /home/Heryforce/.config
2024-10-24 00:18:09.076 [info] > git rev-parse --show-toplevel [3ms]
2024-10-24 00:18:09.076 [info] > git config --get commit.template [7ms]
2024-10-24 00:18:09.077 [info] > git for-each-ref --format=%(refname)%00%(upstream:short)%00%(objectname)%00%(upstream:track)%00%(upstream:remotename)%00%(upstream:remoteref) refs/heads/main refs/remotes/main [2ms]
2024-10-24 00:18:09.090 [info] > git for-each-ref --sort -committerdate --format %(refname) %(objectname) %(*objectname) [2ms]
2024-10-24 00:18:09.098 [info] > git rev-parse --show-toplevel [2ms]
2024-10-24 00:18:09.104 [info] > git rev-parse --show-toplevel [1ms]
2024-10-24 00:18:09.108 [info] > git rev-parse --show-toplevel [1ms]
2024-10-24 00:18:09.113 [info] > git rev-parse --show-toplevel [1ms]
2024-10-24 00:18:09.118 [info] > git rev-parse --show-toplevel [1ms]
2024-10-24 00:18:09.123 [info] > git status -z -uall [40ms]
2024-10-24 00:18:09.144 [info] > git for-each-ref --format=%(refname)%00%(upstream:short)%00%(objectname)%00%(upstream:track)%00%(upstream:remotename)%00%(upstream:remoteref) refs/heads/main refs/remotes/main [9ms]
2024-10-24 00:18:09.149 [info] > git rev-parse --show-toplevel [28ms]
2024-10-24 00:18:09.184 [info] > git config --local branch.main.vscode-merge-base [35ms]
2024-10-24 00:18:09.184 [warning] [Git][config] git config failed: Failed to execute git
2024-10-24 00:18:09.188 [info] > git config --get commit.template [45ms]
2024-10-24 00:18:09.190 [info] > git reflog main --grep-reflog=branch: Created from *. [2ms]
2024-10-24 00:18:09.194 [info] > git rev-parse --show-toplevel [12ms]
2024-10-24 00:18:09.206 [info] > git symbolic-ref --short refs/remotes/origin/HEAD [12ms]
2024-10-24 00:18:09.206 [info] fatal: ref refs/remotes/origin/HEAD is not a symbolic ref
2024-10-24 00:18:09.206 [warning] [Repository][getDefaultBranch] Failed to get default branch details: Failed to execute git.
2024-10-24 00:18:09.236 [info] > git merge-base refs/heads/main refs/remotes/origin/main [26ms]
2024-10-24 00:18:09.241 [info] > git rev-parse --show-toplevel [39ms]
2024-10-24 00:18:09.242 [info] > git for-each-ref --format=%(refname)%00%(upstream:short)%00%(objectname)%00%(upstream:track)%00%(upstream:remotename)%00%(upstream:remoteref) refs/heads/main refs/remotes/main [43ms]
2024-10-24 00:18:09.248 [info] > git diff --name-status -z --diff-filter=ADMR 89bb1eee961d013cd994e3b65d4dd8d3e3334beb...refs/remotes/origin/main [7ms]
2024-10-24 00:18:09.249 [info] > git rev-parse --show-toplevel [2ms]
2024-10-24 00:18:09.264 [info] > git for-each-ref --sort -committerdate --format %(refname) %(objectname) %(*objectname) [1ms]
2024-10-24 00:18:09.265 [info] > git rev-parse --show-toplevel [11ms]
2024-10-24 00:18:09.271 [info] > git rev-parse --show-toplevel [2ms]
2024-10-24 00:18:09.275 [info] > git rev-parse --show-toplevel [1ms]
2024-10-24 00:18:09.280 [info] > git rev-parse --show-toplevel [1ms]
2024-10-24 00:18:09.284 [info] > git rev-parse --show-toplevel [1ms]
2024-10-24 00:18:09.289 [info] > git rev-parse --show-toplevel [1ms]
2024-10-24 00:18:09.294 [info] > git status -z -uall [36ms]
2024-10-24 00:18:09.298 [info] > git rev-parse --show-toplevel [5ms]
2024-10-24 00:18:09.305 [info] > git rev-parse --show-toplevel [2ms]
2024-10-24 00:18:09.310 [info] > git rev-parse --show-toplevel [1ms]
2024-10-24 00:18:09.314 [info] > git rev-parse --show-toplevel [0ms]
2024-10-24 00:18:09.315 [info] [Model][doInitialScan] Initial repository scan completed - repositories (1), closed repositories (0), parent repositories (0), unsafe repositories (0)
2024-10-24 00:18:09.578 [info] > git check-ignore -v -z --stdin [2ms]
2024-10-24 00:18:09.639 [info] > git show --textconv :waybar/config.jsonc [8ms]
2024-10-24 00:18:09.641 [info] > git ls-files --stage -- /home/Heryforce/.config/waybar/config.jsonc [3ms]
2024-10-24 00:18:09.648 [info] > git cat-file -s 2110111829556e9f85fc17179baeb4231e20b165 [2ms]
2024-10-24 00:18:13.196 [info] > git config --get commit.template [7ms]
2024-10-24 00:18:13.198 [info] > git for-each-ref --format=%(refname)%00%(upstream:short)%00%(objectname)%00%(upstream:track)%00%(upstream:remotename)%00%(upstream:remoteref) refs/heads/main refs/remotes/main [2ms]
2024-10-24 00:18:13.213 [info] > git for-each-ref --sort -committerdate --format %(refname) %(objectname) %(*objectname) [1ms]
2024-10-24 00:18:13.241 [info] > git status -z -uall [36ms]
2024-10-24 00:18:18.261 [info] > git config --get commit.template [7ms]
2024-10-24 00:18:18.262 [info] > git for-each-ref --format=%(refname)%00%(upstream:short)%00%(objectname)%00%(upstream:track)%00%(upstream:remotename)%00%(upstream:remoteref) refs/heads/main refs/remotes/main [2ms]
2024-10-24 00:18:18.276 [info] > git for-each-ref --sort -committerdate --format %(refname) %(objectname) %(*objectname) [1ms]
2024-10-24 00:18:18.300 [info] > git status -z -uall [32ms]
2024-10-24 00:18:23.324 [info] > git config --get commit.template [7ms]
2024-10-24 00:18:23.325 [info] > git for-each-ref --format=%(refname)%00%(upstream:short)%00%(objectname)%00%(upstream:track)%00%(upstream:remotename)%00%(upstream:remoteref) refs/heads/main refs/remotes/main [2ms]
2024-10-24 00:18:23.339 [info] > git for-each-ref --sort -committerdate --format %(refname) %(objectname) %(*objectname) [2ms]
2024-10-24 00:18:23.363 [info] > git status -z -uall [32ms]
2024-10-24 00:18:28.385 [info] > git config --get commit.template [8ms]
2024-10-24 00:18:28.386 [info] > git for-each-ref --format=%(refname)%00%(upstream:short)%00%(objectname)%00%(upstream:track)%00%(upstream:remotename)%00%(upstream:remoteref) refs/heads/main refs/remotes/main [2ms]
2024-10-24 00:18:28.401 [info] > git for-each-ref --sort -committerdate --format %(refname) %(objectname) %(*objectname) [1ms]
2024-10-24 00:18:28.424 [info] > git status -z -uall [31ms]
2024-10-24 00:18:36.550 [info] > git config --get commit.template [7ms]
2024-10-24 00:18:36.550 [info] > git for-each-ref --format=%(refname)%00%(upstream:short)%00%(objectname)%00%(upstream:track)%00%(upstream:remotename)%00%(upstream:remoteref) refs/heads/main refs/remotes/main [1ms]
2024-10-24 00:18:36.560 [info] > git for-each-ref --sort -committerdate --format %(refname) %(objectname) %(*objectname) [1ms]
2024-10-24 00:18:36.586 [info] > git status -z -uall [31ms]
2024-10-24 00:18:43.980 [info] > git show --textconv :waybar/style.css [6ms]
2024-10-24 00:18:43.981 [info] > git ls-files --stage -- /home/Heryforce/.config/waybar/style.css [1ms]
2024-10-24 00:18:43.985 [info] > git cat-file -s b3385769822b6ec03d58fe9d0d7e23895366b0a8 [0ms]
2024-10-24 00:18:45.307 [info] > git config --get commit.template [1ms]
2024-10-24 00:18:45.313 [info] > git for-each-ref --format=%(refname)%00%(upstream:short)%00%(objectname)%00%(upstream:track)%00%(upstream:remotename)%00%(upstream:remoteref) refs/heads/main refs/remotes/main [1ms]
2024-10-24 00:18:45.322 [info] > git for-each-ref --sort -committerdate --format %(refname) %(objectname) %(*objectname) [1ms]
2024-10-24 00:18:45.348 [info] > git status -z -uall [31ms]
2024-10-24 00:18:53.191 [info] > git config --get commit.template [1ms]
2024-10-24 00:18:53.197 [info] > git for-each-ref --format=%(refname)%00%(upstream:short)%00%(objectname)%00%(upstream:track)%00%(upstream:remotename)%00%(upstream:remoteref) refs/heads/main refs/remotes/main [2ms]
2024-10-24 00:18:53.207 [info] > git for-each-ref --sort -committerdate --format %(refname) %(objectname) %(*objectname) [1ms]
2024-10-24 00:18:53.227 [info] > git status -z -uall [24ms]
2024-10-24 00:18:58.242 [info] > git config --get commit.template [2ms]
2024-10-24 00:18:58.250 [info] > git for-each-ref --format=%(refname)%00%(upstream:short)%00%(objectname)%00%(upstream:track)%00%(upstream:remotename)%00%(upstream:remoteref) refs/heads/main refs/remotes/main [1ms]
2024-10-24 00:18:58.262 [info] > git for-each-ref --sort -committerdate --format %(refname) %(objectname) %(*objectname) [1ms]
2024-10-24 00:18:58.286 [info] > git status -z -uall [30ms]
2024-10-24 00:19:42.268 [info] > git config --get commit.template [2ms]
2024-10-24 00:19:42.275 [info] > git for-each-ref --format=%(refname)%00%(upstream:short)%00%(objectname)%00%(upstream:track)%00%(upstream:remotename)%00%(upstream:remoteref) refs/heads/main refs/remotes/main [2ms]
2024-10-24 00:19:42.285 [info] > git for-each-ref --sort -committerdate --format %(refname) %(objectname) %(*objectname) [1ms]
2024-10-24 00:19:42.307 [info] > git status -z -uall [28ms]
2024-10-24 00:19:47.328 [info] > git config --get commit.template [8ms]
2024-10-24 00:19:47.329 [info] > git for-each-ref --format=%(refname)%00%(upstream:short)%00%(objectname)%00%(upstream:track)%00%(upstream:remotename)%00%(upstream:remoteref) refs/heads/main refs/remotes/main [3ms]
2024-10-24 00:19:47.344 [info] > git for-each-ref --sort -committerdate --format %(refname) %(objectname) %(*objectname) [1ms]
2024-10-24 00:19:47.375 [info] > git status -z -uall [38ms]
2024-10-24 00:20:00.798 [info] > git config --get commit.template [9ms]
2024-10-24 00:20:00.800 [info] > git for-each-ref --format=%(refname)%00%(upstream:short)%00%(objectname)%00%(upstream:track)%00%(upstream:remotename)%00%(upstream:remoteref) refs/heads/main refs/remotes/main [3ms]
2024-10-24 00:20:00.816 [info] > git for-each-ref --sort -committerdate --format %(refname) %(objectname) %(*objectname) [2ms]
2024-10-24 00:20:00.845 [info] > git status -z -uall [37ms]
2024-10-24 00:20:05.867 [info] > git config --get commit.template [8ms]
2024-10-24 00:20:05.868 [info] > git for-each-ref --format=%(refname)%00%(upstream:short)%00%(objectname)%00%(upstream:track)%00%(upstream:remotename)%00%(upstream:remoteref) refs/heads/main refs/remotes/main [2ms]
2024-10-24 00:20:05.881 [info] > git for-each-ref --sort -committerdate --format %(refname) %(objectname) %(*objectname) [2ms]
2024-10-24 00:20:05.924 [info] > git status -z -uall [50ms]
2024-10-24 00:20:10.946 [info] > git config --get commit.template [7ms]
2024-10-24 00:20:10.947 [info] > git for-each-ref --format=%(refname)%00%(upstream:short)%00%(objectname)%00%(upstream:track)%00%(upstream:remotename)%00%(upstream:remoteref) refs/heads/main refs/remotes/main [2ms]
2024-10-24 00:20:10.959 [info] > git for-each-ref --sort -committerdate --format %(refname) %(objectname) %(*objectname) [2ms]
2024-10-24 00:20:10.981 [info] > git status -z -uall [28ms]
2024-10-24 00:20:15.994 [info] > git config --get commit.template [4ms]
2024-10-24 00:20:15.995 [info] > git for-each-ref --format=%(refname)%00%(upstream:short)%00%(objectname)%00%(upstream:track)%00%(upstream:remotename)%00%(upstream:remoteref) refs/heads/main refs/remotes/main [1ms]
2024-10-24 00:20:16.003 [info] > git for-each-ref --sort -committerdate --format %(refname) %(objectname) %(*objectname) [1ms]
2024-10-24 00:20:16.024 [info] > git status -z -uall [26ms]
2024-10-24 00:20:21.035 [info] > git config --get commit.template [2ms]
2024-10-24 00:20:21.039 [info] > git for-each-ref --format=%(refname)%00%(upstream:short)%00%(objectname)%00%(upstream:track)%00%(upstream:remotename)%00%(upstream:remoteref) refs/heads/main refs/remotes/main [1ms]
2024-10-24 00:20:21.049 [info] > git for-each-ref --sort -committerdate --format %(refname) %(objectname) %(*objectname) [1ms]
2024-10-24 00:20:21.073 [info] > git status -z -uall [30ms]
2024-10-24 00:20:26.095 [info] > git config --get commit.template [9ms]
2024-10-24 00:20:26.096 [info] > git for-each-ref --format=%(refname)%00%(upstream:short)%00%(objectname)%00%(upstream:track)%00%(upstream:remotename)%00%(upstream:remoteref) refs/heads/main refs/remotes/main [2ms]
2024-10-24 00:20:26.111 [info] > git for-each-ref --sort -committerdate --format %(refname) %(objectname) %(*objectname) [2ms]
2024-10-24 00:20:26.142 [info] > git status -z -uall [39ms]
