2024-10-24 00:23:19.287 [info] [main] Log level: Info
2024-10-24 00:23:19.287 [info] [main] Validating found git in: "git"
2024-10-24 00:23:19.287 [info] [main] Using git "2.47.0" from "git"
2024-10-24 00:23:19.287 [info] [Model][doInitialScan] Initial repository scan started
2024-10-24 00:23:19.287 [info] > git rev-parse --show-toplevel [5ms]
2024-10-24 00:23:19.287 [info] > git rev-parse --git-dir --git-common-dir [2ms]
2024-10-24 00:23:19.287 [info] [Model][openRepository] Opened repository: /home/Heryforce/.config
2024-10-24 00:23:19.287 [info] > git rev-parse --show-toplevel [14ms]
2024-10-24 00:23:19.287 [info] > git config --get commit.template [20ms]
2024-10-24 00:23:19.288 [info] > git for-each-ref --format=%(refname)%00%(upstream:short)%00%(objectname)%00%(upstream:track)%00%(upstream:remotename)%00%(upstream:remoteref) refs/heads/main refs/remotes/main [2ms]
2024-10-24 00:23:19.301 [info] > git for-each-ref --sort -committerdate --format %(refname) %(objectname) %(*objectname) [1ms]
2024-10-24 00:23:19.309 [info] > git rev-parse --show-toplevel [2ms]
2024-10-24 00:23:19.314 [info] > git rev-parse --show-toplevel [1ms]
2024-10-24 00:23:19.320 [info] > git rev-parse --show-toplevel [2ms]
2024-10-24 00:23:19.327 [info] > git rev-parse --show-toplevel [3ms]
2024-10-24 00:23:19.333 [info] > git status -z -uall [39ms]
2024-10-24 00:23:19.361 [info] > git for-each-ref --format=%(refname)%00%(upstream:short)%00%(objectname)%00%(upstream:track)%00%(upstream:remotename)%00%(upstream:remoteref) refs/heads/main refs/remotes/main [8ms]
2024-10-24 00:23:19.366 [info] > git rev-parse --show-toplevel [35ms]
2024-10-24 00:23:19.372 [info] > git config --local branch.main.vscode-merge-base [6ms]
2024-10-24 00:23:19.372 [warning] [Git][config] git config failed: Failed to execute git
2024-10-24 00:23:19.376 [info] > git config --get commit.template [16ms]
2024-10-24 00:23:19.380 [info] > git reflog main --grep-reflog=branch: Created from *. [4ms]
2024-10-24 00:23:19.384 [info] > git rev-parse --show-toplevel [13ms]
2024-10-24 00:23:19.420 [info] > git symbolic-ref --short refs/remotes/origin/HEAD [36ms]
2024-10-24 00:23:19.420 [info] fatal: ref refs/remotes/origin/HEAD is not a symbolic ref
2024-10-24 00:23:19.420 [warning] [Repository][getDefaultBranch] Failed to get default branch details: Failed to execute git.
2024-10-24 00:23:19.498 [info] > git merge-base refs/heads/main refs/remotes/origin/main [73ms]
2024-10-24 00:23:19.504 [info] > git rev-parse --show-toplevel [85ms]
2024-10-24 00:23:19.504 [info] > git for-each-ref --format=%(refname)%00%(upstream:short)%00%(objectname)%00%(upstream:track)%00%(upstream:remotename)%00%(upstream:remoteref) refs/heads/main refs/remotes/main [90ms]
2024-10-24 00:23:19.512 [info] > git diff --name-status -z --diff-filter=ADMR 89bb1eee961d013cd994e3b65d4dd8d3e3334beb...refs/remotes/origin/main [8ms]
2024-10-24 00:23:19.513 [info] > git rev-parse --show-toplevel [2ms]
2024-10-24 00:23:19.529 [info] > git rev-parse --show-toplevel [10ms]
2024-10-24 00:23:19.535 [info] > git for-each-ref --sort -committerdate --format %(refname) %(objectname) %(*objectname) [7ms]
2024-10-24 00:23:19.536 [info] > git rev-parse --show-toplevel [2ms]
2024-10-24 00:23:19.542 [info] > git rev-parse --show-toplevel [1ms]
2024-10-24 00:23:19.547 [info] > git rev-parse --show-toplevel [1ms]
2024-10-24 00:23:19.553 [info] > git rev-parse --show-toplevel [2ms]
2024-10-24 00:23:19.559 [info] > git status -z -uall [35ms]
2024-10-24 00:23:19.570 [info] > git rev-parse --show-toplevel [11ms]
2024-10-24 00:23:19.577 [info] > git rev-parse --show-toplevel [3ms]
2024-10-24 00:23:19.583 [info] > git rev-parse --show-toplevel [1ms]
2024-10-24 00:23:19.588 [info] > git rev-parse --show-toplevel [1ms]
2024-10-24 00:23:19.593 [info] > git rev-parse --show-toplevel [1ms]
2024-10-24 00:23:19.598 [info] > git rev-parse --show-toplevel [1ms]
2024-10-24 00:23:19.598 [info] [Model][doInitialScan] Initial repository scan completed - repositories (1), closed repositories (0), parent repositories (0), unsafe repositories (0)
2024-10-24 00:23:19.762 [info] > git check-ignore -v -z --stdin [2ms]
2024-10-24 00:23:19.922 [info] > git show --textconv :waybar/style.css [5ms]
2024-10-24 00:23:19.923 [info] > git ls-files --stage -- /home/Heryforce/.config/waybar/style.css [2ms]
2024-10-24 00:23:19.928 [info] > git cat-file -s b3385769822b6ec03d58fe9d0d7e23895366b0a8 [1ms]
2024-10-24 00:23:21.774 [info] > git config --get commit.template [7ms]
2024-10-24 00:23:21.775 [info] > git for-each-ref --format=%(refname)%00%(upstream:short)%00%(objectname)%00%(upstream:track)%00%(upstream:remotename)%00%(upstream:remoteref) refs/heads/main refs/remotes/main [1ms]
2024-10-24 00:23:21.787 [info] > git for-each-ref --sort -committerdate --format %(refname) %(objectname) %(*objectname) [1ms]
2024-10-24 00:23:21.813 [info] > git status -z -uall [32ms]
2024-10-24 00:23:23.975 [info] > git check-ignore -v -z --stdin [2ms]
2024-10-24 00:23:26.837 [info] > git config --get commit.template [8ms]
2024-10-24 00:23:26.838 [info] > git for-each-ref --format=%(refname)%00%(upstream:short)%00%(objectname)%00%(upstream:track)%00%(upstream:remotename)%00%(upstream:remoteref) refs/heads/main refs/remotes/main [2ms]
2024-10-24 00:23:26.853 [info] > git for-each-ref --sort -committerdate --format %(refname) %(objectname) %(*objectname) [1ms]
2024-10-24 00:23:26.877 [info] > git status -z -uall [33ms]
2024-10-24 00:23:29.908 [info] > git show --textconv :waybar/config.jsonc [5ms]
2024-10-24 00:23:29.909 [info] > git ls-files --stage -- /home/Heryforce/.config/waybar/config.jsonc [2ms]
2024-10-24 00:23:29.913 [info] > git cat-file -s 2110111829556e9f85fc17179baeb4231e20b165 [1ms]
2024-10-24 00:23:31.898 [info] > git config --get commit.template [6ms]
2024-10-24 00:23:31.899 [info] > git for-each-ref --format=%(refname)%00%(upstream:short)%00%(objectname)%00%(upstream:track)%00%(upstream:remotename)%00%(upstream:remoteref) refs/heads/main refs/remotes/main [1ms]
2024-10-24 00:23:31.910 [info] > git for-each-ref --sort -committerdate --format %(refname) %(objectname) %(*objectname) [2ms]
2024-10-24 00:23:31.940 [info] > git status -z -uall [37ms]
2024-10-24 00:23:32.289 [info] > git show --textconv :waybar/style.css [7ms]
2024-10-24 00:23:32.290 [info] > git ls-files --stage -- /home/Heryforce/.config/waybar/style.css [1ms]
2024-10-24 00:23:32.295 [info] > git cat-file -s b3385769822b6ec03d58fe9d0d7e23895366b0a8 [1ms]
2024-10-24 00:23:36.956 [info] > git config --get commit.template [1ms]
2024-10-24 00:23:36.964 [info] > git for-each-ref --format=%(refname)%00%(upstream:short)%00%(objectname)%00%(upstream:track)%00%(upstream:remotename)%00%(upstream:remoteref) refs/heads/main refs/remotes/main [3ms]
2024-10-24 00:23:36.980 [info] > git for-each-ref --sort -committerdate --format %(refname) %(objectname) %(*objectname) [2ms]
2024-10-24 00:23:37.008 [info] > git status -z -uall [36ms]
2024-10-24 00:23:55.174 [info] > git config --get commit.template [1ms]
2024-10-24 00:23:55.180 [info] > git for-each-ref --format=%(refname)%00%(upstream:short)%00%(objectname)%00%(upstream:track)%00%(upstream:remotename)%00%(upstream:remoteref) refs/heads/main refs/remotes/main [1ms]
2024-10-24 00:23:55.193 [info] > git for-each-ref --sort -committerdate --format %(refname) %(objectname) %(*objectname) [2ms]
2024-10-24 00:23:55.219 [info] > git status -z -uall [34ms]
2024-10-24 00:23:57.580 [info] > git check-ignore -v -z --stdin [1ms]
2024-10-24 00:23:58.897 [info] > git check-ignore -v -z --stdin [2ms]
2024-10-24 00:23:59.575 [info] > git show --textconv :neofetch/config.conf [8ms]
2024-10-24 00:23:59.577 [info] > git ls-files --stage -- /home/Heryforce/.config/neofetch/config.conf [3ms]
2024-10-24 00:23:59.583 [info] > git cat-file -s cdba4c6630d13921d8b0ce40b325c7c4879b09ba [1ms]
2024-10-24 00:24:00.247 [info] > git config --get commit.template [8ms]
2024-10-24 00:24:00.248 [info] > git for-each-ref --format=%(refname)%00%(upstream:short)%00%(objectname)%00%(upstream:track)%00%(upstream:remotename)%00%(upstream:remoteref) refs/heads/main refs/remotes/main [2ms]
2024-10-24 00:24:00.262 [info] > git for-each-ref --sort -committerdate --format %(refname) %(objectname) %(*objectname) [1ms]
2024-10-24 00:24:00.288 [info] > git status -z -uall [33ms]
2024-10-24 00:24:05.304 [info] > git config --get commit.template [5ms]
2024-10-24 00:24:05.305 [info] > git for-each-ref --format=%(refname)%00%(upstream:short)%00%(objectname)%00%(upstream:track)%00%(upstream:remotename)%00%(upstream:remoteref) refs/heads/main refs/remotes/main [1ms]
2024-10-24 00:24:05.319 [info] > git for-each-ref --sort -committerdate --format %(refname) %(objectname) %(*objectname) [1ms]
2024-10-24 00:24:05.347 [info] > git status -z -uall [36ms]
2024-10-24 00:24:10.365 [info] > git config --get commit.template [1ms]
2024-10-24 00:24:10.371 [info] > git for-each-ref --format=%(refname)%00%(upstream:short)%00%(objectname)%00%(upstream:track)%00%(upstream:remotename)%00%(upstream:remoteref) refs/heads/main refs/remotes/main [2ms]
2024-10-24 00:24:10.380 [info] > git for-each-ref --sort -committerdate --format %(refname) %(objectname) %(*objectname) [1ms]
2024-10-24 00:24:10.403 [info] > git status -z -uall [28ms]
2024-10-24 00:24:13.283 [info] > git show --textconv :waybar/style.css [8ms]
2024-10-24 00:24:13.285 [info] > git ls-files --stage -- /home/Heryforce/.config/waybar/style.css [2ms]
2024-10-24 00:24:13.293 [info] > git cat-file -s b3385769822b6ec03d58fe9d0d7e23895366b0a8 [2ms]
2024-10-24 00:24:15.427 [info] > git config --get commit.template [7ms]
2024-10-24 00:24:15.428 [info] > git for-each-ref --format=%(refname)%00%(upstream:short)%00%(objectname)%00%(upstream:track)%00%(upstream:remotename)%00%(upstream:remoteref) refs/heads/main refs/remotes/main [2ms]
2024-10-24 00:24:15.442 [info] > git for-each-ref --sort -committerdate --format %(refname) %(objectname) %(*objectname) [2ms]
2024-10-24 00:24:15.470 [info] > git status -z -uall [36ms]
2024-10-24 00:24:26.486 [info] > git config --get commit.template [6ms]
2024-10-24 00:24:26.486 [info] > git for-each-ref --format=%(refname)%00%(upstream:short)%00%(objectname)%00%(upstream:track)%00%(upstream:remotename)%00%(upstream:remoteref) refs/heads/main refs/remotes/main [1ms]
2024-10-24 00:24:26.495 [info] > git for-each-ref --sort -committerdate --format %(refname) %(objectname) %(*objectname) [1ms]
2024-10-24 00:24:26.521 [info] > git status -z -uall [31ms]
2024-10-24 00:24:31.539 [info] > git config --get commit.template [0ms]
2024-10-24 00:24:31.542 [info] > git for-each-ref --format=%(refname)%00%(upstream:short)%00%(objectname)%00%(upstream:track)%00%(upstream:remotename)%00%(upstream:remoteref) refs/heads/main refs/remotes/main [0ms]
2024-10-24 00:24:31.552 [info] > git for-each-ref --sort -committerdate --format %(refname) %(objectname) %(*objectname) [0ms]
2024-10-24 00:24:31.577 [info] > git status -z -uall [31ms]
2024-10-24 00:25:47.736 [info] > git config --get commit.template [5ms]
2024-10-24 00:25:47.736 [info] > git for-each-ref --format=%(refname)%00%(upstream:short)%00%(objectname)%00%(upstream:track)%00%(upstream:remotename)%00%(upstream:remoteref) refs/heads/main refs/remotes/main [1ms]
2024-10-24 00:25:47.747 [info] > git for-each-ref --sort -committerdate --format %(refname) %(objectname) %(*objectname) [2ms]
2024-10-24 00:25:47.770 [info] > git status -z -uall [29ms]
2024-10-24 00:25:52.794 [info] > git config --get commit.template [5ms]
2024-10-24 00:25:52.795 [info] > git for-each-ref --format=%(refname)%00%(upstream:short)%00%(objectname)%00%(upstream:track)%00%(upstream:remotename)%00%(upstream:remoteref) refs/heads/main refs/remotes/main [1ms]
2024-10-24 00:25:52.809 [info] > git for-each-ref --sort -committerdate --format %(refname) %(objectname) %(*objectname) [2ms]
2024-10-24 00:25:52.839 [info] > git status -z -uall [38ms]
2024-10-24 00:26:26.592 [info] > git config --get commit.template [1ms]
2024-10-24 00:26:26.597 [info] > git for-each-ref --format=%(refname)%00%(upstream:short)%00%(objectname)%00%(upstream:track)%00%(upstream:remotename)%00%(upstream:remoteref) refs/heads/main refs/remotes/main [1ms]
2024-10-24 00:26:26.607 [info] > git for-each-ref --sort -committerdate --format %(refname) %(objectname) %(*objectname) [1ms]
2024-10-24 00:26:26.629 [info] > git status -z -uall [27ms]
2024-10-24 00:26:31.647 [info] > git config --get commit.template [1ms]
2024-10-24 00:26:31.652 [info] > git for-each-ref --format=%(refname)%00%(upstream:short)%00%(objectname)%00%(upstream:track)%00%(upstream:remotename)%00%(upstream:remoteref) refs/heads/main refs/remotes/main [1ms]
2024-10-24 00:26:31.660 [info] > git for-each-ref --sort -committerdate --format %(refname) %(objectname) %(*objectname) [1ms]
2024-10-24 00:26:31.682 [info] > git status -z -uall [26ms]
2024-10-24 00:26:36.711 [info] > git config --get commit.template [9ms]
2024-10-24 00:26:36.712 [info] > git for-each-ref --format=%(refname)%00%(upstream:short)%00%(objectname)%00%(upstream:track)%00%(upstream:remotename)%00%(upstream:remoteref) refs/heads/main refs/remotes/main [2ms]
2024-10-24 00:26:36.726 [info] > git for-each-ref --sort -committerdate --format %(refname) %(objectname) %(*objectname) [2ms]
2024-10-24 00:26:36.751 [info] > git status -z -uall [33ms]
2024-10-24 00:26:41.777 [info] > git config --get commit.template [7ms]
2024-10-24 00:26:41.778 [info] > git for-each-ref --format=%(refname)%00%(upstream:short)%00%(objectname)%00%(upstream:track)%00%(upstream:remotename)%00%(upstream:remoteref) refs/heads/main refs/remotes/main [2ms]
2024-10-24 00:26:41.790 [info] > git for-each-ref --sort -committerdate --format %(refname) %(objectname) %(*objectname) [2ms]
2024-10-24 00:26:41.811 [info] > git status -z -uall [28ms]
