2024-10-24 23:35:11.737 [info] [main] Log level: Info
2024-10-24 23:35:11.737 [info] [main] Validating found git in: "git"
2024-10-24 23:35:11.737 [info] [main] Using git "2.47.0" from "git"
2024-10-24 23:35:11.737 [info] [Model][doInitialScan] Initial repository scan started
2024-10-24 23:35:11.737 [info] > git rev-parse --show-toplevel [8ms]
2024-10-24 23:35:11.737 [info] > git rev-parse --git-dir --git-common-dir [9ms]
2024-10-24 23:35:11.737 [info] [Model][openRepository] Opened repository: /home/Heryforce/.config
2024-10-24 23:35:11.737 [info] > git rev-parse --show-toplevel [4ms]
2024-10-24 23:35:11.737 [info] > git config --get commit.template [11ms]
2024-10-24 23:35:11.750 [info] > git for-each-ref --format=%(refname)%00%(upstream:short)%00%(objectname)%00%(upstream:track)%00%(upstream:remotename)%00%(upstream:remoteref) refs/heads/main refs/remotes/main [5ms]
2024-10-24 23:35:11.777 [info] > git for-each-ref --sort -committerdate --format %(refname) %(objectname) %(*objectname) [11ms]
2024-10-24 23:35:11.784 [info] > git rev-parse --show-toplevel [8ms]
2024-10-24 23:35:11.796 [info] > git rev-parse --show-toplevel [3ms]
2024-10-24 23:35:11.805 [info] > git rev-parse --show-toplevel [2ms]
2024-10-24 23:35:11.815 [info] > git rev-parse --show-toplevel [3ms]
2024-10-24 23:35:11.824 [info] > git rev-parse --show-toplevel [2ms]
2024-10-24 23:35:11.842 [info] > git rev-parse --show-toplevel [3ms]
2024-10-24 23:35:11.851 [info] > git rev-parse --show-toplevel [1ms]
2024-10-24 23:35:11.862 [info] > git status -z -uall [104ms]
2024-10-24 23:35:11.940 [info] > git for-each-ref --format=%(refname)%00%(upstream:short)%00%(objectname)%00%(upstream:track)%00%(upstream:remotename)%00%(upstream:remoteref) refs/heads/main refs/remotes/main [12ms]
2024-10-24 23:35:11.947 [info] > git rev-parse --show-toplevel [89ms]
2024-10-24 23:35:11.963 [info] > git config --local branch.main.vscode-merge-base [15ms]
2024-10-24 23:35:11.963 [warning] [Git][config] git config failed: Failed to execute git
2024-10-24 23:35:11.970 [info] > git config --get commit.template [31ms]
2024-10-24 23:35:11.971 [info] > git rev-parse --show-toplevel [12ms]
2024-10-24 23:35:11.986 [info] > git reflog main --grep-reflog=branch: Created from *. [16ms]
2024-10-24 23:35:12.203 [info] > git symbolic-ref --short refs/remotes/origin/HEAD [209ms]
2024-10-24 23:35:12.203 [info] fatal: ref refs/remotes/origin/HEAD is not a symbolic ref
2024-10-24 23:35:12.203 [warning] [Repository][getDefaultBranch] Failed to get default branch details: Failed to execute git.
2024-10-24 23:35:12.211 [info] > git rev-parse --show-toplevel [225ms]
2024-10-24 23:35:12.211 [info] > git for-each-ref --format=%(refname)%00%(upstream:short)%00%(objectname)%00%(upstream:track)%00%(upstream:remotename)%00%(upstream:remoteref) refs/heads/main refs/remotes/main [230ms]
2024-10-24 23:35:12.257 [info] > git merge-base refs/heads/main refs/remotes/origin/main [46ms]
2024-10-24 23:35:12.266 [info] > git diff --name-status -z --diff-filter=ADMR bbced4127b79d12082f58d763a48fc32aa5dcb46...refs/remotes/origin/main [3ms]
2024-10-24 23:35:12.267 [info] > git rev-parse --show-toplevel [11ms]
2024-10-24 23:35:12.291 [info] > git check-ignore -v -z --stdin [3ms]
2024-10-24 23:35:12.292 [info] > git for-each-ref --sort -committerdate --format %(refname) %(objectname) %(*objectname) [8ms]
2024-10-24 23:35:12.292 [info] > git rev-parse --show-toplevel [18ms]
2024-10-24 23:35:12.298 [info] > git rev-parse --show-toplevel [1ms]
2024-10-24 23:35:12.304 [info] > git rev-parse --show-toplevel [1ms]
2024-10-24 23:35:12.310 [info] > git rev-parse --show-toplevel [1ms]
2024-10-24 23:35:12.315 [info] > git rev-parse --show-toplevel [1ms]
2024-10-24 23:35:12.320 [info] > git rev-parse --show-toplevel [0ms]
2024-10-24 23:35:12.325 [info] > git rev-parse --show-toplevel [1ms]
2024-10-24 23:35:12.330 [info] > git rev-parse --show-toplevel [1ms]
2024-10-24 23:35:12.330 [info] [Model][doInitialScan] Initial repository scan completed - repositories (1), closed repositories (0), parent repositories (0), unsafe repositories (0)
2024-10-24 23:35:12.343 [info] > git status -z -uall [64ms]
2024-10-24 23:35:12.343 [info] > git show --textconv :kitty/kitty.conf [8ms]
2024-10-24 23:35:12.368 [info] > git ls-files --stage -- /home/Heryforce/.config/kitty/kitty.conf [27ms]
2024-10-24 23:35:12.375 [info] > git cat-file -s fcf4cf4897d6cd7336c0365e81d01c873c280d13 [2ms]
2024-10-24 23:35:38.628 [info] > git config --get commit.template [1ms]
2024-10-24 23:35:38.637 [info] > git for-each-ref --format=%(refname)%00%(upstream:short)%00%(objectname)%00%(upstream:track)%00%(upstream:remotename)%00%(upstream:remoteref) refs/heads/main refs/remotes/main [2ms]
2024-10-24 23:35:38.653 [info] > git for-each-ref --sort -committerdate --format %(refname) %(objectname) %(*objectname) [2ms]
2024-10-24 23:35:38.706 [info] > git status -z -uall [60ms]
2024-10-24 23:35:42.126 [info] > git show --textconv :hypr/hyprland.conf [7ms]
2024-10-24 23:35:42.128 [info] > git ls-files --stage -- /home/Heryforce/.config/hypr/hyprland.conf [2ms]
2024-10-24 23:35:42.136 [info] > git cat-file -s 870321fc40714625f6f4d1450bb79991ce073058 [2ms]
2024-10-24 23:35:43.743 [info] > git config --get commit.template [7ms]
2024-10-24 23:35:43.745 [info] > git for-each-ref --format=%(refname)%00%(upstream:short)%00%(objectname)%00%(upstream:track)%00%(upstream:remotename)%00%(upstream:remoteref) refs/heads/main refs/remotes/main [3ms]
2024-10-24 23:35:43.760 [info] > git for-each-ref --sort -committerdate --format %(refname) %(objectname) %(*objectname) [1ms]
2024-10-24 23:35:43.799 [info] > git status -z -uall [47ms]
2024-10-24 23:35:48.833 [info] > git config --get commit.template [9ms]
2024-10-24 23:35:48.835 [info] > git for-each-ref --format=%(refname)%00%(upstream:short)%00%(objectname)%00%(upstream:track)%00%(upstream:remotename)%00%(upstream:remoteref) refs/heads/main refs/remotes/main [2ms]
2024-10-24 23:35:48.850 [info] > git for-each-ref --sort -committerdate --format %(refname) %(objectname) %(*objectname) [2ms]
2024-10-24 23:35:48.889 [info] > git status -z -uall [47ms]
2024-10-24 23:35:53.925 [info] > git config --get commit.template [7ms]
2024-10-24 23:35:53.925 [info] > git for-each-ref --format=%(refname)%00%(upstream:short)%00%(objectname)%00%(upstream:track)%00%(upstream:remotename)%00%(upstream:remoteref) refs/heads/main refs/remotes/main [1ms]
2024-10-24 23:35:53.942 [info] > git for-each-ref --sort -committerdate --format %(refname) %(objectname) %(*objectname) [1ms]
2024-10-24 23:35:53.979 [info] > git status -z -uall [46ms]
2024-10-24 23:35:59.015 [info] > git config --get commit.template [9ms]
2024-10-24 23:35:59.016 [info] > git for-each-ref --format=%(refname)%00%(upstream:short)%00%(objectname)%00%(upstream:track)%00%(upstream:remotename)%00%(upstream:remoteref) refs/heads/main refs/remotes/main [2ms]
2024-10-24 23:35:59.031 [info] > git for-each-ref --sort -committerdate --format %(refname) %(objectname) %(*objectname) [1ms]
2024-10-24 23:35:59.069 [info] > git status -z -uall [46ms]
2024-10-24 23:36:22.322 [info] > git config --get commit.template [8ms]
2024-10-24 23:36:22.323 [info] > git for-each-ref --format=%(refname)%00%(upstream:short)%00%(objectname)%00%(upstream:track)%00%(upstream:remotename)%00%(upstream:remoteref) refs/heads/main refs/remotes/main [1ms]
2024-10-24 23:36:22.333 [info] > git for-each-ref --sort -committerdate --format %(refname) %(objectname) %(*objectname) [1ms]
2024-10-24 23:36:22.373 [info] > git status -z -uall [45ms]
2024-10-24 23:36:27.415 [info] > git config --get commit.template [9ms]
2024-10-24 23:36:27.416 [info] > git for-each-ref --format=%(refname)%00%(upstream:short)%00%(objectname)%00%(upstream:track)%00%(upstream:remotename)%00%(upstream:remoteref) refs/heads/main refs/remotes/main [2ms]
2024-10-24 23:36:27.431 [info] > git for-each-ref --sort -committerdate --format %(refname) %(objectname) %(*objectname) [2ms]
2024-10-24 23:36:27.469 [info] > git status -z -uall [46ms]
2024-10-24 23:36:30.332 [info] > git show --textconv :waybar/config.jsonc [5ms]
2024-10-24 23:36:30.333 [info] > git ls-files --stage -- /home/Heryforce/.config/waybar/config.jsonc [1ms]
2024-10-24 23:36:30.338 [info] > git cat-file -s d2974410341a8aa55dd625fb854bb25166555a56 [1ms]
2024-10-24 23:36:31.542 [info] > git show --textconv :waybar/style.css [6ms]
2024-10-24 23:36:31.543 [info] > git ls-files --stage -- /home/Heryforce/.config/waybar/style.css [1ms]
2024-10-24 23:36:31.549 [info] > git cat-file -s c225e7b528c1fbdde4250d54e02d1bfd2a4f6741 [1ms]
2024-10-24 23:36:32.502 [info] > git config --get commit.template [8ms]
2024-10-24 23:36:32.504 [info] > git for-each-ref --format=%(refname)%00%(upstream:short)%00%(objectname)%00%(upstream:track)%00%(upstream:remotename)%00%(upstream:remoteref) refs/heads/main refs/remotes/main [3ms]
2024-10-24 23:36:32.520 [info] > git for-each-ref --sort -committerdate --format %(refname) %(objectname) %(*objectname) [2ms]
2024-10-24 23:36:32.559 [info] > git status -z -uall [48ms]
2024-10-24 23:36:37.593 [info] > git config --get commit.template [6ms]
2024-10-24 23:36:37.594 [info] > git for-each-ref --format=%(refname)%00%(upstream:short)%00%(objectname)%00%(upstream:track)%00%(upstream:remotename)%00%(upstream:remoteref) refs/heads/main refs/remotes/main [2ms]
2024-10-24 23:36:37.608 [info] > git for-each-ref --sort -committerdate --format %(refname) %(objectname) %(*objectname) [2ms]
2024-10-24 23:36:37.648 [info] > git status -z -uall [49ms]
2024-10-24 23:36:42.671 [info] > git config --get commit.template [4ms]
2024-10-24 23:36:42.671 [info] > git for-each-ref --format=%(refname)%00%(upstream:short)%00%(objectname)%00%(upstream:track)%00%(upstream:remotename)%00%(upstream:remoteref) refs/heads/main refs/remotes/main [1ms]
2024-10-24 23:36:42.703 [info] > git for-each-ref --sort -committerdate --format %(refname) %(objectname) %(*objectname) [1ms]
2024-10-24 23:36:42.745 [info] > git status -z -uall [47ms]
2024-10-24 23:36:47.768 [info] > git config --get commit.template [1ms]
2024-10-24 23:36:47.778 [info] > git for-each-ref --format=%(refname)%00%(upstream:short)%00%(objectname)%00%(upstream:track)%00%(upstream:remotename)%00%(upstream:remoteref) refs/heads/main refs/remotes/main [3ms]
2024-10-24 23:36:47.794 [info] > git for-each-ref --sort -committerdate --format %(refname) %(objectname) %(*objectname) [1ms]
2024-10-24 23:36:47.830 [info] > git status -z -uall [45ms]
2024-10-24 23:36:48.800 [info] > git show --textconv :waybar/config.jsonc [7ms]
2024-10-24 23:36:48.802 [info] > git ls-files --stage -- /home/Heryforce/.config/waybar/config.jsonc [2ms]
2024-10-24 23:36:48.810 [info] > git cat-file -s d2974410341a8aa55dd625fb854bb25166555a56 [2ms]
2024-10-24 23:36:52.853 [info] > git config --get commit.template [1ms]
2024-10-24 23:36:52.860 [info] > git for-each-ref --format=%(refname)%00%(upstream:short)%00%(objectname)%00%(upstream:track)%00%(upstream:remotename)%00%(upstream:remoteref) refs/heads/main refs/remotes/main [2ms]
2024-10-24 23:36:52.873 [info] > git for-each-ref --sort -committerdate --format %(refname) %(objectname) %(*objectname) [0ms]
2024-10-24 23:36:52.918 [info] > git status -z -uall [50ms]
2024-10-24 23:36:57.950 [info] > git config --get commit.template [9ms]
2024-10-24 23:36:57.951 [info] > git for-each-ref --format=%(refname)%00%(upstream:short)%00%(objectname)%00%(upstream:track)%00%(upstream:remotename)%00%(upstream:remoteref) refs/heads/main refs/remotes/main [2ms]
2024-10-24 23:36:57.961 [info] > git for-each-ref --sort -committerdate --format %(refname) %(objectname) %(*objectname) [2ms]
2024-10-24 23:36:57.999 [info] > git status -z -uall [44ms]
2024-10-24 23:36:58.493 [info] > git show --textconv :waybar/style.css [8ms]
2024-10-24 23:36:58.495 [info] > git ls-files --stage -- /home/Heryforce/.config/waybar/style.css [3ms]
2024-10-24 23:36:58.503 [info] > git cat-file -s c225e7b528c1fbdde4250d54e02d1bfd2a4f6741 [2ms]
2024-10-24 23:37:03.030 [info] > git config --get commit.template [8ms]
2024-10-24 23:37:03.032 [info] > git for-each-ref --format=%(refname)%00%(upstream:short)%00%(objectname)%00%(upstream:track)%00%(upstream:remotename)%00%(upstream:remoteref) refs/heads/main refs/remotes/main [3ms]
2024-10-24 23:37:03.046 [info] > git for-each-ref --sort -committerdate --format %(refname) %(objectname) %(*objectname) [1ms]
2024-10-24 23:37:03.084 [info] > git status -z -uall [45ms]
2024-10-24 23:37:06.994 [info] > git show --textconv :hypr/hyprlock.conf [7ms]
2024-10-24 23:37:06.996 [info] > git ls-files --stage -- /home/Heryforce/.config/hypr/hyprlock.conf [2ms]
2024-10-24 23:37:07.004 [info] > git cat-file -s 0b93c38104592a4773a1b29e54cad446ee6b8cfa [2ms]
2024-10-24 23:37:08.121 [info] > git config --get commit.template [8ms]
2024-10-24 23:37:08.122 [info] > git for-each-ref --format=%(refname)%00%(upstream:short)%00%(objectname)%00%(upstream:track)%00%(upstream:remotename)%00%(upstream:remoteref) refs/heads/main refs/remotes/main [2ms]
2024-10-24 23:37:08.137 [info] > git for-each-ref --sort -committerdate --format %(refname) %(objectname) %(*objectname) [1ms]
2024-10-24 23:37:08.171 [info] > git status -z -uall [42ms]
2024-10-24 23:37:10.367 [info] > git show --textconv :wlogout/style.css [9ms]
2024-10-24 23:37:10.368 [info] > git ls-files --stage -- /home/Heryforce/.config/wlogout/style.css [2ms]
2024-10-24 23:37:10.376 [info] > git cat-file -s 9a5b99a719bac2bb6da5ac589483accfdb71f124 [2ms]
2024-10-24 23:37:14.041 [info] > git config --get commit.template [2ms]
2024-10-24 23:37:14.048 [info] > git for-each-ref --format=%(refname)%00%(upstream:short)%00%(objectname)%00%(upstream:track)%00%(upstream:remotename)%00%(upstream:remoteref) refs/heads/main refs/remotes/main [1ms]
2024-10-24 23:37:14.061 [info] > git for-each-ref --sort -committerdate --format %(refname) %(objectname) %(*objectname) [2ms]
2024-10-24 23:37:14.102 [info] > git status -z -uall [48ms]
