2024-10-28 19:01:08.404 [info] [main] Log level: Info
2024-10-28 19:01:08.404 [info] [main] Validating found git in: "git"
2024-10-28 19:01:08.404 [info] [main] Using git "2.47.0" from "git"
2024-10-28 19:01:08.404 [info] [Model][doInitialScan] Initial repository scan started
2024-10-28 19:01:08.404 [info] > git rev-parse --show-toplevel [15ms]
2024-10-28 19:01:08.404 [info] > git rev-parse --git-dir --git-common-dir [7ms]
2024-10-28 19:01:08.404 [info] [Model][openRepository] Opened repository: /home/Heryforce/.config
2024-10-28 19:01:08.408 [info] > git rev-parse --show-toplevel [10ms]
2024-10-28 19:01:08.409 [info] > git config --get commit.template [17ms]
2024-10-28 19:01:08.429 [info] > git for-each-ref --format=%(refname)%00%(upstream:short)%00%(objectname)%00%(upstream:track)%00%(upstream:remotename)%00%(upstream:remoteref) refs/heads/main refs/remotes/main [10ms]
2024-10-28 19:01:08.430 [info] > git rev-parse --show-toplevel [2ms]
2024-10-28 19:01:08.451 [info] > git rev-parse --show-toplevel [15ms]
2024-10-28 19:01:08.457 [info] > git for-each-ref --sort -committerdate --format %(refname) %(objectname) %(*objectname) [8ms]
2024-10-28 19:01:08.459 [info] > git rev-parse --show-toplevel [3ms]
2024-10-28 19:01:08.466 [info] > git rev-parse --show-toplevel [2ms]
2024-10-28 19:01:08.471 [info] > git rev-parse --show-toplevel [0ms]
2024-10-28 19:01:08.478 [info] > git rev-parse --show-toplevel [2ms]
2024-10-28 19:01:08.485 [info] > git rev-parse --show-toplevel [2ms]
2024-10-28 19:01:08.493 [info] > git rev-parse --show-toplevel [1ms]
2024-10-28 19:01:08.499 [info] > git rev-parse --show-toplevel [1ms]
2024-10-28 19:01:08.506 [info] > git rev-parse --show-toplevel [1ms]
2024-10-28 19:01:08.514 [info] > git rev-parse --show-toplevel [1ms]
2024-10-28 19:01:08.523 [info] > git status -z -uall [80ms]
2024-10-28 19:01:08.523 [info] > git rev-parse --show-toplevel [3ms]
2024-10-28 19:01:08.589 [info] > git for-each-ref --format=%(refname)%00%(upstream:short)%00%(objectname)%00%(upstream:track)%00%(upstream:remotename)%00%(upstream:remoteref) refs/heads/main refs/remotes/main [15ms]
2024-10-28 19:01:08.602 [info] > git config --local branch.main.vscode-merge-base [7ms]
2024-10-28 19:01:08.602 [warning] [Git][config] git config failed: Failed to execute git
2024-10-28 19:01:08.610 [info] > git config --get commit.template [22ms]
2024-10-28 19:01:08.610 [info] > git rev-parse --show-toplevel [28ms]
2024-10-28 19:01:08.667 [info] > git rev-parse --show-toplevel [51ms]
2024-10-28 19:01:08.668 [info] > git reflog main --grep-reflog=branch: Created from *. [59ms]
2024-10-28 19:01:08.907 [info] > git symbolic-ref --short refs/remotes/origin/HEAD [234ms]
2024-10-28 19:01:08.907 [info] fatal: ref refs/remotes/origin/HEAD is not a symbolic ref
2024-10-28 19:01:08.907 [warning] [Repository][getDefaultBranch] Failed to get default branch details: Failed to execute git.
2024-10-28 19:01:08.914 [info] > git for-each-ref --format=%(refname)%00%(upstream:short)%00%(objectname)%00%(upstream:track)%00%(upstream:remotename)%00%(upstream:remoteref) refs/heads/main refs/remotes/main [248ms]
2024-10-28 19:01:08.925 [info] > git merge-base refs/heads/main refs/remotes/origin/main [12ms]
2024-10-28 19:01:08.934 [info] > git rev-parse --show-toplevel [28ms]
2024-10-28 19:01:08.942 [info] > git check-ignore -v -z --stdin [21ms]
2024-10-28 19:01:08.946 [info] > git rev-parse --show-toplevel [5ms]
2024-10-28 19:01:08.946 [info] > git diff --name-status -z --diff-filter=ADMR d4d20faaa5841efd0beb4f20a46bbefe855d3220...refs/remotes/origin/main [12ms]
2024-10-28 19:01:08.973 [info] > git for-each-ref --sort -committerdate --format %(refname) %(objectname) %(*objectname) [13ms]
2024-10-28 19:01:08.975 [info] > git rev-parse --show-toplevel [8ms]
2024-10-28 19:01:08.984 [info] > git rev-parse --show-toplevel [1ms]
2024-10-28 19:01:08.992 [info] > git rev-parse --show-toplevel [1ms]
2024-10-28 19:01:08.992 [info] [Model][doInitialScan] Initial repository scan completed - repositories (1), closed repositories (0), parent repositories (0), unsafe repositories (0)
2024-10-28 19:01:09.025 [info] > git status -z -uall [71ms]
2024-10-28 19:01:12.889 [info] > git show --textconv :waybar/style.css [7ms]
2024-10-28 19:01:12.890 [info] > git ls-files --stage -- /home/Heryforce/.config/waybar/style.css [2ms]
2024-10-28 19:01:12.898 [info] > git cat-file -s 20574e1229b98bec2343af3c6f2c6b069aba882b [2ms]
2024-10-28 23:27:33.253 [info] > git config --get commit.template [1ms]
2024-10-28 23:27:33.259 [info] > git for-each-ref --format=%(refname)%00%(upstream:short)%00%(objectname)%00%(upstream:track)%00%(upstream:remotename)%00%(upstream:remoteref) refs/heads/main refs/remotes/main [1ms]
2024-10-28 23:27:33.270 [info] > git for-each-ref --sort -committerdate --format %(refname) %(objectname) %(*objectname) [1ms]
2024-10-28 23:27:33.316 [info] > git status -z -uall [52ms]
2024-10-28 23:36:23.357 [info] > git config --get commit.template [7ms]
2024-10-28 23:36:23.358 [info] > git for-each-ref --format=%(refname)%00%(upstream:short)%00%(objectname)%00%(upstream:track)%00%(upstream:remotename)%00%(upstream:remoteref) refs/heads/main refs/remotes/main [2ms]
2024-10-28 23:36:23.370 [info] > git for-each-ref --sort -committerdate --format %(refname) %(objectname) %(*objectname) [1ms]
2024-10-28 23:36:23.413 [info] > git status -z -uall [50ms]
2024-10-28 23:36:26.572 [info] > git show --textconv :hypr/hyprland.conf [5ms]
2024-10-28 23:36:26.573 [info] > git ls-files --stage -- /home/Heryforce/.config/hypr/hyprland.conf [1ms]
2024-10-28 23:36:26.576 [info] > git cat-file -s 3aaef507266a7ee9595dfa608e6e69e8e8bbb2c4 [0ms]
2024-10-28 23:36:28.446 [info] > git config --get commit.template [8ms]
2024-10-28 23:36:28.448 [info] > git for-each-ref --format=%(refname)%00%(upstream:short)%00%(objectname)%00%(upstream:track)%00%(upstream:remotename)%00%(upstream:remoteref) refs/heads/main refs/remotes/main [2ms]
2024-10-28 23:36:28.464 [info] > git for-each-ref --sort -committerdate --format %(refname) %(objectname) %(*objectname) [2ms]
2024-10-28 23:36:28.499 [info] > git status -z -uall [44ms]
2024-10-28 23:36:33.523 [info] > git config --get commit.template [2ms]
2024-10-28 23:36:33.528 [info] > git for-each-ref --format=%(refname)%00%(upstream:short)%00%(objectname)%00%(upstream:track)%00%(upstream:remotename)%00%(upstream:remoteref) refs/heads/main refs/remotes/main [1ms]
2024-10-28 23:36:33.541 [info] > git for-each-ref --sort -committerdate --format %(refname) %(objectname) %(*objectname) [1ms]
2024-10-28 23:36:33.586 [info] > git status -z -uall [52ms]
2024-10-28 23:36:38.622 [info] > git config --get commit.template [8ms]
2024-10-28 23:36:38.623 [info] > git for-each-ref --format=%(refname)%00%(upstream:short)%00%(objectname)%00%(upstream:track)%00%(upstream:remotename)%00%(upstream:remoteref) refs/heads/main refs/remotes/main [2ms]
2024-10-28 23:36:38.638 [info] > git for-each-ref --sort -committerdate --format %(refname) %(objectname) %(*objectname) [1ms]
2024-10-28 23:36:38.675 [info] > git status -z -uall [44ms]
2024-10-28 23:36:56.571 [info] > git config --get commit.template [6ms]
2024-10-28 23:36:56.572 [info] > git for-each-ref --format=%(refname)%00%(upstream:short)%00%(objectname)%00%(upstream:track)%00%(upstream:remotename)%00%(upstream:remoteref) refs/heads/main refs/remotes/main [2ms]
2024-10-28 23:36:56.585 [info] > git for-each-ref --sort -committerdate --format %(refname) %(objectname) %(*objectname) [1ms]
2024-10-28 23:36:56.624 [info] > git status -z -uall [47ms]
2024-10-28 23:37:01.652 [info] > git config --get commit.template [5ms]
2024-10-28 23:37:01.653 [info] > git for-each-ref --format=%(refname)%00%(upstream:short)%00%(objectname)%00%(upstream:track)%00%(upstream:remotename)%00%(upstream:remoteref) refs/heads/main refs/remotes/main [2ms]
2024-10-28 23:37:01.670 [info] > git for-each-ref --sort -committerdate --format %(refname) %(objectname) %(*objectname) [1ms]
2024-10-28 23:37:01.709 [info] > git status -z -uall [48ms]
2024-10-28 23:37:06.733 [info] > git config --get commit.template [1ms]
2024-10-28 23:37:06.737 [info] > git for-each-ref --format=%(refname)%00%(upstream:short)%00%(objectname)%00%(upstream:track)%00%(upstream:remotename)%00%(upstream:remoteref) refs/heads/main refs/remotes/main [1ms]
2024-10-28 23:37:06.746 [info] > git for-each-ref --sort -committerdate --format %(refname) %(objectname) %(*objectname) [1ms]
2024-10-28 23:37:06.785 [info] > git status -z -uall [44ms]
2024-10-28 23:37:11.817 [info] > git config --get commit.template [9ms]
2024-10-28 23:37:11.818 [info] > git for-each-ref --format=%(refname)%00%(upstream:short)%00%(objectname)%00%(upstream:track)%00%(upstream:remotename)%00%(upstream:remoteref) refs/heads/main refs/remotes/main [2ms]
2024-10-28 23:37:11.831 [info] > git for-each-ref --sort -committerdate --format %(refname) %(objectname) %(*objectname) [1ms]
2024-10-28 23:37:11.894 [info] > git status -z -uall [69ms]
2024-10-28 23:37:16.931 [info] > git config --get commit.template [8ms]
2024-10-28 23:37:16.933 [info] > git for-each-ref --format=%(refname)%00%(upstream:short)%00%(objectname)%00%(upstream:track)%00%(upstream:remotename)%00%(upstream:remoteref) refs/heads/main refs/remotes/main [2ms]
2024-10-28 23:37:16.946 [info] > git for-each-ref --sort -committerdate --format %(refname) %(objectname) %(*objectname) [1ms]
2024-10-28 23:37:16.987 [info] > git status -z -uall [47ms]
2024-10-28 23:37:22.019 [info] > git config --get commit.template [9ms]
2024-10-28 23:37:22.020 [info] > git for-each-ref --format=%(refname)%00%(upstream:short)%00%(objectname)%00%(upstream:track)%00%(upstream:remotename)%00%(upstream:remoteref) refs/heads/main refs/remotes/main [2ms]
2024-10-28 23:37:22.031 [info] > git for-each-ref --sort -committerdate --format %(refname) %(objectname) %(*objectname) [2ms]
2024-10-28 23:37:22.074 [info] > git status -z -uall [50ms]
2024-10-28 23:37:27.106 [info] > git config --get commit.template [9ms]
2024-10-28 23:37:27.107 [info] > git for-each-ref --format=%(refname)%00%(upstream:short)%00%(objectname)%00%(upstream:track)%00%(upstream:remotename)%00%(upstream:remoteref) refs/heads/main refs/remotes/main [2ms]
2024-10-28 23:37:27.121 [info] > git for-each-ref --sort -committerdate --format %(refname) %(objectname) %(*objectname) [2ms]
2024-10-28 23:37:27.162 [info] > git status -z -uall [47ms]
2024-10-28 23:37:32.181 [info] > git config --get commit.template [1ms]
2024-10-28 23:37:32.186 [info] > git for-each-ref --format=%(refname)%00%(upstream:short)%00%(objectname)%00%(upstream:track)%00%(upstream:remotename)%00%(upstream:remoteref) refs/heads/main refs/remotes/main [1ms]
2024-10-28 23:37:32.195 [info] > git for-each-ref --sort -committerdate --format %(refname) %(objectname) %(*objectname) [1ms]
2024-10-28 23:37:32.232 [info] > git status -z -uall [40ms]
2024-10-28 23:38:25.651 [info] > git config --get commit.template [7ms]
2024-10-28 23:38:25.651 [info] > git for-each-ref --format=%(refname)%00%(upstream:short)%00%(objectname)%00%(upstream:track)%00%(upstream:remotename)%00%(upstream:remoteref) refs/heads/main refs/remotes/main [1ms]
2024-10-28 23:38:25.664 [info] > git for-each-ref --sort -committerdate --format %(refname) %(objectname) %(*objectname) [1ms]
2024-10-28 23:38:25.705 [info] > git status -z -uall [47ms]
2024-10-28 23:38:30.728 [info] > git config --get commit.template [1ms]
2024-10-28 23:38:30.733 [info] > git for-each-ref --format=%(refname)%00%(upstream:short)%00%(objectname)%00%(upstream:track)%00%(upstream:remotename)%00%(upstream:remoteref) refs/heads/main refs/remotes/main [1ms]
2024-10-28 23:38:30.742 [info] > git for-each-ref --sort -committerdate --format %(refname) %(objectname) %(*objectname) [1ms]
2024-10-28 23:38:30.776 [info] > git status -z -uall [40ms]
2024-10-28 23:38:35.798 [info] > git config --get commit.template [1ms]
2024-10-28 23:38:35.803 [info] > git for-each-ref --format=%(refname)%00%(upstream:short)%00%(objectname)%00%(upstream:track)%00%(upstream:remotename)%00%(upstream:remoteref) refs/heads/main refs/remotes/main [2ms]
2024-10-28 23:38:35.813 [info] > git for-each-ref --sort -committerdate --format %(refname) %(objectname) %(*objectname) [1ms]
2024-10-28 23:38:35.851 [info] > git status -z -uall [44ms]
2024-10-28 23:38:40.872 [info] > git config --get commit.template [0ms]
2024-10-28 23:38:40.876 [info] > git for-each-ref --format=%(refname)%00%(upstream:short)%00%(objectname)%00%(upstream:track)%00%(upstream:remotename)%00%(upstream:remoteref) refs/heads/main refs/remotes/main [1ms]
2024-10-28 23:38:40.886 [info] > git for-each-ref --sort -committerdate --format %(refname) %(objectname) %(*objectname) [1ms]
2024-10-28 23:38:40.931 [info] > git status -z -uall [51ms]
2024-10-28 23:38:45.967 [info] > git config --get commit.template [9ms]
2024-10-28 23:38:45.968 [info] > git for-each-ref --format=%(refname)%00%(upstream:short)%00%(objectname)%00%(upstream:track)%00%(upstream:remotename)%00%(upstream:remoteref) refs/heads/main refs/remotes/main [2ms]
2024-10-28 23:38:45.981 [info] > git for-each-ref --sort -committerdate --format %(refname) %(objectname) %(*objectname) [1ms]
2024-10-28 23:38:46.017 [info] > git status -z -uall [42ms]
2024-10-28 23:38:51.050 [info] > git config --get commit.template [10ms]
2024-10-28 23:38:51.052 [info] > git for-each-ref --format=%(refname)%00%(upstream:short)%00%(objectname)%00%(upstream:track)%00%(upstream:remotename)%00%(upstream:remoteref) refs/heads/main refs/remotes/main [3ms]
2024-10-28 23:38:51.068 [info] > git for-each-ref --sort -committerdate --format %(refname) %(objectname) %(*objectname) [2ms]
2024-10-28 23:38:51.115 [info] > git status -z -uall [55ms]
2024-10-28 23:38:59.706 [info] > git config --get commit.template [5ms]
2024-10-28 23:38:59.707 [info] > git for-each-ref --format=%(refname)%00%(upstream:short)%00%(objectname)%00%(upstream:track)%00%(upstream:remotename)%00%(upstream:remoteref) refs/heads/main refs/remotes/main [1ms]
2024-10-28 23:38:59.718 [info] > git for-each-ref --sort -committerdate --format %(refname) %(objectname) %(*objectname) [1ms]
2024-10-28 23:38:59.765 [info] > git status -z -uall [53ms]
2024-10-28 23:39:04.801 [info] > git config --get commit.template [8ms]
2024-10-28 23:39:04.803 [info] > git for-each-ref --format=%(refname)%00%(upstream:short)%00%(objectname)%00%(upstream:track)%00%(upstream:remotename)%00%(upstream:remoteref) refs/heads/main refs/remotes/main [3ms]
2024-10-28 23:39:04.841 [info] > git for-each-ref --sort -committerdate --format %(refname) %(objectname) %(*objectname) [2ms]
2024-10-28 23:39:04.882 [info] > git status -z -uall [49ms]
2024-10-28 23:39:45.995 [info] > git config --get commit.template [5ms]
2024-10-28 23:39:45.995 [info] > git for-each-ref --format=%(refname)%00%(upstream:short)%00%(objectname)%00%(upstream:track)%00%(upstream:remotename)%00%(upstream:remoteref) refs/heads/main refs/remotes/main [1ms]
2024-10-28 23:39:46.006 [info] > git for-each-ref --sort -committerdate --format %(refname) %(objectname) %(*objectname) [1ms]
2024-10-28 23:39:46.044 [info] > git status -z -uall [45ms]
2024-10-28 23:39:51.065 [info] > git config --get commit.template [1ms]
2024-10-28 23:39:51.070 [info] > git for-each-ref --format=%(refname)%00%(upstream:short)%00%(objectname)%00%(upstream:track)%00%(upstream:remotename)%00%(upstream:remoteref) refs/heads/main refs/remotes/main [1ms]
2024-10-28 23:39:51.079 [info] > git for-each-ref --sort -committerdate --format %(refname) %(objectname) %(*objectname) [1ms]
2024-10-28 23:39:51.116 [info] > git status -z -uall [42ms]
2024-10-28 23:39:56.150 [info] > git config --get commit.template [5ms]
2024-10-28 23:39:56.152 [info] > git for-each-ref --format=%(refname)%00%(upstream:short)%00%(objectname)%00%(upstream:track)%00%(upstream:remotename)%00%(upstream:remoteref) refs/heads/main refs/remotes/main [3ms]
2024-10-28 23:39:56.167 [info] > git for-each-ref --sort -committerdate --format %(refname) %(objectname) %(*objectname) [2ms]
2024-10-28 23:39:56.209 [info] > git status -z -uall [50ms]
2024-10-28 23:40:01.241 [info] > git config --get commit.template [5ms]
2024-10-28 23:40:01.242 [info] > git for-each-ref --format=%(refname)%00%(upstream:short)%00%(objectname)%00%(upstream:track)%00%(upstream:remotename)%00%(upstream:remoteref) refs/heads/main refs/remotes/main [2ms]
2024-10-28 23:40:01.280 [info] > git for-each-ref --sort -committerdate --format %(refname) %(objectname) %(*objectname) [1ms]
2024-10-28 23:40:01.319 [info] > git status -z -uall [47ms]
2024-10-28 23:40:06.350 [info] > git config --get commit.template [9ms]
2024-10-28 23:40:06.352 [info] > git for-each-ref --format=%(refname)%00%(upstream:short)%00%(objectname)%00%(upstream:track)%00%(upstream:remotename)%00%(upstream:remoteref) refs/heads/main refs/remotes/main [2ms]
2024-10-28 23:40:06.365 [info] > git for-each-ref --sort -committerdate --format %(refname) %(objectname) %(*objectname) [1ms]
2024-10-28 23:40:06.408 [info] > git status -z -uall [49ms]
2024-10-28 23:40:14.683 [info] > git config --get commit.template [7ms]
2024-10-28 23:40:14.683 [info] > git for-each-ref --format=%(refname)%00%(upstream:short)%00%(objectname)%00%(upstream:track)%00%(upstream:remotename)%00%(upstream:remoteref) refs/heads/main refs/remotes/main [1ms]
2024-10-28 23:40:14.696 [info] > git for-each-ref --sort -committerdate --format %(refname) %(objectname) %(*objectname) [1ms]
2024-10-28 23:40:14.735 [info] > git status -z -uall [45ms]
2024-10-28 23:40:40.901 [info] > git config --get commit.template [8ms]
2024-10-28 23:40:40.902 [info] > git for-each-ref --format=%(refname)%00%(upstream:short)%00%(objectname)%00%(upstream:track)%00%(upstream:remotename)%00%(upstream:remoteref) refs/heads/main refs/remotes/main [2ms]
2024-10-28 23:40:40.914 [info] > git for-each-ref --sort -committerdate --format %(refname) %(objectname) %(*objectname) [1ms]
2024-10-28 23:40:40.954 [info] > git status -z -uall [47ms]
2024-10-28 23:40:45.983 [info] > git config --get commit.template [2ms]
2024-10-28 23:40:45.992 [info] > git for-each-ref --format=%(refname)%00%(upstream:short)%00%(objectname)%00%(upstream:track)%00%(upstream:remotename)%00%(upstream:remoteref) refs/heads/main refs/remotes/main [2ms]
2024-10-28 23:40:46.006 [info] > git for-each-ref --sort -committerdate --format %(refname) %(objectname) %(*objectname) [2ms]
2024-10-28 23:40:46.042 [info] > git status -z -uall [43ms]
2024-10-28 23:41:41.766 [info] > git config --get commit.template [7ms]
2024-10-28 23:41:41.767 [info] > git for-each-ref --format=%(refname)%00%(upstream:short)%00%(objectname)%00%(upstream:track)%00%(upstream:remotename)%00%(upstream:remoteref) refs/heads/main refs/remotes/main [1ms]
2024-10-28 23:41:41.779 [info] > git for-each-ref --sort -committerdate --format %(refname) %(objectname) %(*objectname) [1ms]
2024-10-28 23:41:41.823 [info] > git status -z -uall [51ms]
2024-10-28 23:41:46.855 [info] > git config --get commit.template [9ms]
2024-10-28 23:41:46.857 [info] > git for-each-ref --format=%(refname)%00%(upstream:short)%00%(objectname)%00%(upstream:track)%00%(upstream:remotename)%00%(upstream:remoteref) refs/heads/main refs/remotes/main [2ms]
2024-10-28 23:41:46.867 [info] > git for-each-ref --sort -committerdate --format %(refname) %(objectname) %(*objectname) [2ms]
2024-10-28 23:41:46.902 [info] > git status -z -uall [42ms]
