2024-10-24 23:38:16.135 [info] [main] Log level: Info
2024-10-24 23:38:16.135 [info] [main] Validating found git in: "git"
2024-10-24 23:38:16.135 [info] [main] Using git "2.47.0" from "git"
2024-10-24 23:38:16.135 [info] [Model][doInitialScan] Initial repository scan started
2024-10-24 23:38:16.135 [info] > git rev-parse --show-toplevel [6ms]
2024-10-24 23:38:16.135 [info] > git rev-parse --git-dir --git-common-dir [29ms]
2024-10-24 23:38:16.135 [info] [Model][openRepository] Opened repository: /home/Heryforce/.config
2024-10-24 23:38:16.136 [info] > git rev-parse --show-toplevel [5ms]
2024-10-24 23:38:16.137 [info] > git config --get commit.template [11ms]
2024-10-24 23:38:16.158 [info] > git for-each-ref --format=%(refname)%00%(upstream:short)%00%(objectname)%00%(upstream:track)%00%(upstream:remotename)%00%(upstream:remoteref) refs/heads/main refs/remotes/main [9ms]
2024-10-24 23:38:16.159 [info] > git rev-parse --show-toplevel [2ms]
2024-10-24 23:38:16.179 [info] > git rev-parse --show-toplevel [15ms]
2024-10-24 23:38:16.188 [info] > git for-each-ref --sort -committerdate --format %(refname) %(objectname) %(*objectname) [9ms]
2024-10-24 23:38:16.192 [info] > git rev-parse --show-toplevel [4ms]
2024-10-24 23:38:16.201 [info] > git rev-parse --show-toplevel [2ms]
2024-10-24 23:38:16.209 [info] > git rev-parse --show-toplevel [2ms]
2024-10-24 23:38:16.215 [info] > git rev-parse --show-toplevel [1ms]
2024-10-24 23:38:16.223 [info] > git rev-parse --show-toplevel [1ms]
2024-10-24 23:38:16.231 [info] > git rev-parse --show-toplevel [2ms]
2024-10-24 23:38:16.241 [info] > git rev-parse --show-toplevel [1ms]
2024-10-24 23:38:16.250 [info] > git status -z -uall [79ms]
2024-10-24 23:38:16.330 [info] > git for-each-ref --format=%(refname)%00%(upstream:short)%00%(objectname)%00%(upstream:track)%00%(upstream:remotename)%00%(upstream:remoteref) refs/heads/main refs/remotes/main [10ms]
2024-10-24 23:38:16.336 [info] > git rev-parse --show-toplevel [90ms]
2024-10-24 23:38:16.349 [info] > git config --local branch.main.vscode-merge-base [12ms]
2024-10-24 23:38:16.349 [warning] [Git][config] git config failed: Failed to execute git
2024-10-24 23:38:16.356 [info] > git config --get commit.template [27ms]
2024-10-24 23:38:16.357 [info] > git rev-parse --show-toplevel [9ms]
2024-10-24 23:38:16.400 [info] > git reflog main --grep-reflog=branch: Created from *. [45ms]
2024-10-24 23:38:16.641 [info] > git symbolic-ref --short refs/remotes/origin/HEAD [236ms]
2024-10-24 23:38:16.641 [info] fatal: ref refs/remotes/origin/HEAD is not a symbolic ref
2024-10-24 23:38:16.641 [warning] [Repository][getDefaultBranch] Failed to get default branch details: Failed to execute git.
2024-10-24 23:38:16.649 [info] > git rev-parse --show-toplevel [248ms]
2024-10-24 23:38:16.649 [info] > git for-each-ref --format=%(refname)%00%(upstream:short)%00%(objectname)%00%(upstream:track)%00%(upstream:remotename)%00%(upstream:remoteref) refs/heads/main refs/remotes/main [254ms]
2024-10-24 23:38:16.669 [info] > git check-ignore -v -z --stdin [12ms]
2024-10-24 23:38:16.670 [info] > git merge-base refs/heads/main refs/remotes/origin/main [23ms]
2024-10-24 23:38:16.678 [info] > git rev-parse --show-toplevel [9ms]
2024-10-24 23:38:16.687 [info] > git diff --name-status -z --diff-filter=ADMR bbced4127b79d12082f58d763a48fc32aa5dcb46...refs/remotes/origin/main [10ms]
2024-10-24 23:38:16.703 [info] > git rev-parse --show-toplevel [16ms]
2024-10-24 23:38:16.711 [info] > git for-each-ref --sort -committerdate --format %(refname) %(objectname) %(*objectname) [10ms]
2024-10-24 23:38:16.715 [info] > git rev-parse --show-toplevel [5ms]
2024-10-24 23:38:16.724 [info] > git rev-parse --show-toplevel [2ms]
2024-10-24 23:38:16.731 [info] > git rev-parse --show-toplevel [1ms]
2024-10-24 23:38:16.739 [info] > git rev-parse --show-toplevel [2ms]
2024-10-24 23:38:16.746 [info] > git rev-parse --show-toplevel [1ms]
2024-10-24 23:38:16.747 [info] [Model][doInitialScan] Initial repository scan completed - repositories (1), closed repositories (0), parent repositories (0), unsafe repositories (0)
2024-10-24 23:38:16.761 [info] > git show --textconv :wlogout/style.css [8ms]
2024-10-24 23:38:16.763 [info] > git ls-files --stage -- /home/Heryforce/.config/wlogout/style.css [4ms]
2024-10-24 23:38:16.772 [info] > git status -z -uall [78ms]
2024-10-24 23:38:16.799 [info] > git cat-file -s 9a5b99a719bac2bb6da5ac589483accfdb71f124 [29ms]
2024-10-24 23:38:24.715 [info] > git config --get commit.template [6ms]
2024-10-24 23:38:24.716 [info] > git for-each-ref --format=%(refname)%00%(upstream:short)%00%(objectname)%00%(upstream:track)%00%(upstream:remotename)%00%(upstream:remoteref) refs/heads/main refs/remotes/main [1ms]
2024-10-24 23:38:24.729 [info] > git for-each-ref --sort -committerdate --format %(refname) %(objectname) %(*objectname) [2ms]
2024-10-24 23:38:24.773 [info] > git status -z -uall [52ms]
2024-10-24 23:39:16.034 [info] > git config --get commit.template [2ms]
2024-10-24 23:39:16.040 [info] > git for-each-ref --format=%(refname)%00%(upstream:short)%00%(objectname)%00%(upstream:track)%00%(upstream:remotename)%00%(upstream:remoteref) refs/heads/main refs/remotes/main [2ms]
2024-10-24 23:39:16.053 [info] > git for-each-ref --sort -committerdate --format %(refname) %(objectname) %(*objectname) [1ms]
2024-10-24 23:39:16.101 [info] > git status -z -uall [55ms]
2024-10-24 23:39:29.732 [info] > git config --get commit.template [2ms]
2024-10-24 23:39:29.738 [info] > git for-each-ref --format=%(refname)%00%(upstream:short)%00%(objectname)%00%(upstream:track)%00%(upstream:remotename)%00%(upstream:remoteref) refs/heads/main refs/remotes/main [2ms]
2024-10-24 23:39:29.750 [info] > git for-each-ref --sort -committerdate --format %(refname) %(objectname) %(*objectname) [2ms]
2024-10-24 23:39:29.793 [info] > git status -z -uall [50ms]
