2024-10-23 22:36:12.517 [info] [main] Log level: Info
2024-10-23 22:36:12.517 [info] [main] Validating found git in: "git"
2024-10-23 22:36:12.517 [info] [main] Using git "2.47.0" from "git"
2024-10-23 22:36:12.517 [info] [Model][doInitialScan] Initial repository scan started
2024-10-23 22:36:12.517 [info] > git rev-parse --show-toplevel [3ms]
2024-10-23 22:36:12.517 [info] [Model][doInitialScan] Initial repository scan completed - repositories (0), closed repositories (0), parent repositories (1), unsafe repositories (0)
2024-10-23 22:36:18.704 [info] > git rev-parse --show-toplevel [7ms]
2024-10-23 22:36:18.730 [info] > git rev-parse --git-dir --git-common-dir [21ms]
2024-10-23 22:36:18.739 [info] [Model][openRepository] Opened repository: /home/Heryforce/.config
2024-10-23 22:36:18.749 [info] > git config --get commit.template [2ms]
2024-10-23 22:36:18.758 [info] > git for-each-ref --format=%(refname)%00%(upstream:short)%00%(objectname)%00%(upstream:track)%00%(upstream:remotename)%00%(upstream:remoteref) refs/heads/main refs/remotes/main [5ms]
2024-10-23 22:36:18.770 [info] > git for-each-ref --sort -committerdate --format %(refname) %(objectname) %(*objectname) [1ms]
2024-10-23 22:36:18.797 [info] > git status -z -uall [34ms]
2024-10-23 22:36:18.825 [info] > git for-each-ref --format=%(refname)%00%(upstream:short)%00%(objectname)%00%(upstream:track)%00%(upstream:remotename)%00%(upstream:remoteref) refs/heads/main refs/remotes/main [7ms]
2024-10-23 22:36:18.832 [info] > git config --local branch.main.vscode-merge-base [1ms]
2024-10-23 22:36:18.832 [warning] [Git][config] git config failed: Failed to execute git
2024-10-23 22:36:18.837 [info] > git config --get commit.template [13ms]
2024-10-23 22:36:18.914 [info] > git reflog main --grep-reflog=branch: Created from *. [77ms]
2024-10-23 22:36:18.923 [info] > git symbolic-ref --short refs/remotes/origin/HEAD [5ms]
2024-10-23 22:36:18.923 [info] fatal: ref refs/remotes/origin/HEAD is not a symbolic ref
2024-10-23 22:36:18.923 [warning] [Repository][getDefaultBranch] Failed to get default branch details: Failed to execute git.
2024-10-23 22:36:18.931 [info] > git merge-base refs/heads/main refs/remotes/origin/main [2ms]
2024-10-23 22:36:18.935 [info] > git for-each-ref --format=%(refname)%00%(upstream:short)%00%(objectname)%00%(upstream:track)%00%(upstream:remotename)%00%(upstream:remoteref) refs/heads/main refs/remotes/main [13ms]
2024-10-23 22:36:18.978 [info] > git diff --name-status -z --diff-filter=ADMR c5bb5ae41ce62af00852e928fe37f4e9bedd475a...refs/remotes/origin/main [43ms]
2024-10-23 22:36:18.994 [info] > git for-each-ref --sort -committerdate --format %(refname) %(objectname) %(*objectname) [2ms]
2024-10-23 22:36:19.008 [info] > git status -z -uall [20ms]
2024-10-23 22:36:19.267 [info] > git check-ignore -v -z --stdin [2ms]
2024-10-23 22:36:19.394 [info] > git show --textconv :hypr/hyprland.conf [9ms]
2024-10-23 22:36:19.395 [info] > git ls-files --stage -- /home/Heryforce/.config/hypr/hyprland.conf [2ms]
2024-10-23 22:36:19.401 [info] > git cat-file -s 64fafc78401fa4c992ae6e01dccafdf7ed55fae0 [1ms]
2024-10-23 22:36:21.037 [info] > git config --get commit.template [1ms]
2024-10-23 22:36:21.041 [info] > git for-each-ref --format=%(refname)%00%(upstream:short)%00%(objectname)%00%(upstream:track)%00%(upstream:remotename)%00%(upstream:remoteref) refs/heads/main refs/remotes/main [1ms]
2024-10-23 22:36:21.053 [info] > git for-each-ref --sort -committerdate --format %(refname) %(objectname) %(*objectname) [1ms]
2024-10-23 22:36:21.065 [info] > git status -z -uall [19ms]
2024-10-23 22:36:25.379 [info] > git check-ignore -v -z --stdin [2ms]
2024-10-23 22:36:26.083 [info] > git config --get commit.template [5ms]
2024-10-23 22:36:26.084 [info] > git for-each-ref --format=%(refname)%00%(upstream:short)%00%(objectname)%00%(upstream:track)%00%(upstream:remotename)%00%(upstream:remoteref) refs/heads/main refs/remotes/main [1ms]
2024-10-23 22:36:26.096 [info] > git for-each-ref --sort -committerdate --format %(refname) %(objectname) %(*objectname) [1ms]
2024-10-23 22:36:26.110 [info] > git status -z -uall [21ms]
2024-10-23 22:36:27.551 [info] > git log --format=%H%n%aN%n%aE%n%at%n%ct%n%P%n%D%n%B -z --shortstat --diff-merges=first-parent -n50 --skip=0 --topo-order --decorate=full --stdin [2798ms]
2024-10-23 22:36:31.134 [info] > git config --get commit.template [7ms]
2024-10-23 22:36:31.136 [info] > git for-each-ref --format=%(refname)%00%(upstream:short)%00%(objectname)%00%(upstream:track)%00%(upstream:remotename)%00%(upstream:remoteref) refs/heads/main refs/remotes/main [3ms]
2024-10-23 22:36:31.152 [info] > git for-each-ref --sort -committerdate --format %(refname) %(objectname) %(*objectname) [2ms]
2024-10-23 22:36:31.182 [info] > git status -z -uall [39ms]
2024-10-23 22:36:38.308 [info] [main] Log level: Info
2024-10-23 22:36:38.308 [info] [main] Validating found git in: "git"
2024-10-23 22:36:38.308 [info] [main] Using git "2.47.0" from "git"
2024-10-23 22:36:38.308 [info] [Model][doInitialScan] Initial repository scan started
2024-10-23 22:36:38.308 [info] > git rev-parse --show-toplevel [5ms]
2024-10-23 22:36:38.308 [info] > git rev-parse --git-dir --git-common-dir [1ms]
2024-10-23 22:36:38.317 [info] [Model][openRepository] Opened repository: /home/Heryforce/.config
2024-10-23 22:36:38.319 [info] [Model][doInitialScan] Initial repository scan completed - repositories (1), closed repositories (0), parent repositories (0), unsafe repositories (0)
2024-10-23 22:36:38.327 [info] > git config --get commit.template [3ms]
2024-10-23 22:36:38.335 [info] > git for-each-ref --format=%(refname)%00%(upstream:short)%00%(objectname)%00%(upstream:track)%00%(upstream:remotename)%00%(upstream:remoteref) refs/heads/main refs/remotes/main [2ms]
2024-10-23 22:36:38.376 [info] > git for-each-ref --sort -committerdate --format %(refname) %(objectname) %(*objectname) [1ms]
2024-10-23 22:36:38.392 [info] > git status -z -uall [23ms]
2024-10-23 22:36:38.502 [info] > git for-each-ref --format=%(refname)%00%(upstream:short)%00%(objectname)%00%(upstream:track)%00%(upstream:remotename)%00%(upstream:remoteref) refs/heads/main refs/remotes/main [85ms]
2024-10-23 22:36:38.508 [info] > git config --get commit.template [8ms]
2024-10-23 22:36:38.533 [info] > git config --local branch.main.vscode-merge-base [26ms]
2024-10-23 22:36:38.533 [warning] [Git][config] git config failed: Failed to execute git
2024-10-23 22:36:38.545 [info] > git reflog main --grep-reflog=branch: Created from *. [6ms]
2024-10-23 22:36:38.550 [info] > git symbolic-ref --short refs/remotes/origin/HEAD [1ms]
2024-10-23 22:36:38.550 [info] fatal: ref refs/remotes/origin/HEAD is not a symbolic ref
2024-10-23 22:36:38.550 [warning] [Repository][getDefaultBranch] Failed to get default branch details: Failed to execute git.
2024-10-23 22:36:38.555 [info] > git for-each-ref --format=%(refname)%00%(upstream:short)%00%(objectname)%00%(upstream:track)%00%(upstream:remotename)%00%(upstream:remoteref) refs/heads/main refs/remotes/main [10ms]
2024-10-23 22:36:38.556 [info] > git merge-base refs/heads/main refs/remotes/origin/main [2ms]
2024-10-23 22:36:38.561 [info] > git diff --name-status -z --diff-filter=ADMR c5bb5ae41ce62af00852e928fe37f4e9bedd475a...refs/remotes/origin/main [1ms]
2024-10-23 22:36:38.570 [info] > git for-each-ref --sort -committerdate --format %(refname) %(objectname) %(*objectname) [1ms]
2024-10-23 22:36:38.581 [info] > git status -z -uall [16ms]
2024-10-23 22:36:38.840 [info] > git check-ignore -v -z --stdin [3ms]
2024-10-23 22:36:40.632 [info] > git config --get commit.template [9ms]
2024-10-23 22:36:40.633 [info] > git for-each-ref --format=%(refname)%00%(upstream:short)%00%(objectname)%00%(upstream:track)%00%(upstream:remotename)%00%(upstream:remoteref) refs/heads/main refs/remotes/main [2ms]
2024-10-23 22:36:40.649 [info] > git for-each-ref --sort -committerdate --format %(refname) %(objectname) %(*objectname) [3ms]
2024-10-23 22:36:40.676 [info] > git status -z -uall [36ms]
2024-10-23 22:36:51.645 [info] [main] Log level: Info
2024-10-23 22:36:51.645 [info] [main] Validating found git in: "git"
2024-10-23 22:36:51.645 [info] [main] Using git "2.47.0" from "git"
2024-10-23 22:36:51.645 [info] [Model][doInitialScan] Initial repository scan started
2024-10-23 22:36:51.645 [info] > git rev-parse --show-toplevel [6ms]
2024-10-23 22:36:51.646 [info] > git rev-parse --git-dir --git-common-dir [1ms]
2024-10-23 22:36:51.654 [info] [Model][openRepository] Opened repository: /home/Heryforce/.config
2024-10-23 22:36:51.665 [info] > git config --get commit.template [3ms]
2024-10-23 22:36:51.704 [info] > git for-each-ref --format=%(refname)%00%(upstream:short)%00%(objectname)%00%(upstream:track)%00%(upstream:remotename)%00%(upstream:remoteref) refs/heads/main refs/remotes/main [14ms]
2024-10-23 22:36:51.718 [info] > git for-each-ref --sort -committerdate --format %(refname) %(objectname) %(*objectname) [2ms]
2024-10-23 22:36:51.725 [info] > git rev-parse --show-toplevel [1ms]
2024-10-23 22:36:51.729 [info] > git rev-parse --show-toplevel [1ms]
2024-10-23 22:36:51.736 [info] > git status -z -uall [24ms]
2024-10-23 22:36:51.837 [info] > git for-each-ref --format=%(refname)%00%(upstream:short)%00%(objectname)%00%(upstream:track)%00%(upstream:remotename)%00%(upstream:remoteref) refs/heads/main refs/remotes/main [76ms]
2024-10-23 22:36:51.842 [info] > git rev-parse --show-toplevel [109ms]
2024-10-23 22:36:51.876 [info] > git config --local branch.main.vscode-merge-base [34ms]
2024-10-23 22:36:51.876 [warning] [Git][config] git config failed: Failed to execute git
2024-10-23 22:36:51.880 [info] > git config --get commit.template [44ms]
2024-10-23 22:36:51.884 [info] > git reflog main --grep-reflog=branch: Created from *. [4ms]
2024-10-23 22:36:51.889 [info] > git rev-parse --show-toplevel [15ms]
2024-10-23 22:36:51.903 [info] > git symbolic-ref --short refs/remotes/origin/HEAD [14ms]
2024-10-23 22:36:51.903 [info] fatal: ref refs/remotes/origin/HEAD is not a symbolic ref
2024-10-23 22:36:51.903 [warning] [Repository][getDefaultBranch] Failed to get default branch details: Failed to execute git.
2024-10-23 22:36:51.909 [info] > git merge-base refs/heads/main refs/remotes/origin/main [1ms]
2024-10-23 22:36:51.913 [info] > git rev-parse --show-toplevel [14ms]
2024-10-23 22:36:51.913 [info] > git for-each-ref --format=%(refname)%00%(upstream:short)%00%(objectname)%00%(upstream:track)%00%(upstream:remotename)%00%(upstream:remoteref) refs/heads/main refs/remotes/main [18ms]
2024-10-23 22:36:51.919 [info] > git diff --name-status -z --diff-filter=ADMR c5bb5ae41ce62af00852e928fe37f4e9bedd475a...refs/remotes/origin/main [6ms]
2024-10-23 22:36:51.920 [info] > git rev-parse --show-toplevel [2ms]
2024-10-23 22:36:51.933 [info] > git rev-parse --show-toplevel [8ms]
2024-10-23 22:36:51.939 [info] > git for-each-ref --sort -committerdate --format %(refname) %(objectname) %(*objectname) [6ms]
2024-10-23 22:36:51.939 [info] > git rev-parse --show-toplevel [1ms]
2024-10-23 22:36:51.946 [info] > git rev-parse --show-toplevel [2ms]
2024-10-23 22:36:51.952 [info] > git rev-parse --show-toplevel [1ms]
2024-10-23 22:36:51.960 [info] > git rev-parse --show-toplevel [1ms]
2024-10-23 22:36:51.965 [info] > git status -z -uall [37ms]
2024-10-23 22:36:51.976 [info] > git rev-parse --show-toplevel [12ms]
2024-10-23 22:36:51.985 [info] > git rev-parse --show-toplevel [4ms]
2024-10-23 22:36:51.990 [info] > git rev-parse --show-toplevel [1ms]
2024-10-23 22:36:51.994 [info] > git rev-parse --show-toplevel [1ms]
2024-10-23 22:36:51.998 [info] > git rev-parse --show-toplevel [1ms]
2024-10-23 22:36:52.003 [info] > git rev-parse --show-toplevel [1ms]
2024-10-23 22:36:52.007 [info] > git rev-parse --show-toplevel [1ms]
2024-10-23 22:36:52.007 [info] [Model][doInitialScan] Initial repository scan completed - repositories (1), closed repositories (0), parent repositories (0), unsafe repositories (0)
2024-10-23 22:36:52.178 [info] > git check-ignore -v -z --stdin [2ms]
2024-10-23 22:36:53.959 [info] > git config --get commit.template [2ms]
2024-10-23 22:36:53.963 [info] > git for-each-ref --format=%(refname)%00%(upstream:short)%00%(objectname)%00%(upstream:track)%00%(upstream:remotename)%00%(upstream:remoteref) refs/heads/main refs/remotes/main [1ms]
2024-10-23 22:36:53.974 [info] > git for-each-ref --sort -committerdate --format %(refname) %(objectname) %(*objectname) [1ms]
2024-10-23 22:36:53.986 [info] > git status -z -uall [17ms]
2024-10-23 22:36:59.011 [info] > git config --get commit.template [8ms]
2024-10-23 22:36:59.013 [info] > git for-each-ref --format=%(refname)%00%(upstream:short)%00%(objectname)%00%(upstream:track)%00%(upstream:remotename)%00%(upstream:remoteref) refs/heads/main refs/remotes/main [3ms]
2024-10-23 22:36:59.026 [info] > git for-each-ref --sort -committerdate --format %(refname) %(objectname) %(*objectname) [1ms]
2024-10-23 22:36:59.039 [info] > git status -z -uall [20ms]
2024-10-23 22:37:04.064 [info] > git config --get commit.template [8ms]
2024-10-23 22:37:04.066 [info] > git for-each-ref --format=%(refname)%00%(upstream:short)%00%(objectname)%00%(upstream:track)%00%(upstream:remotename)%00%(upstream:remoteref) refs/heads/main refs/remotes/main [3ms]
2024-10-23 22:37:04.078 [info] > git for-each-ref --sort -committerdate --format %(refname) %(objectname) %(*objectname) [1ms]
2024-10-23 22:37:04.090 [info] > git status -z -uall [17ms]
2024-10-23 22:37:09.107 [info] > git config --get commit.template [1ms]
2024-10-23 22:37:09.115 [info] > git for-each-ref --format=%(refname)%00%(upstream:short)%00%(objectname)%00%(upstream:track)%00%(upstream:remotename)%00%(upstream:remoteref) refs/heads/main refs/remotes/main [3ms]
2024-10-23 22:37:09.129 [info] > git for-each-ref --sort -committerdate --format %(refname) %(objectname) %(*objectname) [2ms]
2024-10-23 22:37:09.144 [info] > git status -z -uall [24ms]
2024-10-23 22:37:14.172 [info] > git config --get commit.template [8ms]
2024-10-23 22:37:14.173 [info] > git for-each-ref --format=%(refname)%00%(upstream:short)%00%(objectname)%00%(upstream:track)%00%(upstream:remotename)%00%(upstream:remoteref) refs/heads/main refs/remotes/main [3ms]
2024-10-23 22:37:14.186 [info] > git for-each-ref --sort -committerdate --format %(refname) %(objectname) %(*objectname) [1ms]
2024-10-23 22:37:14.198 [info] > git status -z -uall [18ms]
2024-10-23 22:37:19.223 [info] > git config --get commit.template [5ms]
2024-10-23 22:37:19.224 [info] > git for-each-ref --format=%(refname)%00%(upstream:short)%00%(objectname)%00%(upstream:track)%00%(upstream:remotename)%00%(upstream:remoteref) refs/heads/main refs/remotes/main [3ms]
2024-10-23 22:37:19.240 [info] > git for-each-ref --sort -committerdate --format %(refname) %(objectname) %(*objectname) [1ms]
2024-10-23 22:37:19.256 [info] > git status -z -uall [24ms]
2024-10-23 22:37:24.278 [info] > git config --get commit.template [1ms]
2024-10-23 22:37:24.286 [info] > git for-each-ref --format=%(refname)%00%(upstream:short)%00%(objectname)%00%(upstream:track)%00%(upstream:remotename)%00%(upstream:remoteref) refs/heads/main refs/remotes/main [2ms]
2024-10-23 22:37:24.314 [info] > git for-each-ref --sort -committerdate --format %(refname) %(objectname) %(*objectname) [1ms]
2024-10-23 22:37:24.328 [info] > git status -z -uall [20ms]
2024-10-23 22:37:29.358 [info] > git config --get commit.template [5ms]
2024-10-23 22:37:29.359 [info] > git for-each-ref --format=%(refname)%00%(upstream:short)%00%(objectname)%00%(upstream:track)%00%(upstream:remotename)%00%(upstream:remoteref) refs/heads/main refs/remotes/main [2ms]
2024-10-23 22:37:29.394 [info] > git for-each-ref --sort -committerdate --format %(refname) %(objectname) %(*objectname) [1ms]
2024-10-23 22:37:29.406 [info] > git status -z -uall [18ms]
2024-10-23 22:37:34.433 [info] > git config --get commit.template [9ms]
2024-10-23 22:37:34.434 [info] > git for-each-ref --format=%(refname)%00%(upstream:short)%00%(objectname)%00%(upstream:track)%00%(upstream:remotename)%00%(upstream:remoteref) refs/heads/main refs/remotes/main [2ms]
2024-10-23 22:37:34.444 [info] > git for-each-ref --sort -committerdate --format %(refname) %(objectname) %(*objectname) [1ms]
2024-10-23 22:37:34.459 [info] > git status -z -uall [21ms]
2024-10-23 22:37:39.488 [info] > git config --get commit.template [8ms]
2024-10-23 22:37:39.490 [info] > git for-each-ref --format=%(refname)%00%(upstream:short)%00%(objectname)%00%(upstream:track)%00%(upstream:remotename)%00%(upstream:remoteref) refs/heads/main refs/remotes/main [3ms]
2024-10-23 22:37:39.505 [info] > git for-each-ref --sort -committerdate --format %(refname) %(objectname) %(*objectname) [2ms]
2024-10-23 22:37:39.520 [info] > git status -z -uall [23ms]
2024-10-23 22:37:44.538 [info] > git config --get commit.template [0ms]
2024-10-23 22:37:44.544 [info] > git for-each-ref --format=%(refname)%00%(upstream:short)%00%(objectname)%00%(upstream:track)%00%(upstream:remotename)%00%(upstream:remoteref) refs/heads/main refs/remotes/main [2ms]
2024-10-23 22:37:44.557 [info] > git for-each-ref --sort -committerdate --format %(refname) %(objectname) %(*objectname) [1ms]
2024-10-23 22:37:44.569 [info] > git status -z -uall [19ms]
2024-10-23 22:37:49.586 [info] > git config --get commit.template [5ms]
2024-10-23 22:37:49.587 [info] > git for-each-ref --format=%(refname)%00%(upstream:short)%00%(objectname)%00%(upstream:track)%00%(upstream:remotename)%00%(upstream:remoteref) refs/heads/main refs/remotes/main [2ms]
2024-10-23 22:37:49.598 [info] > git for-each-ref --sort -committerdate --format %(refname) %(objectname) %(*objectname) [1ms]
2024-10-23 22:37:49.610 [info] > git status -z -uall [17ms]
2024-10-23 22:37:54.626 [info] > git config --get commit.template [2ms]
2024-10-23 22:37:54.630 [info] > git for-each-ref --format=%(refname)%00%(upstream:short)%00%(objectname)%00%(upstream:track)%00%(upstream:remotename)%00%(upstream:remoteref) refs/heads/main refs/remotes/main [1ms]
2024-10-23 22:37:54.638 [info] > git for-each-ref --sort -committerdate --format %(refname) %(objectname) %(*objectname) [1ms]
2024-10-23 22:37:54.651 [info] > git status -z -uall [18ms]
2024-10-23 22:37:59.680 [info] > git config --get commit.template [8ms]
2024-10-23 22:37:59.681 [info] > git for-each-ref --format=%(refname)%00%(upstream:short)%00%(objectname)%00%(upstream:track)%00%(upstream:remotename)%00%(upstream:remoteref) refs/heads/main refs/remotes/main [2ms]
2024-10-23 22:37:59.719 [info] > git for-each-ref --sort -committerdate --format %(refname) %(objectname) %(*objectname) [2ms]
2024-10-23 22:37:59.732 [info] > git status -z -uall [20ms]
2024-10-23 22:38:04.751 [info] > git config --get commit.template [6ms]
2024-10-23 22:38:04.752 [info] > git for-each-ref --format=%(refname)%00%(upstream:short)%00%(objectname)%00%(upstream:track)%00%(upstream:remotename)%00%(upstream:remoteref) refs/heads/main refs/remotes/main [2ms]
2024-10-23 22:38:04.791 [info] > git for-each-ref --sort -committerdate --format %(refname) %(objectname) %(*objectname) [2ms]
2024-10-23 22:38:04.809 [info] > git status -z -uall [26ms]
2024-10-23 22:38:05.240 [info] > git check-ignore -v -z --stdin [2ms]
2024-10-23 22:38:06.509 [info] > git show --textconv :hypr/hyprland.conf [5ms]
2024-10-23 22:38:06.510 [info] > git ls-files --stage -- /home/Heryforce/.config/hypr/hyprland.conf [1ms]
2024-10-23 22:38:06.515 [info] > git cat-file -s 64fafc78401fa4c992ae6e01dccafdf7ed55fae0 [1ms]
2024-10-23 22:38:09.838 [info] > git config --get commit.template [8ms]
2024-10-23 22:38:09.839 [info] > git for-each-ref --format=%(refname)%00%(upstream:short)%00%(objectname)%00%(upstream:track)%00%(upstream:remotename)%00%(upstream:remoteref) refs/heads/main refs/remotes/main [2ms]
2024-10-23 22:38:09.847 [info] > git for-each-ref --sort -committerdate --format %(refname) %(objectname) %(*objectname) [1ms]
2024-10-23 22:38:09.859 [info] > git status -z -uall [17ms]
2024-10-23 22:38:14.873 [info] > git config --get commit.template [1ms]
2024-10-23 22:38:14.878 [info] > git for-each-ref --format=%(refname)%00%(upstream:short)%00%(objectname)%00%(upstream:track)%00%(upstream:remotename)%00%(upstream:remoteref) refs/heads/main refs/remotes/main [1ms]
2024-10-23 22:38:14.886 [info] > git for-each-ref --sort -committerdate --format %(refname) %(objectname) %(*objectname) [1ms]
2024-10-23 22:38:14.899 [info] > git status -z -uall [17ms]
2024-10-23 22:38:19.920 [info] > git config --get commit.template [7ms]
2024-10-23 22:38:19.922 [info] > git for-each-ref --format=%(refname)%00%(upstream:short)%00%(objectname)%00%(upstream:track)%00%(upstream:remotename)%00%(upstream:remoteref) refs/heads/main refs/remotes/main [2ms]
2024-10-23 22:38:19.937 [info] > git for-each-ref --sort -committerdate --format %(refname) %(objectname) %(*objectname) [2ms]
2024-10-23 22:38:19.953 [info] > git status -z -uall [24ms]
2024-10-23 22:38:25.246 [info] > git config --get commit.template [1ms]
2024-10-23 22:38:25.251 [info] > git for-each-ref --format=%(refname)%00%(upstream:short)%00%(objectname)%00%(upstream:track)%00%(upstream:remotename)%00%(upstream:remoteref) refs/heads/main refs/remotes/main [1ms]
2024-10-23 22:38:25.262 [info] > git for-each-ref --sort -committerdate --format %(refname) %(objectname) %(*objectname) [1ms]
2024-10-23 22:38:25.274 [info] > git status -z -uall [17ms]
2024-10-23 22:38:30.293 [info] > git config --get commit.template [1ms]
2024-10-23 22:38:30.302 [info] > git for-each-ref --format=%(refname)%00%(upstream:short)%00%(objectname)%00%(upstream:track)%00%(upstream:remotename)%00%(upstream:remoteref) refs/heads/main refs/remotes/main [3ms]
2024-10-23 22:38:30.314 [info] > git for-each-ref --sort -committerdate --format %(refname) %(objectname) %(*objectname) [1ms]
2024-10-23 22:38:30.326 [info] > git status -z -uall [17ms]
2024-10-23 22:38:35.345 [info] > git config --get commit.template [5ms]
2024-10-23 22:38:35.346 [info] > git for-each-ref --format=%(refname)%00%(upstream:short)%00%(objectname)%00%(upstream:track)%00%(upstream:remotename)%00%(upstream:remoteref) refs/heads/main refs/remotes/main [2ms]
2024-10-23 22:38:35.354 [info] > git for-each-ref --sort -committerdate --format %(refname) %(objectname) %(*objectname) [1ms]
2024-10-23 22:38:35.372 [info] > git status -z -uall [22ms]
2024-10-23 22:38:40.391 [info] > git config --get commit.template [1ms]
2024-10-23 22:38:40.398 [info] > git for-each-ref --format=%(refname)%00%(upstream:short)%00%(objectname)%00%(upstream:track)%00%(upstream:remotename)%00%(upstream:remoteref) refs/heads/main refs/remotes/main [1ms]
2024-10-23 22:38:40.410 [info] > git for-each-ref --sort -committerdate --format %(refname) %(objectname) %(*objectname) [1ms]
2024-10-23 22:38:40.424 [info] > git status -z -uall [21ms]
2024-10-23 22:38:45.447 [info] > git config --get commit.template [8ms]
2024-10-23 22:38:45.448 [info] > git for-each-ref --format=%(refname)%00%(upstream:short)%00%(objectname)%00%(upstream:track)%00%(upstream:remotename)%00%(upstream:remoteref) refs/heads/main refs/remotes/main [2ms]
2024-10-23 22:38:45.462 [info] > git for-each-ref --sort -committerdate --format %(refname) %(objectname) %(*objectname) [2ms]
2024-10-23 22:38:45.476 [info] > git status -z -uall [21ms]
2024-10-23 22:39:02.831 [info] > git config --get commit.template [2ms]
2024-10-23 22:39:02.837 [info] > git for-each-ref --format=%(refname)%00%(upstream:short)%00%(objectname)%00%(upstream:track)%00%(upstream:remotename)%00%(upstream:remoteref) refs/heads/main refs/remotes/main [1ms]
2024-10-23 22:39:02.847 [info] > git for-each-ref --sort -committerdate --format %(refname) %(objectname) %(*objectname) [2ms]
2024-10-23 22:39:02.860 [info] > git status -z -uall [18ms]
2024-10-23 22:39:07.881 [info] > git config --get commit.template [1ms]
2024-10-23 22:39:07.890 [info] > git for-each-ref --format=%(refname)%00%(upstream:short)%00%(objectname)%00%(upstream:track)%00%(upstream:remotename)%00%(upstream:remoteref) refs/heads/main refs/remotes/main [2ms]
2024-10-23 22:39:07.904 [info] > git for-each-ref --sort -committerdate --format %(refname) %(objectname) %(*objectname) [1ms]
2024-10-23 22:39:07.915 [info] > git status -z -uall [17ms]
2024-10-23 22:39:12.937 [info] > git config --get commit.template [5ms]
2024-10-23 22:39:12.938 [info] > git for-each-ref --format=%(refname)%00%(upstream:short)%00%(objectname)%00%(upstream:track)%00%(upstream:remotename)%00%(upstream:remoteref) refs/heads/main refs/remotes/main [2ms]
2024-10-23 22:39:12.954 [info] > git for-each-ref --sort -committerdate --format %(refname) %(objectname) %(*objectname) [2ms]
2024-10-23 22:39:12.969 [info] > git status -z -uall [23ms]
2024-10-23 22:39:17.988 [info] > git config --get commit.template [1ms]
2024-10-23 22:39:17.996 [info] > git for-each-ref --format=%(refname)%00%(upstream:short)%00%(objectname)%00%(upstream:track)%00%(upstream:remotename)%00%(upstream:remoteref) refs/heads/main refs/remotes/main [3ms]
2024-10-23 22:39:18.006 [info] > git for-each-ref --sort -committerdate --format %(refname) %(objectname) %(*objectname) [0ms]
2024-10-23 22:39:18.018 [info] > git status -z -uall [17ms]
2024-10-23 22:39:23.042 [info] > git config --get commit.template [7ms]
2024-10-23 22:39:23.044 [info] > git for-each-ref --format=%(refname)%00%(upstream:short)%00%(objectname)%00%(upstream:track)%00%(upstream:remotename)%00%(upstream:remoteref) refs/heads/main refs/remotes/main [3ms]
2024-10-23 22:39:23.057 [info] > git for-each-ref --sort -committerdate --format %(refname) %(objectname) %(*objectname) [1ms]
2024-10-23 22:39:23.070 [info] > git status -z -uall [19ms]
2024-10-23 22:39:28.098 [info] > git config --get commit.template [8ms]
2024-10-23 22:39:28.100 [info] > git for-each-ref --format=%(refname)%00%(upstream:short)%00%(objectname)%00%(upstream:track)%00%(upstream:remotename)%00%(upstream:remoteref) refs/heads/main refs/remotes/main [3ms]
2024-10-23 22:39:28.113 [info] > git for-each-ref --sort -committerdate --format %(refname) %(objectname) %(*objectname) [1ms]
2024-10-23 22:39:28.124 [info] > git status -z -uall [17ms]
2024-10-23 22:39:33.153 [info] > git config --get commit.template [9ms]
2024-10-23 22:39:33.154 [info] > git for-each-ref --format=%(refname)%00%(upstream:short)%00%(objectname)%00%(upstream:track)%00%(upstream:remotename)%00%(upstream:remoteref) refs/heads/main refs/remotes/main [2ms]
2024-10-23 22:39:33.188 [info] > git for-each-ref --sort -committerdate --format %(refname) %(objectname) %(*objectname) [1ms]
2024-10-23 22:39:33.199 [info] > git status -z -uall [16ms]
2024-10-23 22:39:38.220 [info] > git config --get commit.template [1ms]
2024-10-23 22:39:38.230 [info] > git for-each-ref --format=%(refname)%00%(upstream:short)%00%(objectname)%00%(upstream:track)%00%(upstream:remotename)%00%(upstream:remoteref) refs/heads/main refs/remotes/main [3ms]
2024-10-23 22:39:38.264 [info] > git for-each-ref --sort -committerdate --format %(refname) %(objectname) %(*objectname) [1ms]
2024-10-23 22:39:38.277 [info] > git status -z -uall [21ms]
2024-10-23 22:39:43.294 [info] > git config --get commit.template [1ms]
2024-10-23 22:39:43.302 [info] > git for-each-ref --format=%(refname)%00%(upstream:short)%00%(objectname)%00%(upstream:track)%00%(upstream:remotename)%00%(upstream:remoteref) refs/heads/main refs/remotes/main [3ms]
2024-10-23 22:39:43.333 [info] > git for-each-ref --sort -committerdate --format %(refname) %(objectname) %(*objectname) [1ms]
2024-10-23 22:39:43.346 [info] > git status -z -uall [19ms]
2024-10-23 22:39:48.369 [info] > git config --get commit.template [6ms]
2024-10-23 22:39:48.370 [info] > git for-each-ref --format=%(refname)%00%(upstream:short)%00%(objectname)%00%(upstream:track)%00%(upstream:remotename)%00%(upstream:remoteref) refs/heads/main refs/remotes/main [2ms]
2024-10-23 22:39:48.386 [info] > git for-each-ref --sort -committerdate --format %(refname) %(objectname) %(*objectname) [2ms]
2024-10-23 22:39:48.401 [info] > git status -z -uall [23ms]
2024-10-23 22:39:53.421 [info] > git config --get commit.template [8ms]
2024-10-23 22:39:53.423 [info] > git for-each-ref --format=%(refname)%00%(upstream:short)%00%(objectname)%00%(upstream:track)%00%(upstream:remotename)%00%(upstream:remoteref) refs/heads/main refs/remotes/main [3ms]
2024-10-23 22:39:53.437 [info] > git for-each-ref --sort -committerdate --format %(refname) %(objectname) %(*objectname) [2ms]
2024-10-23 22:39:53.452 [info] > git status -z -uall [23ms]
2024-10-23 22:39:58.481 [info] > git config --get commit.template [9ms]
2024-10-23 22:39:58.483 [info] > git for-each-ref --format=%(refname)%00%(upstream:short)%00%(objectname)%00%(upstream:track)%00%(upstream:remotename)%00%(upstream:remoteref) refs/heads/main refs/remotes/main [3ms]
2024-10-23 22:39:58.495 [info] > git for-each-ref --sort -committerdate --format %(refname) %(objectname) %(*objectname) [1ms]
2024-10-23 22:39:58.508 [info] > git status -z -uall [19ms]
2024-10-23 22:40:03.522 [info] > git config --get commit.template [1ms]
2024-10-23 22:40:03.526 [info] > git for-each-ref --format=%(refname)%00%(upstream:short)%00%(objectname)%00%(upstream:track)%00%(upstream:remotename)%00%(upstream:remoteref) refs/heads/main refs/remotes/main [1ms]
2024-10-23 22:40:03.535 [info] > git for-each-ref --sort -committerdate --format %(refname) %(objectname) %(*objectname) [1ms]
2024-10-23 22:40:03.545 [info] > git status -z -uall [15ms]
2024-10-23 22:40:32.839 [info] > git config --get commit.template [7ms]
2024-10-23 22:40:32.839 [info] > git for-each-ref --format=%(refname)%00%(upstream:short)%00%(objectname)%00%(upstream:track)%00%(upstream:remotename)%00%(upstream:remoteref) refs/heads/main refs/remotes/main [1ms]
2024-10-23 22:40:32.850 [info] > git for-each-ref --sort -committerdate --format %(refname) %(objectname) %(*objectname) [1ms]
2024-10-23 22:40:32.862 [info] > git status -z -uall [18ms]
2024-10-23 22:40:37.878 [info] > git config --get commit.template [1ms]
2024-10-23 22:40:37.883 [info] > git for-each-ref --format=%(refname)%00%(upstream:short)%00%(objectname)%00%(upstream:track)%00%(upstream:remotename)%00%(upstream:remoteref) refs/heads/main refs/remotes/main [1ms]
2024-10-23 22:40:37.892 [info] > git for-each-ref --sort -committerdate --format %(refname) %(objectname) %(*objectname) [2ms]
2024-10-23 22:40:37.904 [info] > git status -z -uall [18ms]
2024-10-23 22:40:42.929 [info] > git config --get commit.template [5ms]
2024-10-23 22:40:42.929 [info] > git for-each-ref --format=%(refname)%00%(upstream:short)%00%(objectname)%00%(upstream:track)%00%(upstream:remotename)%00%(upstream:remoteref) refs/heads/main refs/remotes/main [1ms]
2024-10-23 22:40:42.943 [info] > git for-each-ref --sort -committerdate --format %(refname) %(objectname) %(*objectname) [2ms]
2024-10-23 22:40:42.957 [info] > git status -z -uall [22ms]
2024-10-23 22:40:47.980 [info] > git config --get commit.template [7ms]
2024-10-23 22:40:47.981 [info] > git for-each-ref --format=%(refname)%00%(upstream:short)%00%(objectname)%00%(upstream:track)%00%(upstream:remotename)%00%(upstream:remoteref) refs/heads/main refs/remotes/main [2ms]
2024-10-23 22:40:47.997 [info] > git for-each-ref --sort -committerdate --format %(refname) %(objectname) %(*objectname) [2ms]
2024-10-23 22:40:48.011 [info] > git status -z -uall [21ms]
2024-10-23 22:40:53.029 [info] > git config --get commit.template [1ms]
2024-10-23 22:40:53.036 [info] > git for-each-ref --format=%(refname)%00%(upstream:short)%00%(objectname)%00%(upstream:track)%00%(upstream:remotename)%00%(upstream:remoteref) refs/heads/main refs/remotes/main [1ms]
2024-10-23 22:40:53.045 [info] > git for-each-ref --sort -committerdate --format %(refname) %(objectname) %(*objectname) [2ms]
2024-10-23 22:40:53.058 [info] > git status -z -uall [18ms]
2024-10-23 22:40:58.075 [info] > git config --get commit.template [1ms]
2024-10-23 22:40:58.083 [info] > git for-each-ref --format=%(refname)%00%(upstream:short)%00%(objectname)%00%(upstream:track)%00%(upstream:remotename)%00%(upstream:remoteref) refs/heads/main refs/remotes/main [2ms]
2024-10-23 22:40:58.096 [info] > git for-each-ref --sort -committerdate --format %(refname) %(objectname) %(*objectname) [1ms]
2024-10-23 22:40:58.112 [info] > git status -z -uall [22ms]
2024-10-23 22:41:03.135 [info] > git config --get commit.template [5ms]
2024-10-23 22:41:03.136 [info] > git for-each-ref --format=%(refname)%00%(upstream:short)%00%(objectname)%00%(upstream:track)%00%(upstream:remotename)%00%(upstream:remoteref) refs/heads/main refs/remotes/main [1ms]
2024-10-23 22:41:03.144 [info] > git for-each-ref --sort -committerdate --format %(refname) %(objectname) %(*objectname) [1ms]
2024-10-23 22:41:03.155 [info] > git status -z -uall [15ms]
2024-10-23 22:41:08.180 [info] > git config --get commit.template [8ms]
2024-10-23 22:41:08.182 [info] > git for-each-ref --format=%(refname)%00%(upstream:short)%00%(objectname)%00%(upstream:track)%00%(upstream:remotename)%00%(upstream:remoteref) refs/heads/main refs/remotes/main [3ms]
2024-10-23 22:41:08.216 [info] > git for-each-ref --sort -committerdate --format %(refname) %(objectname) %(*objectname) [1ms]
2024-10-23 22:41:08.227 [info] > git status -z -uall [17ms]
2024-10-23 22:41:13.243 [info] > git config --get commit.template [4ms]
2024-10-23 22:41:13.244 [info] > git for-each-ref --format=%(refname)%00%(upstream:short)%00%(objectname)%00%(upstream:track)%00%(upstream:remotename)%00%(upstream:remoteref) refs/heads/main refs/remotes/main [1ms]
2024-10-23 22:41:13.252 [info] > git for-each-ref --sort -committerdate --format %(refname) %(objectname) %(*objectname) [1ms]
2024-10-23 22:41:13.263 [info] > git status -z -uall [16ms]
2024-10-23 22:41:18.285 [info] > git config --get commit.template [6ms]
2024-10-23 22:41:18.286 [info] > git for-each-ref --format=%(refname)%00%(upstream:short)%00%(objectname)%00%(upstream:track)%00%(upstream:remotename)%00%(upstream:remoteref) refs/heads/main refs/remotes/main [2ms]
2024-10-23 22:41:18.300 [info] > git for-each-ref --sort -committerdate --format %(refname) %(objectname) %(*objectname) [2ms]
2024-10-23 22:41:18.313 [info] > git status -z -uall [21ms]
2024-10-23 22:41:47.593 [info] > git config --get commit.template [1ms]
2024-10-23 22:41:47.598 [info] > git for-each-ref --format=%(refname)%00%(upstream:short)%00%(objectname)%00%(upstream:track)%00%(upstream:remotename)%00%(upstream:remoteref) refs/heads/main refs/remotes/main [1ms]
2024-10-23 22:41:47.608 [info] > git for-each-ref --sort -committerdate --format %(refname) %(objectname) %(*objectname) [1ms]
2024-10-23 22:41:47.620 [info] > git status -z -uall [18ms]
2024-10-23 22:42:16.262 [info] > git config --get commit.template [6ms]
2024-10-23 22:42:16.262 [info] > git for-each-ref --format=%(refname)%00%(upstream:short)%00%(objectname)%00%(upstream:track)%00%(upstream:remotename)%00%(upstream:remoteref) refs/heads/main refs/remotes/main [1ms]
2024-10-23 22:42:16.273 [info] > git for-each-ref --sort -committerdate --format %(refname) %(objectname) %(*objectname) [1ms]
2024-10-23 22:42:16.286 [info] > git status -z -uall [19ms]
2024-10-23 22:42:30.486 [info] > git config --get commit.template [6ms]
2024-10-23 22:42:30.487 [info] > git for-each-ref --format=%(refname)%00%(upstream:short)%00%(objectname)%00%(upstream:track)%00%(upstream:remotename)%00%(upstream:remoteref) refs/heads/main refs/remotes/main [1ms]
2024-10-23 22:42:30.498 [info] > git for-each-ref --sort -committerdate --format %(refname) %(objectname) %(*objectname) [1ms]
2024-10-23 22:42:30.512 [info] > git status -z -uall [20ms]
2024-10-23 22:42:35.531 [info] > git config --get commit.template [1ms]
2024-10-23 22:42:35.541 [info] > git for-each-ref --format=%(refname)%00%(upstream:short)%00%(objectname)%00%(upstream:track)%00%(upstream:remotename)%00%(upstream:remoteref) refs/heads/main refs/remotes/main [2ms]
2024-10-23 22:42:35.570 [info] > git for-each-ref --sort -committerdate --format %(refname) %(objectname) %(*objectname) [2ms]
2024-10-23 22:42:35.585 [info] > git status -z -uall [23ms]
2024-10-23 22:42:40.610 [info] > git config --get commit.template [6ms]
2024-10-23 22:42:40.611 [info] > git for-each-ref --format=%(refname)%00%(upstream:short)%00%(objectname)%00%(upstream:track)%00%(upstream:remotename)%00%(upstream:remoteref) refs/heads/main refs/remotes/main [2ms]
2024-10-23 22:42:40.627 [info] > git for-each-ref --sort -committerdate --format %(refname) %(objectname) %(*objectname) [2ms]
2024-10-23 22:42:40.641 [info] > git status -z -uall [22ms]
2024-10-23 22:42:45.657 [info] > git config --get commit.template [1ms]
2024-10-23 22:42:45.667 [info] > git for-each-ref --format=%(refname)%00%(upstream:short)%00%(objectname)%00%(upstream:track)%00%(upstream:remotename)%00%(upstream:remoteref) refs/heads/main refs/remotes/main [2ms]
2024-10-23 22:42:45.694 [info] > git for-each-ref --sort -committerdate --format %(refname) %(objectname) %(*objectname) [1ms]
2024-10-23 22:42:45.705 [info] > git status -z -uall [17ms]
2024-10-23 22:42:50.730 [info] > git config --get commit.template [9ms]
2024-10-23 22:42:50.731 [info] > git for-each-ref --format=%(refname)%00%(upstream:short)%00%(objectname)%00%(upstream:track)%00%(upstream:remotename)%00%(upstream:remoteref) refs/heads/main refs/remotes/main [2ms]
2024-10-23 22:42:50.747 [info] > git for-each-ref --sort -committerdate --format %(refname) %(objectname) %(*objectname) [2ms]
2024-10-23 22:42:50.762 [info] > git status -z -uall [23ms]
2024-10-23 22:42:55.787 [info] > git config --get commit.template [9ms]
2024-10-23 22:42:55.789 [info] > git for-each-ref --format=%(refname)%00%(upstream:short)%00%(objectname)%00%(upstream:track)%00%(upstream:remotename)%00%(upstream:remoteref) refs/heads/main refs/remotes/main [3ms]
2024-10-23 22:42:55.802 [info] > git for-each-ref --sort -committerdate --format %(refname) %(objectname) %(*objectname) [1ms]
2024-10-23 22:42:55.815 [info] > git status -z -uall [19ms]
2024-10-23 22:43:00.837 [info] > git config --get commit.template [8ms]
2024-10-23 22:43:00.839 [info] > git for-each-ref --format=%(refname)%00%(upstream:short)%00%(objectname)%00%(upstream:track)%00%(upstream:remotename)%00%(upstream:remoteref) refs/heads/main refs/remotes/main [3ms]
2024-10-23 22:43:00.848 [info] > git for-each-ref --sort -committerdate --format %(refname) %(objectname) %(*objectname) [1ms]
2024-10-23 22:43:00.858 [info] > git status -z -uall [15ms]
2024-10-23 22:43:05.871 [info] > git config --get commit.template [1ms]
2024-10-23 22:43:05.876 [info] > git for-each-ref --format=%(refname)%00%(upstream:short)%00%(objectname)%00%(upstream:track)%00%(upstream:remotename)%00%(upstream:remoteref) refs/heads/main refs/remotes/main [2ms]
2024-10-23 22:43:05.885 [info] > git for-each-ref --sort -committerdate --format %(refname) %(objectname) %(*objectname) [1ms]
2024-10-23 22:43:05.896 [info] > git status -z -uall [16ms]
2024-10-23 22:43:10.922 [info] > git config --get commit.template [7ms]
2024-10-23 22:43:10.924 [info] > git for-each-ref --format=%(refname)%00%(upstream:short)%00%(objectname)%00%(upstream:track)%00%(upstream:remotename)%00%(upstream:remoteref) refs/heads/main refs/remotes/main [2ms]
2024-10-23 22:43:10.937 [info] > git for-each-ref --sort -committerdate --format %(refname) %(objectname) %(*objectname) [1ms]
2024-10-23 22:43:10.948 [info] > git status -z -uall [17ms]
2024-10-23 22:43:34.556 [info] > git config --get commit.template [1ms]
2024-10-23 22:43:34.562 [info] > git for-each-ref --format=%(refname)%00%(upstream:short)%00%(objectname)%00%(upstream:track)%00%(upstream:remotename)%00%(upstream:remoteref) refs/heads/main refs/remotes/main [1ms]
2024-10-23 22:43:34.572 [info] > git for-each-ref --sort -committerdate --format %(refname) %(objectname) %(*objectname) [1ms]
2024-10-23 22:43:34.583 [info] > git status -z -uall [17ms]
2024-10-23 22:43:39.604 [info] > git config --get commit.template [5ms]
2024-10-23 22:43:39.605 [info] > git for-each-ref --format=%(refname)%00%(upstream:short)%00%(objectname)%00%(upstream:track)%00%(upstream:remotename)%00%(upstream:remoteref) refs/heads/main refs/remotes/main [1ms]
2024-10-23 22:43:39.618 [info] > git for-each-ref --sort -committerdate --format %(refname) %(objectname) %(*objectname) [2ms]
2024-10-23 22:43:39.630 [info] > git status -z -uall [20ms]
2024-10-23 22:43:44.652 [info] > git config --get commit.template [7ms]
2024-10-23 22:43:44.654 [info] > git for-each-ref --format=%(refname)%00%(upstream:short)%00%(objectname)%00%(upstream:track)%00%(upstream:remotename)%00%(upstream:remoteref) refs/heads/main refs/remotes/main [3ms]
2024-10-23 22:43:44.665 [info] > git for-each-ref --sort -committerdate --format %(refname) %(objectname) %(*objectname) [1ms]
2024-10-23 22:43:44.676 [info] > git status -z -uall [17ms]
2024-10-23 22:43:49.700 [info] > git config --get commit.template [8ms]
2024-10-23 22:43:49.702 [info] > git for-each-ref --format=%(refname)%00%(upstream:short)%00%(objectname)%00%(upstream:track)%00%(upstream:remotename)%00%(upstream:remoteref) refs/heads/main refs/remotes/main [3ms]
2024-10-23 22:43:49.714 [info] > git for-each-ref --sort -committerdate --format %(refname) %(objectname) %(*objectname) [1ms]
2024-10-23 22:43:49.725 [info] > git status -z -uall [16ms]
2024-10-23 22:43:54.750 [info] > git config --get commit.template [7ms]
2024-10-23 22:43:54.752 [info] > git for-each-ref --format=%(refname)%00%(upstream:short)%00%(objectname)%00%(upstream:track)%00%(upstream:remotename)%00%(upstream:remoteref) refs/heads/main refs/remotes/main [3ms]
2024-10-23 22:43:54.763 [info] > git for-each-ref --sort -committerdate --format %(refname) %(objectname) %(*objectname) [1ms]
2024-10-23 22:43:54.774 [info] > git status -z -uall [17ms]
