2024-10-23 23:18:28.420 [info] Extension host with pid 20726 started
2024-10-23 23:18:28.420 [info] Skipping acquiring lock for /home/Heryforce/.config/VSCodium/User/workspaceStorage/1cda70b88a7f9558a940c4a576b54b94.
2024-10-23 23:18:28.629 [info] ExtensionService#_doActivateExtension vscode.emmet, startup: false, activationEvent: 'onLanguage'
2024-10-23 23:18:28.653 [info] ExtensionService#_doActivateExtension vscode.css-language-features, startup: false, activationEvent: 'onLanguage:css'
2024-10-23 23:18:29.132 [info] ExtensionService#_doActivateExtension vscode.git-base, startup: true, activationEvent: '*', root cause: vscode.git
2024-10-23 23:18:29.136 [info] ExtensionService#_doActivateExtension vscode.git, startup: true, activationEvent: '*'
2024-10-23 23:18:29.190 [info] ExtensionService#_doActivateExtension vscode.github, startup: true, activationEvent: '*'
2024-10-23 23:18:29.238 [info] Eager extensions activated
2024-10-23 23:18:29.279 [info] ExtensionService#_doActivateExtension vscode.debug-auto-launch, startup: false, activationEvent: 'onStartupFinished'
2024-10-23 23:18:29.281 [info] ExtensionService#_doActivateExtension vscode.merge-conflict, startup: false, activationEvent: 'onStartupFinished'
2024-10-23 23:18:29.382 [warning] [Decorations] CAPPING events from decorations provider vscode.git 393
2024-10-23 23:18:29.466 [info] ExtensionService#_doActivateExtension vscode.github-authentication, startup: false, activationEvent: 'onAuthenticationRequest:github'
2024-10-23 23:18:29.562 [warning] [Decorations] CAPPING events from decorations provider vscode.git 394
2024-10-23 23:18:31.883 [warning] [Decorations] CAPPING events from decorations provider vscode.git 394
2024-10-23 23:18:36.929 [warning] [Decorations] CAPPING events from decorations provider vscode.git 394
2024-10-23 23:20:18.679 [warning] [Decorations] CAPPING events from decorations provider vscode.git 423
2024-10-23 23:20:23.743 [warning] [Decorations] CAPPING events from decorations provider vscode.git 421
2024-10-23 23:20:25.284 [info] ExtensionService#_doActivateExtension vscode.configuration-editing, startup: false, activationEvent: 'onLanguage:jsonc'
2024-10-23 23:20:25.297 [info] ExtensionService#_doActivateExtension vscode.json-language-features, startup: false, activationEvent: 'onLanguage:jsonc'
2024-10-23 23:20:25.366 [info] ExtensionService#_doActivateExtension vscode.typescript-language-features, startup: false, activationEvent: 'onLanguage:jsonc'
