2024-10-17T23:18:06.126Z 0: 

----------------------------------------------
2024-10-17T23:18:06.129Z 1: Discord starting: {"releaseChannel":"stable","version":"0.0.71"}, modulepath: /home/Heryforce/.config/discord/0.0.71/modules
2024-10-17T23:18:06.132Z 2: ✅ webContents.created web1 ""
2024-10-17T23:18:06.135Z 3: ✅ window.created win1 "discord"
2024-10-17T23:18:06.403Z 4: ✅ webContents.did-finish-load web1
2024-10-17T23:18:12.247Z 5: ✅ webContents.created web2 ""
2024-10-17T23:18:12.252Z 6: ✅ window.created win2 "Discord"
2024-10-17T23:18:13.730Z 7: ✅ webContents.did-finish-load web2
2024-10-17T23:18:13.831Z 8: window.close win1
2024-10-17T23:18:13.854Z 9: webContents.destroyed web1
2024-10-17T23:18:13.857Z 10: window.closed win1
2024-10-17T23:18:48.489Z 11: ✅ webContents.did-finish-load web2
2024-10-17T23:19:51.643Z 12: before-quit
2024-10-17T23:19:51.646Z 13: window.close win2
2024-10-17T23:19:51.704Z 14: webContents.destroyed web2
2024-10-17T23:19:56.348Z 0: 

----------------------------------------------
2024-10-17T23:19:56.360Z 1: Discord starting: {"releaseChannel":"stable","version":"0.0.71"}, modulepath: /home/Heryforce/.config/discord/0.0.71/modules
2024-10-17T23:19:56.365Z 2: ✅ webContents.created web1 ""
2024-10-17T23:19:56.368Z 3: ✅ window.created win1 "discord"
2024-10-17T23:19:56.499Z 4: ✅ webContents.did-finish-load web1
2024-10-17T23:19:56.894Z 5: ✅ webContents.created web2 ""
2024-10-17T23:19:56.899Z 6: ✅ window.created win2 "Discord"
2024-10-17T23:19:58.467Z 7: ✅ webContents.did-finish-load web2
2024-10-17T23:19:58.567Z 8: window.close win1
2024-10-17T23:19:58.574Z 9: webContents.destroyed web1
2024-10-17T23:19:58.577Z 10: window.closed win1
2024-10-17T23:19:59.965Z 11: ✅ webContents.did-finish-load web2
2024-10-17T23:20:06.060Z 12: before-quit
2024-10-17T23:20:06.064Z 13: window.close win2
2024-10-17T23:20:06.075Z 14: webContents.destroyed web2
2024-10-17T23:21:22.063Z 0: 

----------------------------------------------
2024-10-17T23:21:22.071Z 1: Discord starting: {"releaseChannel":"stable","version":"0.0.71"}, modulepath: /home/Heryforce/.config/discord/0.0.71/modules
2024-10-17T23:21:22.076Z 2: ✅ webContents.created web1 ""
2024-10-17T23:21:22.079Z 3: ✅ window.created win1 "discord"
2024-10-17T23:21:22.249Z 4: ✅ webContents.did-finish-load web1
2024-10-17T23:21:22.600Z 5: ✅ webContents.created web2 ""
2024-10-17T23:21:22.603Z 6: ✅ window.created win2 "Discord"
2024-10-17T23:21:24.251Z 7: ✅ webContents.did-finish-load web2
2024-10-17T23:21:24.353Z 8: window.close win1
2024-10-17T23:21:24.361Z 9: webContents.destroyed web1
2024-10-17T23:21:24.364Z 10: window.closed win1
2024-10-17T23:24:27.331Z 11: before-quit
2024-10-17T23:24:27.336Z 12: window.close win2
2024-10-17T23:24:27.364Z 13: webContents.destroyed web2
2024-10-17T23:27:02.172Z 0: 

----------------------------------------------
2024-10-17T23:27:02.182Z 1: Discord starting: {"releaseChannel":"stable","version":"0.0.71"}, modulepath: /home/Heryforce/.config/discord/0.0.71/modules
2024-10-17T23:27:02.186Z 2: ✅ webContents.created web1 ""
2024-10-17T23:27:02.188Z 3: ✅ window.created win1 "discord"
2024-10-17T23:27:02.437Z 4: ✅ webContents.did-finish-load web1
2024-10-17T23:27:02.840Z 5: ✅ webContents.created web2 ""
2024-10-17T23:27:02.850Z 6: ✅ window.created win2 "Discord"
2024-10-17T23:27:04.945Z 7: ✅ webContents.did-finish-load web2
2024-10-17T23:27:05.046Z 8: window.close win1
2024-10-17T23:27:05.075Z 9: webContents.destroyed web1
2024-10-17T23:27:05.079Z 10: window.closed win1
2024-10-17T23:27:09.277Z 11: before-quit
2024-10-17T23:27:09.281Z 12: window.close win2
2024-10-17T23:27:09.297Z 13: webContents.destroyed web2
2024-10-17T23:27:17.833Z 0: 

----------------------------------------------
2024-10-17T23:27:17.846Z 1: Discord starting: {"releaseChannel":"stable","version":"0.0.71"}, modulepath: /home/Heryforce/.config/discord/0.0.71/modules
2024-10-17T23:27:17.849Z 2: ✅ webContents.created web1 ""
2024-10-17T23:27:17.852Z 3: ✅ window.created win1 "discord"
2024-10-17T23:27:18.024Z 4: ✅ webContents.did-finish-load web1
2024-10-17T23:27:18.376Z 5: ✅ webContents.created web2 ""
2024-10-17T23:27:18.380Z 6: ✅ window.created win2 "Discord"
2024-10-17T23:27:20.331Z 7: ✅ webContents.did-finish-load web2
2024-10-17T23:27:20.432Z 8: window.close win1
2024-10-17T23:27:20.442Z 9: webContents.destroyed web1
2024-10-17T23:27:20.445Z 10: window.closed win1
2024-10-17T23:27:35.683Z 11: before-quit
2024-10-17T23:27:35.689Z 12: window.close win2
2024-10-17T23:27:35.720Z 13: webContents.destroyed web2
