2024-10-27 22:15:49.143 [info] Extension host with pid 30699 started
2024-10-27 22:15:49.143 [info] Skipping acquiring lock for /home/Heryforce/.config/VSCodium/User/workspaceStorage/1cda70b88a7f9558a940c4a576b54b94.
2024-10-27 22:15:49.243 [info] ExtensionService#_doActivateExtension vscode.emmet, startup: false, activationEvent: 'onLanguage'
2024-10-27 22:15:49.267 [info] ExtensionService#_doActivateExtension vscode.css-language-features, startup: false, activationEvent: 'onLanguage:css'
2024-10-27 22:15:49.882 [info] ExtensionService#_doActivateExtension vscode.git-base, startup: true, activationEvent: '*', root cause: vscode.git
2024-10-27 22:15:49.906 [info] ExtensionService#_doActivateExtension vscode.git, startup: true, activationEvent: '*'
2024-10-27 22:15:49.995 [info] ExtensionService#_doActivateExtension vscode.github, startup: true, activationEvent: '*'
2024-10-27 22:15:50.079 [info] Eager extensions activated
2024-10-27 22:15:50.116 [info] ExtensionService#_doActivateExtension vscode.debug-auto-launch, startup: false, activationEvent: 'onStartupFinished'
2024-10-27 22:15:50.118 [info] ExtensionService#_doActivateExtension vscode.merge-conflict, startup: false, activationEvent: 'onStartupFinished'
2024-10-27 22:15:50.336 [warning] [Decorations] CAPPING events from decorations provider vscode.git 1816
2024-10-27 22:15:50.391 [info] ExtensionService#_doActivateExtension vscode.github-authentication, startup: false, activationEvent: 'onAuthenticationRequest:github'
2024-10-27 22:15:50.739 [warning] [Decorations] CAPPING events from decorations provider vscode.git 1818
2024-10-27 22:15:57.292 [warning] [Decorations] CAPPING events from decorations provider vscode.git 1874
2024-10-27 22:16:02.368 [warning] [Decorations] CAPPING events from decorations provider vscode.git 1873
2024-10-27 22:16:07.444 [warning] [Decorations] CAPPING events from decorations provider vscode.git 1858
2024-10-27 22:16:12.512 [warning] [Decorations] CAPPING events from decorations provider vscode.git 1858
2024-10-27 22:16:17.578 [warning] [Decorations] CAPPING events from decorations provider vscode.git 1858
2024-10-27 22:16:22.651 [warning] [Decorations] CAPPING events from decorations provider vscode.git 1858
2024-10-27 22:16:27.720 [warning] [Decorations] CAPPING events from decorations provider vscode.git 1857
2024-10-27 22:16:32.824 [warning] [Decorations] CAPPING events from decorations provider vscode.git 1857
2024-10-27 22:16:37.901 [warning] [Decorations] CAPPING events from decorations provider vscode.git 1858
2024-10-27 22:16:42.977 [warning] [Decorations] CAPPING events from decorations provider vscode.git 1858
