2024-10-29 19:51:56.599 [info] Extension host with pid 5492 started
2024-10-29 19:51:56.599 [info] Skipping acquiring lock for /home/Heryforce/.config/VSCodium/User/workspaceStorage/1cda70b88a7f9558a940c4a576b54b94.
2024-10-29 19:51:56.769 [info] ExtensionService#_doActivateExtension vscode.emmet, startup: false, activationEvent: 'onLanguage'
2024-10-29 19:51:56.940 [info] ExtensionService#_doActivateExtension vscode.git-base, startup: true, activationEvent: '*', root cause: vscode.git
2024-10-29 19:51:56.987 [info] ExtensionService#_doActivateExtension vscode.git, startup: true, activationEvent: '*'
2024-10-29 19:51:57.084 [info] ExtensionService#_doActivateExtension vscode.github, startup: true, activationEvent: '*'
2024-10-29 19:51:57.178 [info] Eager extensions activated
2024-10-29 19:51:57.242 [info] ExtensionService#_doActivateExtension vscode.debug-auto-launch, startup: false, activationEvent: 'onStartupFinished'
2024-10-29 19:51:57.245 [info] ExtensionService#_doActivateExtension vscode.merge-conflict, startup: false, activationEvent: 'onStartupFinished'
2024-10-29 19:51:57.447 [warning] [Decorations] CAPPING events from decorations provider vscode.git 2525
2024-10-29 19:51:58.002 [info] ExtensionService#_doActivateExtension vscode.github-authentication, startup: false, activationEvent: 'onAuthenticationRequest:github'
2024-10-29 19:51:58.096 [warning] [Decorations] CAPPING events from decorations provider vscode.git 2549
2024-10-29 19:52:02.596 [warning] [Decorations] CAPPING events from decorations provider vscode.git 2601
2024-10-29 19:52:07.807 [warning] [Decorations] CAPPING events from decorations provider vscode.git 2601
2024-10-29 19:52:12.897 [warning] [Decorations] CAPPING events from decorations provider vscode.git 2585
2024-10-29 19:52:17.978 [warning] [Decorations] CAPPING events from decorations provider vscode.git 2585
2024-10-29 19:52:23.057 [warning] [Decorations] CAPPING events from decorations provider vscode.git 2585
2024-10-29 19:52:28.143 [warning] [Decorations] CAPPING events from decorations provider vscode.git 2585
2024-10-29 19:52:41.250 [warning] [Decorations] CAPPING events from decorations provider vscode.git 2583
2024-10-29 19:52:47.964 [warning] [Decorations] CAPPING events from decorations provider vscode.git 2583
2024-10-29 19:52:53.039 [warning] [Decorations] CAPPING events from decorations provider vscode.git 2583
2024-10-29 19:52:58.127 [warning] [Decorations] CAPPING events from decorations provider vscode.git 2583
2024-10-29 19:53:03.213 [warning] [Decorations] CAPPING events from decorations provider vscode.git 2589
2024-10-29 19:53:08.304 [warning] [Decorations] CAPPING events from decorations provider vscode.git 2589
2024-10-29 19:53:13.378 [warning] [Decorations] CAPPING events from decorations provider vscode.git 2589
2024-10-29 19:53:18.461 [warning] [Decorations] CAPPING events from decorations provider vscode.git 2589
2024-10-29 19:53:23.544 [warning] [Decorations] CAPPING events from decorations provider vscode.git 2589
2024-10-29 19:53:28.622 [warning] [Decorations] CAPPING events from decorations provider vscode.git 2589
2024-10-29 19:53:33.708 [warning] [Decorations] CAPPING events from decorations provider vscode.git 2589
2024-10-29 19:53:38.790 [warning] [Decorations] CAPPING events from decorations provider vscode.git 2588
2024-10-29 19:53:43.872 [warning] [Decorations] CAPPING events from decorations provider vscode.git 2588
2024-10-29 19:53:48.966 [warning] [Decorations] CAPPING events from decorations provider vscode.git 2588
2024-10-29 19:53:54.053 [warning] [Decorations] CAPPING events from decorations provider vscode.git 2588
2024-10-29 19:53:56.232 [info] ExtensionService#_doActivateExtension vscode.css-language-features, startup: false, activationEvent: 'onLanguage:css'
2024-10-29 19:53:57.408 [info] ExtensionService#_doActivateExtension vscode.configuration-editing, startup: false, activationEvent: 'onLanguage:jsonc'
2024-10-29 19:53:57.422 [info] ExtensionService#_doActivateExtension vscode.json-language-features, startup: false, activationEvent: 'onLanguage:jsonc'
2024-10-29 19:53:57.476 [info] ExtensionService#_doActivateExtension vscode.typescript-language-features, startup: false, activationEvent: 'onLanguage:jsonc'
2024-10-29 19:53:59.161 [warning] [Decorations] CAPPING events from decorations provider vscode.git 2589
2024-10-29 19:54:04.249 [warning] [Decorations] CAPPING events from decorations provider vscode.git 2589
2024-10-29 19:54:09.330 [warning] [Decorations] CAPPING events from decorations provider vscode.git 2589
2024-10-29 19:54:14.413 [warning] [Decorations] CAPPING events from decorations provider vscode.git 2589
2024-10-29 19:54:19.495 [warning] [Decorations] CAPPING events from decorations provider vscode.git 2589
2024-10-29 19:54:24.605 [warning] [Decorations] CAPPING events from decorations provider vscode.git 2589
2024-10-29 19:54:29.690 [warning] [Decorations] CAPPING events from decorations provider vscode.git 2589
2024-10-29 19:54:34.775 [warning] [Decorations] CAPPING events from decorations provider vscode.git 2589
2024-10-29 19:54:39.879 [warning] [Decorations] CAPPING events from decorations provider vscode.git 2589
2024-10-29 19:54:44.974 [warning] [Decorations] CAPPING events from decorations provider vscode.git 2589
2024-10-29 19:54:50.056 [warning] [Decorations] CAPPING events from decorations provider vscode.git 2589
2024-10-29 19:54:55.146 [warning] [Decorations] CAPPING events from decorations provider vscode.git 2589
2024-10-29 19:55:00.245 [warning] [Decorations] CAPPING events from decorations provider vscode.git 2589
2024-10-29 19:55:05.331 [warning] [Decorations] CAPPING events from decorations provider vscode.git 2589
2024-10-29 19:55:10.411 [warning] [Decorations] CAPPING events from decorations provider vscode.git 2589
2024-10-29 19:55:15.500 [warning] [Decorations] CAPPING events from decorations provider vscode.git 2589
2024-10-29 19:55:20.583 [warning] [Decorations] CAPPING events from decorations provider vscode.git 2590
2024-10-29 19:55:25.666 [warning] [Decorations] CAPPING events from decorations provider vscode.git 2590
2024-10-29 19:55:30.755 [warning] [Decorations] CAPPING events from decorations provider vscode.git 2590
2024-10-29 19:55:35.831 [warning] [Decorations] CAPPING events from decorations provider vscode.git 2590
2024-10-29 19:55:40.907 [warning] [Decorations] CAPPING events from decorations provider vscode.git 2590
2024-10-29 19:55:45.994 [warning] [Decorations] CAPPING events from decorations provider vscode.git 2590
2024-10-29 19:55:51.077 [warning] [Decorations] CAPPING events from decorations provider vscode.git 2590
2024-10-29 19:55:56.148 [warning] [Decorations] CAPPING events from decorations provider vscode.git 2589
2024-10-29 19:56:01.231 [warning] [Decorations] CAPPING events from decorations provider vscode.git 2589
