2024-10-29 19:56:56.413 [info] [main] Log level: Info
2024-10-29 19:56:56.413 [info] [main] Validating found git in: "git"
2024-10-29 19:56:56.413 [info] [main] Using git "2.47.0" from "git"
2024-10-29 19:56:56.413 [info] [Model][doInitialScan] Initial repository scan started
2024-10-29 19:56:56.413 [info] > git rev-parse --show-toplevel [8ms]
2024-10-29 19:56:56.413 [info] > git rev-parse --git-dir --git-common-dir [37ms]
2024-10-29 19:56:56.413 [info] [Model][openRepository] Opened repository: /home/Heryforce/.config
2024-10-29 19:56:56.413 [info] > git rev-parse --show-toplevel [11ms]
2024-10-29 19:56:56.413 [info] > git config --get commit.template [18ms]
2024-10-29 19:56:56.426 [info] > git for-each-ref --format=%(refname)%00%(upstream:short)%00%(objectname)%00%(upstream:track)%00%(upstream:remotename)%00%(upstream:remoteref) refs/heads/main refs/remotes/main [4ms]
2024-10-29 19:56:56.453 [info] > git for-each-ref --sort -committerdate --format %(refname) %(objectname) %(*objectname) [10ms]
2024-10-29 19:56:56.469 [info] > git rev-parse --show-toplevel [8ms]
2024-10-29 19:56:56.478 [info] > git rev-parse --show-toplevel [2ms]
2024-10-29 19:56:56.486 [info] > git rev-parse --show-toplevel [1ms]
2024-10-29 19:56:56.493 [info] > git rev-parse --show-toplevel [1ms]
2024-10-29 19:56:56.499 [info] > git rev-parse --show-toplevel [1ms]
2024-10-29 19:56:56.506 [info] > git rev-parse --show-toplevel [1ms]
2024-10-29 19:56:56.514 [info] > git status -z -uall [79ms]
2024-10-29 19:56:56.514 [info] > git rev-parse --show-toplevel [3ms]
2024-10-29 19:56:56.586 [info] > git for-each-ref --format=%(refname)%00%(upstream:short)%00%(objectname)%00%(upstream:track)%00%(upstream:remotename)%00%(upstream:remoteref) refs/heads/main refs/remotes/main [20ms]
2024-10-29 19:56:56.594 [info] > git config --get commit.template [12ms]
2024-10-29 19:56:56.595 [info] > git rev-parse --show-toplevel [18ms]
2024-10-29 19:56:56.605 [info] > git config --local branch.main.vscode-merge-base [12ms]
2024-10-29 19:56:56.606 [warning] [Git][config] git config failed: Failed to execute git
2024-10-29 19:56:56.620 [info] > git rev-parse --show-toplevel [14ms]
2024-10-29 19:56:56.626 [info] > git reflog main --grep-reflog=branch: Created from *. [14ms]
2024-10-29 19:56:56.903 [info] > git symbolic-ref --short refs/remotes/origin/HEAD [272ms]
2024-10-29 19:56:56.903 [info] fatal: ref refs/remotes/origin/HEAD is not a symbolic ref
2024-10-29 19:56:56.903 [warning] [Repository][getDefaultBranch] Failed to get default branch details: Failed to execute git.
2024-10-29 19:56:56.911 [info] > git rev-parse --show-toplevel [285ms]
2024-10-29 19:56:56.911 [info] > git for-each-ref --format=%(refname)%00%(upstream:short)%00%(objectname)%00%(upstream:track)%00%(upstream:remotename)%00%(upstream:remoteref) refs/heads/main refs/remotes/main [292ms]
2024-10-29 19:56:56.933 [info] > git check-ignore -v -z --stdin [17ms]
2024-10-29 19:56:56.934 [info] > git merge-base refs/heads/main refs/remotes/origin/main [25ms]
2024-10-29 19:56:56.946 [info] > git diff --name-status -z --diff-filter=ADMR d4d20faaa5841efd0beb4f20a46bbefe855d3220...refs/remotes/origin/main [5ms]
2024-10-29 19:56:56.947 [info] > git rev-parse --show-toplevel [15ms]
2024-10-29 19:56:56.971 [info] > git rev-parse --show-toplevel [16ms]
2024-10-29 19:56:56.978 [info] > git for-each-ref --sort -committerdate --format %(refname) %(objectname) %(*objectname) [9ms]
2024-10-29 19:56:56.979 [info] > git rev-parse --show-toplevel [2ms]
2024-10-29 19:56:56.986 [info] > git rev-parse --show-toplevel [1ms]
2024-10-29 19:56:56.993 [info] > git rev-parse --show-toplevel [1ms]
2024-10-29 19:56:56.999 [info] > git rev-parse --show-toplevel [1ms]
2024-10-29 19:56:57.006 [info] > git rev-parse --show-toplevel [1ms]
2024-10-29 19:56:57.013 [info] > git rev-parse --show-toplevel [1ms]
2024-10-29 19:56:57.020 [info] > git rev-parse --show-toplevel [1ms]
2024-10-29 19:56:57.021 [info] [Model][doInitialScan] Initial repository scan completed - repositories (1), closed repositories (0), parent repositories (0), unsafe repositories (0)
2024-10-29 19:56:57.035 [info] > git show --textconv :hypr/hyprland.conf [7ms]
2024-10-29 19:56:57.037 [info] > git ls-files --stage -- /home/Heryforce/.config/hypr/hyprland.conf [3ms]
2024-10-29 19:56:57.046 [info] > git status -z -uall [83ms]
2024-10-29 19:56:57.074 [info] > git cat-file -s 3aaef507266a7ee9595dfa608e6e69e8e8bbb2c4 [30ms]
2024-10-29 19:57:01.231 [info] > git config --get commit.template [0ms]
2024-10-29 19:57:01.235 [info] > git for-each-ref --format=%(refname)%00%(upstream:short)%00%(objectname)%00%(upstream:track)%00%(upstream:remotename)%00%(upstream:remoteref) refs/heads/main refs/remotes/main [1ms]
2024-10-29 19:57:01.243 [info] > git for-each-ref --sort -committerdate --format %(refname) %(objectname) %(*objectname) [1ms]
2024-10-29 19:57:01.282 [info] > git status -z -uall [43ms]
2024-10-29 19:57:06.311 [info] > git config --get commit.template [4ms]
2024-10-29 19:57:06.312 [info] > git for-each-ref --format=%(refname)%00%(upstream:short)%00%(objectname)%00%(upstream:track)%00%(upstream:remotename)%00%(upstream:remoteref) refs/heads/main refs/remotes/main [1ms]
2024-10-29 19:57:06.321 [info] > git for-each-ref --sort -committerdate --format %(refname) %(objectname) %(*objectname) [1ms]
2024-10-29 19:57:06.358 [info] > git status -z -uall [42ms]
2024-10-29 19:57:11.392 [info] > git config --get commit.template [1ms]
2024-10-29 19:57:11.402 [info] > git for-each-ref --format=%(refname)%00%(upstream:short)%00%(objectname)%00%(upstream:track)%00%(upstream:remotename)%00%(upstream:remoteref) refs/heads/main refs/remotes/main [3ms]
2024-10-29 19:57:11.417 [info] > git for-each-ref --sort -committerdate --format %(refname) %(objectname) %(*objectname) [2ms]
2024-10-29 19:57:11.460 [info] > git status -z -uall [50ms]
2024-10-29 19:57:16.492 [info] > git config --get commit.template [7ms]
2024-10-29 19:57:16.493 [info] > git for-each-ref --format=%(refname)%00%(upstream:short)%00%(objectname)%00%(upstream:track)%00%(upstream:remotename)%00%(upstream:remoteref) refs/heads/main refs/remotes/main [3ms]
2024-10-29 19:57:16.506 [info] > git for-each-ref --sort -committerdate --format %(refname) %(objectname) %(*objectname) [2ms]
2024-10-29 19:57:16.542 [info] > git status -z -uall [44ms]
2024-10-29 19:57:21.563 [info] > git config --get commit.template [1ms]
2024-10-29 19:57:21.568 [info] > git for-each-ref --format=%(refname)%00%(upstream:short)%00%(objectname)%00%(upstream:track)%00%(upstream:remotename)%00%(upstream:remoteref) refs/heads/main refs/remotes/main [1ms]
2024-10-29 19:57:21.577 [info] > git for-each-ref --sort -committerdate --format %(refname) %(objectname) %(*objectname) [1ms]
2024-10-29 19:57:21.616 [info] > git status -z -uall [44ms]
2024-10-29 19:57:26.640 [info] > git config --get commit.template [1ms]
2024-10-29 19:57:26.646 [info] > git for-each-ref --format=%(refname)%00%(upstream:short)%00%(objectname)%00%(upstream:track)%00%(upstream:remotename)%00%(upstream:remoteref) refs/heads/main refs/remotes/main [2ms]
2024-10-29 19:57:26.662 [info] > git for-each-ref --sort -committerdate --format %(refname) %(objectname) %(*objectname) [2ms]
2024-10-29 19:57:26.702 [info] > git status -z -uall [49ms]
2024-10-29 19:57:31.735 [info] > git config --get commit.template [9ms]
2024-10-29 19:57:31.736 [info] > git for-each-ref --format=%(refname)%00%(upstream:short)%00%(objectname)%00%(upstream:track)%00%(upstream:remotename)%00%(upstream:remoteref) refs/heads/main refs/remotes/main [2ms]
2024-10-29 19:57:31.751 [info] > git for-each-ref --sort -committerdate --format %(refname) %(objectname) %(*objectname) [2ms]
2024-10-29 19:57:31.791 [info] > git status -z -uall [49ms]
2024-10-29 19:57:36.818 [info] > git config --get commit.template [1ms]
2024-10-29 19:57:36.827 [info] > git for-each-ref --format=%(refname)%00%(upstream:short)%00%(objectname)%00%(upstream:track)%00%(upstream:remotename)%00%(upstream:remoteref) refs/heads/main refs/remotes/main [3ms]
2024-10-29 19:57:36.840 [info] > git for-each-ref --sort -committerdate --format %(refname) %(objectname) %(*objectname) [2ms]
2024-10-29 19:57:36.881 [info] > git status -z -uall [50ms]
2024-10-29 19:57:41.914 [info] > git config --get commit.template [9ms]
2024-10-29 19:57:41.915 [info] > git for-each-ref --format=%(refname)%00%(upstream:short)%00%(objectname)%00%(upstream:track)%00%(upstream:remotename)%00%(upstream:remoteref) refs/heads/main refs/remotes/main [2ms]
2024-10-29 19:57:41.930 [info] > git for-each-ref --sort -committerdate --format %(refname) %(objectname) %(*objectname) [1ms]
2024-10-29 19:57:41.971 [info] > git status -z -uall [49ms]
2024-10-29 19:57:47.001 [info] > git config --get commit.template [8ms]
2024-10-29 19:57:47.002 [info] > git for-each-ref --format=%(refname)%00%(upstream:short)%00%(objectname)%00%(upstream:track)%00%(upstream:remotename)%00%(upstream:remoteref) refs/heads/main refs/remotes/main [2ms]
2024-10-29 19:57:47.017 [info] > git for-each-ref --sort -committerdate --format %(refname) %(objectname) %(*objectname) [1ms]
2024-10-29 19:57:47.051 [info] > git status -z -uall [42ms]
2024-10-29 19:57:52.597 [info] > git config --get commit.template [5ms]
2024-10-29 19:57:52.597 [info] > git for-each-ref --format=%(refname)%00%(upstream:short)%00%(objectname)%00%(upstream:track)%00%(upstream:remotename)%00%(upstream:remoteref) refs/heads/main refs/remotes/main [1ms]
2024-10-29 19:57:52.608 [info] > git for-each-ref --sort -committerdate --format %(refname) %(objectname) %(*objectname) [1ms]
2024-10-29 19:57:52.646 [info] > git status -z -uall [44ms]
2024-10-29 19:57:57.678 [info] > git config --get commit.template [8ms]
2024-10-29 19:57:57.679 [info] > git for-each-ref --format=%(refname)%00%(upstream:short)%00%(objectname)%00%(upstream:track)%00%(upstream:remotename)%00%(upstream:remoteref) refs/heads/main refs/remotes/main [2ms]
2024-10-29 19:57:57.695 [info] > git for-each-ref --sort -committerdate --format %(refname) %(objectname) %(*objectname) [2ms]
2024-10-29 19:57:57.734 [info] > git status -z -uall [48ms]
2024-10-29 19:58:02.764 [info] > git config --get commit.template [8ms]
2024-10-29 19:58:02.766 [info] > git for-each-ref --format=%(refname)%00%(upstream:short)%00%(objectname)%00%(upstream:track)%00%(upstream:remotename)%00%(upstream:remoteref) refs/heads/main refs/remotes/main [2ms]
2024-10-29 19:58:02.776 [info] > git for-each-ref --sort -committerdate --format %(refname) %(objectname) %(*objectname) [2ms]
2024-10-29 19:58:02.812 [info] > git status -z -uall [43ms]
2024-10-29 19:58:07.850 [info] > git config --get commit.template [9ms]
2024-10-29 19:58:07.851 [info] > git for-each-ref --format=%(refname)%00%(upstream:short)%00%(objectname)%00%(upstream:track)%00%(upstream:remotename)%00%(upstream:remoteref) refs/heads/main refs/remotes/main [3ms]
2024-10-29 19:58:07.863 [info] > git for-each-ref --sort -committerdate --format %(refname) %(objectname) %(*objectname) [2ms]
2024-10-29 19:58:07.898 [info] > git status -z -uall [43ms]
2024-10-29 19:58:12.927 [info] > git config --get commit.template [5ms]
2024-10-29 19:58:12.929 [info] > git for-each-ref --format=%(refname)%00%(upstream:short)%00%(objectname)%00%(upstream:track)%00%(upstream:remotename)%00%(upstream:remoteref) refs/heads/main refs/remotes/main [2ms]
2024-10-29 19:58:12.944 [info] > git for-each-ref --sort -committerdate --format %(refname) %(objectname) %(*objectname) [2ms]
2024-10-29 19:58:12.982 [info] > git status -z -uall [46ms]
2024-10-29 19:58:18.016 [info] > git config --get commit.template [9ms]
2024-10-29 19:58:18.017 [info] > git for-each-ref --format=%(refname)%00%(upstream:short)%00%(objectname)%00%(upstream:track)%00%(upstream:remotename)%00%(upstream:remoteref) refs/heads/main refs/remotes/main [2ms]
2024-10-29 19:58:18.031 [info] > git for-each-ref --sort -committerdate --format %(refname) %(objectname) %(*objectname) [1ms]
2024-10-29 19:58:18.072 [info] > git status -z -uall [47ms]
2024-10-29 19:58:23.096 [info] > git config --get commit.template [1ms]
2024-10-29 19:58:23.104 [info] > git for-each-ref --format=%(refname)%00%(upstream:short)%00%(objectname)%00%(upstream:track)%00%(upstream:remotename)%00%(upstream:remoteref) refs/heads/main refs/remotes/main [2ms]
2024-10-29 19:58:23.118 [info] > git for-each-ref --sort -committerdate --format %(refname) %(objectname) %(*objectname) [1ms]
2024-10-29 19:58:23.156 [info] > git status -z -uall [44ms]
2024-10-29 19:58:28.178 [info] > git config --get commit.template [0ms]
2024-10-29 19:58:28.183 [info] > git for-each-ref --format=%(refname)%00%(upstream:short)%00%(objectname)%00%(upstream:track)%00%(upstream:remotename)%00%(upstream:remoteref) refs/heads/main refs/remotes/main [1ms]
2024-10-29 19:58:28.192 [info] > git for-each-ref --sort -committerdate --format %(refname) %(objectname) %(*objectname) [1ms]
2024-10-29 19:58:28.232 [info] > git status -z -uall [45ms]
2024-10-29 19:58:33.266 [info] > git config --get commit.template [9ms]
2024-10-29 19:58:33.268 [info] > git for-each-ref --format=%(refname)%00%(upstream:short)%00%(objectname)%00%(upstream:track)%00%(upstream:remotename)%00%(upstream:remoteref) refs/heads/main refs/remotes/main [3ms]
2024-10-29 19:58:33.282 [info] > git for-each-ref --sort -committerdate --format %(refname) %(objectname) %(*objectname) [2ms]
2024-10-29 19:58:33.316 [info] > git status -z -uall [41ms]
2024-10-29 19:58:38.337 [info] > git config --get commit.template [1ms]
2024-10-29 19:58:38.342 [info] > git for-each-ref --format=%(refname)%00%(upstream:short)%00%(objectname)%00%(upstream:track)%00%(upstream:remotename)%00%(upstream:remoteref) refs/heads/main refs/remotes/main [1ms]
2024-10-29 19:58:38.351 [info] > git for-each-ref --sort -committerdate --format %(refname) %(objectname) %(*objectname) [2ms]
2024-10-29 19:58:38.391 [info] > git status -z -uall [45ms]
2024-10-29 19:58:43.417 [info] > git config --get commit.template [1ms]
2024-10-29 19:58:43.422 [info] > git for-each-ref --format=%(refname)%00%(upstream:short)%00%(objectname)%00%(upstream:track)%00%(upstream:remotename)%00%(upstream:remoteref) refs/heads/main refs/remotes/main [1ms]
2024-10-29 19:58:43.430 [info] > git for-each-ref --sort -committerdate --format %(refname) %(objectname) %(*objectname) [1ms]
2024-10-29 19:58:43.468 [info] > git status -z -uall [42ms]
2024-10-29 19:58:48.493 [info] > git config --get commit.template [0ms]
2024-10-29 19:58:48.503 [info] > git for-each-ref --format=%(refname)%00%(upstream:short)%00%(objectname)%00%(upstream:track)%00%(upstream:remotename)%00%(upstream:remoteref) refs/heads/main refs/remotes/main [2ms]
2024-10-29 19:58:48.516 [info] > git for-each-ref --sort -committerdate --format %(refname) %(objectname) %(*objectname) [1ms]
2024-10-29 19:58:48.555 [info] > git status -z -uall [45ms]
2024-10-29 19:58:53.574 [info] > git config --get commit.template [1ms]
2024-10-29 19:58:53.579 [info] > git for-each-ref --format=%(refname)%00%(upstream:short)%00%(objectname)%00%(upstream:track)%00%(upstream:remotename)%00%(upstream:remoteref) refs/heads/main refs/remotes/main [1ms]
2024-10-29 19:58:53.588 [info] > git for-each-ref --sort -committerdate --format %(refname) %(objectname) %(*objectname) [1ms]
2024-10-29 19:58:53.625 [info] > git status -z -uall [43ms]
2024-10-29 19:59:03.457 [info] > git config --get commit.template [7ms]
2024-10-29 19:59:03.458 [info] > git for-each-ref --format=%(refname)%00%(upstream:short)%00%(objectname)%00%(upstream:track)%00%(upstream:remotename)%00%(upstream:remoteref) refs/heads/main refs/remotes/main [2ms]
2024-10-29 19:59:03.471 [info] > git for-each-ref --sort -committerdate --format %(refname) %(objectname) %(*objectname) [2ms]
2024-10-29 19:59:03.522 [info] > git status -z -uall [59ms]
2024-10-29 19:59:08.569 [info] > git config --get commit.template [8ms]
2024-10-29 19:59:08.569 [info] > git for-each-ref --format=%(refname)%00%(upstream:short)%00%(objectname)%00%(upstream:track)%00%(upstream:remotename)%00%(upstream:remoteref) refs/heads/main refs/remotes/main [2ms]
2024-10-29 19:59:08.582 [info] > git for-each-ref --sort -committerdate --format %(refname) %(objectname) %(*objectname) [1ms]
2024-10-29 19:59:08.623 [info] > git status -z -uall [49ms]
2024-10-29 19:59:13.647 [info] > git config --get commit.template [1ms]
2024-10-29 19:59:13.652 [info] > git for-each-ref --format=%(refname)%00%(upstream:short)%00%(objectname)%00%(upstream:track)%00%(upstream:remotename)%00%(upstream:remoteref) refs/heads/main refs/remotes/main [1ms]
2024-10-29 19:59:13.662 [info] > git for-each-ref --sort -committerdate --format %(refname) %(objectname) %(*objectname) [0ms]
2024-10-29 19:59:13.698 [info] > git status -z -uall [42ms]
2024-10-29 19:59:18.731 [info] > git config --get commit.template [9ms]
2024-10-29 19:59:18.733 [info] > git for-each-ref --format=%(refname)%00%(upstream:short)%00%(objectname)%00%(upstream:track)%00%(upstream:remotename)%00%(upstream:remoteref) refs/heads/main refs/remotes/main [3ms]
2024-10-29 19:59:18.747 [info] > git for-each-ref --sort -committerdate --format %(refname) %(objectname) %(*objectname) [2ms]
2024-10-29 19:59:18.789 [info] > git status -z -uall [50ms]
2024-10-29 19:59:23.826 [info] > git config --get commit.template [9ms]
2024-10-29 19:59:23.827 [info] > git for-each-ref --format=%(refname)%00%(upstream:short)%00%(objectname)%00%(upstream:track)%00%(upstream:remotename)%00%(upstream:remoteref) refs/heads/main refs/remotes/main [2ms]
2024-10-29 19:59:23.839 [info] > git for-each-ref --sort -committerdate --format %(refname) %(objectname) %(*objectname) [1ms]
2024-10-29 19:59:23.876 [info] > git status -z -uall [43ms]
2024-10-29 19:59:28.904 [info] > git config --get commit.template [9ms]
2024-10-29 19:59:28.906 [info] > git for-each-ref --format=%(refname)%00%(upstream:short)%00%(objectname)%00%(upstream:track)%00%(upstream:remotename)%00%(upstream:remoteref) refs/heads/main refs/remotes/main [2ms]
2024-10-29 19:59:28.920 [info] > git for-each-ref --sort -committerdate --format %(refname) %(objectname) %(*objectname) [2ms]
2024-10-29 19:59:28.955 [info] > git status -z -uall [44ms]
2024-10-29 19:59:33.980 [info] > git config --get commit.template [1ms]
2024-10-29 19:59:33.987 [info] > git for-each-ref --format=%(refname)%00%(upstream:short)%00%(objectname)%00%(upstream:track)%00%(upstream:remotename)%00%(upstream:remoteref) refs/heads/main refs/remotes/main [2ms]
2024-10-29 19:59:34.002 [info] > git for-each-ref --sort -committerdate --format %(refname) %(objectname) %(*objectname) [1ms]
2024-10-29 19:59:34.037 [info] > git status -z -uall [42ms]
2024-10-29 19:59:39.065 [info] > git config --get commit.template [5ms]
2024-10-29 19:59:39.066 [info] > git for-each-ref --format=%(refname)%00%(upstream:short)%00%(objectname)%00%(upstream:track)%00%(upstream:remotename)%00%(upstream:remoteref) refs/heads/main refs/remotes/main [1ms]
2024-10-29 19:59:39.079 [info] > git for-each-ref --sort -committerdate --format %(refname) %(objectname) %(*objectname) [1ms]
2024-10-29 19:59:39.115 [info] > git status -z -uall [42ms]
2024-10-29 19:59:44.142 [info] > git config --get commit.template [4ms]
2024-10-29 19:59:44.142 [info] > git for-each-ref --format=%(refname)%00%(upstream:short)%00%(objectname)%00%(upstream:track)%00%(upstream:remotename)%00%(upstream:remoteref) refs/heads/main refs/remotes/main [1ms]
2024-10-29 19:59:44.153 [info] > git for-each-ref --sort -committerdate --format %(refname) %(objectname) %(*objectname) [1ms]
2024-10-29 19:59:44.194 [info] > git status -z -uall [46ms]
2024-10-29 19:59:49.223 [info] > git config --get commit.template [5ms]
2024-10-29 19:59:49.223 [info] > git for-each-ref --format=%(refname)%00%(upstream:short)%00%(objectname)%00%(upstream:track)%00%(upstream:remotename)%00%(upstream:remoteref) refs/heads/main refs/remotes/main [1ms]
2024-10-29 19:59:49.257 [info] > git for-each-ref --sort -committerdate --format %(refname) %(objectname) %(*objectname) [1ms]
2024-10-29 19:59:49.298 [info] > git status -z -uall [46ms]
2024-10-29 19:59:54.328 [info] > git config --get commit.template [5ms]
2024-10-29 19:59:54.329 [info] > git for-each-ref --format=%(refname)%00%(upstream:short)%00%(objectname)%00%(upstream:track)%00%(upstream:remotename)%00%(upstream:remoteref) refs/heads/main refs/remotes/main [1ms]
2024-10-29 19:59:54.342 [info] > git for-each-ref --sort -committerdate --format %(refname) %(objectname) %(*objectname) [0ms]
2024-10-29 19:59:54.383 [info] > git status -z -uall [47ms]
2024-10-29 19:59:59.409 [info] > git config --get commit.template [4ms]
2024-10-29 19:59:59.410 [info] > git for-each-ref --format=%(refname)%00%(upstream:short)%00%(objectname)%00%(upstream:track)%00%(upstream:remotename)%00%(upstream:remoteref) refs/heads/main refs/remotes/main [1ms]
2024-10-29 19:59:59.420 [info] > git for-each-ref --sort -committerdate --format %(refname) %(objectname) %(*objectname) [1ms]
2024-10-29 19:59:59.456 [info] > git status -z -uall [42ms]
2024-10-29 20:00:04.496 [info] > git config --get commit.template [7ms]
2024-10-29 20:00:04.497 [info] > git for-each-ref --format=%(refname)%00%(upstream:short)%00%(objectname)%00%(upstream:track)%00%(upstream:remotename)%00%(upstream:remoteref) refs/heads/main refs/remotes/main [3ms]
2024-10-29 20:00:04.536 [info] > git for-each-ref --sort -committerdate --format %(refname) %(objectname) %(*objectname) [2ms]
2024-10-29 20:00:04.580 [info] > git status -z -uall [53ms]
2024-10-29 20:00:09.609 [info] > git config --get commit.template [8ms]
2024-10-29 20:00:09.610 [info] > git for-each-ref --format=%(refname)%00%(upstream:short)%00%(objectname)%00%(upstream:track)%00%(upstream:remotename)%00%(upstream:remoteref) refs/heads/main refs/remotes/main [2ms]
2024-10-29 20:00:09.644 [info] > git for-each-ref --sort -committerdate --format %(refname) %(objectname) %(*objectname) [1ms]
2024-10-29 20:00:09.688 [info] > git status -z -uall [49ms]
2024-10-29 20:00:14.708 [info] > git config --get commit.template [1ms]
2024-10-29 20:00:14.713 [info] > git for-each-ref --format=%(refname)%00%(upstream:short)%00%(objectname)%00%(upstream:track)%00%(upstream:remotename)%00%(upstream:remoteref) refs/heads/main refs/remotes/main [1ms]
2024-10-29 20:00:14.723 [info] > git for-each-ref --sort -committerdate --format %(refname) %(objectname) %(*objectname) [1ms]
2024-10-29 20:00:14.766 [info] > git status -z -uall [48ms]
2024-10-29 20:00:19.795 [info] > git config --get commit.template [5ms]
2024-10-29 20:00:19.795 [info] > git for-each-ref --format=%(refname)%00%(upstream:short)%00%(objectname)%00%(upstream:track)%00%(upstream:remotename)%00%(upstream:remoteref) refs/heads/main refs/remotes/main [1ms]
2024-10-29 20:00:19.809 [info] > git for-each-ref --sort -committerdate --format %(refname) %(objectname) %(*objectname) [1ms]
2024-10-29 20:00:19.848 [info] > git status -z -uall [46ms]
2024-10-29 20:00:24.882 [info] > git config --get commit.template [7ms]
2024-10-29 20:00:24.884 [info] > git for-each-ref --format=%(refname)%00%(upstream:short)%00%(objectname)%00%(upstream:track)%00%(upstream:remotename)%00%(upstream:remoteref) refs/heads/main refs/remotes/main [3ms]
2024-10-29 20:00:24.920 [info] > git for-each-ref --sort -committerdate --format %(refname) %(objectname) %(*objectname) [2ms]
2024-10-29 20:00:24.956 [info] > git status -z -uall [44ms]
2024-10-29 20:00:29.987 [info] > git config --get commit.template [7ms]
2024-10-29 20:00:29.988 [info] > git for-each-ref --format=%(refname)%00%(upstream:short)%00%(objectname)%00%(upstream:track)%00%(upstream:remotename)%00%(upstream:remoteref) refs/heads/main refs/remotes/main [2ms]
2024-10-29 20:00:30.000 [info] > git for-each-ref --sort -committerdate --format %(refname) %(objectname) %(*objectname) [2ms]
2024-10-29 20:00:30.037 [info] > git status -z -uall [45ms]
2024-10-29 20:00:35.070 [info] > git config --get commit.template [9ms]
2024-10-29 20:00:35.072 [info] > git for-each-ref --format=%(refname)%00%(upstream:short)%00%(objectname)%00%(upstream:track)%00%(upstream:remotename)%00%(upstream:remoteref) refs/heads/main refs/remotes/main [3ms]
2024-10-29 20:00:35.084 [info] > git for-each-ref --sort -committerdate --format %(refname) %(objectname) %(*objectname) [1ms]
2024-10-29 20:00:35.122 [info] > git status -z -uall [45ms]
2024-10-29 20:00:40.143 [info] > git config --get commit.template [1ms]
2024-10-29 20:00:40.151 [info] > git for-each-ref --format=%(refname)%00%(upstream:short)%00%(objectname)%00%(upstream:track)%00%(upstream:remotename)%00%(upstream:remoteref) refs/heads/main refs/remotes/main [2ms]
2024-10-29 20:00:40.163 [info] > git for-each-ref --sort -committerdate --format %(refname) %(objectname) %(*objectname) [1ms]
2024-10-29 20:00:40.206 [info] > git status -z -uall [50ms]
2024-10-29 20:00:45.238 [info] > git config --get commit.template [8ms]
2024-10-29 20:00:45.239 [info] > git for-each-ref --format=%(refname)%00%(upstream:short)%00%(objectname)%00%(upstream:track)%00%(upstream:remotename)%00%(upstream:remoteref) refs/heads/main refs/remotes/main [3ms]
2024-10-29 20:00:45.252 [info] > git for-each-ref --sort -committerdate --format %(refname) %(objectname) %(*objectname) [1ms]
2024-10-29 20:00:45.295 [info] > git status -z -uall [49ms]
2024-10-29 20:00:50.569 [info] > git config --get commit.template [1ms]
2024-10-29 20:00:50.575 [info] > git for-each-ref --format=%(refname)%00%(upstream:short)%00%(objectname)%00%(upstream:track)%00%(upstream:remotename)%00%(upstream:remoteref) refs/heads/main refs/remotes/main [1ms]
2024-10-29 20:00:50.585 [info] > git for-each-ref --sort -committerdate --format %(refname) %(objectname) %(*objectname) [2ms]
2024-10-29 20:00:50.624 [info] > git status -z -uall [45ms]
2024-10-29 20:00:55.657 [info] > git config --get commit.template [7ms]
2024-10-29 20:00:55.657 [info] > git for-each-ref --format=%(refname)%00%(upstream:short)%00%(objectname)%00%(upstream:track)%00%(upstream:remotename)%00%(upstream:remoteref) refs/heads/main refs/remotes/main [2ms]
2024-10-29 20:00:55.673 [info] > git for-each-ref --sort -committerdate --format %(refname) %(objectname) %(*objectname) [1ms]
2024-10-29 20:00:55.711 [info] > git status -z -uall [47ms]
2024-10-29 20:01:00.740 [info] > git config --get commit.template [5ms]
2024-10-29 20:01:00.740 [info] > git for-each-ref --format=%(refname)%00%(upstream:short)%00%(objectname)%00%(upstream:track)%00%(upstream:remotename)%00%(upstream:remoteref) refs/heads/main refs/remotes/main [1ms]
2024-10-29 20:01:00.757 [info] > git for-each-ref --sort -committerdate --format %(refname) %(objectname) %(*objectname) [2ms]
2024-10-29 20:01:00.793 [info] > git status -z -uall [45ms]
2024-10-29 20:01:05.818 [info] > git config --get commit.template [1ms]
2024-10-29 20:01:05.828 [info] > git for-each-ref --format=%(refname)%00%(upstream:short)%00%(objectname)%00%(upstream:track)%00%(upstream:remotename)%00%(upstream:remoteref) refs/heads/main refs/remotes/main [3ms]
2024-10-29 20:01:05.843 [info] > git for-each-ref --sort -committerdate --format %(refname) %(objectname) %(*objectname) [2ms]
2024-10-29 20:01:05.880 [info] > git status -z -uall [46ms]
2024-10-29 20:01:10.906 [info] > git config --get commit.template [1ms]
2024-10-29 20:01:10.915 [info] > git for-each-ref --format=%(refname)%00%(upstream:short)%00%(objectname)%00%(upstream:track)%00%(upstream:remotename)%00%(upstream:remoteref) refs/heads/main refs/remotes/main [3ms]
2024-10-29 20:01:10.946 [info] > git for-each-ref --sort -committerdate --format %(refname) %(objectname) %(*objectname) [2ms]
2024-10-29 20:01:10.985 [info] > git status -z -uall [48ms]
2024-10-29 20:01:16.018 [info] > git config --get commit.template [8ms]
2024-10-29 20:01:16.019 [info] > git for-each-ref --format=%(refname)%00%(upstream:short)%00%(objectname)%00%(upstream:track)%00%(upstream:remotename)%00%(upstream:remoteref) refs/heads/main refs/remotes/main [2ms]
2024-10-29 20:01:16.035 [info] > git for-each-ref --sort -committerdate --format %(refname) %(objectname) %(*objectname) [2ms]
2024-10-29 20:01:16.069 [info] > git status -z -uall [43ms]
2024-10-29 20:01:21.102 [info] > git config --get commit.template [5ms]
2024-10-29 20:01:21.108 [info] > git for-each-ref --format=%(refname)%00%(upstream:short)%00%(objectname)%00%(upstream:track)%00%(upstream:remotename)%00%(upstream:remoteref) refs/heads/main refs/remotes/main [7ms]
2024-10-29 20:01:21.124 [info] > git for-each-ref --sort -committerdate --format %(refname) %(objectname) %(*objectname) [2ms]
2024-10-29 20:01:21.160 [info] > git status -z -uall [45ms]
2024-10-29 20:01:26.184 [info] > git config --get commit.template [1ms]
2024-10-29 20:01:26.192 [info] > git for-each-ref --format=%(refname)%00%(upstream:short)%00%(objectname)%00%(upstream:track)%00%(upstream:remotename)%00%(upstream:remoteref) refs/heads/main refs/remotes/main [3ms]
2024-10-29 20:01:26.222 [info] > git for-each-ref --sort -committerdate --format %(refname) %(objectname) %(*objectname) [1ms]
2024-10-29 20:01:26.258 [info] > git status -z -uall [43ms]
2024-10-29 20:01:31.291 [info] > git config --get commit.template [9ms]
2024-10-29 20:01:31.292 [info] > git for-each-ref --format=%(refname)%00%(upstream:short)%00%(objectname)%00%(upstream:track)%00%(upstream:remotename)%00%(upstream:remoteref) refs/heads/main refs/remotes/main [2ms]
2024-10-29 20:01:31.333 [info] > git for-each-ref --sort -committerdate --format %(refname) %(objectname) %(*objectname) [2ms]
2024-10-29 20:01:31.380 [info] > git status -z -uall [57ms]
2024-10-29 20:01:36.407 [info] > git config --get commit.template [1ms]
2024-10-29 20:01:36.416 [info] > git for-each-ref --format=%(refname)%00%(upstream:short)%00%(objectname)%00%(upstream:track)%00%(upstream:remotename)%00%(upstream:remoteref) refs/heads/main refs/remotes/main [2ms]
2024-10-29 20:01:36.444 [info] > git for-each-ref --sort -committerdate --format %(refname) %(objectname) %(*objectname) [1ms]
2024-10-29 20:01:36.484 [info] > git status -z -uall [46ms]
2024-10-29 20:01:41.519 [info] > git config --get commit.template [9ms]
2024-10-29 20:01:41.520 [info] > git for-each-ref --format=%(refname)%00%(upstream:short)%00%(objectname)%00%(upstream:track)%00%(upstream:remotename)%00%(upstream:remoteref) refs/heads/main refs/remotes/main [2ms]
2024-10-29 20:01:41.562 [info] > git for-each-ref --sort -committerdate --format %(refname) %(objectname) %(*objectname) [2ms]
2024-10-29 20:01:41.604 [info] > git status -z -uall [53ms]
2024-10-29 20:01:46.630 [info] > git config --get commit.template [1ms]
2024-10-29 20:01:46.638 [info] > git for-each-ref --format=%(refname)%00%(upstream:short)%00%(objectname)%00%(upstream:track)%00%(upstream:remotename)%00%(upstream:remoteref) refs/heads/main refs/remotes/main [2ms]
2024-10-29 20:01:46.670 [info] > git for-each-ref --sort -committerdate --format %(refname) %(objectname) %(*objectname) [1ms]
2024-10-29 20:01:46.715 [info] > git status -z -uall [54ms]
2024-10-29 20:01:51.742 [info] > git config --get commit.template [5ms]
2024-10-29 20:01:51.743 [info] > git for-each-ref --format=%(refname)%00%(upstream:short)%00%(objectname)%00%(upstream:track)%00%(upstream:remotename)%00%(upstream:remoteref) refs/heads/main refs/remotes/main [1ms]
2024-10-29 20:01:51.776 [info] > git for-each-ref --sort -committerdate --format %(refname) %(objectname) %(*objectname) [1ms]
2024-10-29 20:01:51.828 [info] > git status -z -uall [57ms]
2024-10-29 20:01:58.506 [info] > git config --get commit.template [6ms]
2024-10-29 20:01:58.507 [info] > git for-each-ref --format=%(refname)%00%(upstream:short)%00%(objectname)%00%(upstream:track)%00%(upstream:remotename)%00%(upstream:remoteref) refs/heads/main refs/remotes/main [1ms]
2024-10-29 20:01:58.522 [info] > git for-each-ref --sort -committerdate --format %(refname) %(objectname) %(*objectname) [1ms]
2024-10-29 20:01:58.564 [info] > git status -z -uall [50ms]
2024-10-29 20:02:09.519 [info] > git config --get commit.template [8ms]
2024-10-29 20:02:09.520 [info] > git for-each-ref --format=%(refname)%00%(upstream:short)%00%(objectname)%00%(upstream:track)%00%(upstream:remotename)%00%(upstream:remoteref) refs/heads/main refs/remotes/main [1ms]
2024-10-29 20:02:09.534 [info] > git for-each-ref --sort -committerdate --format %(refname) %(objectname) %(*objectname) [2ms]
2024-10-29 20:02:09.580 [info] > git status -z -uall [55ms]
2024-10-29 20:02:14.604 [info] > git config --get commit.template [1ms]
2024-10-29 20:02:14.613 [info] > git for-each-ref --format=%(refname)%00%(upstream:short)%00%(objectname)%00%(upstream:track)%00%(upstream:remotename)%00%(upstream:remoteref) refs/heads/main refs/remotes/main [2ms]
2024-10-29 20:02:14.625 [info] > git for-each-ref --sort -committerdate --format %(refname) %(objectname) %(*objectname) [1ms]
2024-10-29 20:02:14.666 [info] > git status -z -uall [48ms]
2024-10-29 20:02:30.497 [info] > git config --get commit.template [1ms]
2024-10-29 20:02:30.502 [info] > git for-each-ref --format=%(refname)%00%(upstream:short)%00%(objectname)%00%(upstream:track)%00%(upstream:remotename)%00%(upstream:remoteref) refs/heads/main refs/remotes/main [1ms]
2024-10-29 20:02:30.514 [info] > git for-each-ref --sort -committerdate --format %(refname) %(objectname) %(*objectname) [1ms]
2024-10-29 20:02:30.557 [info] > git status -z -uall [49ms]
2024-10-29 20:02:35.597 [info] > git config --get commit.template [9ms]
2024-10-29 20:02:35.598 [info] > git for-each-ref --format=%(refname)%00%(upstream:short)%00%(objectname)%00%(upstream:track)%00%(upstream:remotename)%00%(upstream:remoteref) refs/heads/main refs/remotes/main [2ms]
2024-10-29 20:02:35.614 [info] > git for-each-ref --sort -committerdate --format %(refname) %(objectname) %(*objectname) [2ms]
2024-10-29 20:02:35.650 [info] > git status -z -uall [44ms]
2024-10-29 20:02:40.688 [info] > git config --get commit.template [9ms]
2024-10-29 20:02:40.689 [info] > git for-each-ref --format=%(refname)%00%(upstream:short)%00%(objectname)%00%(upstream:track)%00%(upstream:remotename)%00%(upstream:remoteref) refs/heads/main refs/remotes/main [3ms]
2024-10-29 20:02:40.707 [info] > git for-each-ref --sort -committerdate --format %(refname) %(objectname) %(*objectname) [2ms]
2024-10-29 20:02:40.748 [info] > git status -z -uall [51ms]
2024-10-29 20:02:45.785 [info] > git config --get commit.template [8ms]
2024-10-29 20:02:45.786 [info] > git for-each-ref --format=%(refname)%00%(upstream:short)%00%(objectname)%00%(upstream:track)%00%(upstream:remotename)%00%(upstream:remoteref) refs/heads/main refs/remotes/main [2ms]
2024-10-29 20:02:45.819 [info] > git for-each-ref --sort -committerdate --format %(refname) %(objectname) %(*objectname) [2ms]
2024-10-29 20:02:45.862 [info] > git status -z -uall [53ms]
2024-10-29 20:02:50.899 [info] > git config --get commit.template [9ms]
2024-10-29 20:02:50.900 [info] > git for-each-ref --format=%(refname)%00%(upstream:short)%00%(objectname)%00%(upstream:track)%00%(upstream:remotename)%00%(upstream:remoteref) refs/heads/main refs/remotes/main [2ms]
2024-10-29 20:02:50.938 [info] > git for-each-ref --sort -committerdate --format %(refname) %(objectname) %(*objectname) [2ms]
2024-10-29 20:02:50.974 [info] > git status -z -uall [45ms]
2024-10-29 20:02:55.993 [info] > git config --get commit.template [1ms]
2024-10-29 20:02:55.997 [info] > git for-each-ref --format=%(refname)%00%(upstream:short)%00%(objectname)%00%(upstream:track)%00%(upstream:remotename)%00%(upstream:remoteref) refs/heads/main refs/remotes/main [1ms]
2024-10-29 20:02:56.007 [info] > git for-each-ref --sort -committerdate --format %(refname) %(objectname) %(*objectname) [1ms]
2024-10-29 20:02:56.046 [info] > git status -z -uall [45ms]
2024-10-29 20:03:01.072 [info] > git config --get commit.template [4ms]
2024-10-29 20:03:01.073 [info] > git for-each-ref --format=%(refname)%00%(upstream:short)%00%(objectname)%00%(upstream:track)%00%(upstream:remotename)%00%(upstream:remoteref) refs/heads/main refs/remotes/main [2ms]
2024-10-29 20:03:01.089 [info] > git for-each-ref --sort -committerdate --format %(refname) %(objectname) %(*objectname) [2ms]
2024-10-29 20:03:01.130 [info] > git status -z -uall [50ms]
2024-10-29 20:03:06.162 [info] > git config --get commit.template [9ms]
2024-10-29 20:03:06.163 [info] > git for-each-ref --format=%(refname)%00%(upstream:short)%00%(objectname)%00%(upstream:track)%00%(upstream:remotename)%00%(upstream:remoteref) refs/heads/main refs/remotes/main [2ms]
2024-10-29 20:03:06.174 [info] > git for-each-ref --sort -committerdate --format %(refname) %(objectname) %(*objectname) [1ms]
2024-10-29 20:03:06.212 [info] > git status -z -uall [44ms]
2024-10-29 20:03:11.246 [info] > git config --get commit.template [8ms]
2024-10-29 20:03:11.247 [info] > git for-each-ref --format=%(refname)%00%(upstream:short)%00%(objectname)%00%(upstream:track)%00%(upstream:remotename)%00%(upstream:remoteref) refs/heads/main refs/remotes/main [2ms]
2024-10-29 20:03:11.263 [info] > git for-each-ref --sort -committerdate --format %(refname) %(objectname) %(*objectname) [2ms]
2024-10-29 20:03:11.306 [info] > git status -z -uall [52ms]
2024-10-29 20:03:16.333 [info] > git config --get commit.template [5ms]
2024-10-29 20:03:16.334 [info] > git for-each-ref --format=%(refname)%00%(upstream:short)%00%(objectname)%00%(upstream:track)%00%(upstream:remotename)%00%(upstream:remoteref) refs/heads/main refs/remotes/main [1ms]
2024-10-29 20:03:16.346 [info] > git for-each-ref --sort -committerdate --format %(refname) %(objectname) %(*objectname) [2ms]
2024-10-29 20:03:16.387 [info] > git status -z -uall [47ms]
2024-10-29 20:03:44.920 [info] > git config --get commit.template [6ms]
2024-10-29 20:03:44.920 [info] > git for-each-ref --format=%(refname)%00%(upstream:short)%00%(objectname)%00%(upstream:track)%00%(upstream:remotename)%00%(upstream:remoteref) refs/heads/main refs/remotes/main [1ms]
2024-10-29 20:03:44.932 [info] > git for-each-ref --sort -committerdate --format %(refname) %(objectname) %(*objectname) [1ms]
2024-10-29 20:03:44.975 [info] > git status -z -uall [50ms]
2024-10-29 20:03:50.012 [info] > git config --get commit.template [8ms]
2024-10-29 20:03:50.012 [info] > git for-each-ref --format=%(refname)%00%(upstream:short)%00%(objectname)%00%(upstream:track)%00%(upstream:remotename)%00%(upstream:remoteref) refs/heads/main refs/remotes/main [2ms]
2024-10-29 20:03:50.023 [info] > git for-each-ref --sort -committerdate --format %(refname) %(objectname) %(*objectname) [2ms]
2024-10-29 20:03:50.068 [info] > git status -z -uall [52ms]
2024-10-29 20:03:55.096 [info] > git config --get commit.template [2ms]
2024-10-29 20:03:55.106 [info] > git for-each-ref --format=%(refname)%00%(upstream:short)%00%(objectname)%00%(upstream:track)%00%(upstream:remotename)%00%(upstream:remoteref) refs/heads/main refs/remotes/main [3ms]
2024-10-29 20:03:55.120 [info] > git for-each-ref --sort -committerdate --format %(refname) %(objectname) %(*objectname) [2ms]
2024-10-29 20:03:55.158 [info] > git status -z -uall [45ms]
2024-10-29 20:04:26.824 [info] > git config --get commit.template [7ms]
2024-10-29 20:04:26.824 [info] > git for-each-ref --format=%(refname)%00%(upstream:short)%00%(objectname)%00%(upstream:track)%00%(upstream:remotename)%00%(upstream:remoteref) refs/heads/main refs/remotes/main [1ms]
2024-10-29 20:04:26.834 [info] > git for-each-ref --sort -committerdate --format %(refname) %(objectname) %(*objectname) [1ms]
2024-10-29 20:04:26.879 [info] > git status -z -uall [50ms]
2024-10-29 20:04:31.905 [info] > git config --get commit.template [1ms]
2024-10-29 20:04:31.915 [info] > git for-each-ref --format=%(refname)%00%(upstream:short)%00%(objectname)%00%(upstream:track)%00%(upstream:remotename)%00%(upstream:remoteref) refs/heads/main refs/remotes/main [2ms]
2024-10-29 20:04:31.932 [info] > git for-each-ref --sort -committerdate --format %(refname) %(objectname) %(*objectname) [2ms]
2024-10-29 20:04:31.973 [info] > git status -z -uall [50ms]
2024-10-29 20:04:56.793 [info] > git config --get commit.template [7ms]
2024-10-29 20:04:56.794 [info] > git for-each-ref --format=%(refname)%00%(upstream:short)%00%(objectname)%00%(upstream:track)%00%(upstream:remotename)%00%(upstream:remoteref) refs/heads/main refs/remotes/main [1ms]
2024-10-29 20:04:56.806 [info] > git for-each-ref --sort -committerdate --format %(refname) %(objectname) %(*objectname) [1ms]
2024-10-29 20:04:56.848 [info] > git status -z -uall [48ms]
2024-10-29 20:05:01.899 [info] > git config --get commit.template [7ms]
2024-10-29 20:05:01.900 [info] > git for-each-ref --format=%(refname)%00%(upstream:short)%00%(objectname)%00%(upstream:track)%00%(upstream:remotename)%00%(upstream:remoteref) refs/heads/main refs/remotes/main [2ms]
2024-10-29 20:05:01.914 [info] > git for-each-ref --sort -committerdate --format %(refname) %(objectname) %(*objectname) [1ms]
2024-10-29 20:05:01.950 [info] > git status -z -uall [42ms]
