2024-10-17T23:18:06.105Z [Modules] Modules initializing
2024-10-17T23:18:06.105Z [Modules] Distribution: remote
2024-10-17T23:18:06.105Z [Modules] Host updates: enabled
2024-10-17T23:18:06.105Z [Modules] Module updates: enabled
2024-10-17T23:18:06.105Z [Modules] Module install path: /home/Heryforce/.config/discord/0.0.71/modules
2024-10-17T23:18:06.105Z [Modules] Module installed file path: /home/Heryforce/.config/discord/0.0.71/modules/installed.json
2024-10-17T23:18:06.105Z [Modules] Module download path: /home/Heryforce/.config/discord/0.0.71/modules/pending
2024-10-17T23:18:06.334Z [Modules] Bootstrapping...
2024-10-17T23:18:06.334Z [Modules] Installing discord_desktop_core@0 from /opt/discord/resources/bootstrap/discord_desktop_core.zip
2024-10-17T23:18:06.336Z [Modules] Failed installing discord_desktop_core@0: Error: ENOENT: no such file or directory, open '/opt/discord/resources/bootstrap/discord_desktop_core.zip'
2024-10-17T23:18:06.336Z [Modules] Installing discord_erlpack@0 from /opt/discord/resources/bootstrap/discord_erlpack.zip
2024-10-17T23:18:06.337Z [Modules] Failed installing discord_erlpack@0: Error: ENOENT: no such file or directory, open '/opt/discord/resources/bootstrap/discord_erlpack.zip'
2024-10-17T23:18:06.337Z [Modules] Installing discord_spellcheck@0 from /opt/discord/resources/bootstrap/discord_spellcheck.zip
2024-10-17T23:18:06.338Z [Modules] Failed installing discord_spellcheck@0: Error: ENOENT: no such file or directory, open '/opt/discord/resources/bootstrap/discord_spellcheck.zip'
2024-10-17T23:18:06.338Z [Modules] Installing discord_utils@0 from /opt/discord/resources/bootstrap/discord_utils.zip
2024-10-17T23:18:06.338Z [Modules] Failed installing discord_utils@0: Error: ENOENT: no such file or directory, open '/opt/discord/resources/bootstrap/discord_utils.zip'
2024-10-17T23:18:06.338Z [Modules] Installing discord_voice@0 from /opt/discord/resources/bootstrap/discord_voice.zip
2024-10-17T23:18:06.339Z [Modules] Failed installing discord_voice@0: Error: ENOENT: no such file or directory, open '/opt/discord/resources/bootstrap/discord_voice.zip'
2024-10-17T23:18:06.339Z [Modules] Installing discord_zstd@0 from /opt/discord/resources/bootstrap/discord_zstd.zip
2024-10-17T23:18:06.339Z [Modules] Failed installing discord_zstd@0: Error: ENOENT: no such file or directory, open '/opt/discord/resources/bootstrap/discord_zstd.zip'
2024-10-17T23:18:06.339Z [Modules] Finished module installations. [success: 0] [failure: 6]
2024-10-17T23:18:06.339Z [Modules] Checking for host updates.
2024-10-17T23:18:06.691Z [Modules] Host is up to date.
2024-10-17T23:18:06.691Z [Modules] Checking for module updates at https://discord.com/api/modules/stable/versions.json
2024-10-17T23:18:06.771Z [Modules] Module update available: discord_desktop_core@1 [installed: 0]
2024-10-17T23:18:06.771Z [Modules] Module update available: discord_erlpack@1 [installed: 0]
2024-10-17T23:18:06.771Z [Modules] Module update available: discord_spellcheck@1 [installed: 0]
2024-10-17T23:18:06.771Z [Modules] Module update available: discord_utils@1 [installed: 0]
2024-10-17T23:18:06.771Z [Modules] Module update available: discord_voice@1 [installed: 0]
2024-10-17T23:18:06.771Z [Modules] Module update available: discord_zstd@1 [installed: 0]
2024-10-17T23:18:06.772Z [Modules] Fetching discord_desktop_core@1 from https://discord.com/api/modules/stable/discord_desktop_core/1
2024-10-17T23:18:06.772Z [Modules] Streaming discord_desktop_core@1 to /home/Heryforce/.config/discord/0.0.71/modules/pending/discord_desktop_core-1.zip
2024-10-17T23:18:07.135Z [Modules] Streaming discord_desktop_core@1 to /home/Heryforce/.config/discord/0.0.71/modules/pending/discord_desktop_core-1.zip: 1%
2024-10-17T23:18:07.136Z [Modules] Streaming discord_desktop_core@1 to /home/Heryforce/.config/discord/0.0.71/modules/pending/discord_desktop_core-1.zip: 2%
2024-10-17T23:18:07.138Z [Modules] Streaming discord_desktop_core@1 to /home/Heryforce/.config/discord/0.0.71/modules/pending/discord_desktop_core-1.zip: 3%
2024-10-17T23:18:07.141Z [Modules] Streaming discord_desktop_core@1 to /home/Heryforce/.config/discord/0.0.71/modules/pending/discord_desktop_core-1.zip: 4%
2024-10-17T23:18:07.144Z [Modules] Streaming discord_desktop_core@1 to /home/Heryforce/.config/discord/0.0.71/modules/pending/discord_desktop_core-1.zip: 5%
2024-10-17T23:18:07.145Z [Modules] Streaming discord_desktop_core@1 to /home/Heryforce/.config/discord/0.0.71/modules/pending/discord_desktop_core-1.zip: 6%
2024-10-17T23:18:07.148Z [Modules] Streaming discord_desktop_core@1 to /home/Heryforce/.config/discord/0.0.71/modules/pending/discord_desktop_core-1.zip: 8%
2024-10-17T23:18:07.153Z [Modules] Streaming discord_desktop_core@1 to /home/Heryforce/.config/discord/0.0.71/modules/pending/discord_desktop_core-1.zip: 10%
2024-10-17T23:18:07.156Z [Modules] Streaming discord_desktop_core@1 to /home/Heryforce/.config/discord/0.0.71/modules/pending/discord_desktop_core-1.zip: 12%
2024-10-17T23:18:07.158Z [Modules] Streaming discord_desktop_core@1 to /home/Heryforce/.config/discord/0.0.71/modules/pending/discord_desktop_core-1.zip: 14%
2024-10-17T23:18:07.161Z [Modules] Streaming discord_desktop_core@1 to /home/Heryforce/.config/discord/0.0.71/modules/pending/discord_desktop_core-1.zip: 15%
2024-10-17T23:18:07.163Z [Modules] Streaming discord_desktop_core@1 to /home/Heryforce/.config/discord/0.0.71/modules/pending/discord_desktop_core-1.zip: 16%
2024-10-17T23:18:07.165Z [Modules] Streaming discord_desktop_core@1 to /home/Heryforce/.config/discord/0.0.71/modules/pending/discord_desktop_core-1.zip: 18%
2024-10-17T23:18:07.169Z [Modules] Streaming discord_desktop_core@1 to /home/Heryforce/.config/discord/0.0.71/modules/pending/discord_desktop_core-1.zip: 20%
2024-10-17T23:18:07.169Z [Modules] Streaming discord_desktop_core@1 to /home/Heryforce/.config/discord/0.0.71/modules/pending/discord_desktop_core-1.zip: 22%
2024-10-17T23:18:07.173Z [Modules] Streaming discord_desktop_core@1 to /home/Heryforce/.config/discord/0.0.71/modules/pending/discord_desktop_core-1.zip: 24%
2024-10-17T23:18:07.175Z [Modules] Streaming discord_desktop_core@1 to /home/Heryforce/.config/discord/0.0.71/modules/pending/discord_desktop_core-1.zip: 25%
2024-10-17T23:18:07.176Z [Modules] Streaming discord_desktop_core@1 to /home/Heryforce/.config/discord/0.0.71/modules/pending/discord_desktop_core-1.zip: 26%
2024-10-17T23:18:07.181Z [Modules] Streaming discord_desktop_core@1 to /home/Heryforce/.config/discord/0.0.71/modules/pending/discord_desktop_core-1.zip: 29%
2024-10-17T23:18:07.185Z [Modules] Streaming discord_desktop_core@1 to /home/Heryforce/.config/discord/0.0.71/modules/pending/discord_desktop_core-1.zip: 32%
2024-10-17T23:18:07.186Z [Modules] Streaming discord_desktop_core@1 to /home/Heryforce/.config/discord/0.0.71/modules/pending/discord_desktop_core-1.zip: 33%
2024-10-17T23:18:07.190Z [Modules] Streaming discord_desktop_core@1 to /home/Heryforce/.config/discord/0.0.71/modules/pending/discord_desktop_core-1.zip: 36%
2024-10-17T23:18:07.191Z [Modules] Streaming discord_desktop_core@1 to /home/Heryforce/.config/discord/0.0.71/modules/pending/discord_desktop_core-1.zip: 38%
2024-10-17T23:18:07.197Z [Modules] Streaming discord_desktop_core@1 to /home/Heryforce/.config/discord/0.0.71/modules/pending/discord_desktop_core-1.zip: 41%
2024-10-17T23:18:07.198Z [Modules] Streaming discord_desktop_core@1 to /home/Heryforce/.config/discord/0.0.71/modules/pending/discord_desktop_core-1.zip: 42%
2024-10-17T23:18:07.198Z [Modules] Streaming discord_desktop_core@1 to /home/Heryforce/.config/discord/0.0.71/modules/pending/discord_desktop_core-1.zip: 43%
2024-10-17T23:18:07.202Z [Modules] Streaming discord_desktop_core@1 to /home/Heryforce/.config/discord/0.0.71/modules/pending/discord_desktop_core-1.zip: 46%
2024-10-17T23:18:07.203Z [Modules] Streaming discord_desktop_core@1 to /home/Heryforce/.config/discord/0.0.71/modules/pending/discord_desktop_core-1.zip: 48%
2024-10-17T23:18:07.209Z [Modules] Streaming discord_desktop_core@1 to /home/Heryforce/.config/discord/0.0.71/modules/pending/discord_desktop_core-1.zip: 51%
2024-10-17T23:18:07.210Z [Modules] Streaming discord_desktop_core@1 to /home/Heryforce/.config/discord/0.0.71/modules/pending/discord_desktop_core-1.zip: 54%
2024-10-17T23:18:07.213Z [Modules] Streaming discord_desktop_core@1 to /home/Heryforce/.config/discord/0.0.71/modules/pending/discord_desktop_core-1.zip: 56%
2024-10-17T23:18:07.216Z [Modules] Streaming discord_desktop_core@1 to /home/Heryforce/.config/discord/0.0.71/modules/pending/discord_desktop_core-1.zip: 57%
2024-10-17T23:18:07.218Z [Modules] Streaming discord_desktop_core@1 to /home/Heryforce/.config/discord/0.0.71/modules/pending/discord_desktop_core-1.zip: 58%
2024-10-17T23:18:07.219Z [Modules] Streaming discord_desktop_core@1 to /home/Heryforce/.config/discord/0.0.71/modules/pending/discord_desktop_core-1.zip: 59%
2024-10-17T23:18:07.223Z [Modules] Streaming discord_desktop_core@1 to /home/Heryforce/.config/discord/0.0.71/modules/pending/discord_desktop_core-1.zip: 61%
2024-10-17T23:18:07.225Z [Modules] Streaming discord_desktop_core@1 to /home/Heryforce/.config/discord/0.0.71/modules/pending/discord_desktop_core-1.zip: 62%
2024-10-17T23:18:07.228Z [Modules] Streaming discord_desktop_core@1 to /home/Heryforce/.config/discord/0.0.71/modules/pending/discord_desktop_core-1.zip: 65%
2024-10-17T23:18:07.231Z [Modules] Streaming discord_desktop_core@1 to /home/Heryforce/.config/discord/0.0.71/modules/pending/discord_desktop_core-1.zip: 67%
2024-10-17T23:18:07.235Z [Modules] Streaming discord_desktop_core@1 to /home/Heryforce/.config/discord/0.0.71/modules/pending/discord_desktop_core-1.zip: 69%
2024-10-17T23:18:07.238Z [Modules] Streaming discord_desktop_core@1 to /home/Heryforce/.config/discord/0.0.71/modules/pending/discord_desktop_core-1.zip: 72%
2024-10-17T23:18:07.242Z [Modules] Streaming discord_desktop_core@1 to /home/Heryforce/.config/discord/0.0.71/modules/pending/discord_desktop_core-1.zip: 75%
2024-10-17T23:18:07.242Z [Modules] Streaming discord_desktop_core@1 to /home/Heryforce/.config/discord/0.0.71/modules/pending/discord_desktop_core-1.zip: 76%
2024-10-17T23:18:07.247Z [Modules] Streaming discord_desktop_core@1 to /home/Heryforce/.config/discord/0.0.71/modules/pending/discord_desktop_core-1.zip: 79%
2024-10-17T23:18:07.252Z [Modules] Streaming discord_desktop_core@1 to /home/Heryforce/.config/discord/0.0.71/modules/pending/discord_desktop_core-1.zip: 82%
2024-10-17T23:18:07.252Z [Modules] Streaming discord_desktop_core@1 to /home/Heryforce/.config/discord/0.0.71/modules/pending/discord_desktop_core-1.zip: 83%
2024-10-17T23:18:07.257Z [Modules] Streaming discord_desktop_core@1 to /home/Heryforce/.config/discord/0.0.71/modules/pending/discord_desktop_core-1.zip: 85%
2024-10-17T23:18:07.259Z [Modules] Streaming discord_desktop_core@1 to /home/Heryforce/.config/discord/0.0.71/modules/pending/discord_desktop_core-1.zip: 88%
2024-10-17T23:18:07.263Z [Modules] Streaming discord_desktop_core@1 to /home/Heryforce/.config/discord/0.0.71/modules/pending/discord_desktop_core-1.zip: 91%
2024-10-17T23:18:07.264Z [Modules] Streaming discord_desktop_core@1 to /home/Heryforce/.config/discord/0.0.71/modules/pending/discord_desktop_core-1.zip: 93%
2024-10-17T23:18:07.269Z [Modules] Streaming discord_desktop_core@1 to /home/Heryforce/.config/discord/0.0.71/modules/pending/discord_desktop_core-1.zip: 96%
2024-10-17T23:18:07.270Z [Modules] Streaming discord_desktop_core@1 to /home/Heryforce/.config/discord/0.0.71/modules/pending/discord_desktop_core-1.zip: 98%
2024-10-17T23:18:07.271Z [Modules] Streaming discord_desktop_core@1 to /home/Heryforce/.config/discord/0.0.71/modules/pending/discord_desktop_core-1.zip: 100%
2024-10-17T23:18:07.272Z [Modules] Fetching discord_erlpack@1 from https://discord.com/api/modules/stable/discord_erlpack/1
2024-10-17T23:18:07.272Z [Modules] Streaming discord_erlpack@1 to /home/Heryforce/.config/discord/0.0.71/modules/pending/discord_erlpack-1.zip
2024-10-17T23:18:07.584Z [Modules] Streaming discord_erlpack@1 to /home/Heryforce/.config/discord/0.0.71/modules/pending/discord_erlpack-1.zip: 2%
2024-10-17T23:18:07.586Z [Modules] Streaming discord_erlpack@1 to /home/Heryforce/.config/discord/0.0.71/modules/pending/discord_erlpack-1.zip: 3%
2024-10-17T23:18:07.588Z [Modules] Streaming discord_erlpack@1 to /home/Heryforce/.config/discord/0.0.71/modules/pending/discord_erlpack-1.zip: 6%
2024-10-17T23:18:07.592Z [Modules] Streaming discord_erlpack@1 to /home/Heryforce/.config/discord/0.0.71/modules/pending/discord_erlpack-1.zip: 9%
2024-10-17T23:18:07.595Z [Modules] Streaming discord_erlpack@1 to /home/Heryforce/.config/discord/0.0.71/modules/pending/discord_erlpack-1.zip: 10%
2024-10-17T23:18:07.597Z [Modules] Streaming discord_erlpack@1 to /home/Heryforce/.config/discord/0.0.71/modules/pending/discord_erlpack-1.zip: 12%
2024-10-17T23:18:07.599Z [Modules] Streaming discord_erlpack@1 to /home/Heryforce/.config/discord/0.0.71/modules/pending/discord_erlpack-1.zip: 13%
2024-10-17T23:18:07.601Z [Modules] Streaming discord_erlpack@1 to /home/Heryforce/.config/discord/0.0.71/modules/pending/discord_erlpack-1.zip: 15%
2024-10-17T23:18:07.604Z [Modules] Streaming discord_erlpack@1 to /home/Heryforce/.config/discord/0.0.71/modules/pending/discord_erlpack-1.zip: 16%
2024-10-17T23:18:07.606Z [Modules] Streaming discord_erlpack@1 to /home/Heryforce/.config/discord/0.0.71/modules/pending/discord_erlpack-1.zip: 18%
2024-10-17T23:18:07.608Z [Modules] Streaming discord_erlpack@1 to /home/Heryforce/.config/discord/0.0.71/modules/pending/discord_erlpack-1.zip: 20%
2024-10-17T23:18:07.610Z [Modules] Streaming discord_erlpack@1 to /home/Heryforce/.config/discord/0.0.71/modules/pending/discord_erlpack-1.zip: 21%
2024-10-17T23:18:07.613Z [Modules] Streaming discord_erlpack@1 to /home/Heryforce/.config/discord/0.0.71/modules/pending/discord_erlpack-1.zip: 24%
2024-10-17T23:18:07.615Z [Modules] Streaming discord_erlpack@1 to /home/Heryforce/.config/discord/0.0.71/modules/pending/discord_erlpack-1.zip: 25%
2024-10-17T23:18:07.617Z [Modules] Streaming discord_erlpack@1 to /home/Heryforce/.config/discord/0.0.71/modules/pending/discord_erlpack-1.zip: 26%
2024-10-17T23:18:07.620Z [Modules] Streaming discord_erlpack@1 to /home/Heryforce/.config/discord/0.0.71/modules/pending/discord_erlpack-1.zip: 29%
2024-10-17T23:18:07.623Z [Modules] Streaming discord_erlpack@1 to /home/Heryforce/.config/discord/0.0.71/modules/pending/discord_erlpack-1.zip: 31%
2024-10-17T23:18:07.625Z [Modules] Streaming discord_erlpack@1 to /home/Heryforce/.config/discord/0.0.71/modules/pending/discord_erlpack-1.zip: 32%
2024-10-17T23:18:07.627Z [Modules] Streaming discord_erlpack@1 to /home/Heryforce/.config/discord/0.0.71/modules/pending/discord_erlpack-1.zip: 34%
2024-10-17T23:18:07.629Z [Modules] Streaming discord_erlpack@1 to /home/Heryforce/.config/discord/0.0.71/modules/pending/discord_erlpack-1.zip: 35%
2024-10-17T23:18:07.632Z [Modules] Streaming discord_erlpack@1 to /home/Heryforce/.config/discord/0.0.71/modules/pending/discord_erlpack-1.zip: 37%
2024-10-17T23:18:07.635Z [Modules] Streaming discord_erlpack@1 to /home/Heryforce/.config/discord/0.0.71/modules/pending/discord_erlpack-1.zip: 38%
2024-10-17T23:18:07.636Z [Modules] Streaming discord_erlpack@1 to /home/Heryforce/.config/discord/0.0.71/modules/pending/discord_erlpack-1.zip: 39%
2024-10-17T23:18:07.638Z [Modules] Streaming discord_erlpack@1 to /home/Heryforce/.config/discord/0.0.71/modules/pending/discord_erlpack-1.zip: 41%
2024-10-17T23:18:07.641Z [Modules] Streaming discord_erlpack@1 to /home/Heryforce/.config/discord/0.0.71/modules/pending/discord_erlpack-1.zip: 43%
2024-10-17T23:18:07.644Z [Modules] Streaming discord_erlpack@1 to /home/Heryforce/.config/discord/0.0.71/modules/pending/discord_erlpack-1.zip: 46%
2024-10-17T23:18:07.648Z [Modules] Streaming discord_erlpack@1 to /home/Heryforce/.config/discord/0.0.71/modules/pending/discord_erlpack-1.zip: 48%
2024-10-17T23:18:07.650Z [Modules] Streaming discord_erlpack@1 to /home/Heryforce/.config/discord/0.0.71/modules/pending/discord_erlpack-1.zip: 50%
2024-10-17T23:18:07.653Z [Modules] Streaming discord_erlpack@1 to /home/Heryforce/.config/discord/0.0.71/modules/pending/discord_erlpack-1.zip: 52%
2024-10-17T23:18:07.657Z [Modules] Streaming discord_erlpack@1 to /home/Heryforce/.config/discord/0.0.71/modules/pending/discord_erlpack-1.zip: 54%
2024-10-17T23:18:07.659Z [Modules] Streaming discord_erlpack@1 to /home/Heryforce/.config/discord/0.0.71/modules/pending/discord_erlpack-1.zip: 56%
2024-10-17T23:18:07.661Z [Modules] Streaming discord_erlpack@1 to /home/Heryforce/.config/discord/0.0.71/modules/pending/discord_erlpack-1.zip: 58%
2024-10-17T23:18:07.664Z [Modules] Streaming discord_erlpack@1 to /home/Heryforce/.config/discord/0.0.71/modules/pending/discord_erlpack-1.zip: 60%
2024-10-17T23:18:07.665Z [Modules] Streaming discord_erlpack@1 to /home/Heryforce/.config/discord/0.0.71/modules/pending/discord_erlpack-1.zip: 61%
2024-10-17T23:18:07.667Z [Modules] Streaming discord_erlpack@1 to /home/Heryforce/.config/discord/0.0.71/modules/pending/discord_erlpack-1.zip: 62%
2024-10-17T23:18:07.669Z [Modules] Streaming discord_erlpack@1 to /home/Heryforce/.config/discord/0.0.71/modules/pending/discord_erlpack-1.zip: 63%
2024-10-17T23:18:07.670Z [Modules] Streaming discord_erlpack@1 to /home/Heryforce/.config/discord/0.0.71/modules/pending/discord_erlpack-1.zip: 65%
2024-10-17T23:18:07.675Z [Modules] Streaming discord_erlpack@1 to /home/Heryforce/.config/discord/0.0.71/modules/pending/discord_erlpack-1.zip: 68%
2024-10-17T23:18:07.676Z [Modules] Streaming discord_erlpack@1 to /home/Heryforce/.config/discord/0.0.71/modules/pending/discord_erlpack-1.zip: 69%
2024-10-17T23:18:07.679Z [Modules] Streaming discord_erlpack@1 to /home/Heryforce/.config/discord/0.0.71/modules/pending/discord_erlpack-1.zip: 71%
2024-10-17T23:18:07.680Z [Modules] Streaming discord_erlpack@1 to /home/Heryforce/.config/discord/0.0.71/modules/pending/discord_erlpack-1.zip: 72%
2024-10-17T23:18:07.682Z [Modules] Streaming discord_erlpack@1 to /home/Heryforce/.config/discord/0.0.71/modules/pending/discord_erlpack-1.zip: 73%
2024-10-17T23:18:07.684Z [Modules] Streaming discord_erlpack@1 to /home/Heryforce/.config/discord/0.0.71/modules/pending/discord_erlpack-1.zip: 74%
2024-10-17T23:18:07.686Z [Modules] Streaming discord_erlpack@1 to /home/Heryforce/.config/discord/0.0.71/modules/pending/discord_erlpack-1.zip: 76%
2024-10-17T23:18:07.688Z [Modules] Streaming discord_erlpack@1 to /home/Heryforce/.config/discord/0.0.71/modules/pending/discord_erlpack-1.zip: 77%
2024-10-17T23:18:07.691Z [Modules] Streaming discord_erlpack@1 to /home/Heryforce/.config/discord/0.0.71/modules/pending/discord_erlpack-1.zip: 80%
2024-10-17T23:18:07.695Z [Modules] Streaming discord_erlpack@1 to /home/Heryforce/.config/discord/0.0.71/modules/pending/discord_erlpack-1.zip: 82%
2024-10-17T23:18:07.698Z [Modules] Streaming discord_erlpack@1 to /home/Heryforce/.config/discord/0.0.71/modules/pending/discord_erlpack-1.zip: 85%
2024-10-17T23:18:07.702Z [Modules] Streaming discord_erlpack@1 to /home/Heryforce/.config/discord/0.0.71/modules/pending/discord_erlpack-1.zip: 87%
2024-10-17T23:18:07.705Z [Modules] Streaming discord_erlpack@1 to /home/Heryforce/.config/discord/0.0.71/modules/pending/discord_erlpack-1.zip: 88%
2024-10-17T23:18:07.706Z [Modules] Streaming discord_erlpack@1 to /home/Heryforce/.config/discord/0.0.71/modules/pending/discord_erlpack-1.zip: 90%
2024-10-17T23:18:07.708Z [Modules] Streaming discord_erlpack@1 to /home/Heryforce/.config/discord/0.0.71/modules/pending/discord_erlpack-1.zip: 92%
2024-10-17T23:18:07.710Z [Modules] Streaming discord_erlpack@1 to /home/Heryforce/.config/discord/0.0.71/modules/pending/discord_erlpack-1.zip: 93%
2024-10-17T23:18:07.712Z [Modules] Streaming discord_erlpack@1 to /home/Heryforce/.config/discord/0.0.71/modules/pending/discord_erlpack-1.zip: 95%
2024-10-17T23:18:07.715Z [Modules] Streaming discord_erlpack@1 to /home/Heryforce/.config/discord/0.0.71/modules/pending/discord_erlpack-1.zip: 96%
2024-10-17T23:18:07.715Z [Modules] Streaming discord_erlpack@1 to /home/Heryforce/.config/discord/0.0.71/modules/pending/discord_erlpack-1.zip: 97%
2024-10-17T23:18:07.718Z [Modules] Streaming discord_erlpack@1 to /home/Heryforce/.config/discord/0.0.71/modules/pending/discord_erlpack-1.zip: 99%
2024-10-17T23:18:07.719Z [Modules] Streaming discord_erlpack@1 to /home/Heryforce/.config/discord/0.0.71/modules/pending/discord_erlpack-1.zip: 100%
2024-10-17T23:18:07.720Z [Modules] Fetching discord_spellcheck@1 from https://discord.com/api/modules/stable/discord_spellcheck/1
2024-10-17T23:18:07.720Z [Modules] Streaming discord_spellcheck@1 to /home/Heryforce/.config/discord/0.0.71/modules/pending/discord_spellcheck-1.zip
2024-10-17T23:18:08.011Z [Modules] Streaming discord_spellcheck@1 to /home/Heryforce/.config/discord/0.0.71/modules/pending/discord_spellcheck-1.zip: 1%
2024-10-17T23:18:08.019Z [Modules] Streaming discord_spellcheck@1 to /home/Heryforce/.config/discord/0.0.71/modules/pending/discord_spellcheck-1.zip: 2%
2024-10-17T23:18:08.028Z [Modules] Streaming discord_spellcheck@1 to /home/Heryforce/.config/discord/0.0.71/modules/pending/discord_spellcheck-1.zip: 3%
2024-10-17T23:18:08.034Z [Modules] Streaming discord_spellcheck@1 to /home/Heryforce/.config/discord/0.0.71/modules/pending/discord_spellcheck-1.zip: 4%
2024-10-17T23:18:08.046Z [Modules] Streaming discord_spellcheck@1 to /home/Heryforce/.config/discord/0.0.71/modules/pending/discord_spellcheck-1.zip: 5%
2024-10-17T23:18:08.051Z [Modules] Streaming discord_spellcheck@1 to /home/Heryforce/.config/discord/0.0.71/modules/pending/discord_spellcheck-1.zip: 6%
2024-10-17T23:18:08.062Z [Modules] Streaming discord_spellcheck@1 to /home/Heryforce/.config/discord/0.0.71/modules/pending/discord_spellcheck-1.zip: 7%
2024-10-17T23:18:08.073Z [Modules] Streaming discord_spellcheck@1 to /home/Heryforce/.config/discord/0.0.71/modules/pending/discord_spellcheck-1.zip: 8%
2024-10-17T23:18:08.076Z [Modules] Streaming discord_spellcheck@1 to /home/Heryforce/.config/discord/0.0.71/modules/pending/discord_spellcheck-1.zip: 9%
2024-10-17T23:18:08.084Z [Modules] Streaming discord_spellcheck@1 to /home/Heryforce/.config/discord/0.0.71/modules/pending/discord_spellcheck-1.zip: 10%
2024-10-17T23:18:08.099Z [Modules] Streaming discord_spellcheck@1 to /home/Heryforce/.config/discord/0.0.71/modules/pending/discord_spellcheck-1.zip: 11%
2024-10-17T23:18:08.102Z [Modules] Streaming discord_spellcheck@1 to /home/Heryforce/.config/discord/0.0.71/modules/pending/discord_spellcheck-1.zip: 12%
2024-10-17T23:18:08.111Z [Modules] Streaming discord_spellcheck@1 to /home/Heryforce/.config/discord/0.0.71/modules/pending/discord_spellcheck-1.zip: 13%
2024-10-17T23:18:08.116Z [Modules] Streaming discord_spellcheck@1 to /home/Heryforce/.config/discord/0.0.71/modules/pending/discord_spellcheck-1.zip: 14%
2024-10-17T23:18:08.121Z [Modules] Streaming discord_spellcheck@1 to /home/Heryforce/.config/discord/0.0.71/modules/pending/discord_spellcheck-1.zip: 15%
2024-10-17T23:18:08.128Z [Modules] Streaming discord_spellcheck@1 to /home/Heryforce/.config/discord/0.0.71/modules/pending/discord_spellcheck-1.zip: 16%
2024-10-17T23:18:08.134Z [Modules] Streaming discord_spellcheck@1 to /home/Heryforce/.config/discord/0.0.71/modules/pending/discord_spellcheck-1.zip: 17%
2024-10-17T23:18:08.143Z [Modules] Streaming discord_spellcheck@1 to /home/Heryforce/.config/discord/0.0.71/modules/pending/discord_spellcheck-1.zip: 18%
2024-10-17T23:18:08.148Z [Modules] Streaming discord_spellcheck@1 to /home/Heryforce/.config/discord/0.0.71/modules/pending/discord_spellcheck-1.zip: 19%
2024-10-17T23:18:08.154Z [Modules] Streaming discord_spellcheck@1 to /home/Heryforce/.config/discord/0.0.71/modules/pending/discord_spellcheck-1.zip: 20%
2024-10-17T23:18:08.162Z [Modules] Streaming discord_spellcheck@1 to /home/Heryforce/.config/discord/0.0.71/modules/pending/discord_spellcheck-1.zip: 21%
2024-10-17T23:18:08.169Z [Modules] Streaming discord_spellcheck@1 to /home/Heryforce/.config/discord/0.0.71/modules/pending/discord_spellcheck-1.zip: 22%
2024-10-17T23:18:08.172Z [Modules] Streaming discord_spellcheck@1 to /home/Heryforce/.config/discord/0.0.71/modules/pending/discord_spellcheck-1.zip: 23%
2024-10-17T23:18:08.177Z [Modules] Streaming discord_spellcheck@1 to /home/Heryforce/.config/discord/0.0.71/modules/pending/discord_spellcheck-1.zip: 24%
2024-10-17T23:18:08.182Z [Modules] Streaming discord_spellcheck@1 to /home/Heryforce/.config/discord/0.0.71/modules/pending/discord_spellcheck-1.zip: 25%
2024-10-17T23:18:08.188Z [Modules] Streaming discord_spellcheck@1 to /home/Heryforce/.config/discord/0.0.71/modules/pending/discord_spellcheck-1.zip: 26%
2024-10-17T23:18:08.194Z [Modules] Streaming discord_spellcheck@1 to /home/Heryforce/.config/discord/0.0.71/modules/pending/discord_spellcheck-1.zip: 27%
2024-10-17T23:18:08.200Z [Modules] Streaming discord_spellcheck@1 to /home/Heryforce/.config/discord/0.0.71/modules/pending/discord_spellcheck-1.zip: 28%
2024-10-17T23:18:08.203Z [Modules] Streaming discord_spellcheck@1 to /home/Heryforce/.config/discord/0.0.71/modules/pending/discord_spellcheck-1.zip: 29%
2024-10-17T23:18:08.210Z [Modules] Streaming discord_spellcheck@1 to /home/Heryforce/.config/discord/0.0.71/modules/pending/discord_spellcheck-1.zip: 30%
2024-10-17T23:18:08.217Z [Modules] Streaming discord_spellcheck@1 to /home/Heryforce/.config/discord/0.0.71/modules/pending/discord_spellcheck-1.zip: 31%
2024-10-17T23:18:08.224Z [Modules] Streaming discord_spellcheck@1 to /home/Heryforce/.config/discord/0.0.71/modules/pending/discord_spellcheck-1.zip: 32%
2024-10-17T23:18:08.230Z [Modules] Streaming discord_spellcheck@1 to /home/Heryforce/.config/discord/0.0.71/modules/pending/discord_spellcheck-1.zip: 33%
2024-10-17T23:18:08.249Z [Modules] Streaming discord_spellcheck@1 to /home/Heryforce/.config/discord/0.0.71/modules/pending/discord_spellcheck-1.zip: 34%
2024-10-17T23:18:08.249Z [Modules] Streaming discord_spellcheck@1 to /home/Heryforce/.config/discord/0.0.71/modules/pending/discord_spellcheck-1.zip: 37%
2024-10-17T23:18:08.256Z [Modules] Streaming discord_spellcheck@1 to /home/Heryforce/.config/discord/0.0.71/modules/pending/discord_spellcheck-1.zip: 38%
2024-10-17T23:18:08.258Z [Modules] Streaming discord_spellcheck@1 to /home/Heryforce/.config/discord/0.0.71/modules/pending/discord_spellcheck-1.zip: 39%
2024-10-17T23:18:08.268Z [Modules] Streaming discord_spellcheck@1 to /home/Heryforce/.config/discord/0.0.71/modules/pending/discord_spellcheck-1.zip: 40%
2024-10-17T23:18:08.271Z [Modules] Streaming discord_spellcheck@1 to /home/Heryforce/.config/discord/0.0.71/modules/pending/discord_spellcheck-1.zip: 41%
2024-10-17T23:18:08.277Z [Modules] Streaming discord_spellcheck@1 to /home/Heryforce/.config/discord/0.0.71/modules/pending/discord_spellcheck-1.zip: 42%
2024-10-17T23:18:08.282Z [Modules] Streaming discord_spellcheck@1 to /home/Heryforce/.config/discord/0.0.71/modules/pending/discord_spellcheck-1.zip: 43%
2024-10-17T23:18:08.289Z [Modules] Streaming discord_spellcheck@1 to /home/Heryforce/.config/discord/0.0.71/modules/pending/discord_spellcheck-1.zip: 44%
2024-10-17T23:18:08.297Z [Modules] Streaming discord_spellcheck@1 to /home/Heryforce/.config/discord/0.0.71/modules/pending/discord_spellcheck-1.zip: 45%
2024-10-17T23:18:08.305Z [Modules] Streaming discord_spellcheck@1 to /home/Heryforce/.config/discord/0.0.71/modules/pending/discord_spellcheck-1.zip: 46%
2024-10-17T23:18:08.309Z [Modules] Streaming discord_spellcheck@1 to /home/Heryforce/.config/discord/0.0.71/modules/pending/discord_spellcheck-1.zip: 47%
2024-10-17T23:18:08.315Z [Modules] Streaming discord_spellcheck@1 to /home/Heryforce/.config/discord/0.0.71/modules/pending/discord_spellcheck-1.zip: 48%
2024-10-17T23:18:08.319Z [Modules] Streaming discord_spellcheck@1 to /home/Heryforce/.config/discord/0.0.71/modules/pending/discord_spellcheck-1.zip: 49%
2024-10-17T23:18:08.323Z [Modules] Streaming discord_spellcheck@1 to /home/Heryforce/.config/discord/0.0.71/modules/pending/discord_spellcheck-1.zip: 50%
2024-10-17T23:18:08.332Z [Modules] Streaming discord_spellcheck@1 to /home/Heryforce/.config/discord/0.0.71/modules/pending/discord_spellcheck-1.zip: 51%
2024-10-17T23:18:08.335Z [Modules] Streaming discord_spellcheck@1 to /home/Heryforce/.config/discord/0.0.71/modules/pending/discord_spellcheck-1.zip: 52%
2024-10-17T23:18:08.339Z [Modules] Streaming discord_spellcheck@1 to /home/Heryforce/.config/discord/0.0.71/modules/pending/discord_spellcheck-1.zip: 53%
2024-10-17T23:18:08.343Z [Modules] Streaming discord_spellcheck@1 to /home/Heryforce/.config/discord/0.0.71/modules/pending/discord_spellcheck-1.zip: 54%
2024-10-17T23:18:08.348Z [Modules] Streaming discord_spellcheck@1 to /home/Heryforce/.config/discord/0.0.71/modules/pending/discord_spellcheck-1.zip: 55%
2024-10-17T23:18:08.354Z [Modules] Streaming discord_spellcheck@1 to /home/Heryforce/.config/discord/0.0.71/modules/pending/discord_spellcheck-1.zip: 56%
2024-10-17T23:18:08.358Z [Modules] Streaming discord_spellcheck@1 to /home/Heryforce/.config/discord/0.0.71/modules/pending/discord_spellcheck-1.zip: 57%
2024-10-17T23:18:08.364Z [Modules] Streaming discord_spellcheck@1 to /home/Heryforce/.config/discord/0.0.71/modules/pending/discord_spellcheck-1.zip: 58%
2024-10-17T23:18:08.389Z [Modules] Streaming discord_spellcheck@1 to /home/Heryforce/.config/discord/0.0.71/modules/pending/discord_spellcheck-1.zip: 60%
2024-10-17T23:18:08.389Z [Modules] Streaming discord_spellcheck@1 to /home/Heryforce/.config/discord/0.0.71/modules/pending/discord_spellcheck-1.zip: 62%
2024-10-17T23:18:08.395Z [Modules] Streaming discord_spellcheck@1 to /home/Heryforce/.config/discord/0.0.71/modules/pending/discord_spellcheck-1.zip: 63%
2024-10-17T23:18:08.399Z [Modules] Streaming discord_spellcheck@1 to /home/Heryforce/.config/discord/0.0.71/modules/pending/discord_spellcheck-1.zip: 64%
2024-10-17T23:18:08.403Z [Modules] Streaming discord_spellcheck@1 to /home/Heryforce/.config/discord/0.0.71/modules/pending/discord_spellcheck-1.zip: 65%
2024-10-17T23:18:08.412Z [Modules] Streaming discord_spellcheck@1 to /home/Heryforce/.config/discord/0.0.71/modules/pending/discord_spellcheck-1.zip: 66%
2024-10-17T23:18:08.431Z [Modules] Streaming discord_spellcheck@1 to /home/Heryforce/.config/discord/0.0.71/modules/pending/discord_spellcheck-1.zip: 67%
2024-10-17T23:18:08.431Z [Modules] Streaming discord_spellcheck@1 to /home/Heryforce/.config/discord/0.0.71/modules/pending/discord_spellcheck-1.zip: 68%
2024-10-17T23:18:08.434Z [Modules] Streaming discord_spellcheck@1 to /home/Heryforce/.config/discord/0.0.71/modules/pending/discord_spellcheck-1.zip: 69%
2024-10-17T23:18:08.435Z [Modules] Streaming discord_spellcheck@1 to /home/Heryforce/.config/discord/0.0.71/modules/pending/discord_spellcheck-1.zip: 70%
2024-10-17T23:18:08.437Z [Modules] Streaming discord_spellcheck@1 to /home/Heryforce/.config/discord/0.0.71/modules/pending/discord_spellcheck-1.zip: 71%
2024-10-17T23:18:08.443Z [Modules] Streaming discord_spellcheck@1 to /home/Heryforce/.config/discord/0.0.71/modules/pending/discord_spellcheck-1.zip: 72%
2024-10-17T23:18:08.449Z [Modules] Streaming discord_spellcheck@1 to /home/Heryforce/.config/discord/0.0.71/modules/pending/discord_spellcheck-1.zip: 73%
2024-10-17T23:18:08.454Z [Modules] Streaming discord_spellcheck@1 to /home/Heryforce/.config/discord/0.0.71/modules/pending/discord_spellcheck-1.zip: 74%
2024-10-17T23:18:08.462Z [Modules] Streaming discord_spellcheck@1 to /home/Heryforce/.config/discord/0.0.71/modules/pending/discord_spellcheck-1.zip: 75%
2024-10-17T23:18:08.484Z [Modules] Streaming discord_spellcheck@1 to /home/Heryforce/.config/discord/0.0.71/modules/pending/discord_spellcheck-1.zip: 76%
2024-10-17T23:18:08.486Z [Modules] Streaming discord_spellcheck@1 to /home/Heryforce/.config/discord/0.0.71/modules/pending/discord_spellcheck-1.zip: 77%
2024-10-17T23:18:08.487Z [Modules] Streaming discord_spellcheck@1 to /home/Heryforce/.config/discord/0.0.71/modules/pending/discord_spellcheck-1.zip: 78%
2024-10-17T23:18:08.489Z [Modules] Streaming discord_spellcheck@1 to /home/Heryforce/.config/discord/0.0.71/modules/pending/discord_spellcheck-1.zip: 79%
2024-10-17T23:18:08.490Z [Modules] Streaming discord_spellcheck@1 to /home/Heryforce/.config/discord/0.0.71/modules/pending/discord_spellcheck-1.zip: 80%
2024-10-17T23:18:08.495Z [Modules] Streaming discord_spellcheck@1 to /home/Heryforce/.config/discord/0.0.71/modules/pending/discord_spellcheck-1.zip: 81%
2024-10-17T23:18:08.502Z [Modules] Streaming discord_spellcheck@1 to /home/Heryforce/.config/discord/0.0.71/modules/pending/discord_spellcheck-1.zip: 82%
2024-10-17T23:18:08.506Z [Modules] Streaming discord_spellcheck@1 to /home/Heryforce/.config/discord/0.0.71/modules/pending/discord_spellcheck-1.zip: 83%
2024-10-17T23:18:08.511Z [Modules] Streaming discord_spellcheck@1 to /home/Heryforce/.config/discord/0.0.71/modules/pending/discord_spellcheck-1.zip: 84%
2024-10-17T23:18:08.516Z [Modules] Streaming discord_spellcheck@1 to /home/Heryforce/.config/discord/0.0.71/modules/pending/discord_spellcheck-1.zip: 85%
2024-10-17T23:18:08.522Z [Modules] Streaming discord_spellcheck@1 to /home/Heryforce/.config/discord/0.0.71/modules/pending/discord_spellcheck-1.zip: 86%
2024-10-17T23:18:08.547Z [Modules] Streaming discord_spellcheck@1 to /home/Heryforce/.config/discord/0.0.71/modules/pending/discord_spellcheck-1.zip: 87%
2024-10-17T23:18:08.548Z [Modules] Streaming discord_spellcheck@1 to /home/Heryforce/.config/discord/0.0.71/modules/pending/discord_spellcheck-1.zip: 89%
2024-10-17T23:18:08.549Z [Modules] Streaming discord_spellcheck@1 to /home/Heryforce/.config/discord/0.0.71/modules/pending/discord_spellcheck-1.zip: 91%
2024-10-17T23:18:08.556Z [Modules] Streaming discord_spellcheck@1 to /home/Heryforce/.config/discord/0.0.71/modules/pending/discord_spellcheck-1.zip: 92%
2024-10-17T23:18:08.560Z [Modules] Streaming discord_spellcheck@1 to /home/Heryforce/.config/discord/0.0.71/modules/pending/discord_spellcheck-1.zip: 93%
2024-10-17T23:18:08.568Z [Modules] Streaming discord_spellcheck@1 to /home/Heryforce/.config/discord/0.0.71/modules/pending/discord_spellcheck-1.zip: 94%
2024-10-17T23:18:08.572Z [Modules] Streaming discord_spellcheck@1 to /home/Heryforce/.config/discord/0.0.71/modules/pending/discord_spellcheck-1.zip: 95%
2024-10-17T23:18:08.578Z [Modules] Streaming discord_spellcheck@1 to /home/Heryforce/.config/discord/0.0.71/modules/pending/discord_spellcheck-1.zip: 96%
2024-10-17T23:18:08.584Z [Modules] Streaming discord_spellcheck@1 to /home/Heryforce/.config/discord/0.0.71/modules/pending/discord_spellcheck-1.zip: 97%
2024-10-17T23:18:08.597Z [Modules] Streaming discord_spellcheck@1 to /home/Heryforce/.config/discord/0.0.71/modules/pending/discord_spellcheck-1.zip: 99%
2024-10-17T23:18:08.597Z [Modules] Streaming discord_spellcheck@1 to /home/Heryforce/.config/discord/0.0.71/modules/pending/discord_spellcheck-1.zip: 100%
2024-10-17T23:18:08.599Z [Modules] Fetching discord_utils@1 from https://discord.com/api/modules/stable/discord_utils/1
2024-10-17T23:18:08.599Z [Modules] Streaming discord_utils@1 to /home/Heryforce/.config/discord/0.0.71/modules/pending/discord_utils-1.zip
2024-10-17T23:18:08.832Z [Modules] Streaming discord_utils@1 to /home/Heryforce/.config/discord/0.0.71/modules/pending/discord_utils-1.zip: 1%
2024-10-17T23:18:08.834Z [Modules] Streaming discord_utils@1 to /home/Heryforce/.config/discord/0.0.71/modules/pending/discord_utils-1.zip: 2%
2024-10-17T23:18:08.834Z [Modules] Streaming discord_utils@1 to /home/Heryforce/.config/discord/0.0.71/modules/pending/discord_utils-1.zip: 3%
2024-10-17T23:18:08.837Z [Modules] Streaming discord_utils@1 to /home/Heryforce/.config/discord/0.0.71/modules/pending/discord_utils-1.zip: 4%
2024-10-17T23:18:08.840Z [Modules] Streaming discord_utils@1 to /home/Heryforce/.config/discord/0.0.71/modules/pending/discord_utils-1.zip: 5%
2024-10-17T23:18:08.840Z [Modules] Streaming discord_utils@1 to /home/Heryforce/.config/discord/0.0.71/modules/pending/discord_utils-1.zip: 6%
2024-10-17T23:18:08.844Z [Modules] Streaming discord_utils@1 to /home/Heryforce/.config/discord/0.0.71/modules/pending/discord_utils-1.zip: 7%
2024-10-17T23:18:08.847Z [Modules] Streaming discord_utils@1 to /home/Heryforce/.config/discord/0.0.71/modules/pending/discord_utils-1.zip: 8%
2024-10-17T23:18:08.848Z [Modules] Streaming discord_utils@1 to /home/Heryforce/.config/discord/0.0.71/modules/pending/discord_utils-1.zip: 9%
2024-10-17T23:18:08.851Z [Modules] Streaming discord_utils@1 to /home/Heryforce/.config/discord/0.0.71/modules/pending/discord_utils-1.zip: 10%
2024-10-17T23:18:08.851Z [Modules] Streaming discord_utils@1 to /home/Heryforce/.config/discord/0.0.71/modules/pending/discord_utils-1.zip: 11%
2024-10-17T23:18:08.853Z [Modules] Streaming discord_utils@1 to /home/Heryforce/.config/discord/0.0.71/modules/pending/discord_utils-1.zip: 12%
2024-10-17T23:18:08.859Z [Modules] Streaming discord_utils@1 to /home/Heryforce/.config/discord/0.0.71/modules/pending/discord_utils-1.zip: 13%
2024-10-17T23:18:08.859Z [Modules] Streaming discord_utils@1 to /home/Heryforce/.config/discord/0.0.71/modules/pending/discord_utils-1.zip: 15%
2024-10-17T23:18:08.862Z [Modules] Streaming discord_utils@1 to /home/Heryforce/.config/discord/0.0.71/modules/pending/discord_utils-1.zip: 16%
2024-10-17T23:18:08.863Z [Modules] Streaming discord_utils@1 to /home/Heryforce/.config/discord/0.0.71/modules/pending/discord_utils-1.zip: 17%
2024-10-17T23:18:08.867Z [Modules] Streaming discord_utils@1 to /home/Heryforce/.config/discord/0.0.71/modules/pending/discord_utils-1.zip: 18%
2024-10-17T23:18:08.867Z [Modules] Streaming discord_utils@1 to /home/Heryforce/.config/discord/0.0.71/modules/pending/discord_utils-1.zip: 19%
2024-10-17T23:18:08.873Z [Modules] Streaming discord_utils@1 to /home/Heryforce/.config/discord/0.0.71/modules/pending/discord_utils-1.zip: 20%
2024-10-17T23:18:08.873Z [Modules] Streaming discord_utils@1 to /home/Heryforce/.config/discord/0.0.71/modules/pending/discord_utils-1.zip: 22%
2024-10-17T23:18:08.891Z [Modules] Streaming discord_utils@1 to /home/Heryforce/.config/discord/0.0.71/modules/pending/discord_utils-1.zip: 23%
2024-10-17T23:18:08.895Z [Modules] Streaming discord_utils@1 to /home/Heryforce/.config/discord/0.0.71/modules/pending/discord_utils-1.zip: 24%
2024-10-17T23:18:08.896Z [Modules] Streaming discord_utils@1 to /home/Heryforce/.config/discord/0.0.71/modules/pending/discord_utils-1.zip: 26%
2024-10-17T23:18:08.896Z [Modules] Streaming discord_utils@1 to /home/Heryforce/.config/discord/0.0.71/modules/pending/discord_utils-1.zip: 27%
2024-10-17T23:18:08.896Z [Modules] Streaming discord_utils@1 to /home/Heryforce/.config/discord/0.0.71/modules/pending/discord_utils-1.zip: 31%
2024-10-17T23:18:08.898Z [Modules] Streaming discord_utils@1 to /home/Heryforce/.config/discord/0.0.71/modules/pending/discord_utils-1.zip: 32%
2024-10-17T23:18:08.898Z [Modules] Streaming discord_utils@1 to /home/Heryforce/.config/discord/0.0.71/modules/pending/discord_utils-1.zip: 33%
2024-10-17T23:18:08.900Z [Modules] Streaming discord_utils@1 to /home/Heryforce/.config/discord/0.0.71/modules/pending/discord_utils-1.zip: 34%
2024-10-17T23:18:08.903Z [Modules] Streaming discord_utils@1 to /home/Heryforce/.config/discord/0.0.71/modules/pending/discord_utils-1.zip: 35%
2024-10-17T23:18:08.903Z [Modules] Streaming discord_utils@1 to /home/Heryforce/.config/discord/0.0.71/modules/pending/discord_utils-1.zip: 36%
2024-10-17T23:18:08.908Z [Modules] Streaming discord_utils@1 to /home/Heryforce/.config/discord/0.0.71/modules/pending/discord_utils-1.zip: 37%
2024-10-17T23:18:08.908Z [Modules] Streaming discord_utils@1 to /home/Heryforce/.config/discord/0.0.71/modules/pending/discord_utils-1.zip: 38%
2024-10-17T23:18:08.910Z [Modules] Streaming discord_utils@1 to /home/Heryforce/.config/discord/0.0.71/modules/pending/discord_utils-1.zip: 39%
2024-10-17T23:18:08.915Z [Modules] Streaming discord_utils@1 to /home/Heryforce/.config/discord/0.0.71/modules/pending/discord_utils-1.zip: 40%
2024-10-17T23:18:08.915Z [Modules] Streaming discord_utils@1 to /home/Heryforce/.config/discord/0.0.71/modules/pending/discord_utils-1.zip: 42%
2024-10-17T23:18:08.920Z [Modules] Streaming discord_utils@1 to /home/Heryforce/.config/discord/0.0.71/modules/pending/discord_utils-1.zip: 44%
2024-10-17T23:18:08.923Z [Modules] Streaming discord_utils@1 to /home/Heryforce/.config/discord/0.0.71/modules/pending/discord_utils-1.zip: 45%
2024-10-17T23:18:08.923Z [Modules] Streaming discord_utils@1 to /home/Heryforce/.config/discord/0.0.71/modules/pending/discord_utils-1.zip: 46%
2024-10-17T23:18:08.928Z [Modules] Streaming discord_utils@1 to /home/Heryforce/.config/discord/0.0.71/modules/pending/discord_utils-1.zip: 47%
2024-10-17T23:18:08.928Z [Modules] Streaming discord_utils@1 to /home/Heryforce/.config/discord/0.0.71/modules/pending/discord_utils-1.zip: 48%
2024-10-17T23:18:08.932Z [Modules] Streaming discord_utils@1 to /home/Heryforce/.config/discord/0.0.71/modules/pending/discord_utils-1.zip: 49%
2024-10-17T23:18:08.933Z [Modules] Streaming discord_utils@1 to /home/Heryforce/.config/discord/0.0.71/modules/pending/discord_utils-1.zip: 50%
2024-10-17T23:18:08.937Z [Modules] Streaming discord_utils@1 to /home/Heryforce/.config/discord/0.0.71/modules/pending/discord_utils-1.zip: 51%
2024-10-17T23:18:08.938Z [Modules] Streaming discord_utils@1 to /home/Heryforce/.config/discord/0.0.71/modules/pending/discord_utils-1.zip: 52%
2024-10-17T23:18:08.939Z [Modules] Streaming discord_utils@1 to /home/Heryforce/.config/discord/0.0.71/modules/pending/discord_utils-1.zip: 53%
2024-10-17T23:18:08.957Z [Modules] Streaming discord_utils@1 to /home/Heryforce/.config/discord/0.0.71/modules/pending/discord_utils-1.zip: 56%
2024-10-17T23:18:08.958Z [Modules] Streaming discord_utils@1 to /home/Heryforce/.config/discord/0.0.71/modules/pending/discord_utils-1.zip: 63%
2024-10-17T23:18:08.961Z [Modules] Streaming discord_utils@1 to /home/Heryforce/.config/discord/0.0.71/modules/pending/discord_utils-1.zip: 64%
2024-10-17T23:18:08.962Z [Modules] Streaming discord_utils@1 to /home/Heryforce/.config/discord/0.0.71/modules/pending/discord_utils-1.zip: 65%
2024-10-17T23:18:08.964Z [Modules] Streaming discord_utils@1 to /home/Heryforce/.config/discord/0.0.71/modules/pending/discord_utils-1.zip: 66%
2024-10-17T23:18:08.965Z [Modules] Streaming discord_utils@1 to /home/Heryforce/.config/discord/0.0.71/modules/pending/discord_utils-1.zip: 67%
2024-10-17T23:18:08.970Z [Modules] Streaming discord_utils@1 to /home/Heryforce/.config/discord/0.0.71/modules/pending/discord_utils-1.zip: 68%
2024-10-17T23:18:08.971Z [Modules] Streaming discord_utils@1 to /home/Heryforce/.config/discord/0.0.71/modules/pending/discord_utils-1.zip: 70%
2024-10-17T23:18:08.987Z [Modules] Streaming discord_utils@1 to /home/Heryforce/.config/discord/0.0.71/modules/pending/discord_utils-1.zip: 73%
2024-10-17T23:18:08.988Z [Modules] Streaming discord_utils@1 to /home/Heryforce/.config/discord/0.0.71/modules/pending/discord_utils-1.zip: 75%
2024-10-17T23:18:08.993Z [Modules] Streaming discord_utils@1 to /home/Heryforce/.config/discord/0.0.71/modules/pending/discord_utils-1.zip: 77%
2024-10-17T23:18:08.993Z [Modules] Streaming discord_utils@1 to /home/Heryforce/.config/discord/0.0.71/modules/pending/discord_utils-1.zip: 78%
2024-10-17T23:18:08.993Z [Modules] Streaming discord_utils@1 to /home/Heryforce/.config/discord/0.0.71/modules/pending/discord_utils-1.zip: 81%
2024-10-17T23:18:08.996Z [Modules] Streaming discord_utils@1 to /home/Heryforce/.config/discord/0.0.71/modules/pending/discord_utils-1.zip: 82%
2024-10-17T23:18:09.002Z [Modules] Streaming discord_utils@1 to /home/Heryforce/.config/discord/0.0.71/modules/pending/discord_utils-1.zip: 83%
2024-10-17T23:18:09.003Z [Modules] Streaming discord_utils@1 to /home/Heryforce/.config/discord/0.0.71/modules/pending/discord_utils-1.zip: 84%
2024-10-17T23:18:09.005Z [Modules] Streaming discord_utils@1 to /home/Heryforce/.config/discord/0.0.71/modules/pending/discord_utils-1.zip: 85%
2024-10-17T23:18:09.005Z [Modules] Streaming discord_utils@1 to /home/Heryforce/.config/discord/0.0.71/modules/pending/discord_utils-1.zip: 86%
2024-10-17T23:18:09.010Z [Modules] Streaming discord_utils@1 to /home/Heryforce/.config/discord/0.0.71/modules/pending/discord_utils-1.zip: 87%
2024-10-17T23:18:09.010Z [Modules] Streaming discord_utils@1 to /home/Heryforce/.config/discord/0.0.71/modules/pending/discord_utils-1.zip: 88%
2024-10-17T23:18:09.013Z [Modules] Streaming discord_utils@1 to /home/Heryforce/.config/discord/0.0.71/modules/pending/discord_utils-1.zip: 89%
2024-10-17T23:18:09.014Z [Modules] Streaming discord_utils@1 to /home/Heryforce/.config/discord/0.0.71/modules/pending/discord_utils-1.zip: 90%
2024-10-17T23:18:09.018Z [Modules] Streaming discord_utils@1 to /home/Heryforce/.config/discord/0.0.71/modules/pending/discord_utils-1.zip: 91%
2024-10-17T23:18:09.018Z [Modules] Streaming discord_utils@1 to /home/Heryforce/.config/discord/0.0.71/modules/pending/discord_utils-1.zip: 92%
2024-10-17T23:18:09.022Z [Modules] Streaming discord_utils@1 to /home/Heryforce/.config/discord/0.0.71/modules/pending/discord_utils-1.zip: 94%
2024-10-17T23:18:09.026Z [Modules] Streaming discord_utils@1 to /home/Heryforce/.config/discord/0.0.71/modules/pending/discord_utils-1.zip: 95%
2024-10-17T23:18:09.026Z [Modules] Streaming discord_utils@1 to /home/Heryforce/.config/discord/0.0.71/modules/pending/discord_utils-1.zip: 97%
2024-10-17T23:18:09.030Z [Modules] Streaming discord_utils@1 to /home/Heryforce/.config/discord/0.0.71/modules/pending/discord_utils-1.zip: 98%
2024-10-17T23:18:09.031Z [Modules] Streaming discord_utils@1 to /home/Heryforce/.config/discord/0.0.71/modules/pending/discord_utils-1.zip: 99%
2024-10-17T23:18:09.032Z [Modules] Streaming discord_utils@1 to /home/Heryforce/.config/discord/0.0.71/modules/pending/discord_utils-1.zip: 100%
2024-10-17T23:18:09.033Z [Modules] Fetching discord_voice@1 from https://discord.com/api/modules/stable/discord_voice/1
2024-10-17T23:18:09.033Z [Modules] Streaming discord_voice@1 to /home/Heryforce/.config/discord/0.0.71/modules/pending/discord_voice-1.zip
2024-10-17T23:18:09.326Z [Modules] Streaming discord_voice@1 to /home/Heryforce/.config/discord/0.0.71/modules/pending/discord_voice-1.zip: 1%
2024-10-17T23:18:09.337Z [Modules] Streaming discord_voice@1 to /home/Heryforce/.config/discord/0.0.71/modules/pending/discord_voice-1.zip: 2%
2024-10-17T23:18:09.341Z [Modules] Streaming discord_voice@1 to /home/Heryforce/.config/discord/0.0.71/modules/pending/discord_voice-1.zip: 3%
2024-10-17T23:18:09.369Z [Modules] Streaming discord_voice@1 to /home/Heryforce/.config/discord/0.0.71/modules/pending/discord_voice-1.zip: 4%
2024-10-17T23:18:09.372Z [Modules] Streaming discord_voice@1 to /home/Heryforce/.config/discord/0.0.71/modules/pending/discord_voice-1.zip: 5%
2024-10-17T23:18:09.383Z [Modules] Streaming discord_voice@1 to /home/Heryforce/.config/discord/0.0.71/modules/pending/discord_voice-1.zip: 6%
2024-10-17T23:18:09.412Z [Modules] Streaming discord_voice@1 to /home/Heryforce/.config/discord/0.0.71/modules/pending/discord_voice-1.zip: 7%
2024-10-17T23:18:09.429Z [Modules] Streaming discord_voice@1 to /home/Heryforce/.config/discord/0.0.71/modules/pending/discord_voice-1.zip: 8%
2024-10-17T23:18:09.433Z [Modules] Streaming discord_voice@1 to /home/Heryforce/.config/discord/0.0.71/modules/pending/discord_voice-1.zip: 9%
2024-10-17T23:18:09.446Z [Modules] Streaming discord_voice@1 to /home/Heryforce/.config/discord/0.0.71/modules/pending/discord_voice-1.zip: 10%
2024-10-17T23:18:09.457Z [Modules] Streaming discord_voice@1 to /home/Heryforce/.config/discord/0.0.71/modules/pending/discord_voice-1.zip: 11%
2024-10-17T23:18:09.469Z [Modules] Streaming discord_voice@1 to /home/Heryforce/.config/discord/0.0.71/modules/pending/discord_voice-1.zip: 12%
2024-10-17T23:18:09.480Z [Modules] Streaming discord_voice@1 to /home/Heryforce/.config/discord/0.0.71/modules/pending/discord_voice-1.zip: 13%
2024-10-17T23:18:09.493Z [Modules] Streaming discord_voice@1 to /home/Heryforce/.config/discord/0.0.71/modules/pending/discord_voice-1.zip: 14%
2024-10-17T23:18:09.506Z [Modules] Streaming discord_voice@1 to /home/Heryforce/.config/discord/0.0.71/modules/pending/discord_voice-1.zip: 15%
2024-10-17T23:18:09.525Z [Modules] Streaming discord_voice@1 to /home/Heryforce/.config/discord/0.0.71/modules/pending/discord_voice-1.zip: 16%
2024-10-17T23:18:09.529Z [Modules] Streaming discord_voice@1 to /home/Heryforce/.config/discord/0.0.71/modules/pending/discord_voice-1.zip: 17%
2024-10-17T23:18:09.541Z [Modules] Streaming discord_voice@1 to /home/Heryforce/.config/discord/0.0.71/modules/pending/discord_voice-1.zip: 18%
2024-10-17T23:18:09.553Z [Modules] Streaming discord_voice@1 to /home/Heryforce/.config/discord/0.0.71/modules/pending/discord_voice-1.zip: 19%
2024-10-17T23:18:09.564Z [Modules] Streaming discord_voice@1 to /home/Heryforce/.config/discord/0.0.71/modules/pending/discord_voice-1.zip: 20%
2024-10-17T23:18:09.575Z [Modules] Streaming discord_voice@1 to /home/Heryforce/.config/discord/0.0.71/modules/pending/discord_voice-1.zip: 21%
2024-10-17T23:18:09.599Z [Modules] Streaming discord_voice@1 to /home/Heryforce/.config/discord/0.0.71/modules/pending/discord_voice-1.zip: 22%
2024-10-17T23:18:09.604Z [Modules] Streaming discord_voice@1 to /home/Heryforce/.config/discord/0.0.71/modules/pending/discord_voice-1.zip: 23%
2024-10-17T23:18:09.619Z [Modules] Streaming discord_voice@1 to /home/Heryforce/.config/discord/0.0.71/modules/pending/discord_voice-1.zip: 24%
2024-10-17T23:18:09.631Z [Modules] Streaming discord_voice@1 to /home/Heryforce/.config/discord/0.0.71/modules/pending/discord_voice-1.zip: 25%
2024-10-17T23:18:09.656Z [Modules] Streaming discord_voice@1 to /home/Heryforce/.config/discord/0.0.71/modules/pending/discord_voice-1.zip: 26%
2024-10-17T23:18:09.670Z [Modules] Streaming discord_voice@1 to /home/Heryforce/.config/discord/0.0.71/modules/pending/discord_voice-1.zip: 27%
2024-10-17T23:18:09.671Z [Modules] Streaming discord_voice@1 to /home/Heryforce/.config/discord/0.0.71/modules/pending/discord_voice-1.zip: 28%
2024-10-17T23:18:09.690Z [Modules] Streaming discord_voice@1 to /home/Heryforce/.config/discord/0.0.71/modules/pending/discord_voice-1.zip: 29%
2024-10-17T23:18:09.696Z [Modules] Streaming discord_voice@1 to /home/Heryforce/.config/discord/0.0.71/modules/pending/discord_voice-1.zip: 30%
2024-10-17T23:18:09.702Z [Modules] Streaming discord_voice@1 to /home/Heryforce/.config/discord/0.0.71/modules/pending/discord_voice-1.zip: 31%
2024-10-17T23:18:09.733Z [Modules] Streaming discord_voice@1 to /home/Heryforce/.config/discord/0.0.71/modules/pending/discord_voice-1.zip: 32%
2024-10-17T23:18:09.734Z [Modules] Streaming discord_voice@1 to /home/Heryforce/.config/discord/0.0.71/modules/pending/discord_voice-1.zip: 33%
2024-10-17T23:18:09.747Z [Modules] Streaming discord_voice@1 to /home/Heryforce/.config/discord/0.0.71/modules/pending/discord_voice-1.zip: 34%
2024-10-17T23:18:09.771Z [Modules] Streaming discord_voice@1 to /home/Heryforce/.config/discord/0.0.71/modules/pending/discord_voice-1.zip: 35%
2024-10-17T23:18:09.772Z [Modules] Streaming discord_voice@1 to /home/Heryforce/.config/discord/0.0.71/modules/pending/discord_voice-1.zip: 36%
2024-10-17T23:18:09.783Z [Modules] Streaming discord_voice@1 to /home/Heryforce/.config/discord/0.0.71/modules/pending/discord_voice-1.zip: 37%
2024-10-17T23:18:09.798Z [Modules] Streaming discord_voice@1 to /home/Heryforce/.config/discord/0.0.71/modules/pending/discord_voice-1.zip: 38%
2024-10-17T23:18:09.823Z [Modules] Streaming discord_voice@1 to /home/Heryforce/.config/discord/0.0.71/modules/pending/discord_voice-1.zip: 39%
2024-10-17T23:18:09.825Z [Modules] Streaming discord_voice@1 to /home/Heryforce/.config/discord/0.0.71/modules/pending/discord_voice-1.zip: 40%
2024-10-17T23:18:09.839Z [Modules] Streaming discord_voice@1 to /home/Heryforce/.config/discord/0.0.71/modules/pending/discord_voice-1.zip: 41%
2024-10-17T23:18:09.868Z [Modules] Streaming discord_voice@1 to /home/Heryforce/.config/discord/0.0.71/modules/pending/discord_voice-1.zip: 42%
2024-10-17T23:18:09.869Z [Modules] Streaming discord_voice@1 to /home/Heryforce/.config/discord/0.0.71/modules/pending/discord_voice-1.zip: 43%
2024-10-17T23:18:09.885Z [Modules] Streaming discord_voice@1 to /home/Heryforce/.config/discord/0.0.71/modules/pending/discord_voice-1.zip: 44%
2024-10-17T23:18:09.917Z [Modules] Streaming discord_voice@1 to /home/Heryforce/.config/discord/0.0.71/modules/pending/discord_voice-1.zip: 45%
2024-10-17T23:18:09.917Z [Modules] Streaming discord_voice@1 to /home/Heryforce/.config/discord/0.0.71/modules/pending/discord_voice-1.zip: 46%
2024-10-17T23:18:09.926Z [Modules] Streaming discord_voice@1 to /home/Heryforce/.config/discord/0.0.71/modules/pending/discord_voice-1.zip: 47%
2024-10-17T23:18:09.955Z [Modules] Streaming discord_voice@1 to /home/Heryforce/.config/discord/0.0.71/modules/pending/discord_voice-1.zip: 48%
2024-10-17T23:18:09.956Z [Modules] Streaming discord_voice@1 to /home/Heryforce/.config/discord/0.0.71/modules/pending/discord_voice-1.zip: 49%
2024-10-17T23:18:09.966Z [Modules] Streaming discord_voice@1 to /home/Heryforce/.config/discord/0.0.71/modules/pending/discord_voice-1.zip: 50%
2024-10-17T23:18:09.980Z [Modules] Streaming discord_voice@1 to /home/Heryforce/.config/discord/0.0.71/modules/pending/discord_voice-1.zip: 51%
2024-10-17T23:18:09.989Z [Modules] Streaming discord_voice@1 to /home/Heryforce/.config/discord/0.0.71/modules/pending/discord_voice-1.zip: 52%
2024-10-17T23:18:10.001Z [Modules] Streaming discord_voice@1 to /home/Heryforce/.config/discord/0.0.71/modules/pending/discord_voice-1.zip: 53%
2024-10-17T23:18:10.023Z [Modules] Streaming discord_voice@1 to /home/Heryforce/.config/discord/0.0.71/modules/pending/discord_voice-1.zip: 54%
2024-10-17T23:18:10.033Z [Modules] Streaming discord_voice@1 to /home/Heryforce/.config/discord/0.0.71/modules/pending/discord_voice-1.zip: 55%
2024-10-17T23:18:10.043Z [Modules] Streaming discord_voice@1 to /home/Heryforce/.config/discord/0.0.71/modules/pending/discord_voice-1.zip: 56%
2024-10-17T23:18:10.068Z [Modules] Streaming discord_voice@1 to /home/Heryforce/.config/discord/0.0.71/modules/pending/discord_voice-1.zip: 57%
2024-10-17T23:18:10.083Z [Modules] Streaming discord_voice@1 to /home/Heryforce/.config/discord/0.0.71/modules/pending/discord_voice-1.zip: 58%
2024-10-17T23:18:10.107Z [Modules] Streaming discord_voice@1 to /home/Heryforce/.config/discord/0.0.71/modules/pending/discord_voice-1.zip: 59%
2024-10-17T23:18:10.108Z [Modules] Streaming discord_voice@1 to /home/Heryforce/.config/discord/0.0.71/modules/pending/discord_voice-1.zip: 60%
2024-10-17T23:18:10.134Z [Modules] Streaming discord_voice@1 to /home/Heryforce/.config/discord/0.0.71/modules/pending/discord_voice-1.zip: 61%
2024-10-17T23:18:10.134Z [Modules] Streaming discord_voice@1 to /home/Heryforce/.config/discord/0.0.71/modules/pending/discord_voice-1.zip: 62%
2024-10-17T23:18:10.156Z [Modules] Streaming discord_voice@1 to /home/Heryforce/.config/discord/0.0.71/modules/pending/discord_voice-1.zip: 63%
2024-10-17T23:18:10.168Z [Modules] Streaming discord_voice@1 to /home/Heryforce/.config/discord/0.0.71/modules/pending/discord_voice-1.zip: 64%
2024-10-17T23:18:10.172Z [Modules] Streaming discord_voice@1 to /home/Heryforce/.config/discord/0.0.71/modules/pending/discord_voice-1.zip: 65%
2024-10-17T23:18:10.177Z [Modules] Streaming discord_voice@1 to /home/Heryforce/.config/discord/0.0.71/modules/pending/discord_voice-1.zip: 66%
2024-10-17T23:18:10.191Z [Modules] Streaming discord_voice@1 to /home/Heryforce/.config/discord/0.0.71/modules/pending/discord_voice-1.zip: 67%
2024-10-17T23:18:10.202Z [Modules] Streaming discord_voice@1 to /home/Heryforce/.config/discord/0.0.71/modules/pending/discord_voice-1.zip: 68%
2024-10-17T23:18:10.234Z [Modules] Streaming discord_voice@1 to /home/Heryforce/.config/discord/0.0.71/modules/pending/discord_voice-1.zip: 69%
2024-10-17T23:18:10.244Z [Modules] Streaming discord_voice@1 to /home/Heryforce/.config/discord/0.0.71/modules/pending/discord_voice-1.zip: 70%
2024-10-17T23:18:10.249Z [Modules] Streaming discord_voice@1 to /home/Heryforce/.config/discord/0.0.71/modules/pending/discord_voice-1.zip: 71%
2024-10-17T23:18:10.269Z [Modules] Streaming discord_voice@1 to /home/Heryforce/.config/discord/0.0.71/modules/pending/discord_voice-1.zip: 72%
2024-10-17T23:18:10.299Z [Modules] Streaming discord_voice@1 to /home/Heryforce/.config/discord/0.0.71/modules/pending/discord_voice-1.zip: 73%
2024-10-17T23:18:10.301Z [Modules] Streaming discord_voice@1 to /home/Heryforce/.config/discord/0.0.71/modules/pending/discord_voice-1.zip: 74%
2024-10-17T23:18:10.309Z [Modules] Streaming discord_voice@1 to /home/Heryforce/.config/discord/0.0.71/modules/pending/discord_voice-1.zip: 75%
2024-10-17T23:18:10.351Z [Modules] Streaming discord_voice@1 to /home/Heryforce/.config/discord/0.0.71/modules/pending/discord_voice-1.zip: 76%
2024-10-17T23:18:10.363Z [Modules] Streaming discord_voice@1 to /home/Heryforce/.config/discord/0.0.71/modules/pending/discord_voice-1.zip: 77%
2024-10-17T23:18:10.381Z [Modules] Streaming discord_voice@1 to /home/Heryforce/.config/discord/0.0.71/modules/pending/discord_voice-1.zip: 78%
2024-10-17T23:18:10.425Z [Modules] Streaming discord_voice@1 to /home/Heryforce/.config/discord/0.0.71/modules/pending/discord_voice-1.zip: 79%
2024-10-17T23:18:10.425Z [Modules] Streaming discord_voice@1 to /home/Heryforce/.config/discord/0.0.71/modules/pending/discord_voice-1.zip: 80%
2024-10-17T23:18:10.427Z [Modules] Streaming discord_voice@1 to /home/Heryforce/.config/discord/0.0.71/modules/pending/discord_voice-1.zip: 81%
2024-10-17T23:18:10.429Z [Modules] Streaming discord_voice@1 to /home/Heryforce/.config/discord/0.0.71/modules/pending/discord_voice-1.zip: 82%
2024-10-17T23:18:10.433Z [Modules] Streaming discord_voice@1 to /home/Heryforce/.config/discord/0.0.71/modules/pending/discord_voice-1.zip: 83%
2024-10-17T23:18:10.445Z [Modules] Streaming discord_voice@1 to /home/Heryforce/.config/discord/0.0.71/modules/pending/discord_voice-1.zip: 84%
2024-10-17T23:18:10.473Z [Modules] Streaming discord_voice@1 to /home/Heryforce/.config/discord/0.0.71/modules/pending/discord_voice-1.zip: 86%
2024-10-17T23:18:10.487Z [Modules] Streaming discord_voice@1 to /home/Heryforce/.config/discord/0.0.71/modules/pending/discord_voice-1.zip: 87%
2024-10-17T23:18:10.499Z [Modules] Streaming discord_voice@1 to /home/Heryforce/.config/discord/0.0.71/modules/pending/discord_voice-1.zip: 88%
2024-10-17T23:18:10.513Z [Modules] Streaming discord_voice@1 to /home/Heryforce/.config/discord/0.0.71/modules/pending/discord_voice-1.zip: 89%
2024-10-17T23:18:10.526Z [Modules] Streaming discord_voice@1 to /home/Heryforce/.config/discord/0.0.71/modules/pending/discord_voice-1.zip: 90%
2024-10-17T23:18:10.539Z [Modules] Streaming discord_voice@1 to /home/Heryforce/.config/discord/0.0.71/modules/pending/discord_voice-1.zip: 91%
2024-10-17T23:18:10.554Z [Modules] Streaming discord_voice@1 to /home/Heryforce/.config/discord/0.0.71/modules/pending/discord_voice-1.zip: 92%
2024-10-17T23:18:10.567Z [Modules] Streaming discord_voice@1 to /home/Heryforce/.config/discord/0.0.71/modules/pending/discord_voice-1.zip: 93%
2024-10-17T23:18:10.581Z [Modules] Streaming discord_voice@1 to /home/Heryforce/.config/discord/0.0.71/modules/pending/discord_voice-1.zip: 94%
2024-10-17T23:18:10.590Z [Modules] Streaming discord_voice@1 to /home/Heryforce/.config/discord/0.0.71/modules/pending/discord_voice-1.zip: 95%
2024-10-17T23:18:10.601Z [Modules] Streaming discord_voice@1 to /home/Heryforce/.config/discord/0.0.71/modules/pending/discord_voice-1.zip: 96%
2024-10-17T23:18:10.614Z [Modules] Streaming discord_voice@1 to /home/Heryforce/.config/discord/0.0.71/modules/pending/discord_voice-1.zip: 97%
2024-10-17T23:18:10.646Z [Modules] Streaming discord_voice@1 to /home/Heryforce/.config/discord/0.0.71/modules/pending/discord_voice-1.zip: 98%
2024-10-17T23:18:10.647Z [Modules] Streaming discord_voice@1 to /home/Heryforce/.config/discord/0.0.71/modules/pending/discord_voice-1.zip: 99%
2024-10-17T23:18:10.656Z [Modules] Streaming discord_voice@1 to /home/Heryforce/.config/discord/0.0.71/modules/pending/discord_voice-1.zip: 100%
2024-10-17T23:18:10.657Z [Modules] Fetching discord_zstd@1 from https://discord.com/api/modules/stable/discord_zstd/1
2024-10-17T23:18:10.657Z [Modules] Streaming discord_zstd@1 to /home/Heryforce/.config/discord/0.0.71/modules/pending/discord_zstd-1.zip
2024-10-17T23:18:10.938Z [Modules] Streaming discord_zstd@1 to /home/Heryforce/.config/discord/0.0.71/modules/pending/discord_zstd-1.zip: 7%
2024-10-17T23:18:10.941Z [Modules] Streaming discord_zstd@1 to /home/Heryforce/.config/discord/0.0.71/modules/pending/discord_zstd-1.zip: 17%
2024-10-17T23:18:10.943Z [Modules] Streaming discord_zstd@1 to /home/Heryforce/.config/discord/0.0.71/modules/pending/discord_zstd-1.zip: 27%
2024-10-17T23:18:10.944Z [Modules] Streaming discord_zstd@1 to /home/Heryforce/.config/discord/0.0.71/modules/pending/discord_zstd-1.zip: 29%
2024-10-17T23:18:10.945Z [Modules] Streaming discord_zstd@1 to /home/Heryforce/.config/discord/0.0.71/modules/pending/discord_zstd-1.zip: 36%
2024-10-17T23:18:10.950Z [Modules] Streaming discord_zstd@1 to /home/Heryforce/.config/discord/0.0.71/modules/pending/discord_zstd-1.zip: 46%
2024-10-17T23:18:10.951Z [Modules] Streaming discord_zstd@1 to /home/Heryforce/.config/discord/0.0.71/modules/pending/discord_zstd-1.zip: 57%
2024-10-17T23:18:10.953Z [Modules] Streaming discord_zstd@1 to /home/Heryforce/.config/discord/0.0.71/modules/pending/discord_zstd-1.zip: 67%
2024-10-17T23:18:10.953Z [Modules] Streaming discord_zstd@1 to /home/Heryforce/.config/discord/0.0.71/modules/pending/discord_zstd-1.zip: 73%
2024-10-17T23:18:10.956Z [Modules] Streaming discord_zstd@1 to /home/Heryforce/.config/discord/0.0.71/modules/pending/discord_zstd-1.zip: 83%
2024-10-17T23:18:10.957Z [Modules] Streaming discord_zstd@1 to /home/Heryforce/.config/discord/0.0.71/modules/pending/discord_zstd-1.zip: 90%
2024-10-17T23:18:10.959Z [Modules] Streaming discord_zstd@1 to /home/Heryforce/.config/discord/0.0.71/modules/pending/discord_zstd-1.zip: 100%
2024-10-17T23:18:10.960Z [Modules] Finished module downloads. [success: 6] [failure: 0]
2024-10-17T23:18:10.960Z [Modules] Installing updates...
2024-10-17T23:18:10.960Z [Modules] Installing discord_desktop_core@1 from /home/Heryforce/.config/discord/0.0.71/modules/pending/discord_desktop_core-1.zip
2024-10-17T23:18:11.022Z [Modules] Installing discord_erlpack@1 from /home/Heryforce/.config/discord/0.0.71/modules/pending/discord_erlpack-1.zip
2024-10-17T23:18:11.060Z [Modules] Installing discord_spellcheck@1 from /home/Heryforce/.config/discord/0.0.71/modules/pending/discord_spellcheck-1.zip
2024-10-17T23:18:11.469Z [Modules] Installing discord_utils@1 from /home/Heryforce/.config/discord/0.0.71/modules/pending/discord_utils-1.zip
2024-10-17T23:18:11.557Z [Modules] Installing discord_voice@1 from /home/Heryforce/.config/discord/0.0.71/modules/pending/discord_voice-1.zip
2024-10-17T23:18:11.912Z [Modules] Installing discord_zstd@1 from /home/Heryforce/.config/discord/0.0.71/modules/pending/discord_zstd-1.zip
2024-10-17T23:18:11.920Z [Modules] Finished module installations. [success: 6] [failure: 0]
2024-10-17T23:18:11.920Z [Modules] Checking for host updates.
2024-10-17T23:18:12.159Z [Modules] Host is up to date.
2024-10-17T23:18:12.159Z [Modules] Checking for module updates at https://discord.com/api/modules/stable/versions.json
2024-10-17T23:18:12.193Z [Modules] No module updates available.
2024-10-17T23:18:13.532Z [Modules] Starting to install discord_krisp...
2024-10-17T23:18:13.532Z [Modules] Fetching discord_krisp@1 from https://discord.com/api/modules/stable/discord_krisp/1
2024-10-17T23:18:13.532Z [Modules] Streaming discord_krisp@1 to /home/Heryforce/.config/discord/0.0.71/modules/pending/discord_krisp-1.zip
2024-10-17T23:18:13.539Z [Modules] Starting to install discord_game_utils...
2024-10-17T23:18:13.876Z [Modules] Streaming discord_krisp@1 to /home/Heryforce/.config/discord/0.0.71/modules/pending/discord_krisp-1.zip: 1%
2024-10-17T23:18:13.912Z [Modules] Streaming discord_krisp@1 to /home/Heryforce/.config/discord/0.0.71/modules/pending/discord_krisp-1.zip: 2%
2024-10-17T23:18:13.934Z [Modules] Streaming discord_krisp@1 to /home/Heryforce/.config/discord/0.0.71/modules/pending/discord_krisp-1.zip: 3%
2024-10-17T23:18:13.939Z [Modules] Streaming discord_krisp@1 to /home/Heryforce/.config/discord/0.0.71/modules/pending/discord_krisp-1.zip: 4%
2024-10-17T23:18:13.962Z [Modules] Streaming discord_krisp@1 to /home/Heryforce/.config/discord/0.0.71/modules/pending/discord_krisp-1.zip: 5%
2024-10-17T23:18:14.015Z [Modules] Streaming discord_krisp@1 to /home/Heryforce/.config/discord/0.0.71/modules/pending/discord_krisp-1.zip: 6%
2024-10-17T23:18:14.016Z [Modules] Streaming discord_krisp@1 to /home/Heryforce/.config/discord/0.0.71/modules/pending/discord_krisp-1.zip: 7%
2024-10-17T23:18:14.062Z [Modules] Streaming discord_krisp@1 to /home/Heryforce/.config/discord/0.0.71/modules/pending/discord_krisp-1.zip: 8%
2024-10-17T23:18:14.067Z [Modules] Streaming discord_krisp@1 to /home/Heryforce/.config/discord/0.0.71/modules/pending/discord_krisp-1.zip: 9%
2024-10-17T23:18:14.073Z [Modules] Streaming discord_krisp@1 to /home/Heryforce/.config/discord/0.0.71/modules/pending/discord_krisp-1.zip: 10%
2024-10-17T23:18:14.104Z [Modules] Streaming discord_krisp@1 to /home/Heryforce/.config/discord/0.0.71/modules/pending/discord_krisp-1.zip: 11%
2024-10-17T23:18:14.140Z [Modules] Streaming discord_krisp@1 to /home/Heryforce/.config/discord/0.0.71/modules/pending/discord_krisp-1.zip: 12%
2024-10-17T23:18:14.152Z [Modules] Streaming discord_krisp@1 to /home/Heryforce/.config/discord/0.0.71/modules/pending/discord_krisp-1.zip: 13%
2024-10-17T23:18:14.173Z [Modules] Streaming discord_krisp@1 to /home/Heryforce/.config/discord/0.0.71/modules/pending/discord_krisp-1.zip: 14%
2024-10-17T23:18:14.174Z [Modules] Streaming discord_krisp@1 to /home/Heryforce/.config/discord/0.0.71/modules/pending/discord_krisp-1.zip: 15%
2024-10-17T23:18:14.179Z [Modules] Streaming discord_krisp@1 to /home/Heryforce/.config/discord/0.0.71/modules/pending/discord_krisp-1.zip: 16%
2024-10-17T23:18:14.182Z [Modules] Checking for host updates.
2024-10-17T23:18:14.192Z [Modules] Streaming discord_krisp@1 to /home/Heryforce/.config/discord/0.0.71/modules/pending/discord_krisp-1.zip: 17%
2024-10-17T23:18:14.254Z [Modules] Streaming discord_krisp@1 to /home/Heryforce/.config/discord/0.0.71/modules/pending/discord_krisp-1.zip: 18%
2024-10-17T23:18:14.255Z [Modules] Streaming discord_krisp@1 to /home/Heryforce/.config/discord/0.0.71/modules/pending/discord_krisp-1.zip: 19%
2024-10-17T23:18:14.256Z [Modules] Streaming discord_krisp@1 to /home/Heryforce/.config/discord/0.0.71/modules/pending/discord_krisp-1.zip: 20%
2024-10-17T23:18:14.256Z [Modules] Streaming discord_krisp@1 to /home/Heryforce/.config/discord/0.0.71/modules/pending/discord_krisp-1.zip: 21%
2024-10-17T23:18:14.257Z [Modules] Starting to install discord_rpc...
2024-10-17T23:18:14.271Z [Modules] Streaming discord_krisp@1 to /home/Heryforce/.config/discord/0.0.71/modules/pending/discord_krisp-1.zip: 22%
2024-10-17T23:18:14.271Z [Modules] Streaming discord_krisp@1 to /home/Heryforce/.config/discord/0.0.71/modules/pending/discord_krisp-1.zip: 23%
2024-10-17T23:18:14.287Z [Modules] Streaming discord_krisp@1 to /home/Heryforce/.config/discord/0.0.71/modules/pending/discord_krisp-1.zip: 24%
2024-10-17T23:18:14.324Z [Modules] Streaming discord_krisp@1 to /home/Heryforce/.config/discord/0.0.71/modules/pending/discord_krisp-1.zip: 25%
2024-10-17T23:18:14.333Z [Modules] Streaming discord_krisp@1 to /home/Heryforce/.config/discord/0.0.71/modules/pending/discord_krisp-1.zip: 26%
2024-10-17T23:18:14.341Z [Modules] Streaming discord_krisp@1 to /home/Heryforce/.config/discord/0.0.71/modules/pending/discord_krisp-1.zip: 27%
2024-10-17T23:18:14.354Z [Modules] Streaming discord_krisp@1 to /home/Heryforce/.config/discord/0.0.71/modules/pending/discord_krisp-1.zip: 28%
2024-10-17T23:18:14.366Z [Modules] Host is up to date.
2024-10-17T23:18:14.366Z [Modules] Checking for module updates at https://discord.com/api/modules/stable/versions.json
2024-10-17T23:18:14.375Z [Modules] Streaming discord_krisp@1 to /home/Heryforce/.config/discord/0.0.71/modules/pending/discord_krisp-1.zip: 29%
2024-10-17T23:18:14.386Z [Modules] Streaming discord_krisp@1 to /home/Heryforce/.config/discord/0.0.71/modules/pending/discord_krisp-1.zip: 30%
2024-10-17T23:18:14.393Z [Modules] Streaming discord_krisp@1 to /home/Heryforce/.config/discord/0.0.71/modules/pending/discord_krisp-1.zip: 31%
2024-10-17T23:18:14.396Z [Modules] No module updates available.
2024-10-17T23:18:14.398Z [Modules] Streaming discord_krisp@1 to /home/Heryforce/.config/discord/0.0.71/modules/pending/discord_krisp-1.zip: 32%
2024-10-17T23:18:14.414Z [Modules] Streaming discord_krisp@1 to /home/Heryforce/.config/discord/0.0.71/modules/pending/discord_krisp-1.zip: 33%
2024-10-17T23:18:14.440Z [Modules] Streaming discord_krisp@1 to /home/Heryforce/.config/discord/0.0.71/modules/pending/discord_krisp-1.zip: 34%
2024-10-17T23:18:14.443Z [Modules] Streaming discord_krisp@1 to /home/Heryforce/.config/discord/0.0.71/modules/pending/discord_krisp-1.zip: 35%
2024-10-17T23:18:14.458Z [Modules] Streaming discord_krisp@1 to /home/Heryforce/.config/discord/0.0.71/modules/pending/discord_krisp-1.zip: 36%
2024-10-17T23:18:14.474Z [Modules] Streaming discord_krisp@1 to /home/Heryforce/.config/discord/0.0.71/modules/pending/discord_krisp-1.zip: 37%
2024-10-17T23:18:14.515Z [Modules] Streaming discord_krisp@1 to /home/Heryforce/.config/discord/0.0.71/modules/pending/discord_krisp-1.zip: 38%
2024-10-17T23:18:14.516Z [Modules] Streaming discord_krisp@1 to /home/Heryforce/.config/discord/0.0.71/modules/pending/discord_krisp-1.zip: 39%
2024-10-17T23:18:14.516Z [Modules] Streaming discord_krisp@1 to /home/Heryforce/.config/discord/0.0.71/modules/pending/discord_krisp-1.zip: 40%
2024-10-17T23:18:14.536Z [Modules] Streaming discord_krisp@1 to /home/Heryforce/.config/discord/0.0.71/modules/pending/discord_krisp-1.zip: 41%
2024-10-17T23:18:14.583Z [Modules] Streaming discord_krisp@1 to /home/Heryforce/.config/discord/0.0.71/modules/pending/discord_krisp-1.zip: 42%
2024-10-17T23:18:14.583Z [Modules] Streaming discord_krisp@1 to /home/Heryforce/.config/discord/0.0.71/modules/pending/discord_krisp-1.zip: 43%
2024-10-17T23:18:14.597Z [Modules] Streaming discord_krisp@1 to /home/Heryforce/.config/discord/0.0.71/modules/pending/discord_krisp-1.zip: 44%
2024-10-17T23:18:14.615Z [Modules] Streaming discord_krisp@1 to /home/Heryforce/.config/discord/0.0.71/modules/pending/discord_krisp-1.zip: 45%
2024-10-17T23:18:14.633Z [Modules] Streaming discord_krisp@1 to /home/Heryforce/.config/discord/0.0.71/modules/pending/discord_krisp-1.zip: 46%
2024-10-17T23:18:14.641Z [Modules] Streaming discord_krisp@1 to /home/Heryforce/.config/discord/0.0.71/modules/pending/discord_krisp-1.zip: 47%
2024-10-17T23:18:14.675Z [Modules] Streaming discord_krisp@1 to /home/Heryforce/.config/discord/0.0.71/modules/pending/discord_krisp-1.zip: 48%
2024-10-17T23:18:14.675Z [Modules] Streaming discord_krisp@1 to /home/Heryforce/.config/discord/0.0.71/modules/pending/discord_krisp-1.zip: 49%
2024-10-17T23:18:14.686Z [Modules] Streaming discord_krisp@1 to /home/Heryforce/.config/discord/0.0.71/modules/pending/discord_krisp-1.zip: 50%
2024-10-17T23:18:14.702Z [Modules] Streaming discord_krisp@1 to /home/Heryforce/.config/discord/0.0.71/modules/pending/discord_krisp-1.zip: 51%
2024-10-17T23:18:14.708Z [Modules] Streaming discord_krisp@1 to /home/Heryforce/.config/discord/0.0.71/modules/pending/discord_krisp-1.zip: 52%
2024-10-17T23:18:14.743Z [Modules] Streaming discord_krisp@1 to /home/Heryforce/.config/discord/0.0.71/modules/pending/discord_krisp-1.zip: 53%
2024-10-17T23:18:14.750Z [Modules] Streaming discord_krisp@1 to /home/Heryforce/.config/discord/0.0.71/modules/pending/discord_krisp-1.zip: 54%
2024-10-17T23:18:14.768Z [Modules] Streaming discord_krisp@1 to /home/Heryforce/.config/discord/0.0.71/modules/pending/discord_krisp-1.zip: 55%
2024-10-17T23:18:14.770Z [Modules] Streaming discord_krisp@1 to /home/Heryforce/.config/discord/0.0.71/modules/pending/discord_krisp-1.zip: 56%
2024-10-17T23:18:14.805Z [Modules] Streaming discord_krisp@1 to /home/Heryforce/.config/discord/0.0.71/modules/pending/discord_krisp-1.zip: 57%
2024-10-17T23:18:14.808Z [Modules] Streaming discord_krisp@1 to /home/Heryforce/.config/discord/0.0.71/modules/pending/discord_krisp-1.zip: 58%
2024-10-17T23:18:14.809Z [Modules] Streaming discord_krisp@1 to /home/Heryforce/.config/discord/0.0.71/modules/pending/discord_krisp-1.zip: 59%
2024-10-17T23:18:14.815Z [Modules] Streaming discord_krisp@1 to /home/Heryforce/.config/discord/0.0.71/modules/pending/discord_krisp-1.zip: 60%
2024-10-17T23:18:14.831Z [Modules] Streaming discord_krisp@1 to /home/Heryforce/.config/discord/0.0.71/modules/pending/discord_krisp-1.zip: 61%
2024-10-17T23:18:14.853Z [Modules] Streaming discord_krisp@1 to /home/Heryforce/.config/discord/0.0.71/modules/pending/discord_krisp-1.zip: 62%
2024-10-17T23:18:14.861Z [Modules] Streaming discord_krisp@1 to /home/Heryforce/.config/discord/0.0.71/modules/pending/discord_krisp-1.zip: 63%
2024-10-17T23:18:14.873Z [Modules] Streaming discord_krisp@1 to /home/Heryforce/.config/discord/0.0.71/modules/pending/discord_krisp-1.zip: 64%
2024-10-17T23:18:14.897Z [Modules] Streaming discord_krisp@1 to /home/Heryforce/.config/discord/0.0.71/modules/pending/discord_krisp-1.zip: 65%
2024-10-17T23:18:14.897Z [Modules] Streaming discord_krisp@1 to /home/Heryforce/.config/discord/0.0.71/modules/pending/discord_krisp-1.zip: 66%
2024-10-17T23:18:14.910Z [Modules] Streaming discord_krisp@1 to /home/Heryforce/.config/discord/0.0.71/modules/pending/discord_krisp-1.zip: 67%
2024-10-17T23:18:14.921Z [Modules] Streaming discord_krisp@1 to /home/Heryforce/.config/discord/0.0.71/modules/pending/discord_krisp-1.zip: 68%
2024-10-17T23:18:14.948Z [Modules] Streaming discord_krisp@1 to /home/Heryforce/.config/discord/0.0.71/modules/pending/discord_krisp-1.zip: 69%
2024-10-17T23:18:14.955Z [Modules] Streaming discord_krisp@1 to /home/Heryforce/.config/discord/0.0.71/modules/pending/discord_krisp-1.zip: 70%
2024-10-17T23:18:14.981Z [Modules] Streaming discord_krisp@1 to /home/Heryforce/.config/discord/0.0.71/modules/pending/discord_krisp-1.zip: 71%
2024-10-17T23:18:14.992Z [Modules] Streaming discord_krisp@1 to /home/Heryforce/.config/discord/0.0.71/modules/pending/discord_krisp-1.zip: 72%
2024-10-17T23:18:14.995Z [Modules] Streaming discord_krisp@1 to /home/Heryforce/.config/discord/0.0.71/modules/pending/discord_krisp-1.zip: 73%
2024-10-17T23:18:15.022Z [Modules] Streaming discord_krisp@1 to /home/Heryforce/.config/discord/0.0.71/modules/pending/discord_krisp-1.zip: 74%
2024-10-17T23:18:15.027Z [Modules] Streaming discord_krisp@1 to /home/Heryforce/.config/discord/0.0.71/modules/pending/discord_krisp-1.zip: 75%
2024-10-17T23:18:15.039Z [Modules] Streaming discord_krisp@1 to /home/Heryforce/.config/discord/0.0.71/modules/pending/discord_krisp-1.zip: 76%
2024-10-17T23:18:15.066Z [Modules] Streaming discord_krisp@1 to /home/Heryforce/.config/discord/0.0.71/modules/pending/discord_krisp-1.zip: 77%
2024-10-17T23:18:15.067Z [Modules] Streaming discord_krisp@1 to /home/Heryforce/.config/discord/0.0.71/modules/pending/discord_krisp-1.zip: 78%
2024-10-17T23:18:15.078Z [Modules] Streaming discord_krisp@1 to /home/Heryforce/.config/discord/0.0.71/modules/pending/discord_krisp-1.zip: 79%
2024-10-17T23:18:15.085Z [Modules] Streaming discord_krisp@1 to /home/Heryforce/.config/discord/0.0.71/modules/pending/discord_krisp-1.zip: 80%
2024-10-17T23:18:15.098Z [Modules] Streaming discord_krisp@1 to /home/Heryforce/.config/discord/0.0.71/modules/pending/discord_krisp-1.zip: 81%
2024-10-17T23:18:15.128Z [Modules] Streaming discord_krisp@1 to /home/Heryforce/.config/discord/0.0.71/modules/pending/discord_krisp-1.zip: 82%
2024-10-17T23:18:15.130Z [Modules] Streaming discord_krisp@1 to /home/Heryforce/.config/discord/0.0.71/modules/pending/discord_krisp-1.zip: 83%
2024-10-17T23:18:15.141Z [Modules] Streaming discord_krisp@1 to /home/Heryforce/.config/discord/0.0.71/modules/pending/discord_krisp-1.zip: 84%
2024-10-17T23:18:15.156Z [Modules] Streaming discord_krisp@1 to /home/Heryforce/.config/discord/0.0.71/modules/pending/discord_krisp-1.zip: 85%
2024-10-17T23:18:15.184Z [Modules] Streaming discord_krisp@1 to /home/Heryforce/.config/discord/0.0.71/modules/pending/discord_krisp-1.zip: 86%
2024-10-17T23:18:15.192Z [Modules] Streaming discord_krisp@1 to /home/Heryforce/.config/discord/0.0.71/modules/pending/discord_krisp-1.zip: 87%
2024-10-17T23:18:15.199Z [Modules] Streaming discord_krisp@1 to /home/Heryforce/.config/discord/0.0.71/modules/pending/discord_krisp-1.zip: 88%
2024-10-17T23:18:15.214Z [Modules] Streaming discord_krisp@1 to /home/Heryforce/.config/discord/0.0.71/modules/pending/discord_krisp-1.zip: 89%
2024-10-17T23:18:15.221Z [Modules] Streaming discord_krisp@1 to /home/Heryforce/.config/discord/0.0.71/modules/pending/discord_krisp-1.zip: 90%
2024-10-17T23:18:15.237Z [Modules] Streaming discord_krisp@1 to /home/Heryforce/.config/discord/0.0.71/modules/pending/discord_krisp-1.zip: 91%
2024-10-17T23:18:15.257Z [Modules] Streaming discord_krisp@1 to /home/Heryforce/.config/discord/0.0.71/modules/pending/discord_krisp-1.zip: 92%
2024-10-17T23:18:15.269Z [Modules] Streaming discord_krisp@1 to /home/Heryforce/.config/discord/0.0.71/modules/pending/discord_krisp-1.zip: 93%
2024-10-17T23:18:15.269Z [Modules] Streaming discord_krisp@1 to /home/Heryforce/.config/discord/0.0.71/modules/pending/discord_krisp-1.zip: 94%
2024-10-17T23:18:15.297Z [Modules] Streaming discord_krisp@1 to /home/Heryforce/.config/discord/0.0.71/modules/pending/discord_krisp-1.zip: 95%
2024-10-17T23:18:15.298Z [Modules] Streaming discord_krisp@1 to /home/Heryforce/.config/discord/0.0.71/modules/pending/discord_krisp-1.zip: 96%
2024-10-17T23:18:15.310Z [Modules] Streaming discord_krisp@1 to /home/Heryforce/.config/discord/0.0.71/modules/pending/discord_krisp-1.zip: 97%
2024-10-17T23:18:15.319Z [Modules] Streaming discord_krisp@1 to /home/Heryforce/.config/discord/0.0.71/modules/pending/discord_krisp-1.zip: 98%
2024-10-17T23:18:15.350Z [Modules] Streaming discord_krisp@1 to /home/Heryforce/.config/discord/0.0.71/modules/pending/discord_krisp-1.zip: 99%
2024-10-17T23:18:15.352Z [Modules] Streaming discord_krisp@1 to /home/Heryforce/.config/discord/0.0.71/modules/pending/discord_krisp-1.zip: 100%
2024-10-17T23:18:15.353Z [Modules] Fetching discord_game_utils@1 from https://discord.com/api/modules/stable/discord_game_utils/1
2024-10-17T23:18:15.353Z [Modules] Streaming discord_game_utils@1 to /home/Heryforce/.config/discord/0.0.71/modules/pending/discord_game_utils-1.zip
2024-10-17T23:18:15.353Z [Modules] Installing discord_krisp@1 from /home/Heryforce/.config/discord/0.0.71/modules/pending/discord_krisp-1.zip
2024-10-17T23:18:15.553Z [Modules] Streaming discord_game_utils@1 to /home/Heryforce/.config/discord/0.0.71/modules/pending/discord_game_utils-1.zip: 1%
2024-10-17T23:18:15.555Z [Modules] Streaming discord_game_utils@1 to /home/Heryforce/.config/discord/0.0.71/modules/pending/discord_game_utils-1.zip: 3%
2024-10-17T23:18:15.559Z [Modules] Streaming discord_game_utils@1 to /home/Heryforce/.config/discord/0.0.71/modules/pending/discord_game_utils-1.zip: 5%
2024-10-17T23:18:15.559Z [Modules] Streaming discord_game_utils@1 to /home/Heryforce/.config/discord/0.0.71/modules/pending/discord_game_utils-1.zip: 6%
2024-10-17T23:18:15.564Z [Modules] Streaming discord_game_utils@1 to /home/Heryforce/.config/discord/0.0.71/modules/pending/discord_game_utils-1.zip: 8%
2024-10-17T23:18:15.564Z [Modules] Streaming discord_game_utils@1 to /home/Heryforce/.config/discord/0.0.71/modules/pending/discord_game_utils-1.zip: 9%
2024-10-17T23:18:15.565Z [Modules] Streaming discord_game_utils@1 to /home/Heryforce/.config/discord/0.0.71/modules/pending/discord_game_utils-1.zip: 11%
2024-10-17T23:18:15.569Z [Modules] Streaming discord_game_utils@1 to /home/Heryforce/.config/discord/0.0.71/modules/pending/discord_game_utils-1.zip: 12%
2024-10-17T23:18:15.569Z [Modules] Streaming discord_game_utils@1 to /home/Heryforce/.config/discord/0.0.71/modules/pending/discord_game_utils-1.zip: 14%
2024-10-17T23:18:15.569Z [Modules] Streaming discord_game_utils@1 to /home/Heryforce/.config/discord/0.0.71/modules/pending/discord_game_utils-1.zip: 15%
2024-10-17T23:18:15.573Z [Modules] Finished module installations. [success: 1] [failure: 0]
2024-10-17T23:18:15.575Z [Modules] Streaming discord_game_utils@1 to /home/Heryforce/.config/discord/0.0.71/modules/pending/discord_game_utils-1.zip: 16%
2024-10-17T23:18:15.576Z [Modules] Streaming discord_game_utils@1 to /home/Heryforce/.config/discord/0.0.71/modules/pending/discord_game_utils-1.zip: 17%
2024-10-17T23:18:15.576Z [Modules] Streaming discord_game_utils@1 to /home/Heryforce/.config/discord/0.0.71/modules/pending/discord_game_utils-1.zip: 19%
2024-10-17T23:18:15.595Z [Modules] Streaming discord_game_utils@1 to /home/Heryforce/.config/discord/0.0.71/modules/pending/discord_game_utils-1.zip: 21%
2024-10-17T23:18:15.595Z [Modules] Streaming discord_game_utils@1 to /home/Heryforce/.config/discord/0.0.71/modules/pending/discord_game_utils-1.zip: 24%
2024-10-17T23:18:15.598Z [Modules] Streaming discord_game_utils@1 to /home/Heryforce/.config/discord/0.0.71/modules/pending/discord_game_utils-1.zip: 26%
2024-10-17T23:18:15.598Z [Modules] Streaming discord_game_utils@1 to /home/Heryforce/.config/discord/0.0.71/modules/pending/discord_game_utils-1.zip: 29%
2024-10-17T23:18:15.598Z [Modules] Streaming discord_game_utils@1 to /home/Heryforce/.config/discord/0.0.71/modules/pending/discord_game_utils-1.zip: 30%
2024-10-17T23:18:15.604Z [Modules] Streaming discord_game_utils@1 to /home/Heryforce/.config/discord/0.0.71/modules/pending/discord_game_utils-1.zip: 32%
2024-10-17T23:18:15.604Z [Modules] Streaming discord_game_utils@1 to /home/Heryforce/.config/discord/0.0.71/modules/pending/discord_game_utils-1.zip: 34%
2024-10-17T23:18:15.608Z [Modules] Streaming discord_game_utils@1 to /home/Heryforce/.config/discord/0.0.71/modules/pending/discord_game_utils-1.zip: 36%
2024-10-17T23:18:15.608Z [Modules] Streaming discord_game_utils@1 to /home/Heryforce/.config/discord/0.0.71/modules/pending/discord_game_utils-1.zip: 37%
2024-10-17T23:18:15.609Z [Modules] Streaming discord_game_utils@1 to /home/Heryforce/.config/discord/0.0.71/modules/pending/discord_game_utils-1.zip: 38%
2024-10-17T23:18:15.613Z [Modules] Streaming discord_game_utils@1 to /home/Heryforce/.config/discord/0.0.71/modules/pending/discord_game_utils-1.zip: 40%
2024-10-17T23:18:15.613Z [Modules] Streaming discord_game_utils@1 to /home/Heryforce/.config/discord/0.0.71/modules/pending/discord_game_utils-1.zip: 41%
2024-10-17T23:18:15.616Z [Modules] Streaming discord_game_utils@1 to /home/Heryforce/.config/discord/0.0.71/modules/pending/discord_game_utils-1.zip: 43%
2024-10-17T23:18:15.617Z [Modules] Streaming discord_game_utils@1 to /home/Heryforce/.config/discord/0.0.71/modules/pending/discord_game_utils-1.zip: 44%
2024-10-17T23:18:15.623Z [Modules] Streaming discord_game_utils@1 to /home/Heryforce/.config/discord/0.0.71/modules/pending/discord_game_utils-1.zip: 46%
2024-10-17T23:18:15.623Z [Modules] Streaming discord_game_utils@1 to /home/Heryforce/.config/discord/0.0.71/modules/pending/discord_game_utils-1.zip: 47%
2024-10-17T23:18:15.623Z [Modules] Streaming discord_game_utils@1 to /home/Heryforce/.config/discord/0.0.71/modules/pending/discord_game_utils-1.zip: 48%
2024-10-17T23:18:15.647Z [Modules] Streaming discord_game_utils@1 to /home/Heryforce/.config/discord/0.0.71/modules/pending/discord_game_utils-1.zip: 50%
2024-10-17T23:18:15.648Z [Modules] Streaming discord_game_utils@1 to /home/Heryforce/.config/discord/0.0.71/modules/pending/discord_game_utils-1.zip: 55%
2024-10-17T23:18:15.648Z [Modules] Streaming discord_game_utils@1 to /home/Heryforce/.config/discord/0.0.71/modules/pending/discord_game_utils-1.zip: 57%
2024-10-17T23:18:15.659Z [Modules] Streaming discord_game_utils@1 to /home/Heryforce/.config/discord/0.0.71/modules/pending/discord_game_utils-1.zip: 59%
2024-10-17T23:18:15.659Z [Modules] Streaming discord_game_utils@1 to /home/Heryforce/.config/discord/0.0.71/modules/pending/discord_game_utils-1.zip: 62%
2024-10-17T23:18:15.659Z [Modules] Streaming discord_game_utils@1 to /home/Heryforce/.config/discord/0.0.71/modules/pending/discord_game_utils-1.zip: 63%
2024-10-17T23:18:15.665Z [Modules] Streaming discord_game_utils@1 to /home/Heryforce/.config/discord/0.0.71/modules/pending/discord_game_utils-1.zip: 64%
2024-10-17T23:18:15.665Z [Modules] Streaming discord_game_utils@1 to /home/Heryforce/.config/discord/0.0.71/modules/pending/discord_game_utils-1.zip: 66%
2024-10-17T23:18:15.665Z [Modules] Streaming discord_game_utils@1 to /home/Heryforce/.config/discord/0.0.71/modules/pending/discord_game_utils-1.zip: 71%
2024-10-17T23:18:15.665Z [Modules] Streaming discord_game_utils@1 to /home/Heryforce/.config/discord/0.0.71/modules/pending/discord_game_utils-1.zip: 75%
2024-10-17T23:18:15.686Z [Modules] Streaming discord_game_utils@1 to /home/Heryforce/.config/discord/0.0.71/modules/pending/discord_game_utils-1.zip: 78%
2024-10-17T23:18:15.686Z [Modules] Streaming discord_game_utils@1 to /home/Heryforce/.config/discord/0.0.71/modules/pending/discord_game_utils-1.zip: 80%
2024-10-17T23:18:15.686Z [Modules] Streaming discord_game_utils@1 to /home/Heryforce/.config/discord/0.0.71/modules/pending/discord_game_utils-1.zip: 87%
2024-10-17T23:18:15.686Z [Modules] Streaming discord_game_utils@1 to /home/Heryforce/.config/discord/0.0.71/modules/pending/discord_game_utils-1.zip: 88%
2024-10-17T23:18:15.697Z [Modules] Streaming discord_game_utils@1 to /home/Heryforce/.config/discord/0.0.71/modules/pending/discord_game_utils-1.zip: 90%
2024-10-17T23:18:15.698Z [Modules] Streaming discord_game_utils@1 to /home/Heryforce/.config/discord/0.0.71/modules/pending/discord_game_utils-1.zip: 100%
2024-10-17T23:18:15.698Z [Modules] Fetching discord_rpc@1 from https://discord.com/api/modules/stable/discord_rpc/1
2024-10-17T23:18:15.699Z [Modules] Streaming discord_rpc@1 to /home/Heryforce/.config/discord/0.0.71/modules/pending/discord_rpc-1.zip
2024-10-17T23:18:15.699Z [Modules] Installing discord_game_utils@1 from /home/Heryforce/.config/discord/0.0.71/modules/pending/discord_game_utils-1.zip
2024-10-17T23:18:15.736Z [Modules] Finished module installations. [success: 1] [failure: 0]
2024-10-17T23:18:15.951Z [Modules] Streaming discord_rpc@1 to /home/Heryforce/.config/discord/0.0.71/modules/pending/discord_rpc-1.zip: 2%
2024-10-17T23:18:15.952Z [Modules] Streaming discord_rpc@1 to /home/Heryforce/.config/discord/0.0.71/modules/pending/discord_rpc-1.zip: 99%
2024-10-17T23:18:15.953Z [Modules] Streaming discord_rpc@1 to /home/Heryforce/.config/discord/0.0.71/modules/pending/discord_rpc-1.zip: 100%
2024-10-17T23:18:15.953Z [Modules] Finished module downloads. [success: 3] [failure: 0]
2024-10-17T23:18:15.953Z [Modules] Installing discord_rpc@1 from /home/Heryforce/.config/discord/0.0.71/modules/pending/discord_rpc-1.zip
2024-10-17T23:18:15.961Z [Modules] Finished module installations. [success: 1] [failure: 0]
2024-10-17T23:18:48.648Z [Modules] Checking for host updates.
2024-10-17T23:18:48.873Z [Modules] Host is up to date.
2024-10-17T23:18:48.873Z [Modules] Checking for module updates at https://discord.com/api/modules/stable/versions.json
2024-10-17T23:18:48.904Z [Modules] No module updates available.
2024-10-17T23:19:56.319Z [Modules] Modules initializing
2024-10-17T23:19:56.319Z [Modules] Distribution: remote
2024-10-17T23:19:56.319Z [Modules] Host updates: enabled
2024-10-17T23:19:56.319Z [Modules] Module updates: enabled
2024-10-17T23:19:56.319Z [Modules] Module install path: /home/Heryforce/.config/discord/0.0.71/modules
2024-10-17T23:19:56.319Z [Modules] Module installed file path: /home/Heryforce/.config/discord/0.0.71/modules/installed.json
2024-10-17T23:19:56.319Z [Modules] Module download path: /home/Heryforce/.config/discord/0.0.71/modules/pending
2024-10-17T23:19:56.466Z [Modules] No updates to install
2024-10-17T23:19:56.466Z [Modules] Checking for host updates.
2024-10-17T23:19:56.813Z [Modules] Host is up to date.
2024-10-17T23:19:56.814Z [Modules] Checking for module updates at https://discord.com/api/modules/stable/versions.json
2024-10-17T23:19:56.845Z [Modules] No module updates available.
2024-10-17T23:19:58.882Z [Modules] Checking for host updates.
2024-10-17T23:19:59.061Z [Modules] Host is up to date.
2024-10-17T23:19:59.062Z [Modules] Checking for module updates at https://discord.com/api/modules/stable/versions.json
2024-10-17T23:19:59.085Z [Modules] No module updates available.
2024-10-17T23:19:59.827Z [Modules] Checking for host updates.
2024-10-17T23:20:00.007Z [Modules] Host is up to date.
2024-10-17T23:20:00.007Z [Modules] Checking for module updates at https://discord.com/api/modules/stable/versions.json
2024-10-17T23:20:00.294Z [Modules] No module updates available.
2024-10-17T23:21:22.039Z [Modules] Modules initializing
2024-10-17T23:21:22.039Z [Modules] Distribution: remote
2024-10-17T23:21:22.039Z [Modules] Host updates: enabled
2024-10-17T23:21:22.039Z [Modules] Module updates: enabled
2024-10-17T23:21:22.039Z [Modules] Module install path: /home/Heryforce/.config/discord/0.0.71/modules
2024-10-17T23:21:22.039Z [Modules] Module installed file path: /home/Heryforce/.config/discord/0.0.71/modules/installed.json
2024-10-17T23:21:22.039Z [Modules] Module download path: /home/Heryforce/.config/discord/0.0.71/modules/pending
2024-10-17T23:21:22.195Z [Modules] No updates to install
2024-10-17T23:21:22.196Z [Modules] Checking for host updates.
2024-10-17T23:21:22.518Z [Modules] Host is up to date.
2024-10-17T23:21:22.519Z [Modules] Checking for module updates at https://discord.com/api/modules/stable/versions.json
2024-10-17T23:21:22.557Z [Modules] No module updates available.
2024-10-17T23:21:24.151Z [Modules] Checking for host updates.
2024-10-17T23:21:24.347Z [Modules] Host is up to date.
2024-10-17T23:21:24.347Z [Modules] Checking for module updates at https://discord.com/api/modules/stable/versions.json
2024-10-17T23:21:24.377Z [Modules] No module updates available.
2024-10-17T23:27:02.137Z [Modules] Modules initializing
2024-10-17T23:27:02.138Z [Modules] Distribution: remote
2024-10-17T23:27:02.138Z [Modules] Host updates: enabled
2024-10-17T23:27:02.138Z [Modules] Module updates: enabled
2024-10-17T23:27:02.138Z [Modules] Module install path: /home/Heryforce/.config/discord/0.0.71/modules
2024-10-17T23:27:02.138Z [Modules] Module installed file path: /home/Heryforce/.config/discord/0.0.71/modules/installed.json
2024-10-17T23:27:02.138Z [Modules] Module download path: /home/Heryforce/.config/discord/0.0.71/modules/pending
2024-10-17T23:27:02.368Z [Modules] No updates to install
2024-10-17T23:27:02.368Z [Modules] Checking for host updates.
2024-10-17T23:27:02.715Z [Modules] Host is up to date.
2024-10-17T23:27:02.715Z [Modules] Checking for module updates at https://discord.com/api/modules/stable/versions.json
2024-10-17T23:27:02.771Z [Modules] No module updates available.
2024-10-17T23:27:04.776Z [Modules] Checking for host updates.
2024-10-17T23:27:04.955Z [Modules] Host is up to date.
2024-10-17T23:27:04.956Z [Modules] Checking for module updates at https://discord.com/api/modules/stable/versions.json
2024-10-17T23:27:04.994Z [Modules] No module updates available.
2024-10-17T23:27:17.804Z [Modules] Modules initializing
2024-10-17T23:27:17.804Z [Modules] Distribution: remote
2024-10-17T23:27:17.805Z [Modules] Host updates: enabled
2024-10-17T23:27:17.805Z [Modules] Module updates: enabled
2024-10-17T23:27:17.805Z [Modules] Module install path: /home/Heryforce/.config/discord/0.0.71/modules
2024-10-17T23:27:17.805Z [Modules] Module installed file path: /home/Heryforce/.config/discord/0.0.71/modules/installed.json
2024-10-17T23:27:17.805Z [Modules] Module download path: /home/Heryforce/.config/discord/0.0.71/modules/pending
2024-10-17T23:27:17.983Z [Modules] No updates to install
2024-10-17T23:27:17.983Z [Modules] Checking for host updates.
2024-10-17T23:27:18.278Z [Modules] Host is up to date.
2024-10-17T23:27:18.278Z [Modules] Checking for module updates at https://discord.com/api/modules/stable/versions.json
2024-10-17T23:27:18.317Z [Modules] No module updates available.
2024-10-17T23:27:20.215Z [Modules] Checking for host updates.
2024-10-17T23:27:20.528Z [Modules] Host is up to date.
2024-10-17T23:27:20.528Z [Modules] Checking for module updates at https://discord.com/api/modules/stable/versions.json
2024-10-17T23:27:20.565Z [Modules] No module updates available.
