2024-10-23 23:50:37.721 [info] [main] Log level: Info
2024-10-23 23:50:37.721 [info] [main] Validating found git in: "git"
2024-10-23 23:50:37.721 [info] [main] Using git "2.47.0" from "git"
2024-10-23 23:50:37.721 [info] [Model][doInitialScan] Initial repository scan started
2024-10-23 23:50:37.721 [info] > git rev-parse --show-toplevel [6ms]
2024-10-23 23:50:37.721 [info] > git rev-parse --git-dir --git-common-dir [27ms]
2024-10-23 23:50:37.721 [info] [Model][openRepository] Opened repository: /home/Heryforce/.config
2024-10-23 23:50:37.722 [info] > git rev-parse --show-toplevel [6ms]
2024-10-23 23:50:37.723 [info] > git config --get commit.template [10ms]
2024-10-23 23:50:37.732 [info] > git for-each-ref --format=%(refname)%00%(upstream:short)%00%(objectname)%00%(upstream:track)%00%(upstream:remotename)%00%(upstream:remoteref) refs/heads/main refs/remotes/main [2ms]
2024-10-23 23:50:37.755 [info] > git for-each-ref --sort -committerdate --format %(refname) %(objectname) %(*objectname) [6ms]
2024-10-23 23:50:37.764 [info] > git rev-parse --show-toplevel [2ms]
2024-10-23 23:50:37.771 [info] > git rev-parse --show-toplevel [1ms]
2024-10-23 23:50:37.777 [info] > git rev-parse --show-toplevel [1ms]
2024-10-23 23:50:37.785 [info] > git rev-parse --show-toplevel [2ms]
2024-10-23 23:50:37.794 [info] > git status -z -uall [53ms]
2024-10-23 23:50:37.795 [info] > git rev-parse --show-toplevel [4ms]
2024-10-23 23:50:37.850 [info] > git for-each-ref --format=%(refname)%00%(upstream:short)%00%(objectname)%00%(upstream:track)%00%(upstream:remotename)%00%(upstream:remoteref) refs/heads/main refs/remotes/main [19ms]
2024-10-23 23:50:37.864 [info] > git config --local branch.main.vscode-merge-base [7ms]
2024-10-23 23:50:37.864 [warning] [Git][config] git config failed: Failed to execute git
2024-10-23 23:50:37.871 [info] > git config --get commit.template [25ms]
2024-10-23 23:50:37.871 [info] > git rev-parse --show-toplevel [30ms]
2024-10-23 23:50:37.928 [info] > git rev-parse --show-toplevel [51ms]
2024-10-23 23:50:37.928 [info] > git reflog main --grep-reflog=branch: Created from *. [57ms]
2024-10-23 23:50:38.033 [info] > git symbolic-ref --short refs/remotes/origin/HEAD [101ms]
2024-10-23 23:50:38.033 [info] fatal: ref refs/remotes/origin/HEAD is not a symbolic ref
2024-10-23 23:50:38.033 [warning] [Repository][getDefaultBranch] Failed to get default branch details: Failed to execute git.
2024-10-23 23:50:38.042 [info] > git for-each-ref --format=%(refname)%00%(upstream:short)%00%(objectname)%00%(upstream:track)%00%(upstream:remotename)%00%(upstream:remoteref) refs/heads/main refs/remotes/main [115ms]
2024-10-23 23:50:38.047 [info] > git merge-base refs/heads/main refs/remotes/origin/main [6ms]
2024-10-23 23:50:38.055 [info] > git rev-parse --show-toplevel [23ms]
2024-10-23 23:50:38.064 [info] > git diff --name-status -z --diff-filter=ADMR f55a9b58394c19432ec7eb334125d8bd31f1ce8c...refs/remotes/origin/main [9ms]
2024-10-23 23:50:38.068 [info] > git rev-parse --show-toplevel [3ms]
2024-10-23 23:50:38.084 [info] > git for-each-ref --sort -committerdate --format %(refname) %(objectname) %(*objectname) [6ms]
2024-10-23 23:50:38.085 [info] > git rev-parse --show-toplevel [3ms]
2024-10-23 23:50:38.092 [info] > git rev-parse --show-toplevel [2ms]
2024-10-23 23:50:38.097 [info] > git rev-parse --show-toplevel [1ms]
2024-10-23 23:50:38.103 [info] > git rev-parse --show-toplevel [2ms]
2024-10-23 23:50:38.110 [info] > git rev-parse --show-toplevel [2ms]
2024-10-23 23:50:38.117 [info] > git status -z -uall [44ms]
2024-10-23 23:50:38.132 [info] > git rev-parse --show-toplevel [17ms]
2024-10-23 23:50:38.141 [info] > git rev-parse --show-toplevel [3ms]
2024-10-23 23:50:38.147 [info] > git rev-parse --show-toplevel [1ms]
2024-10-23 23:50:38.152 [info] > git rev-parse --show-toplevel [1ms]
2024-10-23 23:50:38.158 [info] > git rev-parse --show-toplevel [1ms]
2024-10-23 23:50:38.158 [info] [Model][doInitialScan] Initial repository scan completed - repositories (1), closed repositories (0), parent repositories (0), unsafe repositories (0)
2024-10-23 23:50:38.169 [info] > git show --textconv :waybar/config.jsonc [6ms]
2024-10-23 23:50:38.170 [info] > git ls-files --stage -- /home/Heryforce/.config/waybar/config.jsonc [2ms]
2024-10-23 23:50:38.176 [info] > git cat-file -s ae03ddacd1dd02c0cfda81aea1b50995e127a2c2 [1ms]
2024-10-23 23:50:38.307 [info] > git check-ignore -v -z --stdin [3ms]
2024-10-23 23:50:40.117 [info] > git config --get commit.template [8ms]
2024-10-23 23:50:40.119 [info] > git for-each-ref --format=%(refname)%00%(upstream:short)%00%(objectname)%00%(upstream:track)%00%(upstream:remotename)%00%(upstream:remoteref) refs/heads/main refs/remotes/main [2ms]
2024-10-23 23:50:40.134 [info] > git for-each-ref --sort -committerdate --format %(refname) %(objectname) %(*objectname) [2ms]
2024-10-23 23:50:40.156 [info] > git status -z -uall [31ms]
2024-10-23 23:50:45.185 [info] > git config --get commit.template [9ms]
2024-10-23 23:50:45.186 [info] > git for-each-ref --format=%(refname)%00%(upstream:short)%00%(objectname)%00%(upstream:track)%00%(upstream:remotename)%00%(upstream:remoteref) refs/heads/main refs/remotes/main [2ms]
2024-10-23 23:50:45.200 [info] > git for-each-ref --sort -committerdate --format %(refname) %(objectname) %(*objectname) [2ms]
2024-10-23 23:50:45.229 [info] > git status -z -uall [36ms]
2024-10-23 23:50:50.255 [info] > git config --get commit.template [10ms]
2024-10-23 23:50:50.256 [info] > git for-each-ref --format=%(refname)%00%(upstream:short)%00%(objectname)%00%(upstream:track)%00%(upstream:remotename)%00%(upstream:remoteref) refs/heads/main refs/remotes/main [2ms]
2024-10-23 23:50:50.268 [info] > git for-each-ref --sort -committerdate --format %(refname) %(objectname) %(*objectname) [2ms]
2024-10-23 23:50:50.305 [info] > git status -z -uall [44ms]
2024-10-23 23:50:55.321 [info] > git config --get commit.template [1ms]
2024-10-23 23:50:55.326 [info] > git for-each-ref --format=%(refname)%00%(upstream:short)%00%(objectname)%00%(upstream:track)%00%(upstream:remotename)%00%(upstream:remoteref) refs/heads/main refs/remotes/main [1ms]
2024-10-23 23:50:55.336 [info] > git for-each-ref --sort -committerdate --format %(refname) %(objectname) %(*objectname) [1ms]
2024-10-23 23:50:55.364 [info] > git status -z -uall [33ms]
2024-10-23 23:56:08.781 [info] > git config --get commit.template [1ms]
2024-10-23 23:56:08.787 [info] > git for-each-ref --format=%(refname)%00%(upstream:short)%00%(objectname)%00%(upstream:track)%00%(upstream:remotename)%00%(upstream:remoteref) refs/heads/main refs/remotes/main [2ms]
2024-10-23 23:56:08.799 [info] > git for-each-ref --sort -committerdate --format %(refname) %(objectname) %(*objectname) [1ms]
2024-10-23 23:56:08.838 [info] > git status -z -uall [46ms]
2024-10-23 23:56:12.797 [info] > git show --textconv :hypr/hyprlock.conf [8ms]
2024-10-23 23:56:12.799 [info] > git ls-files --stage -- /home/Heryforce/.config/hypr/hyprlock.conf [1ms]
2024-10-23 23:56:12.807 [info] > git cat-file -s d710419508433d9ad3a8e2c7dc20629beb55d5af [2ms]
2024-10-23 23:56:13.859 [info] > git config --get commit.template [2ms]
2024-10-23 23:56:13.868 [info] > git for-each-ref --format=%(refname)%00%(upstream:short)%00%(objectname)%00%(upstream:track)%00%(upstream:remotename)%00%(upstream:remoteref) refs/heads/main refs/remotes/main [2ms]
2024-10-23 23:56:13.881 [info] > git for-each-ref --sort -committerdate --format %(refname) %(objectname) %(*objectname) [2ms]
2024-10-23 23:56:13.904 [info] > git status -z -uall [30ms]
2024-10-23 23:56:30.219 [info] > git config --get commit.template [6ms]
2024-10-23 23:56:30.220 [info] > git for-each-ref --format=%(refname)%00%(upstream:short)%00%(objectname)%00%(upstream:track)%00%(upstream:remotename)%00%(upstream:remoteref) refs/heads/main refs/remotes/main [1ms]
2024-10-23 23:56:30.230 [info] > git for-each-ref --sort -committerdate --format %(refname) %(objectname) %(*objectname) [1ms]
2024-10-23 23:56:30.253 [info] > git status -z -uall [29ms]
2024-10-23 23:56:35.270 [info] > git config --get commit.template [1ms]
2024-10-23 23:56:35.275 [info] > git for-each-ref --format=%(refname)%00%(upstream:short)%00%(objectname)%00%(upstream:track)%00%(upstream:remotename)%00%(upstream:remoteref) refs/heads/main refs/remotes/main [1ms]
2024-10-23 23:56:35.285 [info] > git for-each-ref --sort -committerdate --format %(refname) %(objectname) %(*objectname) [1ms]
2024-10-23 23:56:35.308 [info] > git status -z -uall [28ms]
2024-10-23 23:56:40.334 [info] > git config --get commit.template [8ms]
2024-10-23 23:56:40.335 [info] > git for-each-ref --format=%(refname)%00%(upstream:short)%00%(objectname)%00%(upstream:track)%00%(upstream:remotename)%00%(upstream:remoteref) refs/heads/main refs/remotes/main [2ms]
2024-10-23 23:56:40.350 [info] > git for-each-ref --sort -committerdate --format %(refname) %(objectname) %(*objectname) [2ms]
2024-10-23 23:56:40.382 [info] > git status -z -uall [40ms]
2024-10-23 23:56:45.397 [info] > git config --get commit.template [1ms]
2024-10-23 23:56:45.402 [info] > git for-each-ref --format=%(refname)%00%(upstream:short)%00%(objectname)%00%(upstream:track)%00%(upstream:remotename)%00%(upstream:remoteref) refs/heads/main refs/remotes/main [1ms]
2024-10-23 23:56:45.411 [info] > git for-each-ref --sort -committerdate --format %(refname) %(objectname) %(*objectname) [1ms]
2024-10-23 23:56:45.431 [info] > git status -z -uall [25ms]
2024-10-23 23:56:50.455 [info] > git config --get commit.template [9ms]
2024-10-23 23:56:50.456 [info] > git for-each-ref --format=%(refname)%00%(upstream:short)%00%(objectname)%00%(upstream:track)%00%(upstream:remotename)%00%(upstream:remoteref) refs/heads/main refs/remotes/main [2ms]
2024-10-23 23:56:50.469 [info] > git for-each-ref --sort -committerdate --format %(refname) %(objectname) %(*objectname) [2ms]
2024-10-23 23:56:50.494 [info] > git status -z -uall [31ms]
2024-10-23 23:56:55.518 [info] > git config --get commit.template [5ms]
2024-10-23 23:56:55.519 [info] > git for-each-ref --format=%(refname)%00%(upstream:short)%00%(objectname)%00%(upstream:track)%00%(upstream:remotename)%00%(upstream:remoteref) refs/heads/main refs/remotes/main [2ms]
2024-10-23 23:56:55.536 [info] > git for-each-ref --sort -committerdate --format %(refname) %(objectname) %(*objectname) [2ms]
2024-10-23 23:56:55.560 [info] > git status -z -uall [33ms]
2024-10-23 23:57:00.578 [info] > git config --get commit.template [0ms]
2024-10-23 23:57:00.586 [info] > git for-each-ref --format=%(refname)%00%(upstream:short)%00%(objectname)%00%(upstream:track)%00%(upstream:remotename)%00%(upstream:remoteref) refs/heads/main refs/remotes/main [3ms]
2024-10-23 23:57:00.599 [info] > git for-each-ref --sort -committerdate --format %(refname) %(objectname) %(*objectname) [1ms]
2024-10-23 23:57:00.621 [info] > git status -z -uall [28ms]
2024-10-23 23:57:05.649 [info] > git config --get commit.template [9ms]
2024-10-23 23:57:05.650 [info] > git for-each-ref --format=%(refname)%00%(upstream:short)%00%(objectname)%00%(upstream:track)%00%(upstream:remotename)%00%(upstream:remoteref) refs/heads/main refs/remotes/main [2ms]
2024-10-23 23:57:05.664 [info] > git for-each-ref --sort -committerdate --format %(refname) %(objectname) %(*objectname) [2ms]
2024-10-23 23:57:05.691 [info] > git status -z -uall [35ms]
2024-10-23 23:57:10.711 [info] > git config --get commit.template [5ms]
2024-10-23 23:57:10.712 [info] > git for-each-ref --format=%(refname)%00%(upstream:short)%00%(objectname)%00%(upstream:track)%00%(upstream:remotename)%00%(upstream:remoteref) refs/heads/main refs/remotes/main [2ms]
2024-10-23 23:57:10.722 [info] > git for-each-ref --sort -committerdate --format %(refname) %(objectname) %(*objectname) [1ms]
2024-10-23 23:57:10.745 [info] > git status -z -uall [29ms]
2024-10-23 23:57:22.275 [info] > git config --get commit.template [1ms]
2024-10-23 23:57:22.281 [info] > git for-each-ref --format=%(refname)%00%(upstream:short)%00%(objectname)%00%(upstream:track)%00%(upstream:remotename)%00%(upstream:remoteref) refs/heads/main refs/remotes/main [1ms]
2024-10-23 23:57:22.293 [info] > git for-each-ref --sort -committerdate --format %(refname) %(objectname) %(*objectname) [2ms]
2024-10-23 23:57:22.316 [info] > git status -z -uall [30ms]
2024-10-23 23:57:27.340 [info] > git config --get commit.template [7ms]
2024-10-23 23:57:27.342 [info] > git for-each-ref --format=%(refname)%00%(upstream:short)%00%(objectname)%00%(upstream:track)%00%(upstream:remotename)%00%(upstream:remoteref) refs/heads/main refs/remotes/main [3ms]
2024-10-23 23:57:27.358 [info] > git for-each-ref --sort -committerdate --format %(refname) %(objectname) %(*objectname) [2ms]
2024-10-23 23:57:27.385 [info] > git status -z -uall [35ms]
2024-10-23 23:57:32.409 [info] > git config --get commit.template [2ms]
2024-10-23 23:57:32.418 [info] > git for-each-ref --format=%(refname)%00%(upstream:short)%00%(objectname)%00%(upstream:track)%00%(upstream:remotename)%00%(upstream:remoteref) refs/heads/main refs/remotes/main [2ms]
2024-10-23 23:57:32.432 [info] > git for-each-ref --sort -committerdate --format %(refname) %(objectname) %(*objectname) [2ms]
2024-10-23 23:57:32.467 [info] > git status -z -uall [42ms]
2024-10-23 23:57:37.497 [info] > git config --get commit.template [7ms]
2024-10-23 23:57:37.499 [info] > git for-each-ref --format=%(refname)%00%(upstream:short)%00%(objectname)%00%(upstream:track)%00%(upstream:remotename)%00%(upstream:remoteref) refs/heads/main refs/remotes/main [3ms]
2024-10-23 23:57:37.507 [info] > git for-each-ref --sort -committerdate --format %(refname) %(objectname) %(*objectname) [1ms]
2024-10-23 23:57:37.531 [info] > git status -z -uall [29ms]
2024-10-23 23:57:42.550 [info] > git config --get commit.template [1ms]
2024-10-23 23:57:42.554 [info] > git for-each-ref --format=%(refname)%00%(upstream:short)%00%(objectname)%00%(upstream:track)%00%(upstream:remotename)%00%(upstream:remoteref) refs/heads/main refs/remotes/main [1ms]
2024-10-23 23:57:42.564 [info] > git for-each-ref --sort -committerdate --format %(refname) %(objectname) %(*objectname) [1ms]
2024-10-23 23:57:42.585 [info] > git status -z -uall [27ms]
2024-10-23 23:57:47.615 [info] > git config --get commit.template [8ms]
2024-10-23 23:57:47.616 [info] > git for-each-ref --format=%(refname)%00%(upstream:short)%00%(objectname)%00%(upstream:track)%00%(upstream:remotename)%00%(upstream:remoteref) refs/heads/main refs/remotes/main [2ms]
2024-10-23 23:57:47.632 [info] > git for-each-ref --sort -committerdate --format %(refname) %(objectname) %(*objectname) [2ms]
2024-10-23 23:57:47.656 [info] > git status -z -uall [32ms]
2024-10-23 23:57:52.680 [info] > git config --get commit.template [7ms]
2024-10-23 23:57:52.681 [info] > git for-each-ref --format=%(refname)%00%(upstream:short)%00%(objectname)%00%(upstream:track)%00%(upstream:remotename)%00%(upstream:remoteref) refs/heads/main refs/remotes/main [2ms]
2024-10-23 23:57:52.718 [info] > git for-each-ref --sort -committerdate --format %(refname) %(objectname) %(*objectname) [1ms]
2024-10-23 23:57:52.744 [info] > git status -z -uall [33ms]
2024-10-23 23:57:57.767 [info] > git config --get commit.template [5ms]
2024-10-23 23:57:57.767 [info] > git for-each-ref --format=%(refname)%00%(upstream:short)%00%(objectname)%00%(upstream:track)%00%(upstream:remotename)%00%(upstream:remoteref) refs/heads/main refs/remotes/main [2ms]
2024-10-23 23:57:57.783 [info] > git for-each-ref --sort -committerdate --format %(refname) %(objectname) %(*objectname) [2ms]
2024-10-23 23:57:57.805 [info] > git status -z -uall [31ms]
2024-10-23 23:58:02.832 [info] > git config --get commit.template [9ms]
2024-10-23 23:58:02.833 [info] > git for-each-ref --format=%(refname)%00%(upstream:short)%00%(objectname)%00%(upstream:track)%00%(upstream:remotename)%00%(upstream:remoteref) refs/heads/main refs/remotes/main [2ms]
2024-10-23 23:58:02.851 [info] > git for-each-ref --sort -committerdate --format %(refname) %(objectname) %(*objectname) [3ms]
2024-10-23 23:58:02.874 [info] > git status -z -uall [33ms]
2024-10-23 23:58:07.902 [info] > git config --get commit.template [9ms]
2024-10-23 23:58:07.903 [info] > git for-each-ref --format=%(refname)%00%(upstream:short)%00%(objectname)%00%(upstream:track)%00%(upstream:remotename)%00%(upstream:remoteref) refs/heads/main refs/remotes/main [2ms]
2024-10-23 23:58:07.919 [info] > git for-each-ref --sort -committerdate --format %(refname) %(objectname) %(*objectname) [2ms]
2024-10-23 23:58:07.948 [info] > git status -z -uall [37ms]
2024-10-23 23:58:12.963 [info] > git config --get commit.template [1ms]
2024-10-23 23:58:12.968 [info] > git for-each-ref --format=%(refname)%00%(upstream:short)%00%(objectname)%00%(upstream:track)%00%(upstream:remotename)%00%(upstream:remoteref) refs/heads/main refs/remotes/main [1ms]
2024-10-23 23:58:12.982 [info] > git for-each-ref --sort -committerdate --format %(refname) %(objectname) %(*objectname) [2ms]
2024-10-23 23:58:13.003 [info] > git status -z -uall [29ms]
2024-10-23 23:58:18.029 [info] > git config --get commit.template [9ms]
2024-10-23 23:58:18.030 [info] > git for-each-ref --format=%(refname)%00%(upstream:short)%00%(objectname)%00%(upstream:track)%00%(upstream:remotename)%00%(upstream:remoteref) refs/heads/main refs/remotes/main [2ms]
2024-10-23 23:58:18.047 [info] > git for-each-ref --sort -committerdate --format %(refname) %(objectname) %(*objectname) [3ms]
2024-10-23 23:58:18.076 [info] > git status -z -uall [38ms]
2024-10-23 23:58:23.092 [info] > git config --get commit.template [1ms]
2024-10-23 23:58:23.097 [info] > git for-each-ref --format=%(refname)%00%(upstream:short)%00%(objectname)%00%(upstream:track)%00%(upstream:remotename)%00%(upstream:remoteref) refs/heads/main refs/remotes/main [1ms]
2024-10-23 23:58:23.108 [info] > git for-each-ref --sort -committerdate --format %(refname) %(objectname) %(*objectname) [2ms]
2024-10-23 23:58:23.134 [info] > git status -z -uall [32ms]
2024-10-23 23:58:28.160 [info] > git config --get commit.template [5ms]
2024-10-23 23:58:28.161 [info] > git for-each-ref --format=%(refname)%00%(upstream:short)%00%(objectname)%00%(upstream:track)%00%(upstream:remotename)%00%(upstream:remoteref) refs/heads/main refs/remotes/main [1ms]
2024-10-23 23:58:28.199 [info] > git for-each-ref --sort -committerdate --format %(refname) %(objectname) %(*objectname) [2ms]
2024-10-23 23:58:28.229 [info] > git status -z -uall [38ms]
2024-10-23 23:58:33.260 [info] > git config --get commit.template [8ms]
2024-10-23 23:58:33.261 [info] > git for-each-ref --format=%(refname)%00%(upstream:short)%00%(objectname)%00%(upstream:track)%00%(upstream:remotename)%00%(upstream:remoteref) refs/heads/main refs/remotes/main [1ms]
2024-10-23 23:58:33.272 [info] > git for-each-ref --sort -committerdate --format %(refname) %(objectname) %(*objectname) [2ms]
2024-10-23 23:58:33.294 [info] > git status -z -uall [29ms]
2024-10-23 23:58:38.321 [info] > git config --get commit.template [9ms]
2024-10-23 23:58:38.322 [info] > git for-each-ref --format=%(refname)%00%(upstream:short)%00%(objectname)%00%(upstream:track)%00%(upstream:remotename)%00%(upstream:remoteref) refs/heads/main refs/remotes/main [2ms]
2024-10-23 23:58:38.337 [info] > git for-each-ref --sort -committerdate --format %(refname) %(objectname) %(*objectname) [2ms]
2024-10-23 23:58:38.358 [info] > git status -z -uall [29ms]
2024-10-23 23:58:43.383 [info] > git config --get commit.template [8ms]
2024-10-23 23:58:43.385 [info] > git for-each-ref --format=%(refname)%00%(upstream:short)%00%(objectname)%00%(upstream:track)%00%(upstream:remotename)%00%(upstream:remoteref) refs/heads/main refs/remotes/main [3ms]
2024-10-23 23:58:43.400 [info] > git for-each-ref --sort -committerdate --format %(refname) %(objectname) %(*objectname) [2ms]
2024-10-23 23:58:43.423 [info] > git status -z -uall [31ms]
2024-10-23 23:58:48.448 [info] > git config --get commit.template [9ms]
2024-10-23 23:58:48.450 [info] > git for-each-ref --format=%(refname)%00%(upstream:short)%00%(objectname)%00%(upstream:track)%00%(upstream:remotename)%00%(upstream:remoteref) refs/heads/main refs/remotes/main [3ms]
2024-10-23 23:58:48.467 [info] > git for-each-ref --sort -committerdate --format %(refname) %(objectname) %(*objectname) [2ms]
2024-10-23 23:58:48.491 [info] > git status -z -uall [33ms]
2024-10-23 23:58:53.513 [info] > git config --get commit.template [1ms]
2024-10-23 23:58:53.521 [info] > git for-each-ref --format=%(refname)%00%(upstream:short)%00%(objectname)%00%(upstream:track)%00%(upstream:remotename)%00%(upstream:remoteref) refs/heads/main refs/remotes/main [1ms]
2024-10-23 23:58:53.531 [info] > git for-each-ref --sort -committerdate --format %(refname) %(objectname) %(*objectname) [1ms]
2024-10-23 23:58:53.552 [info] > git status -z -uall [27ms]
2024-10-23 23:58:58.576 [info] > git config --get commit.template [8ms]
2024-10-23 23:58:58.577 [info] > git for-each-ref --format=%(refname)%00%(upstream:short)%00%(objectname)%00%(upstream:track)%00%(upstream:remotename)%00%(upstream:remoteref) refs/heads/main refs/remotes/main [2ms]
2024-10-23 23:58:58.592 [info] > git for-each-ref --sort -committerdate --format %(refname) %(objectname) %(*objectname) [2ms]
2024-10-23 23:58:58.616 [info] > git status -z -uall [32ms]
2024-10-23 23:59:03.644 [info] > git config --get commit.template [7ms]
2024-10-23 23:59:03.645 [info] > git for-each-ref --format=%(refname)%00%(upstream:short)%00%(objectname)%00%(upstream:track)%00%(upstream:remotename)%00%(upstream:remoteref) refs/heads/main refs/remotes/main [2ms]
2024-10-23 23:59:03.655 [info] > git for-each-ref --sort -committerdate --format %(refname) %(objectname) %(*objectname) [2ms]
2024-10-23 23:59:03.679 [info] > git status -z -uall [31ms]
2024-10-23 23:59:39.308 [info] > git config --get commit.template [6ms]
2024-10-23 23:59:39.308 [info] > git for-each-ref --format=%(refname)%00%(upstream:short)%00%(objectname)%00%(upstream:track)%00%(upstream:remotename)%00%(upstream:remoteref) refs/heads/main refs/remotes/main [1ms]
2024-10-23 23:59:39.319 [info] > git for-each-ref --sort -committerdate --format %(refname) %(objectname) %(*objectname) [1ms]
2024-10-23 23:59:39.344 [info] > git status -z -uall [32ms]
2024-10-23 23:59:44.366 [info] > git config --get commit.template [7ms]
2024-10-23 23:59:44.367 [info] > git for-each-ref --format=%(refname)%00%(upstream:short)%00%(objectname)%00%(upstream:track)%00%(upstream:remotename)%00%(upstream:remoteref) refs/heads/main refs/remotes/main [1ms]
2024-10-23 23:59:44.380 [info] > git for-each-ref --sort -committerdate --format %(refname) %(objectname) %(*objectname) [2ms]
2024-10-23 23:59:44.404 [info] > git status -z -uall [31ms]
2024-10-23 23:59:53.312 [info] > git config --get commit.template [7ms]
2024-10-23 23:59:53.313 [info] > git for-each-ref --format=%(refname)%00%(upstream:short)%00%(objectname)%00%(upstream:track)%00%(upstream:remotename)%00%(upstream:remoteref) refs/heads/main refs/remotes/main [2ms]
2024-10-23 23:59:53.325 [info] > git for-each-ref --sort -committerdate --format %(refname) %(objectname) %(*objectname) [1ms]
2024-10-23 23:59:53.353 [info] > git status -z -uall [34ms]
2024-10-23 23:59:58.376 [info] > git config --get commit.template [5ms]
2024-10-23 23:59:58.377 [info] > git for-each-ref --format=%(refname)%00%(upstream:short)%00%(objectname)%00%(upstream:track)%00%(upstream:remotename)%00%(upstream:remoteref) refs/heads/main refs/remotes/main [1ms]
2024-10-23 23:59:58.385 [info] > git for-each-ref --sort -committerdate --format %(refname) %(objectname) %(*objectname) [1ms]
2024-10-23 23:59:58.409 [info] > git status -z -uall [28ms]
2024-10-24 00:00:03.431 [info] > git config --get commit.template [5ms]
2024-10-24 00:00:03.432 [info] > git for-each-ref --format=%(refname)%00%(upstream:short)%00%(objectname)%00%(upstream:track)%00%(upstream:remotename)%00%(upstream:remoteref) refs/heads/main refs/remotes/main [1ms]
2024-10-24 00:00:03.443 [info] > git for-each-ref --sort -committerdate --format %(refname) %(objectname) %(*objectname) [1ms]
2024-10-24 00:00:03.463 [info] > git status -z -uall [25ms]
2024-10-24 00:00:08.479 [info] > git config --get commit.template [1ms]
2024-10-24 00:00:08.488 [info] > git for-each-ref --format=%(refname)%00%(upstream:short)%00%(objectname)%00%(upstream:track)%00%(upstream:remotename)%00%(upstream:remoteref) refs/heads/main refs/remotes/main [2ms]
2024-10-24 00:00:08.503 [info] > git for-each-ref --sort -committerdate --format %(refname) %(objectname) %(*objectname) [2ms]
2024-10-24 00:00:08.525 [info] > git status -z -uall [30ms]
2024-10-24 00:00:13.549 [info] > git config --get commit.template [5ms]
2024-10-24 00:00:13.550 [info] > git for-each-ref --format=%(refname)%00%(upstream:short)%00%(objectname)%00%(upstream:track)%00%(upstream:remotename)%00%(upstream:remoteref) refs/heads/main refs/remotes/main [3ms]
2024-10-24 00:00:13.566 [info] > git for-each-ref --sort -committerdate --format %(refname) %(objectname) %(*objectname) [2ms]
2024-10-24 00:00:13.599 [info] > git status -z -uall [42ms]
2024-10-24 00:00:37.180 [info] > git config --get commit.template [1ms]
2024-10-24 00:00:37.186 [info] > git for-each-ref --format=%(refname)%00%(upstream:short)%00%(objectname)%00%(upstream:track)%00%(upstream:remotename)%00%(upstream:remoteref) refs/heads/main refs/remotes/main [1ms]
2024-10-24 00:00:37.197 [info] > git for-each-ref --sort -committerdate --format %(refname) %(objectname) %(*objectname) [1ms]
2024-10-24 00:00:37.219 [info] > git status -z -uall [28ms]
2024-10-24 00:00:42.245 [info] > git config --get commit.template [6ms]
2024-10-24 00:00:42.245 [info] > git for-each-ref --format=%(refname)%00%(upstream:short)%00%(objectname)%00%(upstream:track)%00%(upstream:remotename)%00%(upstream:remoteref) refs/heads/main refs/remotes/main [1ms]
2024-10-24 00:00:42.255 [info] > git for-each-ref --sort -committerdate --format %(refname) %(objectname) %(*objectname) [1ms]
2024-10-24 00:00:42.277 [info] > git status -z -uall [27ms]
2024-10-24 00:00:47.306 [info] > git config --get commit.template [8ms]
2024-10-24 00:00:47.308 [info] > git for-each-ref --format=%(refname)%00%(upstream:short)%00%(objectname)%00%(upstream:track)%00%(upstream:remotename)%00%(upstream:remoteref) refs/heads/main refs/remotes/main [3ms]
2024-10-24 00:00:47.324 [info] > git for-each-ref --sort -committerdate --format %(refname) %(objectname) %(*objectname) [3ms]
2024-10-24 00:00:47.349 [info] > git status -z -uall [33ms]
2024-10-24 00:00:52.364 [info] > git config --get commit.template [1ms]
2024-10-24 00:00:52.371 [info] > git for-each-ref --format=%(refname)%00%(upstream:short)%00%(objectname)%00%(upstream:track)%00%(upstream:remotename)%00%(upstream:remoteref) refs/heads/main refs/remotes/main [2ms]
2024-10-24 00:00:52.384 [info] > git for-each-ref --sort -committerdate --format %(refname) %(objectname) %(*objectname) [2ms]
2024-10-24 00:00:52.406 [info] > git status -z -uall [29ms]
2024-10-24 00:00:57.428 [info] > git config --get commit.template [8ms]
2024-10-24 00:00:57.429 [info] > git for-each-ref --format=%(refname)%00%(upstream:short)%00%(objectname)%00%(upstream:track)%00%(upstream:remotename)%00%(upstream:remoteref) refs/heads/main refs/remotes/main [2ms]
2024-10-24 00:00:57.442 [info] > git for-each-ref --sort -committerdate --format %(refname) %(objectname) %(*objectname) [2ms]
2024-10-24 00:00:57.467 [info] > git status -z -uall [31ms]
2024-10-24 00:01:02.496 [info] > git config --get commit.template [9ms]
2024-10-24 00:01:02.498 [info] > git for-each-ref --format=%(refname)%00%(upstream:short)%00%(objectname)%00%(upstream:track)%00%(upstream:remotename)%00%(upstream:remoteref) refs/heads/main refs/remotes/main [2ms]
2024-10-24 00:01:02.524 [info] > git for-each-ref --sort -committerdate --format %(refname) %(objectname) %(*objectname) [2ms]
2024-10-24 00:01:02.550 [info] > git status -z -uall [35ms]
2024-10-24 00:01:07.563 [info] > git config --get commit.template [1ms]
2024-10-24 00:01:07.567 [info] > git for-each-ref --format=%(refname)%00%(upstream:short)%00%(objectname)%00%(upstream:track)%00%(upstream:remotename)%00%(upstream:remoteref) refs/heads/main refs/remotes/main [1ms]
2024-10-24 00:01:07.577 [info] > git for-each-ref --sort -committerdate --format %(refname) %(objectname) %(*objectname) [1ms]
2024-10-24 00:01:07.597 [info] > git status -z -uall [26ms]
2024-10-24 00:01:12.625 [info] > git config --get commit.template [9ms]
2024-10-24 00:01:12.627 [info] > git for-each-ref --format=%(refname)%00%(upstream:short)%00%(objectname)%00%(upstream:track)%00%(upstream:remotename)%00%(upstream:remoteref) refs/heads/main refs/remotes/main [3ms]
2024-10-24 00:01:12.641 [info] > git for-each-ref --sort -committerdate --format %(refname) %(objectname) %(*objectname) [2ms]
2024-10-24 00:01:12.669 [info] > git status -z -uall [36ms]
2024-10-24 00:01:17.689 [info] > git config --get commit.template [1ms]
2024-10-24 00:01:17.698 [info] > git for-each-ref --format=%(refname)%00%(upstream:short)%00%(objectname)%00%(upstream:track)%00%(upstream:remotename)%00%(upstream:remoteref) refs/heads/main refs/remotes/main [2ms]
2024-10-24 00:01:17.713 [info] > git for-each-ref --sort -committerdate --format %(refname) %(objectname) %(*objectname) [1ms]
2024-10-24 00:01:17.739 [info] > git status -z -uall [33ms]
2024-10-24 00:01:22.765 [info] > git config --get commit.template [9ms]
2024-10-24 00:01:22.766 [info] > git for-each-ref --format=%(refname)%00%(upstream:short)%00%(objectname)%00%(upstream:track)%00%(upstream:remotename)%00%(upstream:remoteref) refs/heads/main refs/remotes/main [2ms]
2024-10-24 00:01:22.780 [info] > git for-each-ref --sort -committerdate --format %(refname) %(objectname) %(*objectname) [2ms]
2024-10-24 00:01:22.800 [info] > git status -z -uall [29ms]
2024-10-24 00:01:27.822 [info] > git config --get commit.template [8ms]
2024-10-24 00:01:27.823 [info] > git for-each-ref --format=%(refname)%00%(upstream:short)%00%(objectname)%00%(upstream:track)%00%(upstream:remotename)%00%(upstream:remoteref) refs/heads/main refs/remotes/main [2ms]
2024-10-24 00:01:27.838 [info] > git for-each-ref --sort -committerdate --format %(refname) %(objectname) %(*objectname) [1ms]
2024-10-24 00:01:27.864 [info] > git status -z -uall [33ms]
2024-10-24 00:01:32.891 [info] > git config --get commit.template [8ms]
2024-10-24 00:01:32.892 [info] > git for-each-ref --format=%(refname)%00%(upstream:short)%00%(objectname)%00%(upstream:track)%00%(upstream:remotename)%00%(upstream:remoteref) refs/heads/main refs/remotes/main [2ms]
2024-10-24 00:01:32.906 [info] > git for-each-ref --sort -committerdate --format %(refname) %(objectname) %(*objectname) [2ms]
2024-10-24 00:01:32.931 [info] > git status -z -uall [32ms]
2024-10-24 00:01:37.949 [info] > git config --get commit.template [5ms]
2024-10-24 00:01:37.950 [info] > git for-each-ref --format=%(refname)%00%(upstream:short)%00%(objectname)%00%(upstream:track)%00%(upstream:remotename)%00%(upstream:remoteref) refs/heads/main refs/remotes/main [1ms]
2024-10-24 00:01:37.963 [info] > git for-each-ref --sort -committerdate --format %(refname) %(objectname) %(*objectname) [1ms]
2024-10-24 00:01:37.985 [info] > git status -z -uall [29ms]
2024-10-24 00:01:43.011 [info] > git config --get commit.template [8ms]
2024-10-24 00:01:43.012 [info] > git for-each-ref --format=%(refname)%00%(upstream:short)%00%(objectname)%00%(upstream:track)%00%(upstream:remotename)%00%(upstream:remoteref) refs/heads/main refs/remotes/main [2ms]
2024-10-24 00:01:43.028 [info] > git for-each-ref --sort -committerdate --format %(refname) %(objectname) %(*objectname) [2ms]
2024-10-24 00:01:43.054 [info] > git status -z -uall [35ms]
2024-10-24 00:01:48.078 [info] > git config --get commit.template [8ms]
2024-10-24 00:01:48.079 [info] > git for-each-ref --format=%(refname)%00%(upstream:short)%00%(objectname)%00%(upstream:track)%00%(upstream:remotename)%00%(upstream:remoteref) refs/heads/main refs/remotes/main [2ms]
2024-10-24 00:01:48.095 [info] > git for-each-ref --sort -committerdate --format %(refname) %(objectname) %(*objectname) [2ms]
2024-10-24 00:01:48.122 [info] > git status -z -uall [36ms]
2024-10-24 00:01:53.149 [info] > git config --get commit.template [8ms]
2024-10-24 00:01:53.150 [info] > git for-each-ref --format=%(refname)%00%(upstream:short)%00%(objectname)%00%(upstream:track)%00%(upstream:remotename)%00%(upstream:remoteref) refs/heads/main refs/remotes/main [2ms]
2024-10-24 00:01:53.167 [info] > git for-each-ref --sort -committerdate --format %(refname) %(objectname) %(*objectname) [1ms]
2024-10-24 00:01:53.191 [info] > git status -z -uall [33ms]
2024-10-24 00:01:58.214 [info] > git config --get commit.template [7ms]
2024-10-24 00:01:58.214 [info] > git for-each-ref --format=%(refname)%00%(upstream:short)%00%(objectname)%00%(upstream:track)%00%(upstream:remotename)%00%(upstream:remoteref) refs/heads/main refs/remotes/main [1ms]
2024-10-24 00:01:58.225 [info] > git for-each-ref --sort -committerdate --format %(refname) %(objectname) %(*objectname) [1ms]
2024-10-24 00:01:58.249 [info] > git status -z -uall [30ms]
2024-10-24 00:02:03.278 [info] > git config --get commit.template [8ms]
2024-10-24 00:02:03.279 [info] > git for-each-ref --format=%(refname)%00%(upstream:short)%00%(objectname)%00%(upstream:track)%00%(upstream:remotename)%00%(upstream:remoteref) refs/heads/main refs/remotes/main [2ms]
2024-10-24 00:02:03.294 [info] > git for-each-ref --sort -committerdate --format %(refname) %(objectname) %(*objectname) [2ms]
2024-10-24 00:02:03.318 [info] > git status -z -uall [32ms]
2024-10-24 00:02:12.316 [info] > git config --get commit.template [7ms]
2024-10-24 00:02:12.316 [info] > git for-each-ref --format=%(refname)%00%(upstream:short)%00%(objectname)%00%(upstream:track)%00%(upstream:remotename)%00%(upstream:remoteref) refs/heads/main refs/remotes/main [1ms]
2024-10-24 00:02:12.332 [info] > git for-each-ref --sort -committerdate --format %(refname) %(objectname) %(*objectname) [2ms]
2024-10-24 00:02:12.358 [info] > git status -z -uall [35ms]
2024-10-24 00:02:17.389 [info] > git config --get commit.template [8ms]
2024-10-24 00:02:17.390 [info] > git for-each-ref --format=%(refname)%00%(upstream:short)%00%(objectname)%00%(upstream:track)%00%(upstream:remotename)%00%(upstream:remoteref) refs/heads/main refs/remotes/main [2ms]
2024-10-24 00:02:17.406 [info] > git for-each-ref --sort -committerdate --format %(refname) %(objectname) %(*objectname) [1ms]
2024-10-24 00:02:17.431 [info] > git status -z -uall [34ms]
2024-10-24 00:02:22.461 [info] > git config --get commit.template [8ms]
2024-10-24 00:02:22.462 [info] > git for-each-ref --format=%(refname)%00%(upstream:short)%00%(objectname)%00%(upstream:track)%00%(upstream:remotename)%00%(upstream:remoteref) refs/heads/main refs/remotes/main [2ms]
2024-10-24 00:02:22.478 [info] > git for-each-ref --sort -committerdate --format %(refname) %(objectname) %(*objectname) [2ms]
2024-10-24 00:02:22.509 [info] > git status -z -uall [39ms]
2024-10-24 00:03:09.165 [info] > git config --get commit.template [6ms]
2024-10-24 00:03:09.165 [info] > git for-each-ref --format=%(refname)%00%(upstream:short)%00%(objectname)%00%(upstream:track)%00%(upstream:remotename)%00%(upstream:remoteref) refs/heads/main refs/remotes/main [1ms]
2024-10-24 00:03:09.177 [info] > git for-each-ref --sort -committerdate --format %(refname) %(objectname) %(*objectname) [2ms]
2024-10-24 00:03:09.198 [info] > git status -z -uall [28ms]
2024-10-24 00:04:42.363 [info] > git config --get commit.template [1ms]
2024-10-24 00:04:42.369 [info] > git for-each-ref --format=%(refname)%00%(upstream:short)%00%(objectname)%00%(upstream:track)%00%(upstream:remotename)%00%(upstream:remoteref) refs/heads/main refs/remotes/main [1ms]
2024-10-24 00:04:42.381 [info] > git for-each-ref --sort -committerdate --format %(refname) %(objectname) %(*objectname) [1ms]
2024-10-24 00:04:42.405 [info] > git status -z -uall [30ms]
2024-10-24 00:04:47.424 [info] > git config --get commit.template [1ms]
2024-10-24 00:04:47.430 [info] > git for-each-ref --format=%(refname)%00%(upstream:short)%00%(objectname)%00%(upstream:track)%00%(upstream:remotename)%00%(upstream:remoteref) refs/heads/main refs/remotes/main [1ms]
2024-10-24 00:04:47.441 [info] > git for-each-ref --sort -committerdate --format %(refname) %(objectname) %(*objectname) [2ms]
2024-10-24 00:04:47.470 [info] > git status -z -uall [36ms]
2024-10-24 00:04:52.490 [info] > git config --get commit.template [1ms]
2024-10-24 00:04:52.496 [info] > git for-each-ref --format=%(refname)%00%(upstream:short)%00%(objectname)%00%(upstream:track)%00%(upstream:remotename)%00%(upstream:remoteref) refs/heads/main refs/remotes/main [1ms]
2024-10-24 00:04:52.505 [info] > git for-each-ref --sort -committerdate --format %(refname) %(objectname) %(*objectname) [1ms]
2024-10-24 00:04:52.527 [info] > git status -z -uall [26ms]
2024-10-24 00:04:57.546 [info] > git config --get commit.template [1ms]
2024-10-24 00:04:57.550 [info] > git for-each-ref --format=%(refname)%00%(upstream:short)%00%(objectname)%00%(upstream:track)%00%(upstream:remotename)%00%(upstream:remoteref) refs/heads/main refs/remotes/main [0ms]
2024-10-24 00:04:57.578 [info] > git for-each-ref --sort -committerdate --format %(refname) %(objectname) %(*objectname) [1ms]
2024-10-24 00:04:57.599 [info] > git status -z -uall [26ms]
2024-10-24 00:05:02.626 [info] > git config --get commit.template [8ms]
2024-10-24 00:05:02.628 [info] > git for-each-ref --format=%(refname)%00%(upstream:short)%00%(objectname)%00%(upstream:track)%00%(upstream:remotename)%00%(upstream:remoteref) refs/heads/main refs/remotes/main [3ms]
2024-10-24 00:05:02.668 [info] > git for-each-ref --sort -committerdate --format %(refname) %(objectname) %(*objectname) [2ms]
2024-10-24 00:05:02.688 [info] > git status -z -uall [30ms]
2024-10-24 00:05:07.707 [info] > git config --get commit.template [1ms]
2024-10-24 00:05:07.716 [info] > git for-each-ref --format=%(refname)%00%(upstream:short)%00%(objectname)%00%(upstream:track)%00%(upstream:remotename)%00%(upstream:remoteref) refs/heads/main refs/remotes/main [2ms]
2024-10-24 00:05:07.746 [info] > git for-each-ref --sort -committerdate --format %(refname) %(objectname) %(*objectname) [2ms]
2024-10-24 00:05:07.771 [info] > git status -z -uall [33ms]
2024-10-24 00:05:12.788 [info] > git config --get commit.template [1ms]
2024-10-24 00:05:12.794 [info] > git for-each-ref --format=%(refname)%00%(upstream:short)%00%(objectname)%00%(upstream:track)%00%(upstream:remotename)%00%(upstream:remoteref) refs/heads/main refs/remotes/main [1ms]
2024-10-24 00:05:12.804 [info] > git for-each-ref --sort -committerdate --format %(refname) %(objectname) %(*objectname) [2ms]
2024-10-24 00:05:12.828 [info] > git status -z -uall [30ms]
2024-10-24 00:05:17.853 [info] > git config --get commit.template [7ms]
2024-10-24 00:05:17.854 [info] > git for-each-ref --format=%(refname)%00%(upstream:short)%00%(objectname)%00%(upstream:track)%00%(upstream:remotename)%00%(upstream:remoteref) refs/heads/main refs/remotes/main [2ms]
2024-10-24 00:05:17.868 [info] > git for-each-ref --sort -committerdate --format %(refname) %(objectname) %(*objectname) [1ms]
2024-10-24 00:05:17.894 [info] > git status -z -uall [33ms]
2024-10-24 00:05:22.921 [info] > git config --get commit.template [9ms]
2024-10-24 00:05:22.922 [info] > git for-each-ref --format=%(refname)%00%(upstream:short)%00%(objectname)%00%(upstream:track)%00%(upstream:remotename)%00%(upstream:remoteref) refs/heads/main refs/remotes/main [2ms]
2024-10-24 00:05:22.937 [info] > git for-each-ref --sort -committerdate --format %(refname) %(objectname) %(*objectname) [2ms]
2024-10-24 00:05:22.961 [info] > git status -z -uall [32ms]
2024-10-24 00:05:27.983 [info] > git config --get commit.template [5ms]
2024-10-24 00:05:27.983 [info] > git for-each-ref --format=%(refname)%00%(upstream:short)%00%(objectname)%00%(upstream:track)%00%(upstream:remotename)%00%(upstream:remoteref) refs/heads/main refs/remotes/main [1ms]
2024-10-24 00:05:27.999 [info] > git for-each-ref --sort -committerdate --format %(refname) %(objectname) %(*objectname) [2ms]
2024-10-24 00:05:28.025 [info] > git status -z -uall [34ms]
2024-10-24 00:05:33.054 [info] > git config --get commit.template [11ms]
2024-10-24 00:05:33.054 [info] > git for-each-ref --format=%(refname)%00%(upstream:short)%00%(objectname)%00%(upstream:track)%00%(upstream:remotename)%00%(upstream:remoteref) refs/heads/main refs/remotes/main [2ms]
2024-10-24 00:05:33.069 [info] > git for-each-ref --sort -committerdate --format %(refname) %(objectname) %(*objectname) [1ms]
2024-10-24 00:05:33.092 [info] > git status -z -uall [31ms]
2024-10-24 00:05:38.114 [info] > git config --get commit.template [8ms]
2024-10-24 00:05:38.115 [info] > git for-each-ref --format=%(refname)%00%(upstream:short)%00%(objectname)%00%(upstream:track)%00%(upstream:remotename)%00%(upstream:remoteref) refs/heads/main refs/remotes/main [2ms]
2024-10-24 00:05:38.131 [info] > git for-each-ref --sort -committerdate --format %(refname) %(objectname) %(*objectname) [2ms]
2024-10-24 00:05:38.155 [info] > git status -z -uall [33ms]
2024-10-24 00:05:43.180 [info] > git config --get commit.template [6ms]
2024-10-24 00:05:43.182 [info] > git for-each-ref --format=%(refname)%00%(upstream:short)%00%(objectname)%00%(upstream:track)%00%(upstream:remotename)%00%(upstream:remoteref) refs/heads/main refs/remotes/main [3ms]
2024-10-24 00:05:43.197 [info] > git for-each-ref --sort -committerdate --format %(refname) %(objectname) %(*objectname) [2ms]
2024-10-24 00:05:43.220 [info] > git status -z -uall [31ms]
2024-10-24 00:05:48.238 [info] > git config --get commit.template [1ms]
2024-10-24 00:05:48.245 [info] > git for-each-ref --format=%(refname)%00%(upstream:short)%00%(objectname)%00%(upstream:track)%00%(upstream:remotename)%00%(upstream:remoteref) refs/heads/main refs/remotes/main [3ms]
2024-10-24 00:05:48.276 [info] > git for-each-ref --sort -committerdate --format %(refname) %(objectname) %(*objectname) [2ms]
2024-10-24 00:05:48.302 [info] > git status -z -uall [34ms]
2024-10-24 00:05:53.329 [info] > git config --get commit.template [8ms]
2024-10-24 00:05:53.329 [info] > git for-each-ref --format=%(refname)%00%(upstream:short)%00%(objectname)%00%(upstream:track)%00%(upstream:remotename)%00%(upstream:remoteref) refs/heads/main refs/remotes/main [2ms]
2024-10-24 00:05:53.343 [info] > git for-each-ref --sort -committerdate --format %(refname) %(objectname) %(*objectname) [2ms]
2024-10-24 00:05:53.366 [info] > git status -z -uall [31ms]
2024-10-24 00:05:58.385 [info] > git config --get commit.template [5ms]
2024-10-24 00:05:58.386 [info] > git for-each-ref --format=%(refname)%00%(upstream:short)%00%(objectname)%00%(upstream:track)%00%(upstream:remotename)%00%(upstream:remoteref) refs/heads/main refs/remotes/main [1ms]
2024-10-24 00:05:58.396 [info] > git for-each-ref --sort -committerdate --format %(refname) %(objectname) %(*objectname) [1ms]
2024-10-24 00:05:58.417 [info] > git status -z -uall [27ms]
2024-10-24 00:06:03.445 [info] > git config --get commit.template [9ms]
2024-10-24 00:06:03.446 [info] > git for-each-ref --format=%(refname)%00%(upstream:short)%00%(objectname)%00%(upstream:track)%00%(upstream:remotename)%00%(upstream:remoteref) refs/heads/main refs/remotes/main [2ms]
2024-10-24 00:06:03.484 [info] > git for-each-ref --sort -committerdate --format %(refname) %(objectname) %(*objectname) [1ms]
2024-10-24 00:06:03.509 [info] > git status -z -uall [31ms]
2024-10-24 00:06:08.529 [info] > git config --get commit.template [6ms]
2024-10-24 00:06:08.529 [info] > git for-each-ref --format=%(refname)%00%(upstream:short)%00%(objectname)%00%(upstream:track)%00%(upstream:remotename)%00%(upstream:remoteref) refs/heads/main refs/remotes/main [1ms]
2024-10-24 00:06:08.541 [info] > git for-each-ref --sort -committerdate --format %(refname) %(objectname) %(*objectname) [1ms]
2024-10-24 00:06:08.566 [info] > git status -z -uall [31ms]
2024-10-24 00:06:13.594 [info] > git config --get commit.template [8ms]
2024-10-24 00:06:13.594 [info] > git for-each-ref --format=%(refname)%00%(upstream:short)%00%(objectname)%00%(upstream:track)%00%(upstream:remotename)%00%(upstream:remoteref) refs/heads/main refs/remotes/main [1ms]
2024-10-24 00:06:13.608 [info] > git for-each-ref --sort -committerdate --format %(refname) %(objectname) %(*objectname) [1ms]
2024-10-24 00:06:13.630 [info] > git status -z -uall [29ms]
2024-10-24 00:06:18.643 [info] > git config --get commit.template [1ms]
2024-10-24 00:06:18.647 [info] > git for-each-ref --format=%(refname)%00%(upstream:short)%00%(objectname)%00%(upstream:track)%00%(upstream:remotename)%00%(upstream:remoteref) refs/heads/main refs/remotes/main [1ms]
2024-10-24 00:06:18.657 [info] > git for-each-ref --sort -committerdate --format %(refname) %(objectname) %(*objectname) [2ms]
2024-10-24 00:06:18.680 [info] > git status -z -uall [29ms]
2024-10-24 00:06:23.700 [info] > git config --get commit.template [6ms]
2024-10-24 00:06:23.702 [info] > git for-each-ref --format=%(refname)%00%(upstream:short)%00%(objectname)%00%(upstream:track)%00%(upstream:remotename)%00%(upstream:remoteref) refs/heads/main refs/remotes/main [3ms]
2024-10-24 00:06:23.716 [info] > git for-each-ref --sort -committerdate --format %(refname) %(objectname) %(*objectname) [2ms]
2024-10-24 00:06:23.740 [info] > git status -z -uall [33ms]
2024-10-24 00:06:28.769 [info] > git config --get commit.template [9ms]
2024-10-24 00:06:28.770 [info] > git for-each-ref --format=%(refname)%00%(upstream:short)%00%(objectname)%00%(upstream:track)%00%(upstream:remotename)%00%(upstream:remoteref) refs/heads/main refs/remotes/main [2ms]
2024-10-24 00:06:28.780 [info] > git for-each-ref --sort -committerdate --format %(refname) %(objectname) %(*objectname) [1ms]
2024-10-24 00:06:28.803 [info] > git status -z -uall [28ms]
2024-10-24 00:06:33.822 [info] > git config --get commit.template [1ms]
2024-10-24 00:06:33.831 [info] > git for-each-ref --format=%(refname)%00%(upstream:short)%00%(objectname)%00%(upstream:track)%00%(upstream:remotename)%00%(upstream:remoteref) refs/heads/main refs/remotes/main [2ms]
2024-10-24 00:06:33.844 [info] > git for-each-ref --sort -committerdate --format %(refname) %(objectname) %(*objectname) [1ms]
2024-10-24 00:06:33.868 [info] > git status -z -uall [30ms]
2024-10-24 00:06:38.891 [info] > git config --get commit.template [9ms]
2024-10-24 00:06:38.891 [info] > git for-each-ref --format=%(refname)%00%(upstream:short)%00%(objectname)%00%(upstream:track)%00%(upstream:remotename)%00%(upstream:remoteref) refs/heads/main refs/remotes/main [2ms]
2024-10-24 00:06:38.904 [info] > git for-each-ref --sort -committerdate --format %(refname) %(objectname) %(*objectname) [2ms]
2024-10-24 00:06:38.926 [info] > git status -z -uall [29ms]
2024-10-24 00:06:43.953 [info] > git config --get commit.template [8ms]
2024-10-24 00:06:43.954 [info] > git for-each-ref --format=%(refname)%00%(upstream:short)%00%(objectname)%00%(upstream:track)%00%(upstream:remotename)%00%(upstream:remoteref) refs/heads/main refs/remotes/main [2ms]
2024-10-24 00:06:43.970 [info] > git for-each-ref --sort -committerdate --format %(refname) %(objectname) %(*objectname) [2ms]
2024-10-24 00:06:43.994 [info] > git status -z -uall [33ms]
2024-10-24 00:06:49.019 [info] > git config --get commit.template [6ms]
2024-10-24 00:06:49.019 [info] > git for-each-ref --format=%(refname)%00%(upstream:short)%00%(objectname)%00%(upstream:track)%00%(upstream:remotename)%00%(upstream:remoteref) refs/heads/main refs/remotes/main [1ms]
2024-10-24 00:06:49.056 [info] > git for-each-ref --sort -committerdate --format %(refname) %(objectname) %(*objectname) [2ms]
2024-10-24 00:06:49.080 [info] > git status -z -uall [32ms]
2024-10-24 00:06:54.094 [info] > git config --get commit.template [1ms]
2024-10-24 00:06:54.098 [info] > git for-each-ref --format=%(refname)%00%(upstream:short)%00%(objectname)%00%(upstream:track)%00%(upstream:remotename)%00%(upstream:remoteref) refs/heads/main refs/remotes/main [0ms]
2024-10-24 00:06:54.108 [info] > git for-each-ref --sort -committerdate --format %(refname) %(objectname) %(*objectname) [1ms]
2024-10-24 00:06:54.132 [info] > git status -z -uall [29ms]
2024-10-24 00:06:59.149 [info] > git config --get commit.template [1ms]
2024-10-24 00:06:59.159 [info] > git for-each-ref --format=%(refname)%00%(upstream:short)%00%(objectname)%00%(upstream:track)%00%(upstream:remotename)%00%(upstream:remoteref) refs/heads/main refs/remotes/main [2ms]
2024-10-24 00:06:59.177 [info] > git for-each-ref --sort -committerdate --format %(refname) %(objectname) %(*objectname) [2ms]
2024-10-24 00:06:59.211 [info] > git status -z -uall [44ms]
2024-10-24 00:07:04.227 [info] > git config --get commit.template [1ms]
2024-10-24 00:07:04.232 [info] > git for-each-ref --format=%(refname)%00%(upstream:short)%00%(objectname)%00%(upstream:track)%00%(upstream:remotename)%00%(upstream:remoteref) refs/heads/main refs/remotes/main [1ms]
2024-10-24 00:07:04.242 [info] > git for-each-ref --sort -committerdate --format %(refname) %(objectname) %(*objectname) [1ms]
2024-10-24 00:07:04.263 [info] > git status -z -uall [26ms]
2024-10-24 00:07:09.289 [info] > git config --get commit.template [8ms]
2024-10-24 00:07:09.291 [info] > git for-each-ref --format=%(refname)%00%(upstream:short)%00%(objectname)%00%(upstream:track)%00%(upstream:remotename)%00%(upstream:remoteref) refs/heads/main refs/remotes/main [3ms]
2024-10-24 00:07:09.327 [info] > git for-each-ref --sort -committerdate --format %(refname) %(objectname) %(*objectname) [2ms]
2024-10-24 00:07:09.353 [info] > git status -z -uall [34ms]
2024-10-24 00:07:14.370 [info] > git config --get commit.template [1ms]
2024-10-24 00:07:14.380 [info] > git for-each-ref --format=%(refname)%00%(upstream:short)%00%(objectname)%00%(upstream:track)%00%(upstream:remotename)%00%(upstream:remoteref) refs/heads/main refs/remotes/main [3ms]
2024-10-24 00:07:14.396 [info] > git for-each-ref --sort -committerdate --format %(refname) %(objectname) %(*objectname) [2ms]
2024-10-24 00:07:14.420 [info] > git status -z -uall [33ms]
2024-10-24 00:07:19.450 [info] > git config --get commit.template [8ms]
2024-10-24 00:07:19.451 [info] > git for-each-ref --format=%(refname)%00%(upstream:short)%00%(objectname)%00%(upstream:track)%00%(upstream:remotename)%00%(upstream:remoteref) refs/heads/main refs/remotes/main [2ms]
2024-10-24 00:07:19.467 [info] > git for-each-ref --sort -committerdate --format %(refname) %(objectname) %(*objectname) [2ms]
2024-10-24 00:07:19.489 [info] > git status -z -uall [30ms]
2024-10-24 00:07:45.560 [info] > git config --get commit.template [6ms]
2024-10-24 00:07:45.560 [info] > git for-each-ref --format=%(refname)%00%(upstream:short)%00%(objectname)%00%(upstream:track)%00%(upstream:remotename)%00%(upstream:remoteref) refs/heads/main refs/remotes/main [1ms]
2024-10-24 00:07:45.572 [info] > git for-each-ref --sort -committerdate --format %(refname) %(objectname) %(*objectname) [1ms]
2024-10-24 00:07:45.595 [info] > git status -z -uall [29ms]
2024-10-24 00:09:01.435 [info] > git config --get commit.template [6ms]
2024-10-24 00:09:01.436 [info] > git for-each-ref --format=%(refname)%00%(upstream:short)%00%(objectname)%00%(upstream:track)%00%(upstream:remotename)%00%(upstream:remoteref) refs/heads/main refs/remotes/main [1ms]
2024-10-24 00:09:01.447 [info] > git for-each-ref --sort -committerdate --format %(refname) %(objectname) %(*objectname) [1ms]
2024-10-24 00:09:01.468 [info] > git status -z -uall [27ms]
2024-10-24 00:09:06.493 [info] > git config --get commit.template [5ms]
2024-10-24 00:09:06.494 [info] > git for-each-ref --format=%(refname)%00%(upstream:short)%00%(objectname)%00%(upstream:track)%00%(upstream:remotename)%00%(upstream:remoteref) refs/heads/main refs/remotes/main [2ms]
2024-10-24 00:09:06.509 [info] > git for-each-ref --sort -committerdate --format %(refname) %(objectname) %(*objectname) [2ms]
2024-10-24 00:09:06.535 [info] > git status -z -uall [34ms]
2024-10-24 00:09:11.565 [info] > git config --get commit.template [9ms]
2024-10-24 00:09:11.566 [info] > git for-each-ref --format=%(refname)%00%(upstream:short)%00%(objectname)%00%(upstream:track)%00%(upstream:remotename)%00%(upstream:remoteref) refs/heads/main refs/remotes/main [3ms]
2024-10-24 00:09:11.603 [info] > git for-each-ref --sort -committerdate --format %(refname) %(objectname) %(*objectname) [2ms]
2024-10-24 00:09:11.632 [info] > git status -z -uall [37ms]
2024-10-24 00:09:16.663 [info] > git config --get commit.template [7ms]
2024-10-24 00:09:16.664 [info] > git for-each-ref --format=%(refname)%00%(upstream:short)%00%(objectname)%00%(upstream:track)%00%(upstream:remotename)%00%(upstream:remoteref) refs/heads/main refs/remotes/main [2ms]
2024-10-24 00:09:16.702 [info] > git for-each-ref --sort -committerdate --format %(refname) %(objectname) %(*objectname) [1ms]
2024-10-24 00:09:16.722 [info] > git status -z -uall [28ms]
2024-10-24 00:09:21.742 [info] > git config --get commit.template [1ms]
2024-10-24 00:09:21.747 [info] > git for-each-ref --format=%(refname)%00%(upstream:short)%00%(objectname)%00%(upstream:track)%00%(upstream:remotename)%00%(upstream:remoteref) refs/heads/main refs/remotes/main [1ms]
2024-10-24 00:09:21.755 [info] > git for-each-ref --sort -committerdate --format %(refname) %(objectname) %(*objectname) [0ms]
2024-10-24 00:09:21.777 [info] > git status -z -uall [26ms]
2024-10-24 00:09:44.905 [info] > git config --get commit.template [6ms]
2024-10-24 00:09:44.905 [info] > git for-each-ref --format=%(refname)%00%(upstream:short)%00%(objectname)%00%(upstream:track)%00%(upstream:remotename)%00%(upstream:remoteref) refs/heads/main refs/remotes/main [1ms]
2024-10-24 00:09:44.915 [info] > git for-each-ref --sort -committerdate --format %(refname) %(objectname) %(*objectname) [1ms]
2024-10-24 00:09:44.916 [info] > git status -z -uall [7ms]
2024-10-24 00:09:44.934 [info] > git merge-base refs/heads/main refs/remotes/origin/main [7ms]
2024-10-24 00:09:44.941 [info] > git ls-files --stage -- /home/Heryforce/.config/hypr/hyprlock.conf [7ms]
2024-10-24 00:09:44.949 [info] > git cat-file -s b0d67739c72e9b9c172349efd2e34d9b87cc897d [2ms]
2024-10-24 00:09:44.949 [info] > git diff --name-status -z --diff-filter=ADMR f55a9b58394c19432ec7eb334125d8bd31f1ce8c...refs/remotes/origin/main [9ms]
2024-10-24 00:09:44.956 [info] > git show --textconv :hypr/hyprlock.conf [1ms]
2024-10-24 00:09:52.571 [info] > git config --get commit.template [1ms]
2024-10-24 00:09:52.586 [info] > git ls-files --stage -- /home/Heryforce/.config/hypr/hyprlock.conf [7ms]
2024-10-24 00:09:52.593 [info] > git for-each-ref --format=%(refname)%00%(upstream:short)%00%(objectname)%00%(upstream:track)%00%(upstream:remotename)%00%(upstream:remoteref) refs/heads/main refs/remotes/main [7ms]
2024-10-24 00:09:52.594 [info] > git cat-file -s b0d67739c72e9b9c172349efd2e34d9b87cc897d [2ms]
2024-10-24 00:09:52.608 [info] > git status -z -uall [8ms]
2024-10-24 00:09:52.609 [info] > git for-each-ref --sort -committerdate --format %(refname) %(objectname) %(*objectname) [2ms]
2024-10-24 00:09:52.624 [info] > git merge-base refs/heads/main refs/remotes/origin/main [7ms]
2024-10-24 00:09:52.631 [info] > git show --textconv :hypr/hyprlock.conf [8ms]
2024-10-24 00:09:52.631 [info] > git diff --name-status -z --diff-filter=ADMR 89bb1eee961d013cd994e3b65d4dd8d3e3334beb...refs/remotes/origin/main [2ms]
2024-10-24 00:09:57.635 [info] > git config --get commit.template [9ms]
2024-10-24 00:09:57.636 [info] > git for-each-ref --format=%(refname)%00%(upstream:short)%00%(objectname)%00%(upstream:track)%00%(upstream:remotename)%00%(upstream:remoteref) refs/heads/main refs/remotes/main [2ms]
2024-10-24 00:09:57.648 [info] > git for-each-ref --sort -committerdate --format %(refname) %(objectname) %(*objectname) [1ms]
2024-10-24 00:09:57.649 [info] > git status -z -uall [7ms]
2024-10-24 00:10:02.663 [info] > git config --get commit.template [5ms]
2024-10-24 00:10:02.664 [info] > git for-each-ref --format=%(refname)%00%(upstream:short)%00%(objectname)%00%(upstream:track)%00%(upstream:remotename)%00%(upstream:remoteref) refs/heads/main refs/remotes/main [1ms]
2024-10-24 00:10:02.674 [info] > git status -z -uall [6ms]
2024-10-24 00:10:02.674 [info] > git for-each-ref --sort -committerdate --format %(refname) %(objectname) %(*objectname) [1ms]
2024-10-24 00:10:03.778 [info] > git check-ignore -v -z --stdin [5ms]
2024-10-24 00:10:07.684 [info] > git config --get commit.template [1ms]
2024-10-24 00:10:07.689 [info] > git for-each-ref --format=%(refname)%00%(upstream:short)%00%(objectname)%00%(upstream:track)%00%(upstream:remotename)%00%(upstream:remoteref) refs/heads/main refs/remotes/main [1ms]
2024-10-24 00:10:07.701 [info] > git status -z -uall [5ms]
2024-10-24 00:10:07.701 [info] > git for-each-ref --sort -committerdate --format %(refname) %(objectname) %(*objectname) [1ms]
2024-10-24 00:10:12.723 [info] > git config --get commit.template [8ms]
2024-10-24 00:10:12.725 [info] > git for-each-ref --format=%(refname)%00%(upstream:short)%00%(objectname)%00%(upstream:track)%00%(upstream:remotename)%00%(upstream:remoteref) refs/heads/main refs/remotes/main [2ms]
2024-10-24 00:10:12.734 [info] > git for-each-ref --sort -committerdate --format %(refname) %(objectname) %(*objectname) [1ms]
2024-10-24 00:10:12.736 [info] > git status -z -uall [7ms]
2024-10-24 00:10:17.809 [info] > git config --get commit.template [7ms]
2024-10-24 00:10:17.810 [info] > git for-each-ref --format=%(refname)%00%(upstream:short)%00%(objectname)%00%(upstream:track)%00%(upstream:remotename)%00%(upstream:remoteref) refs/heads/main refs/remotes/main [1ms]
2024-10-24 00:10:17.822 [info] > git status -z -uall [7ms]
2024-10-24 00:10:17.822 [info] > git for-each-ref --sort -committerdate --format %(refname) %(objectname) %(*objectname) [2ms]
2024-10-24 00:10:26.070 [info] > git config --get commit.template [8ms]
2024-10-24 00:10:26.070 [info] > git for-each-ref --format=%(refname)%00%(upstream:short)%00%(objectname)%00%(upstream:track)%00%(upstream:remotename)%00%(upstream:remoteref) refs/heads/main refs/remotes/main [1ms]
2024-10-24 00:10:26.083 [info] > git for-each-ref --sort -committerdate --format %(refname) %(objectname) %(*objectname) [1ms]
2024-10-24 00:10:26.087 [info] > git status -z -uall [11ms]
2024-10-24 00:10:43.563 [info] > git config --get commit.template [2ms]
2024-10-24 00:10:43.570 [info] > git for-each-ref --format=%(refname)%00%(upstream:short)%00%(objectname)%00%(upstream:track)%00%(upstream:remotename)%00%(upstream:remoteref) refs/heads/main refs/remotes/main [1ms]
2024-10-24 00:10:43.580 [info] > git for-each-ref --sort -committerdate --format %(refname) %(objectname) %(*objectname) [1ms]
2024-10-24 00:10:43.587 [info] > git status -z -uall [12ms]
2024-10-24 00:11:39.123 [info] > git config --get commit.template [6ms]
2024-10-24 00:11:39.123 [info] > git for-each-ref --format=%(refname)%00%(upstream:short)%00%(objectname)%00%(upstream:track)%00%(upstream:remotename)%00%(upstream:remoteref) refs/heads/main refs/remotes/main [1ms]
2024-10-24 00:11:39.134 [info] > git for-each-ref --sort -committerdate --format %(refname) %(objectname) %(*objectname) [2ms]
2024-10-24 00:11:39.139 [info] > git status -z -uall [11ms]
2024-10-24 00:11:43.432 [info] > git check-ignore -v -z --stdin [1ms]
2024-10-24 00:11:44.150 [info] > git config --get commit.template [1ms]
2024-10-24 00:11:44.156 [info] > git for-each-ref --format=%(refname)%00%(upstream:short)%00%(objectname)%00%(upstream:track)%00%(upstream:remotename)%00%(upstream:remoteref) refs/heads/main refs/remotes/main [1ms]
2024-10-24 00:11:44.166 [info] > git for-each-ref --sort -committerdate --format %(refname) %(objectname) %(*objectname) [1ms]
2024-10-24 00:11:44.174 [info] > git status -z -uall [14ms]
2024-10-24 00:11:44.685 [info] > git show --textconv :pacman/pkglist.txt [5ms]
2024-10-24 00:11:44.686 [info] > git ls-files --stage -- /home/Heryforce/.config/pacman/pkglist.txt [1ms]
2024-10-24 00:11:44.691 [info] > git cat-file -s 89e62064b7742418ffb00dcc2eb4242d26e6b245 [1ms]
2024-10-24 00:11:47.799 [info] > git show --textconv :hypr/hyprlock.conf [8ms]
2024-10-24 00:11:47.800 [info] > git ls-files --stage -- /home/Heryforce/.config/hypr/hyprlock.conf [2ms]
2024-10-24 00:11:47.809 [info] > git cat-file -s b0d67739c72e9b9c172349efd2e34d9b87cc897d [2ms]
2024-10-24 00:11:50.264 [info] > git config --get commit.template [1ms]
2024-10-24 00:11:50.270 [info] > git for-each-ref --format=%(refname)%00%(upstream:short)%00%(objectname)%00%(upstream:track)%00%(upstream:remotename)%00%(upstream:remoteref) refs/heads/main refs/remotes/main [1ms]
2024-10-24 00:11:50.282 [info] > git for-each-ref --sort -committerdate --format %(refname) %(objectname) %(*objectname) [1ms]
2024-10-24 00:11:50.287 [info] > git status -z -uall [12ms]
2024-10-24 00:11:55.310 [info] > git config --get commit.template [8ms]
2024-10-24 00:11:55.311 [info] > git for-each-ref --format=%(refname)%00%(upstream:short)%00%(objectname)%00%(upstream:track)%00%(upstream:remotename)%00%(upstream:remoteref) refs/heads/main refs/remotes/main [2ms]
2024-10-24 00:11:55.324 [info] > git for-each-ref --sort -committerdate --format %(refname) %(objectname) %(*objectname) [1ms]
2024-10-24 00:11:55.333 [info] > git status -z -uall [15ms]
2024-10-24 00:12:06.060 [info] > git config --get commit.template [8ms]
2024-10-24 00:12:06.062 [info] > git for-each-ref --format=%(refname)%00%(upstream:short)%00%(objectname)%00%(upstream:track)%00%(upstream:remotename)%00%(upstream:remoteref) refs/heads/main refs/remotes/main [3ms]
2024-10-24 00:12:06.077 [info] > git for-each-ref --sort -committerdate --format %(refname) %(objectname) %(*objectname) [2ms]
2024-10-24 00:12:06.084 [info] > git status -z -uall [15ms]
2024-10-24 00:12:24.458 [info] > git config --get commit.template [8ms]
2024-10-24 00:12:24.459 [info] > git for-each-ref --format=%(refname)%00%(upstream:short)%00%(objectname)%00%(upstream:track)%00%(upstream:remotename)%00%(upstream:remoteref) refs/heads/main refs/remotes/main [2ms]
2024-10-24 00:12:24.471 [info] > git for-each-ref --sort -committerdate --format %(refname) %(objectname) %(*objectname) [1ms]
2024-10-24 00:12:24.479 [info] > git status -z -uall [14ms]
2024-10-24 00:14:02.065 [info] > git config --get commit.template [6ms]
2024-10-24 00:14:02.066 [info] > git for-each-ref --format=%(refname)%00%(upstream:short)%00%(objectname)%00%(upstream:track)%00%(upstream:remotename)%00%(upstream:remoteref) refs/heads/main refs/remotes/main [1ms]
2024-10-24 00:14:02.079 [info] > git for-each-ref --sort -committerdate --format %(refname) %(objectname) %(*objectname) [2ms]
2024-10-24 00:14:02.086 [info] > git status -z -uall [15ms]
2024-10-24 00:14:05.842 [info] > git show --textconv :waybar/config.jsonc [6ms]
2024-10-24 00:14:05.843 [info] > git ls-files --stage -- /home/Heryforce/.config/waybar/config.jsonc [2ms]
2024-10-24 00:14:05.849 [info] > git cat-file -s 2110111829556e9f85fc17179baeb4231e20b165 [2ms]
2024-10-24 00:14:07.108 [info] > git config --get commit.template [8ms]
2024-10-24 00:14:07.109 [info] > git for-each-ref --format=%(refname)%00%(upstream:short)%00%(objectname)%00%(upstream:track)%00%(upstream:remotename)%00%(upstream:remoteref) refs/heads/main refs/remotes/main [2ms]
2024-10-24 00:14:07.121 [info] > git for-each-ref --sort -committerdate --format %(refname) %(objectname) %(*objectname) [2ms]
2024-10-24 00:14:07.126 [info] > git status -z -uall [12ms]
2024-10-24 00:14:14.642 [info] > git show --textconv :waybar/style.css [5ms]
2024-10-24 00:14:14.643 [info] > git ls-files --stage -- /home/Heryforce/.config/waybar/style.css [2ms]
2024-10-24 00:14:14.649 [info] > git cat-file -s b3385769822b6ec03d58fe9d0d7e23895366b0a8 [1ms]
2024-10-24 00:14:15.819 [info] > git config --get commit.template [2ms]
2024-10-24 00:14:15.829 [info] > git for-each-ref --format=%(refname)%00%(upstream:short)%00%(objectname)%00%(upstream:track)%00%(upstream:remotename)%00%(upstream:remoteref) refs/heads/main refs/remotes/main [2ms]
2024-10-24 00:14:15.843 [info] > git for-each-ref --sort -committerdate --format %(refname) %(objectname) %(*objectname) [2ms]
2024-10-24 00:14:15.851 [info] > git status -z -uall [15ms]
2024-10-24 00:14:24.461 [info] > git config --get commit.template [8ms]
2024-10-24 00:14:24.462 [info] > git for-each-ref --format=%(refname)%00%(upstream:short)%00%(objectname)%00%(upstream:track)%00%(upstream:remotename)%00%(upstream:remoteref) refs/heads/main refs/remotes/main [2ms]
2024-10-24 00:14:24.477 [info] > git for-each-ref --sort -committerdate --format %(refname) %(objectname) %(*objectname) [2ms]
2024-10-24 00:14:24.488 [info] > git status -z -uall [19ms]
2024-10-24 00:14:30.385 [info] > git show --textconv :waybar/config.jsonc [7ms]
2024-10-24 00:14:30.386 [info] > git ls-files --stage -- /home/Heryforce/.config/waybar/config.jsonc [2ms]
2024-10-24 00:14:30.393 [info] > git cat-file -s 2110111829556e9f85fc17179baeb4231e20b165 [1ms]
2024-10-24 00:14:31.585 [info] > git config --get commit.template [9ms]
2024-10-24 00:14:31.586 [info] > git for-each-ref --format=%(refname)%00%(upstream:short)%00%(objectname)%00%(upstream:track)%00%(upstream:remotename)%00%(upstream:remoteref) refs/heads/main refs/remotes/main [2ms]
2024-10-24 00:14:31.600 [info] > git for-each-ref --sort -committerdate --format %(refname) %(objectname) %(*objectname) [2ms]
2024-10-24 00:14:31.607 [info] > git status -z -uall [16ms]
2024-10-24 00:14:37.079 [info] > git config --get commit.template [7ms]
2024-10-24 00:14:37.080 [info] > git for-each-ref --format=%(refname)%00%(upstream:short)%00%(objectname)%00%(upstream:track)%00%(upstream:remotename)%00%(upstream:remoteref) refs/heads/main refs/remotes/main [2ms]
2024-10-24 00:14:37.096 [info] > git for-each-ref --sort -committerdate --format %(refname) %(objectname) %(*objectname) [2ms]
2024-10-24 00:14:37.107 [info] > git status -z -uall [19ms]
2024-10-24 00:14:46.392 [info] > git config --get commit.template [6ms]
2024-10-24 00:14:46.392 [info] > git for-each-ref --format=%(refname)%00%(upstream:short)%00%(objectname)%00%(upstream:track)%00%(upstream:remotename)%00%(upstream:remoteref) refs/heads/main refs/remotes/main [1ms]
2024-10-24 00:14:46.403 [info] > git for-each-ref --sort -committerdate --format %(refname) %(objectname) %(*objectname) [1ms]
2024-10-24 00:14:46.411 [info] > git status -z -uall [14ms]
2024-10-24 00:14:51.424 [info] > git config --get commit.template [0ms]
2024-10-24 00:14:51.430 [info] > git for-each-ref --format=%(refname)%00%(upstream:short)%00%(objectname)%00%(upstream:track)%00%(upstream:remotename)%00%(upstream:remoteref) refs/heads/main refs/remotes/main [1ms]
2024-10-24 00:14:51.441 [info] > git for-each-ref --sort -committerdate --format %(refname) %(objectname) %(*objectname) [1ms]
2024-10-24 00:14:51.448 [info] > git status -z -uall [13ms]
2024-10-24 00:15:04.809 [info] > git config --get commit.template [5ms]
2024-10-24 00:15:04.809 [info] > git for-each-ref --format=%(refname)%00%(upstream:short)%00%(objectname)%00%(upstream:track)%00%(upstream:remotename)%00%(upstream:remoteref) refs/heads/main refs/remotes/main [1ms]
2024-10-24 00:15:04.821 [info] > git for-each-ref --sort -committerdate --format %(refname) %(objectname) %(*objectname) [1ms]
2024-10-24 00:15:04.829 [info] > git status -z -uall [13ms]
2024-10-24 00:15:15.862 [info] > git config --get commit.template [6ms]
2024-10-24 00:15:15.862 [info] > git for-each-ref --format=%(refname)%00%(upstream:short)%00%(objectname)%00%(upstream:track)%00%(upstream:remotename)%00%(upstream:remoteref) refs/heads/main refs/remotes/main [1ms]
2024-10-24 00:15:15.873 [info] > git for-each-ref --sort -committerdate --format %(refname) %(objectname) %(*objectname) [1ms]
2024-10-24 00:15:15.879 [info] > git status -z -uall [12ms]
2024-10-24 00:15:25.127 [info] > git config --get commit.template [1ms]
2024-10-24 00:15:25.131 [info] > git for-each-ref --format=%(refname)%00%(upstream:short)%00%(objectname)%00%(upstream:track)%00%(upstream:remotename)%00%(upstream:remoteref) refs/heads/main refs/remotes/main [1ms]
2024-10-24 00:15:25.140 [info] > git for-each-ref --sort -committerdate --format %(refname) %(objectname) %(*objectname) [1ms]
2024-10-24 00:15:25.150 [info] > git status -z -uall [15ms]
2024-10-24 00:15:30.163 [info] > git config --get commit.template [1ms]
2024-10-24 00:15:30.170 [info] > git for-each-ref --format=%(refname)%00%(upstream:short)%00%(objectname)%00%(upstream:track)%00%(upstream:remotename)%00%(upstream:remoteref) refs/heads/main refs/remotes/main [2ms]
2024-10-24 00:15:30.186 [info] > git for-each-ref --sort -committerdate --format %(refname) %(objectname) %(*objectname) [2ms]
2024-10-24 00:15:30.199 [info] > git status -z -uall [22ms]
2024-10-24 00:15:37.072 [info] > git config --get commit.template [5ms]
2024-10-24 00:15:37.072 [info] > git for-each-ref --format=%(refname)%00%(upstream:short)%00%(objectname)%00%(upstream:track)%00%(upstream:remotename)%00%(upstream:remoteref) refs/heads/main refs/remotes/main [1ms]
2024-10-24 00:15:37.081 [info] > git for-each-ref --sort -committerdate --format %(refname) %(objectname) %(*objectname) [1ms]
2024-10-24 00:15:37.091 [info] > git status -z -uall [15ms]
2024-10-24 00:15:44.345 [info] > git config --get commit.template [5ms]
2024-10-24 00:15:44.345 [info] > git for-each-ref --format=%(refname)%00%(upstream:short)%00%(objectname)%00%(upstream:track)%00%(upstream:remotename)%00%(upstream:remoteref) refs/heads/main refs/remotes/main [1ms]
2024-10-24 00:15:44.356 [info] > git for-each-ref --sort -committerdate --format %(refname) %(objectname) %(*objectname) [2ms]
2024-10-24 00:15:44.366 [info] > git status -z -uall [17ms]
2024-10-24 00:16:22.705 [info] > git config --get commit.template [2ms]
2024-10-24 00:16:22.711 [info] > git for-each-ref --format=%(refname)%00%(upstream:short)%00%(objectname)%00%(upstream:track)%00%(upstream:remotename)%00%(upstream:remoteref) refs/heads/main refs/remotes/main [2ms]
2024-10-24 00:16:22.721 [info] > git for-each-ref --sort -committerdate --format %(refname) %(objectname) %(*objectname) [1ms]
2024-10-24 00:16:22.731 [info] > git status -z -uall [15ms]
2024-10-24 00:16:27.745 [info] > git config --get commit.template [0ms]
2024-10-24 00:16:27.751 [info] > git for-each-ref --format=%(refname)%00%(upstream:short)%00%(objectname)%00%(upstream:track)%00%(upstream:remotename)%00%(upstream:remoteref) refs/heads/main refs/remotes/main [3ms]
2024-10-24 00:16:27.767 [info] > git for-each-ref --sort -committerdate --format %(refname) %(objectname) %(*objectname) [2ms]
2024-10-24 00:16:27.781 [info] > git status -z -uall [23ms]
2024-10-24 00:16:37.187 [info] > git config --get commit.template [4ms]
2024-10-24 00:16:37.188 [info] > git for-each-ref --format=%(refname)%00%(upstream:short)%00%(objectname)%00%(upstream:track)%00%(upstream:remotename)%00%(upstream:remoteref) refs/heads/main refs/remotes/main [1ms]
2024-10-24 00:16:37.197 [info] > git for-each-ref --sort -committerdate --format %(refname) %(objectname) %(*objectname) [2ms]
2024-10-24 00:16:37.207 [info] > git status -z -uall [15ms]
2024-10-24 00:17:11.577 [info] > git config --get commit.template [7ms]
2024-10-24 00:17:11.577 [info] > git for-each-ref --format=%(refname)%00%(upstream:short)%00%(objectname)%00%(upstream:track)%00%(upstream:remotename)%00%(upstream:remoteref) refs/heads/main refs/remotes/main [1ms]
2024-10-24 00:17:11.588 [info] > git for-each-ref --sort -committerdate --format %(refname) %(objectname) %(*objectname) [1ms]
2024-10-24 00:17:11.600 [info] > git status -z -uall [18ms]
2024-10-24 00:17:22.526 [info] > git config --get commit.template [8ms]
2024-10-24 00:17:22.528 [info] > git for-each-ref --format=%(refname)%00%(upstream:short)%00%(objectname)%00%(upstream:track)%00%(upstream:remotename)%00%(upstream:remoteref) refs/heads/main refs/remotes/main [3ms]
2024-10-24 00:17:22.544 [info] > git for-each-ref --sort -committerdate --format %(refname) %(objectname) %(*objectname) [2ms]
2024-10-24 00:17:22.557 [info] > git status -z -uall [22ms]
2024-10-24 00:17:27.566 [info] > git config --get commit.template [2ms]
2024-10-24 00:17:27.571 [info] > git for-each-ref --format=%(refname)%00%(upstream:short)%00%(objectname)%00%(upstream:track)%00%(upstream:remotename)%00%(upstream:remoteref) refs/heads/main refs/remotes/main [1ms]
2024-10-24 00:17:27.580 [info] > git for-each-ref --sort -committerdate --format %(refname) %(objectname) %(*objectname) [1ms]
2024-10-24 00:17:27.589 [info] > git status -z -uall [14ms]
