2024-10-23 23:25:33.870 [info] [main] Log level: Info
2024-10-23 23:25:33.870 [info] [main] Validating found git in: "git"
2024-10-23 23:25:33.870 [info] [main] Using git "2.47.0" from "git"
2024-10-23 23:25:33.870 [info] [Model][doInitialScan] Initial repository scan started
2024-10-23 23:25:33.870 [info] > git rev-parse --show-toplevel [5ms]
2024-10-23 23:25:33.870 [info] > git rev-parse --git-dir --git-common-dir [6ms]
2024-10-23 23:25:33.870 [info] [Model][openRepository] Opened repository: /home/Heryforce/.config
2024-10-23 23:25:33.871 [info] > git rev-parse --show-toplevel [4ms]
2024-10-23 23:25:33.872 [info] > git config --get commit.template [8ms]
2024-10-23 23:25:33.880 [info] > git for-each-ref --format=%(refname)%00%(upstream:short)%00%(objectname)%00%(upstream:track)%00%(upstream:remotename)%00%(upstream:remoteref) refs/heads/main refs/remotes/main [2ms]
2024-10-23 23:25:33.894 [info] > git for-each-ref --sort -committerdate --format %(refname) %(objectname) %(*objectname) [1ms]
2024-10-23 23:25:33.900 [info] > git rev-parse --show-toplevel [1ms]
2024-10-23 23:25:33.907 [info] > git rev-parse --show-toplevel [2ms]
2024-10-23 23:25:33.913 [info] > git rev-parse --show-toplevel [0ms]
2024-10-23 23:25:33.918 [info] > git status -z -uall [32ms]
2024-10-23 23:25:33.918 [info] > git rev-parse --show-toplevel [2ms]
2024-10-23 23:25:33.955 [info] > git for-each-ref --format=%(refname)%00%(upstream:short)%00%(objectname)%00%(upstream:track)%00%(upstream:remotename)%00%(upstream:remoteref) refs/heads/main refs/remotes/main [18ms]
2024-10-23 23:25:34.022 [info] > git config --local branch.main.vscode-merge-base [62ms]
2024-10-23 23:25:34.023 [warning] [Git][config] git config failed: Failed to execute git
2024-10-23 23:25:34.028 [info] > git config --get commit.template [77ms]
2024-10-23 23:25:34.028 [info] > git rev-parse --show-toplevel [81ms]
2024-10-23 23:25:34.041 [info] > git rev-parse --show-toplevel [8ms]
2024-10-23 23:25:34.041 [info] > git reflog main --grep-reflog=branch: Created from *. [13ms]
2024-10-23 23:25:34.076 [info] > git symbolic-ref --short refs/remotes/origin/HEAD [32ms]
2024-10-23 23:25:34.076 [info] fatal: ref refs/remotes/origin/HEAD is not a symbolic ref
2024-10-23 23:25:34.076 [warning] [Repository][getDefaultBranch] Failed to get default branch details: Failed to execute git.
2024-10-23 23:25:34.081 [info] > git for-each-ref --format=%(refname)%00%(upstream:short)%00%(objectname)%00%(upstream:track)%00%(upstream:remotename)%00%(upstream:remoteref) refs/heads/main refs/remotes/main [41ms]
2024-10-23 23:25:34.084 [info] > git merge-base refs/heads/main refs/remotes/origin/main [3ms]
2024-10-23 23:25:34.090 [info] > git rev-parse --show-toplevel [16ms]
2024-10-23 23:25:34.094 [info] > git diff --name-status -z --diff-filter=ADMR f55a9b58394c19432ec7eb334125d8bd31f1ce8c...refs/remotes/origin/main [4ms]
2024-10-23 23:25:34.096 [info] > git rev-parse --show-toplevel [2ms]
2024-10-23 23:25:34.110 [info] > git rev-parse --show-toplevel [1ms]
2024-10-23 23:25:34.110 [info] > git for-each-ref --sort -committerdate --format %(refname) %(objectname) %(*objectname) [6ms]
2024-10-23 23:25:34.116 [info] > git rev-parse --show-toplevel [1ms]
2024-10-23 23:25:34.122 [info] > git rev-parse --show-toplevel [2ms]
2024-10-23 23:25:34.127 [info] > git rev-parse --show-toplevel [1ms]
2024-10-23 23:25:34.131 [info] > git status -z -uall [31ms]
2024-10-23 23:25:34.131 [info] > git rev-parse --show-toplevel [1ms]
2024-10-23 23:25:34.147 [info] > git rev-parse --show-toplevel [2ms]
2024-10-23 23:25:34.152 [info] > git rev-parse --show-toplevel [1ms]
2024-10-23 23:25:34.158 [info] > git rev-parse --show-toplevel [1ms]
2024-10-23 23:25:34.163 [info] > git rev-parse --show-toplevel [0ms]
2024-10-23 23:25:34.167 [info] > git rev-parse --show-toplevel [1ms]
2024-10-23 23:25:34.171 [info] > git rev-parse --show-toplevel [1ms]
2024-10-23 23:25:34.172 [info] [Model][doInitialScan] Initial repository scan completed - repositories (1), closed repositories (0), parent repositories (0), unsafe repositories (0)
2024-10-23 23:25:34.382 [info] > git check-ignore -v -z --stdin [2ms]
2024-10-23 23:25:34.496 [info] > git show --textconv :waybar/config.jsonc [5ms]
2024-10-23 23:25:34.497 [info] > git ls-files --stage -- /home/Heryforce/.config/waybar/config.jsonc [2ms]
2024-10-23 23:25:34.502 [info] > git cat-file -s ae03ddacd1dd02c0cfda81aea1b50995e127a2c2 [1ms]
2024-10-23 23:25:37.411 [info] > git config --get commit.template [1ms]
2024-10-23 23:25:37.415 [info] > git for-each-ref --format=%(refname)%00%(upstream:short)%00%(objectname)%00%(upstream:track)%00%(upstream:remotename)%00%(upstream:remoteref) refs/heads/main refs/remotes/main [1ms]
2024-10-23 23:25:37.425 [info] > git for-each-ref --sort -committerdate --format %(refname) %(objectname) %(*objectname) [2ms]
2024-10-23 23:25:37.447 [info] > git status -z -uall [28ms]
2024-10-23 23:40:31.416 [info] > git config --get commit.template [1ms]
2024-10-23 23:40:31.422 [info] > git for-each-ref --format=%(refname)%00%(upstream:short)%00%(objectname)%00%(upstream:track)%00%(upstream:remotename)%00%(upstream:remoteref) refs/heads/main refs/remotes/main [1ms]
2024-10-23 23:40:31.433 [info] > git for-each-ref --sort -committerdate --format %(refname) %(objectname) %(*objectname) [2ms]
2024-10-23 23:40:31.456 [info] > git status -z -uall [29ms]
