2024-10-23 23:21:42.748 [info] [main] Log level: Info
2024-10-23 23:21:42.748 [info] [main] Validating found git in: "git"
2024-10-23 23:21:42.748 [info] [main] Using git "2.47.0" from "git"
2024-10-23 23:21:42.748 [info] [Model][doInitialScan] Initial repository scan started
2024-10-23 23:21:42.748 [info] > git rev-parse --show-toplevel [7ms]
2024-10-23 23:21:42.748 [info] > git rev-parse --git-dir --git-common-dir [28ms]
2024-10-23 23:21:42.748 [info] [Model][openRepository] Opened repository: /home/Heryforce/.config
2024-10-23 23:21:42.748 [info] > git rev-parse --show-toplevel [3ms]
2024-10-23 23:21:42.748 [info] > git config --get commit.template [8ms]
2024-10-23 23:21:42.748 [info] > git for-each-ref --format=%(refname)%00%(upstream:short)%00%(objectname)%00%(upstream:track)%00%(upstream:remotename)%00%(upstream:remoteref) refs/heads/main refs/remotes/main [1ms]
2024-10-23 23:21:42.764 [info] > git for-each-ref --sort -committerdate --format %(refname) %(objectname) %(*objectname) [6ms]
2024-10-23 23:21:42.766 [info] > git rev-parse --show-toplevel [2ms]
2024-10-23 23:21:42.771 [info] > git rev-parse --show-toplevel [1ms]
2024-10-23 23:21:42.777 [info] > git rev-parse --show-toplevel [2ms]
2024-10-23 23:21:42.783 [info] > git rev-parse --show-toplevel [2ms]
2024-10-23 23:21:42.792 [info] > git rev-parse --show-toplevel [4ms]
2024-10-23 23:21:42.798 [info] > git status -z -uall [45ms]
2024-10-23 23:21:42.893 [info] > git for-each-ref --format=%(refname)%00%(upstream:short)%00%(objectname)%00%(upstream:track)%00%(upstream:remotename)%00%(upstream:remoteref) refs/heads/main refs/remotes/main [75ms]
2024-10-23 23:21:42.899 [info] > git rev-parse --show-toplevel [102ms]
2024-10-23 23:21:42.904 [info] > git config --local branch.main.vscode-merge-base [6ms]
2024-10-23 23:21:42.904 [warning] [Git][config] git config failed: Failed to execute git
2024-10-23 23:21:42.909 [info] > git config --get commit.template [17ms]
2024-10-23 23:21:42.939 [info] > git reflog main --grep-reflog=branch: Created from *. [31ms]
2024-10-23 23:21:42.944 [info] > git rev-parse --show-toplevel [41ms]
2024-10-23 23:21:42.958 [info] > git symbolic-ref --short refs/remotes/origin/HEAD [14ms]
2024-10-23 23:21:42.958 [info] fatal: ref refs/remotes/origin/HEAD is not a symbolic ref
2024-10-23 23:21:42.959 [warning] [Repository][getDefaultBranch] Failed to get default branch details: Failed to execute git.
2024-10-23 23:21:42.966 [info] > git merge-base refs/heads/main refs/remotes/origin/main [2ms]
2024-10-23 23:21:42.970 [info] > git rev-parse --show-toplevel [13ms]
2024-10-23 23:21:42.970 [info] > git for-each-ref --format=%(refname)%00%(upstream:short)%00%(objectname)%00%(upstream:track)%00%(upstream:remotename)%00%(upstream:remoteref) refs/heads/main refs/remotes/main [18ms]
2024-10-23 23:21:42.976 [info] > git rev-parse --show-toplevel [1ms]
2024-10-23 23:21:42.977 [info] > git diff --name-status -z --diff-filter=ADMR f55a9b58394c19432ec7eb334125d8bd31f1ce8c...refs/remotes/origin/main [7ms]
2024-10-23 23:21:42.992 [info] > git rev-parse --show-toplevel [10ms]
2024-10-23 23:21:42.997 [info] > git for-each-ref --sort -committerdate --format %(refname) %(objectname) %(*objectname) [5ms]
2024-10-23 23:21:42.998 [info] > git rev-parse --show-toplevel [2ms]
2024-10-23 23:21:43.004 [info] > git rev-parse --show-toplevel [1ms]
2024-10-23 23:21:43.012 [info] > git rev-parse --show-toplevel [2ms]
2024-10-23 23:21:43.018 [info] > git rev-parse --show-toplevel [1ms]
2024-10-23 23:21:43.024 [info] > git status -z -uall [38ms]
2024-10-23 23:21:43.033 [info] > git rev-parse --show-toplevel [10ms]
2024-10-23 23:21:43.045 [info] > git rev-parse --show-toplevel [6ms]
2024-10-23 23:21:43.051 [info] > git rev-parse --show-toplevel [1ms]
2024-10-23 23:21:43.056 [info] > git rev-parse --show-toplevel [1ms]
2024-10-23 23:21:43.061 [info] > git rev-parse --show-toplevel [1ms]
2024-10-23 23:21:43.062 [info] [Model][doInitialScan] Initial repository scan completed - repositories (1), closed repositories (0), parent repositories (0), unsafe repositories (0)
2024-10-23 23:21:43.247 [info] > git check-ignore -v -z --stdin [1ms]
2024-10-23 23:21:43.377 [info] > git show --textconv :waybar/config.jsonc [6ms]
2024-10-23 23:21:43.378 [info] > git ls-files --stage -- /home/Heryforce/.config/waybar/config.jsonc [2ms]
2024-10-23 23:21:43.383 [info] > git cat-file -s ae03ddacd1dd02c0cfda81aea1b50995e127a2c2 [1ms]
2024-10-23 23:23:19.152 [info] > git config --get commit.template [7ms]
2024-10-23 23:23:19.153 [info] > git for-each-ref --format=%(refname)%00%(upstream:short)%00%(objectname)%00%(upstream:track)%00%(upstream:remotename)%00%(upstream:remoteref) refs/heads/main refs/remotes/main [1ms]
2024-10-23 23:23:19.165 [info] > git for-each-ref --sort -committerdate --format %(refname) %(objectname) %(*objectname) [2ms]
2024-10-23 23:23:19.188 [info] > git status -z -uall [30ms]
