2024-10-28 23:42:03.896 [info] [main] Log level: Info
2024-10-28 23:42:03.896 [info] [main] Validating found git in: "git"
2024-10-28 23:42:03.896 [info] [main] Using git "2.47.0" from "git"
2024-10-28 23:42:03.896 [info] [Model][doInitialScan] Initial repository scan started
2024-10-28 23:42:03.896 [info] > git rev-parse --show-toplevel [6ms]
2024-10-28 23:42:03.896 [info] > git rev-parse --git-dir --git-common-dir [4ms]
2024-10-28 23:42:03.896 [info] [Model][openRepository] Opened repository: /home/Heryforce/.config
2024-10-28 23:42:03.896 [info] > git rev-parse --show-toplevel [8ms]
2024-10-28 23:42:03.896 [info] > git config --get commit.template [13ms]
2024-10-28 23:42:03.909 [info] > git for-each-ref --format=%(refname)%00%(upstream:short)%00%(objectname)%00%(upstream:track)%00%(upstream:remotename)%00%(upstream:remoteref) refs/heads/main refs/remotes/main [3ms]
2024-10-28 23:42:03.924 [info] > git for-each-ref --sort -committerdate --format %(refname) %(objectname) %(*objectname) [2ms]
2024-10-28 23:42:03.934 [info] > git rev-parse --show-toplevel [1ms]
2024-10-28 23:42:03.941 [info] > git rev-parse --show-toplevel [1ms]
2024-10-28 23:42:03.948 [info] > git rev-parse --show-toplevel [2ms]
2024-10-28 23:42:03.954 [info] > git rev-parse --show-toplevel [2ms]
2024-10-28 23:42:03.962 [info] > git rev-parse --show-toplevel [2ms]
2024-10-28 23:42:03.968 [info] > git rev-parse --show-toplevel [1ms]
2024-10-28 23:42:03.974 [info] > git rev-parse --show-toplevel [1ms]
2024-10-28 23:42:03.982 [info] > git status -z -uall [66ms]
2024-10-28 23:42:03.982 [info] > git rev-parse --show-toplevel [3ms]
2024-10-28 23:42:04.050 [info] > git for-each-ref --format=%(refname)%00%(upstream:short)%00%(objectname)%00%(upstream:track)%00%(upstream:remotename)%00%(upstream:remoteref) refs/heads/main refs/remotes/main [16ms]
2024-10-28 23:42:04.064 [info] > git config --local branch.main.vscode-merge-base [7ms]
2024-10-28 23:42:04.064 [warning] [Git][config] git config failed: Failed to execute git
2024-10-28 23:42:04.069 [info] > git config --get commit.template [20ms]
2024-10-28 23:42:04.069 [info] > git rev-parse --show-toplevel [25ms]
2024-10-28 23:42:04.079 [info] > git reflog main --grep-reflog=branch: Created from *. [10ms]
2024-10-28 23:42:04.083 [info] > git for-each-ref --format=%(refname)%00%(upstream:short)%00%(objectname)%00%(upstream:track)%00%(upstream:remotename)%00%(upstream:remoteref) refs/heads/main refs/remotes/main [5ms]
2024-10-28 23:42:04.083 [info] > git rev-parse --show-toplevel [9ms]
2024-10-28 23:42:04.088 [info] > git symbolic-ref --short refs/remotes/origin/HEAD [6ms]
2024-10-28 23:42:04.088 [info] fatal: ref refs/remotes/origin/HEAD is not a symbolic ref
2024-10-28 23:42:04.089 [warning] [Repository][getDefaultBranch] Failed to get default branch details: Failed to execute git.
2024-10-28 23:42:04.297 [info] > git merge-base refs/heads/main refs/remotes/origin/main [203ms]
2024-10-28 23:42:04.304 [info] > git rev-parse --show-toplevel [217ms]
2024-10-28 23:42:04.318 [info] > git diff --name-status -z --diff-filter=ADMR d4d20faaa5841efd0beb4f20a46bbefe855d3220...refs/remotes/origin/main [15ms]
2024-10-28 23:42:04.333 [info] > git rev-parse --show-toplevel [15ms]
2024-10-28 23:42:04.341 [info] > git for-each-ref --sort -committerdate --format %(refname) %(objectname) %(*objectname) [9ms]
2024-10-28 23:42:04.342 [info] > git rev-parse --show-toplevel [2ms]
2024-10-28 23:42:04.403 [info] > git status -z -uall [78ms]
2024-10-28 23:42:04.434 [info] > git rev-parse --show-toplevel [87ms]
2024-10-28 23:42:04.455 [info] > git check-ignore -v -z --stdin [14ms]
2024-10-28 23:42:04.456 [info] > git rev-parse --show-toplevel [3ms]
2024-10-28 23:42:04.464 [info] > git rev-parse --show-toplevel [1ms]
2024-10-28 23:42:04.471 [info] > git rev-parse --show-toplevel [1ms]
2024-10-28 23:42:04.478 [info] > git rev-parse --show-toplevel [2ms]
2024-10-28 23:42:04.483 [info] > git rev-parse --show-toplevel [1ms]
2024-10-28 23:42:04.484 [info] [Model][doInitialScan] Initial repository scan completed - repositories (1), closed repositories (0), parent repositories (0), unsafe repositories (0)
2024-10-28 23:42:04.495 [info] > git show --textconv :hypr/hyprland.conf [5ms]
2024-10-28 23:42:04.497 [info] > git ls-files --stage -- /home/Heryforce/.config/hypr/hyprland.conf [3ms]
2024-10-28 23:42:04.502 [info] > git cat-file -s 3aaef507266a7ee9595dfa608e6e69e8e8bbb2c4 [1ms]
2024-10-28 23:42:12.801 [info] > git config --get commit.template [10ms]
2024-10-28 23:42:12.802 [info] > git for-each-ref --format=%(refname)%00%(upstream:short)%00%(objectname)%00%(upstream:track)%00%(upstream:remotename)%00%(upstream:remoteref) refs/heads/main refs/remotes/main [2ms]
2024-10-28 23:42:12.817 [info] > git for-each-ref --sort -committerdate --format %(refname) %(objectname) %(*objectname) [2ms]
2024-10-28 23:42:12.855 [info] > git status -z -uall [46ms]
2024-10-28 23:42:17.883 [info] > git config --get commit.template [1ms]
2024-10-28 23:42:17.893 [info] > git for-each-ref --format=%(refname)%00%(upstream:short)%00%(objectname)%00%(upstream:track)%00%(upstream:remotename)%00%(upstream:remoteref) refs/heads/main refs/remotes/main [3ms]
2024-10-28 23:42:17.906 [info] > git for-each-ref --sort -committerdate --format %(refname) %(objectname) %(*objectname) [2ms]
2024-10-28 23:42:17.943 [info] > git status -z -uall [46ms]
2024-10-28 23:43:07.097 [info] > git config --get commit.template [1ms]
2024-10-28 23:43:07.103 [info] > git for-each-ref --format=%(refname)%00%(upstream:short)%00%(objectname)%00%(upstream:track)%00%(upstream:remotename)%00%(upstream:remoteref) refs/heads/main refs/remotes/main [1ms]
2024-10-28 23:43:07.115 [info] > git for-each-ref --sort -committerdate --format %(refname) %(objectname) %(*objectname) [1ms]
2024-10-28 23:43:07.157 [info] > git status -z -uall [49ms]
2024-10-28 23:43:12.184 [info] > git config --get commit.template [1ms]
2024-10-28 23:43:12.189 [info] > git for-each-ref --format=%(refname)%00%(upstream:short)%00%(objectname)%00%(upstream:track)%00%(upstream:remotename)%00%(upstream:remoteref) refs/heads/main refs/remotes/main [1ms]
2024-10-28 23:43:12.199 [info] > git for-each-ref --sort -committerdate --format %(refname) %(objectname) %(*objectname) [2ms]
2024-10-28 23:43:12.235 [info] > git status -z -uall [42ms]
2024-10-28 23:43:26.251 [info] > git config --get commit.template [5ms]
2024-10-28 23:43:26.252 [info] > git for-each-ref --format=%(refname)%00%(upstream:short)%00%(objectname)%00%(upstream:track)%00%(upstream:remotename)%00%(upstream:remoteref) refs/heads/main refs/remotes/main [2ms]
2024-10-28 23:43:26.262 [info] > git for-each-ref --sort -committerdate --format %(refname) %(objectname) %(*objectname) [1ms]
2024-10-28 23:43:26.303 [info] > git status -z -uall [47ms]
2024-10-28 23:43:31.329 [info] > git config --get commit.template [1ms]
2024-10-28 23:43:31.336 [info] > git for-each-ref --format=%(refname)%00%(upstream:short)%00%(objectname)%00%(upstream:track)%00%(upstream:remotename)%00%(upstream:remoteref) refs/heads/main refs/remotes/main [3ms]
2024-10-28 23:43:31.350 [info] > git for-each-ref --sort -committerdate --format %(refname) %(objectname) %(*objectname) [1ms]
2024-10-28 23:43:31.389 [info] > git status -z -uall [46ms]
2024-10-28 23:43:36.424 [info] > git config --get commit.template [9ms]
2024-10-28 23:43:36.425 [info] > git for-each-ref --format=%(refname)%00%(upstream:short)%00%(objectname)%00%(upstream:track)%00%(upstream:remotename)%00%(upstream:remoteref) refs/heads/main refs/remotes/main [2ms]
2024-10-28 23:43:36.442 [info] > git for-each-ref --sort -committerdate --format %(refname) %(objectname) %(*objectname) [1ms]
2024-10-28 23:43:36.483 [info] > git status -z -uall [50ms]
2024-10-28 23:43:53.995 [info] > git config --get commit.template [6ms]
2024-10-28 23:43:53.995 [info] > git for-each-ref --format=%(refname)%00%(upstream:short)%00%(objectname)%00%(upstream:track)%00%(upstream:remotename)%00%(upstream:remoteref) refs/heads/main refs/remotes/main [1ms]
2024-10-28 23:43:54.006 [info] > git for-each-ref --sort -committerdate --format %(refname) %(objectname) %(*objectname) [2ms]
2024-10-28 23:43:54.048 [info] > git status -z -uall [48ms]
2024-10-28 23:43:59.080 [info] > git config --get commit.template [5ms]
2024-10-28 23:43:59.081 [info] > git for-each-ref --format=%(refname)%00%(upstream:short)%00%(objectname)%00%(upstream:track)%00%(upstream:remotename)%00%(upstream:remoteref) refs/heads/main refs/remotes/main [2ms]
2024-10-28 23:43:59.095 [info] > git for-each-ref --sort -committerdate --format %(refname) %(objectname) %(*objectname) [1ms]
2024-10-28 23:43:59.134 [info] > git status -z -uall [45ms]
2024-10-28 23:44:04.338 [info] > git config --get commit.template [6ms]
2024-10-28 23:44:04.338 [info] > git for-each-ref --format=%(refname)%00%(upstream:short)%00%(objectname)%00%(upstream:track)%00%(upstream:remotename)%00%(upstream:remoteref) refs/heads/main refs/remotes/main [1ms]
2024-10-28 23:44:04.348 [info] > git for-each-ref --sort -committerdate --format %(refname) %(objectname) %(*objectname) [1ms]
2024-10-28 23:44:04.394 [info] > git status -z -uall [51ms]
2024-10-28 23:44:09.432 [info] > git config --get commit.template [9ms]
2024-10-28 23:44:09.433 [info] > git for-each-ref --format=%(refname)%00%(upstream:short)%00%(objectname)%00%(upstream:track)%00%(upstream:remotename)%00%(upstream:remoteref) refs/heads/main refs/remotes/main [2ms]
2024-10-28 23:44:09.445 [info] > git for-each-ref --sort -committerdate --format %(refname) %(objectname) %(*objectname) [2ms]
2024-10-28 23:44:09.485 [info] > git status -z -uall [48ms]
2024-10-28 23:44:14.519 [info] > git config --get commit.template [9ms]
2024-10-28 23:44:14.520 [info] > git for-each-ref --format=%(refname)%00%(upstream:short)%00%(objectname)%00%(upstream:track)%00%(upstream:remotename)%00%(upstream:remoteref) refs/heads/main refs/remotes/main [2ms]
2024-10-28 23:44:14.536 [info] > git for-each-ref --sort -committerdate --format %(refname) %(objectname) %(*objectname) [2ms]
2024-10-28 23:44:14.572 [info] > git status -z -uall [45ms]
2024-10-28 23:44:19.595 [info] > git config --get commit.template [5ms]
2024-10-28 23:44:19.595 [info] > git for-each-ref --format=%(refname)%00%(upstream:short)%00%(objectname)%00%(upstream:track)%00%(upstream:remotename)%00%(upstream:remoteref) refs/heads/main refs/remotes/main [1ms]
2024-10-28 23:44:19.606 [info] > git for-each-ref --sort -committerdate --format %(refname) %(objectname) %(*objectname) [1ms]
2024-10-28 23:44:19.648 [info] > git status -z -uall [49ms]
2024-10-28 23:44:24.675 [info] > git config --get commit.template [5ms]
2024-10-28 23:44:24.675 [info] > git for-each-ref --format=%(refname)%00%(upstream:short)%00%(objectname)%00%(upstream:track)%00%(upstream:remotename)%00%(upstream:remoteref) refs/heads/main refs/remotes/main [1ms]
2024-10-28 23:44:24.687 [info] > git for-each-ref --sort -committerdate --format %(refname) %(objectname) %(*objectname) [1ms]
2024-10-28 23:44:24.725 [info] > git status -z -uall [44ms]
2024-10-28 23:44:29.752 [info] > git config --get commit.template [4ms]
2024-10-28 23:44:29.753 [info] > git for-each-ref --format=%(refname)%00%(upstream:short)%00%(objectname)%00%(upstream:track)%00%(upstream:remotename)%00%(upstream:remoteref) refs/heads/main refs/remotes/main [1ms]
2024-10-28 23:44:29.761 [info] > git for-each-ref --sort -committerdate --format %(refname) %(objectname) %(*objectname) [2ms]
2024-10-28 23:44:29.797 [info] > git status -z -uall [41ms]
2024-10-28 23:44:34.823 [info] > git config --get commit.template [5ms]
2024-10-28 23:44:34.823 [info] > git for-each-ref --format=%(refname)%00%(upstream:short)%00%(objectname)%00%(upstream:track)%00%(upstream:remotename)%00%(upstream:remoteref) refs/heads/main refs/remotes/main [1ms]
2024-10-28 23:44:34.858 [info] > git for-each-ref --sort -committerdate --format %(refname) %(objectname) %(*objectname) [1ms]
2024-10-28 23:44:34.898 [info] > git status -z -uall [47ms]
2024-10-28 23:44:39.930 [info] > git config --get commit.template [9ms]
2024-10-28 23:44:39.931 [info] > git for-each-ref --format=%(refname)%00%(upstream:short)%00%(objectname)%00%(upstream:track)%00%(upstream:remotename)%00%(upstream:remoteref) refs/heads/main refs/remotes/main [2ms]
2024-10-28 23:44:39.943 [info] > git for-each-ref --sort -committerdate --format %(refname) %(objectname) %(*objectname) [2ms]
2024-10-28 23:44:39.989 [info] > git status -z -uall [54ms]
2024-10-28 23:44:46.244 [info] > git config --get commit.template [5ms]
2024-10-28 23:44:46.245 [info] > git for-each-ref --format=%(refname)%00%(upstream:short)%00%(objectname)%00%(upstream:track)%00%(upstream:remotename)%00%(upstream:remoteref) refs/heads/main refs/remotes/main [1ms]
2024-10-28 23:44:46.256 [info] > git for-each-ref --sort -committerdate --format %(refname) %(objectname) %(*objectname) [1ms]
2024-10-28 23:44:46.296 [info] > git status -z -uall [46ms]
2024-10-28 23:44:51.324 [info] > git config --get commit.template [4ms]
2024-10-28 23:44:51.325 [info] > git for-each-ref --format=%(refname)%00%(upstream:short)%00%(objectname)%00%(upstream:track)%00%(upstream:remotename)%00%(upstream:remoteref) refs/heads/main refs/remotes/main [1ms]
2024-10-28 23:44:51.334 [info] > git for-each-ref --sort -committerdate --format %(refname) %(objectname) %(*objectname) [1ms]
2024-10-28 23:44:51.371 [info] > git status -z -uall [42ms]
2024-10-28 23:44:56.396 [info] > git config --get commit.template [4ms]
2024-10-28 23:44:56.397 [info] > git for-each-ref --format=%(refname)%00%(upstream:short)%00%(objectname)%00%(upstream:track)%00%(upstream:remotename)%00%(upstream:remoteref) refs/heads/main refs/remotes/main [1ms]
2024-10-28 23:44:56.432 [info] > git for-each-ref --sort -committerdate --format %(refname) %(objectname) %(*objectname) [1ms]
2024-10-28 23:44:56.469 [info] > git status -z -uall [43ms]
2024-10-28 23:45:01.494 [info] > git config --get commit.template [1ms]
2024-10-28 23:45:01.502 [info] > git for-each-ref --format=%(refname)%00%(upstream:short)%00%(objectname)%00%(upstream:track)%00%(upstream:remotename)%00%(upstream:remoteref) refs/heads/main refs/remotes/main [3ms]
2024-10-28 23:45:01.533 [info] > git for-each-ref --sort -committerdate --format %(refname) %(objectname) %(*objectname) [2ms]
2024-10-28 23:45:01.568 [info] > git status -z -uall [43ms]
2024-10-28 23:45:06.593 [info] > git config --get commit.template [1ms]
2024-10-28 23:45:06.603 [info] > git for-each-ref --format=%(refname)%00%(upstream:short)%00%(objectname)%00%(upstream:track)%00%(upstream:remotename)%00%(upstream:remoteref) refs/heads/main refs/remotes/main [2ms]
2024-10-28 23:45:06.612 [info] > git for-each-ref --sort -committerdate --format %(refname) %(objectname) %(*objectname) [2ms]
2024-10-28 23:45:06.652 [info] > git status -z -uall [46ms]
2024-10-28 23:45:11.685 [info] > git config --get commit.template [7ms]
2024-10-28 23:45:11.686 [info] > git for-each-ref --format=%(refname)%00%(upstream:short)%00%(objectname)%00%(upstream:track)%00%(upstream:remotename)%00%(upstream:remoteref) refs/heads/main refs/remotes/main [2ms]
2024-10-28 23:45:11.699 [info] > git for-each-ref --sort -committerdate --format %(refname) %(objectname) %(*objectname) [1ms]
2024-10-28 23:45:11.736 [info] > git status -z -uall [43ms]
2024-10-28 23:45:16.757 [info] > git config --get commit.template [4ms]
2024-10-28 23:45:16.758 [info] > git for-each-ref --format=%(refname)%00%(upstream:short)%00%(objectname)%00%(upstream:track)%00%(upstream:remotename)%00%(upstream:remoteref) refs/heads/main refs/remotes/main [2ms]
2024-10-28 23:45:16.770 [info] > git for-each-ref --sort -committerdate --format %(refname) %(objectname) %(*objectname) [1ms]
2024-10-28 23:45:16.806 [info] > git status -z -uall [43ms]
2024-10-28 23:45:21.838 [info] > git config --get commit.template [6ms]
2024-10-28 23:45:21.839 [info] > git for-each-ref --format=%(refname)%00%(upstream:short)%00%(objectname)%00%(upstream:track)%00%(upstream:remotename)%00%(upstream:remoteref) refs/heads/main refs/remotes/main [2ms]
2024-10-28 23:45:21.878 [info] > git for-each-ref --sort -committerdate --format %(refname) %(objectname) %(*objectname) [2ms]
2024-10-28 23:45:21.917 [info] > git status -z -uall [48ms]
2024-10-28 23:45:26.941 [info] > git config --get commit.template [1ms]
2024-10-28 23:45:26.949 [info] > git for-each-ref --format=%(refname)%00%(upstream:short)%00%(objectname)%00%(upstream:track)%00%(upstream:remotename)%00%(upstream:remoteref) refs/heads/main refs/remotes/main [3ms]
2024-10-28 23:45:26.980 [info] > git for-each-ref --sort -committerdate --format %(refname) %(objectname) %(*objectname) [2ms]
2024-10-28 23:45:27.018 [info] > git status -z -uall [46ms]
2024-10-28 23:45:32.050 [info] > git config --get commit.template [5ms]
2024-10-28 23:45:32.051 [info] > git for-each-ref --format=%(refname)%00%(upstream:short)%00%(objectname)%00%(upstream:track)%00%(upstream:remotename)%00%(upstream:remoteref) refs/heads/main refs/remotes/main [1ms]
2024-10-28 23:45:32.089 [info] > git for-each-ref --sort -committerdate --format %(refname) %(objectname) %(*objectname) [2ms]
2024-10-28 23:45:32.125 [info] > git status -z -uall [44ms]
2024-10-28 23:45:37.143 [info] > git config --get commit.template [0ms]
2024-10-28 23:45:37.148 [info] > git for-each-ref --format=%(refname)%00%(upstream:short)%00%(objectname)%00%(upstream:track)%00%(upstream:remotename)%00%(upstream:remoteref) refs/heads/main refs/remotes/main [1ms]
2024-10-28 23:45:37.157 [info] > git for-each-ref --sort -committerdate --format %(refname) %(objectname) %(*objectname) [2ms]
2024-10-28 23:45:37.194 [info] > git status -z -uall [42ms]
2024-10-28 23:45:54.477 [info] > git config --get commit.template [1ms]
2024-10-28 23:45:54.484 [info] > git for-each-ref --format=%(refname)%00%(upstream:short)%00%(objectname)%00%(upstream:track)%00%(upstream:remotename)%00%(upstream:remoteref) refs/heads/main refs/remotes/main [1ms]
2024-10-28 23:45:54.494 [info] > git for-each-ref --sort -committerdate --format %(refname) %(objectname) %(*objectname) [1ms]
2024-10-28 23:45:54.534 [info] > git status -z -uall [45ms]
2024-10-28 23:45:59.562 [info] > git config --get commit.template [1ms]
2024-10-28 23:45:59.572 [info] > git for-each-ref --format=%(refname)%00%(upstream:short)%00%(objectname)%00%(upstream:track)%00%(upstream:remotename)%00%(upstream:remoteref) refs/heads/main refs/remotes/main [3ms]
2024-10-28 23:45:59.586 [info] > git for-each-ref --sort -committerdate --format %(refname) %(objectname) %(*objectname) [2ms]
2024-10-28 23:45:59.624 [info] > git status -z -uall [45ms]
2024-10-28 23:46:04.647 [info] > git config --get commit.template [2ms]
2024-10-28 23:46:04.656 [info] > git for-each-ref --format=%(refname)%00%(upstream:short)%00%(objectname)%00%(upstream:track)%00%(upstream:remotename)%00%(upstream:remoteref) refs/heads/main refs/remotes/main [2ms]
2024-10-28 23:46:04.667 [info] > git for-each-ref --sort -committerdate --format %(refname) %(objectname) %(*objectname) [2ms]
2024-10-28 23:46:04.706 [info] > git status -z -uall [45ms]
