2024-10-24 00:21:33.800 [info] [main] Log level: Info
2024-10-24 00:21:33.800 [info] [main] Validating found git in: "git"
2024-10-24 00:21:33.800 [info] [main] Using git "2.47.0" from "git"
2024-10-24 00:21:33.800 [info] [Model][doInitialScan] Initial repository scan started
2024-10-24 00:21:33.800 [info] > git rev-parse --show-toplevel [29ms]
2024-10-24 00:21:33.800 [info] > git rev-parse --git-dir --git-common-dir [4ms]
2024-10-24 00:21:33.800 [info] [Model][openRepository] Opened repository: /home/Heryforce/.config
2024-10-24 00:21:33.800 [info] > git rev-parse --show-toplevel [3ms]
2024-10-24 00:21:33.800 [info] > git config --get commit.template [7ms]
2024-10-24 00:21:33.807 [info] > git for-each-ref --format=%(refname)%00%(upstream:short)%00%(objectname)%00%(upstream:track)%00%(upstream:remotename)%00%(upstream:remoteref) refs/heads/main refs/remotes/main [2ms]
2024-10-24 00:21:33.821 [info] > git for-each-ref --sort -committerdate --format %(refname) %(objectname) %(*objectname) [2ms]
2024-10-24 00:21:33.828 [info] > git rev-parse --show-toplevel [1ms]
2024-10-24 00:21:33.834 [info] > git rev-parse --show-toplevel [1ms]
2024-10-24 00:21:33.840 [info] > git rev-parse --show-toplevel [1ms]
2024-10-24 00:21:33.845 [info] > git rev-parse --show-toplevel [1ms]
2024-10-24 00:21:33.853 [info] > git status -z -uall [39ms]
2024-10-24 00:21:33.878 [info] > git rev-parse --show-toplevel [29ms]
2024-10-24 00:21:33.888 [info] > git for-each-ref --format=%(refname)%00%(upstream:short)%00%(objectname)%00%(upstream:track)%00%(upstream:remotename)%00%(upstream:remoteref) refs/heads/main refs/remotes/main [12ms]
2024-10-24 00:21:33.949 [info] > git config --local branch.main.vscode-merge-base [55ms]
2024-10-24 00:21:33.949 [warning] [Git][config] git config failed: Failed to execute git
2024-10-24 00:21:33.954 [info] > git rev-parse --show-toplevel [67ms]
2024-10-24 00:21:33.955 [info] > git config --get commit.template [73ms]
2024-10-24 00:21:33.960 [info] > git reflog main --grep-reflog=branch: Created from *. [6ms]
2024-10-24 00:21:33.968 [info] > git rev-parse --show-toplevel [9ms]
2024-10-24 00:21:34.000 [info] > git for-each-ref --format=%(refname)%00%(upstream:short)%00%(objectname)%00%(upstream:track)%00%(upstream:remotename)%00%(upstream:remoteref) refs/heads/main refs/remotes/main [33ms]
2024-10-24 00:21:34.000 [info] > git symbolic-ref --short refs/remotes/origin/HEAD [37ms]
2024-10-24 00:21:34.000 [info] fatal: ref refs/remotes/origin/HEAD is not a symbolic ref
2024-10-24 00:21:34.000 [warning] [Repository][getDefaultBranch] Failed to get default branch details: Failed to execute git.
2024-10-24 00:21:34.008 [info] > git merge-base refs/heads/main refs/remotes/origin/main [4ms]
2024-10-24 00:21:34.013 [info] > git rev-parse --show-toplevel [14ms]
2024-10-24 00:21:34.020 [info] > git diff --name-status -z --diff-filter=ADMR 89bb1eee961d013cd994e3b65d4dd8d3e3334beb...refs/remotes/origin/main [7ms]
2024-10-24 00:21:34.022 [info] > git rev-parse --show-toplevel [3ms]
2024-10-24 00:21:34.037 [info] > git for-each-ref --sort -committerdate --format %(refname) %(objectname) %(*objectname) [6ms]
2024-10-24 00:21:34.038 [info] > git rev-parse --show-toplevel [2ms]
2024-10-24 00:21:34.044 [info] > git rev-parse --show-toplevel [1ms]
2024-10-24 00:21:34.049 [info] > git rev-parse --show-toplevel [1ms]
2024-10-24 00:21:34.053 [info] > git rev-parse --show-toplevel [1ms]
2024-10-24 00:21:34.058 [info] > git rev-parse --show-toplevel [1ms]
2024-10-24 00:21:34.062 [info] > git status -z -uall [35ms]
2024-10-24 00:21:34.070 [info] > git rev-parse --show-toplevel [8ms]
2024-10-24 00:21:34.078 [info] > git rev-parse --show-toplevel [3ms]
2024-10-24 00:21:34.083 [info] > git rev-parse --show-toplevel [1ms]
2024-10-24 00:21:34.088 [info] > git rev-parse --show-toplevel [1ms]
2024-10-24 00:21:34.092 [info] > git rev-parse --show-toplevel [1ms]
2024-10-24 00:21:34.093 [info] [Model][doInitialScan] Initial repository scan completed - repositories (1), closed repositories (0), parent repositories (0), unsafe repositories (0)
2024-10-24 00:21:34.307 [info] > git check-ignore -v -z --stdin [2ms]
2024-10-24 00:21:34.408 [info] > git show --textconv :waybar/style.css [5ms]
2024-10-24 00:21:34.409 [info] > git ls-files --stage -- /home/Heryforce/.config/waybar/style.css [1ms]
2024-10-24 00:21:34.416 [info] > git cat-file -s b3385769822b6ec03d58fe9d0d7e23895366b0a8 [2ms]
2024-10-24 00:21:36.302 [info] > git config --get commit.template [5ms]
2024-10-24 00:21:36.303 [info] > git for-each-ref --format=%(refname)%00%(upstream:short)%00%(objectname)%00%(upstream:track)%00%(upstream:remotename)%00%(upstream:remoteref) refs/heads/main refs/remotes/main [1ms]
2024-10-24 00:21:36.315 [info] > git for-each-ref --sort -committerdate --format %(refname) %(objectname) %(*objectname) [1ms]
2024-10-24 00:21:36.344 [info] > git status -z -uall [36ms]
2024-10-24 00:21:41.369 [info] > git config --get commit.template [8ms]
2024-10-24 00:21:41.370 [info] > git for-each-ref --format=%(refname)%00%(upstream:short)%00%(objectname)%00%(upstream:track)%00%(upstream:remotename)%00%(upstream:remoteref) refs/heads/main refs/remotes/main [2ms]
2024-10-24 00:21:41.387 [info] > git for-each-ref --sort -committerdate --format %(refname) %(objectname) %(*objectname) [3ms]
2024-10-24 00:21:41.409 [info] > git status -z -uall [31ms]
2024-10-24 00:21:46.434 [info] > git config --get commit.template [8ms]
2024-10-24 00:21:46.435 [info] > git for-each-ref --format=%(refname)%00%(upstream:short)%00%(objectname)%00%(upstream:track)%00%(upstream:remotename)%00%(upstream:remoteref) refs/heads/main refs/remotes/main [2ms]
2024-10-24 00:21:46.446 [info] > git for-each-ref --sort -committerdate --format %(refname) %(objectname) %(*objectname) [1ms]
2024-10-24 00:21:46.474 [info] > git status -z -uall [33ms]
2024-10-24 00:21:53.505 [info] > git config --get commit.template [5ms]
2024-10-24 00:21:53.506 [info] > git for-each-ref --format=%(refname)%00%(upstream:short)%00%(objectname)%00%(upstream:track)%00%(upstream:remotename)%00%(upstream:remoteref) refs/heads/main refs/remotes/main [1ms]
2024-10-24 00:21:53.517 [info] > git for-each-ref --sort -committerdate --format %(refname) %(objectname) %(*objectname) [2ms]
2024-10-24 00:21:53.543 [info] > git status -z -uall [32ms]
2024-10-24 00:21:58.565 [info] > git config --get commit.template [8ms]
2024-10-24 00:21:58.566 [info] > git for-each-ref --format=%(refname)%00%(upstream:short)%00%(objectname)%00%(upstream:track)%00%(upstream:remotename)%00%(upstream:remoteref) refs/heads/main refs/remotes/main [2ms]
2024-10-24 00:21:58.581 [info] > git for-each-ref --sort -committerdate --format %(refname) %(objectname) %(*objectname) [2ms]
2024-10-24 00:21:58.601 [info] > git status -z -uall [28ms]
2024-10-24 00:22:05.731 [info] > git config --get commit.template [1ms]
2024-10-24 00:22:05.736 [info] > git for-each-ref --format=%(refname)%00%(upstream:short)%00%(objectname)%00%(upstream:track)%00%(upstream:remotename)%00%(upstream:remoteref) refs/heads/main refs/remotes/main [1ms]
2024-10-24 00:22:05.746 [info] > git for-each-ref --sort -committerdate --format %(refname) %(objectname) %(*objectname) [2ms]
2024-10-24 00:22:05.767 [info] > git status -z -uall [27ms]
2024-10-24 00:22:10.798 [info] > git config --get commit.template [8ms]
2024-10-24 00:22:10.799 [info] > git for-each-ref --format=%(refname)%00%(upstream:short)%00%(objectname)%00%(upstream:track)%00%(upstream:remotename)%00%(upstream:remoteref) refs/heads/main refs/remotes/main [2ms]
2024-10-24 00:22:10.812 [info] > git for-each-ref --sort -committerdate --format %(refname) %(objectname) %(*objectname) [1ms]
2024-10-24 00:22:10.833 [info] > git status -z -uall [28ms]
2024-10-24 00:22:15.846 [info] > git config --get commit.template [0ms]
2024-10-24 00:22:15.850 [info] > git for-each-ref --format=%(refname)%00%(upstream:short)%00%(objectname)%00%(upstream:track)%00%(upstream:remotename)%00%(upstream:remoteref) refs/heads/main refs/remotes/main [2ms]
2024-10-24 00:22:15.858 [info] > git for-each-ref --sort -committerdate --format %(refname) %(objectname) %(*objectname) [1ms]
2024-10-24 00:22:15.881 [info] > git status -z -uall [28ms]
2024-10-24 00:22:20.906 [info] > git config --get commit.template [9ms]
2024-10-24 00:22:20.907 [info] > git for-each-ref --format=%(refname)%00%(upstream:short)%00%(objectname)%00%(upstream:track)%00%(upstream:remotename)%00%(upstream:remoteref) refs/heads/main refs/remotes/main [2ms]
2024-10-24 00:22:20.919 [info] > git for-each-ref --sort -committerdate --format %(refname) %(objectname) %(*objectname) [2ms]
2024-10-24 00:22:20.944 [info] > git status -z -uall [30ms]
2024-10-24 00:22:25.967 [info] > git config --get commit.template [7ms]
2024-10-24 00:22:25.968 [info] > git for-each-ref --format=%(refname)%00%(upstream:short)%00%(objectname)%00%(upstream:track)%00%(upstream:remotename)%00%(upstream:remoteref) refs/heads/main refs/remotes/main [2ms]
2024-10-24 00:22:25.985 [info] > git for-each-ref --sort -committerdate --format %(refname) %(objectname) %(*objectname) [2ms]
2024-10-24 00:22:26.010 [info] > git status -z -uall [34ms]
2024-10-24 00:22:31.022 [info] > git config --get commit.template [1ms]
2024-10-24 00:22:31.026 [info] > git for-each-ref --format=%(refname)%00%(upstream:short)%00%(objectname)%00%(upstream:track)%00%(upstream:remotename)%00%(upstream:remoteref) refs/heads/main refs/remotes/main [1ms]
2024-10-24 00:22:31.038 [info] > git for-each-ref --sort -committerdate --format %(refname) %(objectname) %(*objectname) [2ms]
2024-10-24 00:22:31.058 [info] > git status -z -uall [28ms]
2024-10-24 00:22:36.080 [info] > git config --get commit.template [5ms]
2024-10-24 00:22:36.080 [info] > git for-each-ref --format=%(refname)%00%(upstream:short)%00%(objectname)%00%(upstream:track)%00%(upstream:remotename)%00%(upstream:remoteref) refs/heads/main refs/remotes/main [1ms]
2024-10-24 00:22:36.091 [info] > git for-each-ref --sort -committerdate --format %(refname) %(objectname) %(*objectname) [2ms]
2024-10-24 00:22:36.132 [info] > git status -z -uall [49ms]
2024-10-24 00:22:41.146 [info] > git config --get commit.template [1ms]
2024-10-24 00:22:41.154 [info] > git for-each-ref --format=%(refname)%00%(upstream:short)%00%(objectname)%00%(upstream:track)%00%(upstream:remotename)%00%(upstream:remoteref) refs/heads/main refs/remotes/main [2ms]
2024-10-24 00:22:41.169 [info] > git for-each-ref --sort -committerdate --format %(refname) %(objectname) %(*objectname) [2ms]
2024-10-24 00:22:41.195 [info] > git status -z -uall [34ms]
2024-10-24 00:22:46.217 [info] > git config --get commit.template [7ms]
2024-10-24 00:22:46.218 [info] > git for-each-ref --format=%(refname)%00%(upstream:short)%00%(objectname)%00%(upstream:track)%00%(upstream:remotename)%00%(upstream:remoteref) refs/heads/main refs/remotes/main [2ms]
2024-10-24 00:22:46.257 [info] > git for-each-ref --sort -committerdate --format %(refname) %(objectname) %(*objectname) [3ms]
2024-10-24 00:22:46.283 [info] > git status -z -uall [34ms]
2024-10-24 00:22:51.301 [info] > git config --get commit.template [4ms]
2024-10-24 00:22:51.301 [info] > git for-each-ref --format=%(refname)%00%(upstream:short)%00%(objectname)%00%(upstream:track)%00%(upstream:remotename)%00%(upstream:remoteref) refs/heads/main refs/remotes/main [1ms]
2024-10-24 00:22:51.312 [info] > git for-each-ref --sort -committerdate --format %(refname) %(objectname) %(*objectname) [1ms]
2024-10-24 00:22:51.339 [info] > git status -z -uall [33ms]
