2024-10-24 23:35:10.979 [info] Extension host with pid 1400 started
2024-10-24 23:35:10.979 [info] Skipping acquiring lock for /home/Heryforce/.config/VSCodium/User/workspaceStorage/1cda70b88a7f9558a940c4a576b54b94.
2024-10-24 23:35:11.209 [info] ExtensionService#_doActivateExtension vscode.emmet, startup: false, activationEvent: 'onLanguage'
2024-10-24 23:35:11.386 [info] ExtensionService#_doActivateExtension vscode.git-base, startup: true, activationEvent: '*', root cause: vscode.git
2024-10-24 23:35:11.400 [info] ExtensionService#_doActivateExtension vscode.git, startup: true, activationEvent: '*'
2024-10-24 23:35:11.509 [info] ExtensionService#_doActivateExtension vscode.github, startup: true, activationEvent: '*'
2024-10-24 23:35:11.612 [info] Eager extensions activated
2024-10-24 23:35:11.636 [info] ExtensionService#_doActivateExtension vscode.debug-auto-launch, startup: false, activationEvent: 'onStartupFinished'
2024-10-24 23:35:11.639 [info] ExtensionService#_doActivateExtension vscode.merge-conflict, startup: false, activationEvent: 'onStartupFinished'
2024-10-24 23:35:11.914 [warning] [Decorations] CAPPING events from decorations provider vscode.git 2482
2024-10-24 23:35:12.212 [info] ExtensionService#_doActivateExtension vscode.github-authentication, startup: false, activationEvent: 'onAuthenticationRequest:github'
2024-10-24 23:35:12.360 [warning] [Decorations] CAPPING events from decorations provider vscode.git 2483
2024-10-24 23:35:38.722 [warning] [Decorations] CAPPING events from decorations provider vscode.git 2570
2024-10-24 23:35:43.812 [warning] [Decorations] CAPPING events from decorations provider vscode.git 2509
2024-10-24 23:35:48.901 [warning] [Decorations] CAPPING events from decorations provider vscode.git 2507
2024-10-24 23:35:53.989 [warning] [Decorations] CAPPING events from decorations provider vscode.git 2507
2024-10-24 23:35:59.082 [warning] [Decorations] CAPPING events from decorations provider vscode.git 2507
2024-10-24 23:36:22.392 [warning] [Decorations] CAPPING events from decorations provider vscode.git 2507
2024-10-24 23:36:27.481 [warning] [Decorations] CAPPING events from decorations provider vscode.git 2506
2024-10-24 23:36:30.150 [info] ExtensionService#_doActivateExtension vscode.configuration-editing, startup: false, activationEvent: 'onLanguage:jsonc'
2024-10-24 23:36:30.170 [info] ExtensionService#_doActivateExtension vscode.json-language-features, startup: false, activationEvent: 'onLanguage:jsonc'
2024-10-24 23:36:30.242 [info] ExtensionService#_doActivateExtension vscode.typescript-language-features, startup: false, activationEvent: 'onLanguage:jsonc'
2024-10-24 23:36:31.348 [info] ExtensionService#_doActivateExtension vscode.css-language-features, startup: false, activationEvent: 'onLanguage:css'
2024-10-24 23:36:32.571 [warning] [Decorations] CAPPING events from decorations provider vscode.git 2507
2024-10-24 23:36:37.658 [warning] [Decorations] CAPPING events from decorations provider vscode.git 2507
2024-10-24 23:36:42.756 [warning] [Decorations] CAPPING events from decorations provider vscode.git 2507
2024-10-24 23:36:47.840 [warning] [Decorations] CAPPING events from decorations provider vscode.git 2507
2024-10-24 23:36:52.929 [warning] [Decorations] CAPPING events from decorations provider vscode.git 2507
2024-10-24 23:36:58.010 [warning] [Decorations] CAPPING events from decorations provider vscode.git 2507
2024-10-24 23:37:03.096 [warning] [Decorations] CAPPING events from decorations provider vscode.git 2507
2024-10-24 23:37:08.184 [warning] [Decorations] CAPPING events from decorations provider vscode.git 2507
2024-10-24 23:37:14.113 [warning] [Decorations] CAPPING events from decorations provider vscode.git 2507
