2024-10-23 23:16:49.054 [info] Extension host with pid 19470 started
2024-10-23 23:16:49.054 [info] Skipping acquiring lock for /home/Heryforce/.config/VSCodium/User/workspaceStorage/1cda70b88a7f9558a940c4a576b54b94.
2024-10-23 23:16:49.216 [info] ExtensionService#_doActivateExtension vscode.emmet, startup: false, activationEvent: 'onLanguage'
2024-10-23 23:16:49.235 [info] ExtensionService#_doActivateExtension vscode.css-language-features, startup: false, activationEvent: 'onLanguage:css'
2024-10-23 23:16:49.693 [info] ExtensionService#_doActivateExtension vscode.git-base, startup: true, activationEvent: '*', root cause: vscode.git
2024-10-23 23:16:49.700 [info] ExtensionService#_doActivateExtension vscode.git, startup: true, activationEvent: '*'
2024-10-23 23:16:49.777 [info] ExtensionService#_doActivateExtension vscode.github, startup: true, activationEvent: '*'
2024-10-23 23:16:49.833 [info] Eager extensions activated
2024-10-23 23:16:49.852 [info] ExtensionService#_doActivateExtension vscode.debug-auto-launch, startup: false, activationEvent: 'onStartupFinished'
2024-10-23 23:16:49.855 [info] ExtensionService#_doActivateExtension vscode.merge-conflict, startup: false, activationEvent: 'onStartupFinished'
2024-10-23 23:16:50.049 [info] ExtensionService#_doActivateExtension vscode.github-authentication, startup: false, activationEvent: 'onAuthenticationRequest:github'
2024-10-23 23:17:03.520 [warning] [Decorations] CAPPING events from decorations provider vscode.git 281
2024-10-23 23:17:08.574 [warning] [Decorations] CAPPING events from decorations provider vscode.git 280
2024-10-23 23:17:12.405 [info] ExtensionService#_doActivateExtension vscode.configuration-editing, startup: false, activationEvent: 'onLanguage:jsonc'
2024-10-23 23:17:12.418 [info] ExtensionService#_doActivateExtension vscode.json-language-features, startup: false, activationEvent: 'onLanguage:jsonc'
2024-10-23 23:17:12.476 [info] ExtensionService#_doActivateExtension vscode.typescript-language-features, startup: false, activationEvent: 'onLanguage:jsonc'
2024-10-23 23:17:13.629 [warning] [Decorations] CAPPING events from decorations provider vscode.git 280
2024-10-23 23:17:18.676 [warning] [Decorations] CAPPING events from decorations provider vscode.git 280
2024-10-23 23:17:23.760 [warning] [Decorations] CAPPING events from decorations provider vscode.git 280
2024-10-23 23:17:28.813 [warning] [Decorations] CAPPING events from decorations provider vscode.git 281
2024-10-23 23:17:33.875 [warning] [Decorations] CAPPING events from decorations provider vscode.git 281
2024-10-23 23:17:38.934 [warning] [Decorations] CAPPING events from decorations provider vscode.git 281
2024-10-23 23:17:43.992 [warning] [Decorations] CAPPING events from decorations provider vscode.git 281
2024-10-23 23:17:49.039 [warning] [Decorations] CAPPING events from decorations provider vscode.git 281
2024-10-23 23:17:54.105 [warning] [Decorations] CAPPING events from decorations provider vscode.git 282
2024-10-23 23:17:59.174 [warning] [Decorations] CAPPING events from decorations provider vscode.git 281
