2024-10-24 23:17:51.076 [info] [main] Log level: Info
2024-10-24 23:17:51.076 [info] [main] Validating found git in: "git"
2024-10-24 23:17:51.076 [info] [main] Using git "2.47.0" from "git"
2024-10-24 23:17:51.076 [info] [Model][doInitialScan] Initial repository scan started
2024-10-24 23:17:51.076 [info] > git rev-parse --show-toplevel [6ms]
2024-10-24 23:17:51.076 [info] > git rev-parse --git-dir --git-common-dir [3ms]
2024-10-24 23:17:51.076 [info] [Model][openRepository] Opened repository: /home/Heryforce/.config
2024-10-24 23:17:51.077 [info] > git rev-parse --show-toplevel [34ms]
2024-10-24 23:17:51.078 [info] > git config --get commit.template [39ms]
2024-10-24 23:17:51.100 [info] > git for-each-ref --format=%(refname)%00%(upstream:short)%00%(objectname)%00%(upstream:track)%00%(upstream:remotename)%00%(upstream:remoteref) refs/heads/main refs/remotes/main [9ms]
2024-10-24 23:17:51.102 [info] > git rev-parse --show-toplevel [3ms]
2024-10-24 23:17:51.120 [info] > git rev-parse --show-toplevel [13ms]
2024-10-24 23:17:51.127 [info] > git for-each-ref --sort -committerdate --format %(refname) %(objectname) %(*objectname) [8ms]
2024-10-24 23:17:51.130 [info] > git rev-parse --show-toplevel [5ms]
2024-10-24 23:17:51.142 [info] > git rev-parse --show-toplevel [7ms]
2024-10-24 23:17:51.149 [info] > git rev-parse --show-toplevel [2ms]
2024-10-24 23:17:51.155 [info] > git rev-parse --show-toplevel [2ms]
2024-10-24 23:17:51.161 [info] > git rev-parse --show-toplevel [2ms]
2024-10-24 23:17:51.167 [info] > git rev-parse --show-toplevel [1ms]
2024-10-24 23:17:51.173 [info] > git rev-parse --show-toplevel [1ms]
2024-10-24 23:17:51.178 [info] > git rev-parse --show-toplevel [1ms]
2024-10-24 23:17:51.185 [info] > git status -z -uall [72ms]
2024-10-24 23:17:51.245 [info] > git for-each-ref --format=%(refname)%00%(upstream:short)%00%(objectname)%00%(upstream:track)%00%(upstream:remotename)%00%(upstream:remoteref) refs/heads/main refs/remotes/main [9ms]
2024-10-24 23:17:51.250 [info] > git rev-parse --show-toplevel [68ms]
2024-10-24 23:17:51.265 [info] > git config --local branch.main.vscode-merge-base [14ms]
2024-10-24 23:17:51.265 [warning] [Git][config] git config failed: Failed to execute git
2024-10-24 23:17:51.270 [info] > git config --get commit.template [26ms]
2024-10-24 23:17:51.271 [info] > git rev-parse --show-toplevel [10ms]
2024-10-24 23:17:51.279 [info] > git for-each-ref --format=%(refname)%00%(upstream:short)%00%(objectname)%00%(upstream:track)%00%(upstream:remotename)%00%(upstream:remoteref) refs/heads/main refs/remotes/main [4ms]
2024-10-24 23:17:51.279 [info] > git reflog main --grep-reflog=branch: Created from *. [9ms]
2024-10-24 23:17:51.287 [info] > git symbolic-ref --short refs/remotes/origin/HEAD [3ms]
2024-10-24 23:17:51.287 [info] fatal: ref refs/remotes/origin/HEAD is not a symbolic ref
2024-10-24 23:17:51.287 [warning] [Repository][getDefaultBranch] Failed to get default branch details: Failed to execute git.
2024-10-24 23:17:51.303 [info] > git rev-parse --show-toplevel [25ms]
2024-10-24 23:17:51.478 [info] > git merge-base refs/heads/main refs/remotes/origin/main [186ms]
2024-10-24 23:17:51.488 [info] > git diff --name-status -z --diff-filter=ADMR bbced4127b79d12082f58d763a48fc32aa5dcb46...refs/remotes/origin/main [4ms]
2024-10-24 23:17:51.488 [info] > git rev-parse --show-toplevel [11ms]
2024-10-24 23:17:51.504 [info] > git for-each-ref --sort -committerdate --format %(refname) %(objectname) %(*objectname) [5ms]
2024-10-24 23:17:51.505 [info] > git rev-parse --show-toplevel [2ms]
2024-10-24 23:17:51.511 [info] > git rev-parse --show-toplevel [2ms]
2024-10-24 23:17:51.557 [info] > git status -z -uall [63ms]
2024-10-24 23:17:51.584 [info] > git rev-parse --show-toplevel [67ms]
2024-10-24 23:17:51.603 [info] > git check-ignore -v -z --stdin [13ms]
2024-10-24 23:17:51.604 [info] > git rev-parse --show-toplevel [5ms]
2024-10-24 23:17:51.604 [info] [Model][doInitialScan] Initial repository scan completed - repositories (1), closed repositories (0), parent repositories (0), unsafe repositories (0)
2024-10-24 23:17:51.617 [info] > git show --textconv :kitty/kitty.conf [8ms]
2024-10-24 23:17:51.617 [info] > git ls-files --stage -- /home/Heryforce/.config/kitty/kitty.conf [3ms]
2024-10-24 23:17:51.624 [info] > git cat-file -s fcf4cf4897d6cd7336c0365e81d01c873c280d13 [2ms]
2024-10-24 23:20:02.543 [info] > git check-ignore -v -z --stdin [2ms]
