2024-10-24 00:20:53.600 [info] [main] Log level: Info
2024-10-24 00:20:53.600 [info] [main] Validating found git in: "git"
2024-10-24 00:20:53.600 [info] [main] Using git "2.47.0" from "git"
2024-10-24 00:20:53.600 [info] [Model][doInitialScan] Initial repository scan started
2024-10-24 00:20:53.600 [info] > git rev-parse --show-toplevel [6ms]
2024-10-24 00:20:53.600 [info] > git rev-parse --git-dir --git-common-dir [5ms]
2024-10-24 00:20:53.600 [info] [Model][openRepository] Opened repository: /home/Heryforce/.config
2024-10-24 00:20:53.601 [info] > git rev-parse --show-toplevel [3ms]
2024-10-24 00:20:53.602 [info] > git config --get commit.template [8ms]
2024-10-24 00:20:53.609 [info] > git for-each-ref --format=%(refname)%00%(upstream:short)%00%(objectname)%00%(upstream:track)%00%(upstream:remotename)%00%(upstream:remoteref) refs/heads/main refs/remotes/main [2ms]
2024-10-24 00:20:53.621 [info] > git for-each-ref --sort -committerdate --format %(refname) %(objectname) %(*objectname) [2ms]
2024-10-24 00:20:53.629 [info] > git rev-parse --show-toplevel [1ms]
2024-10-24 00:20:53.634 [info] > git rev-parse --show-toplevel [1ms]
2024-10-24 00:20:53.639 [info] > git rev-parse --show-toplevel [1ms]
2024-10-24 00:20:53.649 [info] > git rev-parse --show-toplevel [6ms]
2024-10-24 00:20:53.655 [info] > git status -z -uall [41ms]
2024-10-24 00:20:53.680 [info] > git for-each-ref --format=%(refname)%00%(upstream:short)%00%(objectname)%00%(upstream:track)%00%(upstream:remotename)%00%(upstream:remoteref) refs/heads/main refs/remotes/main [10ms]
2024-10-24 00:20:53.687 [info] > git rev-parse --show-toplevel [33ms]
2024-10-24 00:20:53.738 [info] > git config --local branch.main.vscode-merge-base [51ms]
2024-10-24 00:20:53.739 [warning] [Git][config] git config failed: Failed to execute git
2024-10-24 00:20:53.743 [info] > git config --get commit.template [64ms]
2024-10-24 00:20:53.771 [info] > git reflog main --grep-reflog=branch: Created from *. [28ms]
2024-10-24 00:20:53.776 [info] > git rev-parse --show-toplevel [39ms]
2024-10-24 00:20:53.787 [info] > git symbolic-ref --short refs/remotes/origin/HEAD [11ms]
2024-10-24 00:20:53.787 [info] fatal: ref refs/remotes/origin/HEAD is not a symbolic ref
2024-10-24 00:20:53.787 [warning] [Repository][getDefaultBranch] Failed to get default branch details: Failed to execute git.
2024-10-24 00:20:53.794 [info] > git merge-base refs/heads/main refs/remotes/origin/main [3ms]
2024-10-24 00:20:53.798 [info] > git rev-parse --show-toplevel [12ms]
2024-10-24 00:20:53.798 [info] > git for-each-ref --format=%(refname)%00%(upstream:short)%00%(objectname)%00%(upstream:track)%00%(upstream:remotename)%00%(upstream:remoteref) refs/heads/main refs/remotes/main [15ms]
2024-10-24 00:20:53.804 [info] > git rev-parse --show-toplevel [2ms]
2024-10-24 00:20:53.804 [info] > git diff --name-status -z --diff-filter=ADMR 89bb1eee961d013cd994e3b65d4dd8d3e3334beb...refs/remotes/origin/main [6ms]
2024-10-24 00:20:53.820 [info] > git rev-parse --show-toplevel [11ms]
2024-10-24 00:20:53.826 [info] > git for-each-ref --sort -committerdate --format %(refname) %(objectname) %(*objectname) [7ms]
2024-10-24 00:20:53.827 [info] > git rev-parse --show-toplevel [2ms]
2024-10-24 00:20:53.834 [info] > git rev-parse --show-toplevel [1ms]
2024-10-24 00:20:53.838 [info] > git rev-parse --show-toplevel [0ms]
2024-10-24 00:20:53.844 [info] > git rev-parse --show-toplevel [1ms]
2024-10-24 00:20:53.849 [info] > git rev-parse --show-toplevel [1ms]
2024-10-24 00:20:53.854 [info] > git status -z -uall [40ms]
2024-10-24 00:20:53.862 [info] > git rev-parse --show-toplevel [8ms]
2024-10-24 00:20:53.870 [info] > git rev-parse --show-toplevel [3ms]
2024-10-24 00:20:53.876 [info] > git rev-parse --show-toplevel [0ms]
2024-10-24 00:20:53.881 [info] > git rev-parse --show-toplevel [1ms]
2024-10-24 00:20:53.885 [info] > git rev-parse --show-toplevel [0ms]
2024-10-24 00:20:53.886 [info] [Model][doInitialScan] Initial repository scan completed - repositories (1), closed repositories (0), parent repositories (0), unsafe repositories (0)
2024-10-24 00:20:54.133 [info] > git check-ignore -v -z --stdin [4ms]
2024-10-24 00:20:54.199 [info] > git show --textconv :waybar/style.css [7ms]
2024-10-24 00:20:54.200 [info] > git ls-files --stage -- /home/Heryforce/.config/waybar/style.css [2ms]
2024-10-24 00:20:54.207 [info] > git cat-file -s b3385769822b6ec03d58fe9d0d7e23895366b0a8 [2ms]
2024-10-24 00:20:55.872 [info] > git config --get commit.template [9ms]
2024-10-24 00:20:55.873 [info] > git for-each-ref --format=%(refname)%00%(upstream:short)%00%(objectname)%00%(upstream:track)%00%(upstream:remotename)%00%(upstream:remoteref) refs/heads/main refs/remotes/main [2ms]
2024-10-24 00:20:55.889 [info] > git for-each-ref --sort -committerdate --format %(refname) %(objectname) %(*objectname) [2ms]
2024-10-24 00:20:55.910 [info] > git status -z -uall [30ms]
2024-10-24 00:21:00.931 [info] > git config --get commit.template [7ms]
2024-10-24 00:21:00.932 [info] > git for-each-ref --format=%(refname)%00%(upstream:short)%00%(objectname)%00%(upstream:track)%00%(upstream:remotename)%00%(upstream:remoteref) refs/heads/main refs/remotes/main [2ms]
2024-10-24 00:21:00.947 [info] > git for-each-ref --sort -committerdate --format %(refname) %(objectname) %(*objectname) [2ms]
2024-10-24 00:21:00.968 [info] > git status -z -uall [29ms]
2024-10-24 00:21:05.990 [info] > git config --get commit.template [9ms]
2024-10-24 00:21:05.991 [info] > git for-each-ref --format=%(refname)%00%(upstream:short)%00%(objectname)%00%(upstream:track)%00%(upstream:remotename)%00%(upstream:remoteref) refs/heads/main refs/remotes/main [2ms]
2024-10-24 00:21:06.005 [info] > git for-each-ref --sort -committerdate --format %(refname) %(objectname) %(*objectname) [2ms]
2024-10-24 00:21:06.030 [info] > git status -z -uall [33ms]
