2024-10-24 00:32:48.558 [info] [main] Log level: Info
2024-10-24 00:32:48.558 [info] [main] Validating found git in: "git"
2024-10-24 00:32:48.558 [info] [main] Using git "2.47.0" from "git"
2024-10-24 00:32:48.558 [info] [Model][doInitialScan] Initial repository scan started
2024-10-24 00:32:48.558 [info] > git rev-parse --show-toplevel [6ms]
2024-10-24 00:32:48.558 [info] > git rev-parse --git-dir --git-common-dir [6ms]
2024-10-24 00:32:48.558 [info] [Model][openRepository] Opened repository: /home/Heryforce/.config
2024-10-24 00:32:48.559 [info] > git rev-parse --show-toplevel [5ms]
2024-10-24 00:32:48.560 [info] > git config --get commit.template [10ms]
2024-10-24 00:32:48.570 [info] > git for-each-ref --format=%(refname)%00%(upstream:short)%00%(objectname)%00%(upstream:track)%00%(upstream:remotename)%00%(upstream:remoteref) refs/heads/main refs/remotes/main [3ms]
2024-10-24 00:32:48.582 [info] > git for-each-ref --sort -committerdate --format %(refname) %(objectname) %(*objectname) [1ms]
2024-10-24 00:32:48.589 [info] > git rev-parse --show-toplevel [2ms]
2024-10-24 00:32:48.595 [info] > git rev-parse --show-toplevel [1ms]
2024-10-24 00:32:48.600 [info] > git rev-parse --show-toplevel [1ms]
2024-10-24 00:32:48.605 [info] > git rev-parse --show-toplevel [1ms]
2024-10-24 00:32:48.610 [info] > git rev-parse --show-toplevel [1ms]
2024-10-24 00:32:48.615 [info] > git status -z -uall [39ms]
2024-10-24 00:32:48.729 [info] > git for-each-ref --format=%(refname)%00%(upstream:short)%00%(objectname)%00%(upstream:track)%00%(upstream:remotename)%00%(upstream:remoteref) refs/heads/main refs/remotes/main [91ms]
2024-10-24 00:32:48.734 [info] > git rev-parse --show-toplevel [121ms]
2024-10-24 00:32:48.743 [info] > git config --local branch.main.vscode-merge-base [9ms]
2024-10-24 00:32:48.743 [warning] [Git][config] git config failed: Failed to execute git
2024-10-24 00:32:48.747 [info] > git config --get commit.template [20ms]
2024-10-24 00:32:48.750 [info] > git rev-parse --show-toplevel [8ms]
2024-10-24 00:32:48.787 [info] > git reflog main --grep-reflog=branch: Created from *. [40ms]
2024-10-24 00:32:48.795 [info] > git symbolic-ref --short refs/remotes/origin/HEAD [3ms]
2024-10-24 00:32:48.795 [info] fatal: ref refs/remotes/origin/HEAD is not a symbolic ref
2024-10-24 00:32:48.795 [warning] [Repository][getDefaultBranch] Failed to get default branch details: Failed to execute git.
2024-10-24 00:32:48.800 [info] > git rev-parse --show-toplevel [14ms]
2024-10-24 00:32:48.800 [info] > git for-each-ref --format=%(refname)%00%(upstream:short)%00%(objectname)%00%(upstream:track)%00%(upstream:remotename)%00%(upstream:remoteref) refs/heads/main refs/remotes/main [18ms]
2024-10-24 00:32:48.805 [info] > git merge-base refs/heads/main refs/remotes/origin/main [6ms]
2024-10-24 00:32:48.811 [info] > git rev-parse --show-toplevel [7ms]
2024-10-24 00:32:48.816 [info] > git diff --name-status -z --diff-filter=ADMR 89bb1eee961d013cd994e3b65d4dd8d3e3334beb...refs/remotes/origin/main [5ms]
2024-10-24 00:32:48.826 [info] > git rev-parse --show-toplevel [11ms]
2024-10-24 00:32:48.831 [info] > git for-each-ref --sort -committerdate --format %(refname) %(objectname) %(*objectname) [7ms]
2024-10-24 00:32:48.832 [info] > git rev-parse --show-toplevel [2ms]
2024-10-24 00:32:48.837 [info] > git rev-parse --show-toplevel [1ms]
2024-10-24 00:32:48.843 [info] > git rev-parse --show-toplevel [1ms]
2024-10-24 00:32:48.849 [info] > git rev-parse --show-toplevel [1ms]
2024-10-24 00:32:48.854 [info] > git rev-parse --show-toplevel [1ms]
2024-10-24 00:32:48.861 [info] > git rev-parse --show-toplevel [2ms]
2024-10-24 00:32:48.866 [info] > git status -z -uall [47ms]
2024-10-24 00:32:48.877 [info] > git rev-parse --show-toplevel [12ms]
2024-10-24 00:32:48.884 [info] > git rev-parse --show-toplevel [3ms]
2024-10-24 00:32:48.884 [info] [Model][doInitialScan] Initial repository scan completed - repositories (1), closed repositories (0), parent repositories (0), unsafe repositories (0)
2024-10-24 00:32:49.070 [info] > git check-ignore -v -z --stdin [1ms]
2024-10-24 00:32:49.240 [info] > git show --textconv :waybar/style.css [5ms]
2024-10-24 00:32:49.241 [info] > git ls-files --stage -- /home/Heryforce/.config/waybar/style.css [2ms]
2024-10-24 00:32:49.246 [info] > git cat-file -s b3385769822b6ec03d58fe9d0d7e23895366b0a8 [1ms]
2024-10-24 00:32:56.174 [info] > git config --get commit.template [8ms]
2024-10-24 00:32:56.174 [info] > git for-each-ref --format=%(refname)%00%(upstream:short)%00%(objectname)%00%(upstream:track)%00%(upstream:remotename)%00%(upstream:remoteref) refs/heads/main refs/remotes/main [1ms]
2024-10-24 00:32:56.184 [info] > git for-each-ref --sort -committerdate --format %(refname) %(objectname) %(*objectname) [1ms]
2024-10-24 00:32:56.216 [info] > git status -z -uall [37ms]
2024-10-24 00:33:01.244 [info] > git config --get commit.template [8ms]
2024-10-24 00:33:01.245 [info] > git for-each-ref --format=%(refname)%00%(upstream:short)%00%(objectname)%00%(upstream:track)%00%(upstream:remotename)%00%(upstream:remoteref) refs/heads/main refs/remotes/main [2ms]
2024-10-24 00:33:01.260 [info] > git for-each-ref --sort -committerdate --format %(refname) %(objectname) %(*objectname) [2ms]
2024-10-24 00:33:01.282 [info] > git status -z -uall [30ms]
2024-10-24 00:35:13.006 [info] > git config --get commit.template [1ms]
2024-10-24 00:35:13.013 [info] > git for-each-ref --format=%(refname)%00%(upstream:short)%00%(objectname)%00%(upstream:track)%00%(upstream:remotename)%00%(upstream:remoteref) refs/heads/main refs/remotes/main [1ms]
2024-10-24 00:35:13.024 [info] > git for-each-ref --sort -committerdate --format %(refname) %(objectname) %(*objectname) [1ms]
2024-10-24 00:35:13.053 [info] > git status -z -uall [35ms]
2024-10-24 00:37:24.717 [info] > git config --get commit.template [7ms]
2024-10-24 00:37:24.717 [info] > git for-each-ref --format=%(refname)%00%(upstream:short)%00%(objectname)%00%(upstream:track)%00%(upstream:remotename)%00%(upstream:remoteref) refs/heads/main refs/remotes/main [1ms]
2024-10-24 00:37:24.732 [info] > git for-each-ref --sort -committerdate --format %(refname) %(objectname) %(*objectname) [1ms]
2024-10-24 00:37:24.758 [info] > git status -z -uall [34ms]
2024-10-24 00:37:27.846 [info] > git show --textconv :waybar/config.jsonc [5ms]
2024-10-24 00:37:27.847 [info] > git ls-files --stage -- /home/Heryforce/.config/waybar/config.jsonc [2ms]
2024-10-24 00:37:27.852 [info] > git cat-file -s 2110111829556e9f85fc17179baeb4231e20b165 [1ms]
2024-10-24 00:37:29.774 [info] > git config --get commit.template [1ms]
2024-10-24 00:37:29.779 [info] > git for-each-ref --format=%(refname)%00%(upstream:short)%00%(objectname)%00%(upstream:track)%00%(upstream:remotename)%00%(upstream:remoteref) refs/heads/main refs/remotes/main [0ms]
2024-10-24 00:37:29.788 [info] > git for-each-ref --sort -committerdate --format %(refname) %(objectname) %(*objectname) [1ms]
2024-10-24 00:37:29.811 [info] > git status -z -uall [29ms]
2024-10-24 00:37:30.200 [info] > git show --textconv :waybar/style.css [9ms]
2024-10-24 00:37:30.200 [info] > git ls-files --stage -- /home/Heryforce/.config/waybar/style.css [2ms]
2024-10-24 00:37:30.207 [info] > git cat-file -s b3385769822b6ec03d58fe9d0d7e23895366b0a8 [2ms]
2024-10-24 00:37:31.083 [info] > git show --textconv :waybar/config.jsonc [6ms]
2024-10-24 00:37:31.084 [info] > git ls-files --stage -- /home/Heryforce/.config/waybar/config.jsonc [1ms]
2024-10-24 00:37:31.088 [info] > git cat-file -s 2110111829556e9f85fc17179baeb4231e20b165 [1ms]
2024-10-24 00:37:34.831 [info] > git config --get commit.template [4ms]
2024-10-24 00:37:34.831 [info] > git for-each-ref --format=%(refname)%00%(upstream:short)%00%(objectname)%00%(upstream:track)%00%(upstream:remotename)%00%(upstream:remoteref) refs/heads/main refs/remotes/main [1ms]
2024-10-24 00:37:34.839 [info] > git for-each-ref --sort -committerdate --format %(refname) %(objectname) %(*objectname) [1ms]
2024-10-24 00:37:34.861 [info] > git status -z -uall [26ms]
2024-10-24 00:37:52.704 [info] > git config --get commit.template [1ms]
2024-10-24 00:37:52.711 [info] > git for-each-ref --format=%(refname)%00%(upstream:short)%00%(objectname)%00%(upstream:track)%00%(upstream:remotename)%00%(upstream:remoteref) refs/heads/main refs/remotes/main [1ms]
2024-10-24 00:37:52.721 [info] > git for-each-ref --sort -committerdate --format %(refname) %(objectname) %(*objectname) [2ms]
2024-10-24 00:37:52.749 [info] > git status -z -uall [34ms]
2024-10-24 00:37:57.771 [info] > git config --get commit.template [5ms]
2024-10-24 00:37:57.772 [info] > git for-each-ref --format=%(refname)%00%(upstream:short)%00%(objectname)%00%(upstream:track)%00%(upstream:remotename)%00%(upstream:remoteref) refs/heads/main refs/remotes/main [1ms]
2024-10-24 00:37:57.782 [info] > git for-each-ref --sort -committerdate --format %(refname) %(objectname) %(*objectname) [1ms]
2024-10-24 00:37:57.804 [info] > git status -z -uall [27ms]
2024-10-24 00:38:02.833 [info] > git config --get commit.template [8ms]
2024-10-24 00:38:02.835 [info] > git for-each-ref --format=%(refname)%00%(upstream:short)%00%(objectname)%00%(upstream:track)%00%(upstream:remotename)%00%(upstream:remoteref) refs/heads/main refs/remotes/main [2ms]
2024-10-24 00:38:02.849 [info] > git for-each-ref --sort -committerdate --format %(refname) %(objectname) %(*objectname) [1ms]
2024-10-24 00:38:02.874 [info] > git status -z -uall [33ms]
2024-10-24 00:38:07.899 [info] > git config --get commit.template [7ms]
2024-10-24 00:38:07.901 [info] > git for-each-ref --format=%(refname)%00%(upstream:short)%00%(objectname)%00%(upstream:track)%00%(upstream:remotename)%00%(upstream:remoteref) refs/heads/main refs/remotes/main [3ms]
2024-10-24 00:38:07.914 [info] > git for-each-ref --sort -committerdate --format %(refname) %(objectname) %(*objectname) [1ms]
2024-10-24 00:38:07.940 [info] > git status -z -uall [32ms]
2024-10-24 00:38:12.967 [info] > git config --get commit.template [8ms]
2024-10-24 00:38:12.968 [info] > git for-each-ref --format=%(refname)%00%(upstream:short)%00%(objectname)%00%(upstream:track)%00%(upstream:remotename)%00%(upstream:remoteref) refs/heads/main refs/remotes/main [2ms]
2024-10-24 00:38:12.983 [info] > git for-each-ref --sort -committerdate --format %(refname) %(objectname) %(*objectname) [2ms]
2024-10-24 00:38:13.011 [info] > git status -z -uall [36ms]
2024-10-24 00:38:18.039 [info] > git config --get commit.template [7ms]
2024-10-24 00:38:18.041 [info] > git for-each-ref --format=%(refname)%00%(upstream:short)%00%(objectname)%00%(upstream:track)%00%(upstream:remotename)%00%(upstream:remoteref) refs/heads/main refs/remotes/main [3ms]
2024-10-24 00:38:18.074 [info] > git for-each-ref --sort -committerdate --format %(refname) %(objectname) %(*objectname) [1ms]
2024-10-24 00:38:18.097 [info] > git status -z -uall [28ms]
2024-10-24 00:38:23.073 [info] > git show --textconv :hypr/hyprlock.conf [5ms]
2024-10-24 00:38:23.086 [info] > git ls-files --stage -- /home/Heryforce/.config/hypr/hyprlock.conf [13ms]
2024-10-24 00:38:23.092 [info] > git cat-file -s b0d67739c72e9b9c172349efd2e34d9b87cc897d [1ms]
2024-10-24 00:38:23.111 [info] > git config --get commit.template [1ms]
2024-10-24 00:38:23.115 [info] > git for-each-ref --format=%(refname)%00%(upstream:short)%00%(objectname)%00%(upstream:track)%00%(upstream:remotename)%00%(upstream:remoteref) refs/heads/main refs/remotes/main [1ms]
2024-10-24 00:38:23.125 [info] > git for-each-ref --sort -committerdate --format %(refname) %(objectname) %(*objectname) [1ms]
2024-10-24 00:38:23.150 [info] > git status -z -uall [31ms]
2024-10-24 00:38:24.562 [info] > git show --textconv :waybar/config.jsonc [8ms]
2024-10-24 00:38:24.563 [info] > git ls-files --stage -- /home/Heryforce/.config/waybar/config.jsonc [2ms]
2024-10-24 00:38:24.571 [info] > git cat-file -s 2110111829556e9f85fc17179baeb4231e20b165 [1ms]
2024-10-24 00:38:29.141 [info] > git config --get commit.template [6ms]
2024-10-24 00:38:29.142 [info] > git for-each-ref --format=%(refname)%00%(upstream:short)%00%(objectname)%00%(upstream:track)%00%(upstream:remotename)%00%(upstream:remoteref) refs/heads/main refs/remotes/main [2ms]
2024-10-24 00:38:29.153 [info] > git for-each-ref --sort -committerdate --format %(refname) %(objectname) %(*objectname) [2ms]
2024-10-24 00:38:29.180 [info] > git status -z -uall [33ms]
2024-10-24 00:38:31.331 [info] > git check-ignore -v -z --stdin [3ms]
2024-10-24 00:38:31.831 [info] > git show --textconv :wlogout/layout [6ms]
2024-10-24 00:38:31.832 [info] > git ls-files --stage -- /home/Heryforce/.config/wlogout/layout [2ms]
2024-10-24 00:38:31.841 [info] > git cat-file -s 30b3392d8a98ed66ead29dbe3497b572ac9ff9dd [2ms]
2024-10-24 00:38:34.197 [info] > git config --get commit.template [0ms]
2024-10-24 00:38:34.202 [info] > git for-each-ref --format=%(refname)%00%(upstream:short)%00%(objectname)%00%(upstream:track)%00%(upstream:remotename)%00%(upstream:remoteref) refs/heads/main refs/remotes/main [1ms]
2024-10-24 00:38:34.209 [info] > git for-each-ref --sort -committerdate --format %(refname) %(objectname) %(*objectname) [1ms]
2024-10-24 00:38:34.232 [info] > git status -z -uall [27ms]
2024-10-24 00:47:05.607 [info] > git config --get commit.template [1ms]
2024-10-24 00:47:05.613 [info] > git for-each-ref --format=%(refname)%00%(upstream:short)%00%(objectname)%00%(upstream:track)%00%(upstream:remotename)%00%(upstream:remoteref) refs/heads/main refs/remotes/main [1ms]
2024-10-24 00:47:05.624 [info] > git for-each-ref --sort -committerdate --format %(refname) %(objectname) %(*objectname) [2ms]
2024-10-24 00:47:05.649 [info] > git status -z -uall [31ms]
2024-10-24 00:47:10.671 [info] > git config --get commit.template [5ms]
2024-10-24 00:47:10.672 [info] > git for-each-ref --format=%(refname)%00%(upstream:short)%00%(objectname)%00%(upstream:track)%00%(upstream:remotename)%00%(upstream:remoteref) refs/heads/main refs/remotes/main [2ms]
2024-10-24 00:47:10.681 [info] > git for-each-ref --sort -committerdate --format %(refname) %(objectname) %(*objectname) [1ms]
2024-10-24 00:47:10.704 [info] > git status -z -uall [28ms]
2024-10-24 00:47:15.729 [info] > git config --get commit.template [8ms]
2024-10-24 00:47:15.731 [info] > git for-each-ref --format=%(refname)%00%(upstream:short)%00%(objectname)%00%(upstream:track)%00%(upstream:remotename)%00%(upstream:remoteref) refs/heads/main refs/remotes/main [3ms]
2024-10-24 00:47:15.746 [info] > git for-each-ref --sort -committerdate --format %(refname) %(objectname) %(*objectname) [2ms]
2024-10-24 00:47:15.772 [info] > git status -z -uall [34ms]
2024-10-24 00:47:20.792 [info] > git config --get commit.template [6ms]
2024-10-24 00:47:20.792 [info] > git for-each-ref --format=%(refname)%00%(upstream:short)%00%(objectname)%00%(upstream:track)%00%(upstream:remotename)%00%(upstream:remoteref) refs/heads/main refs/remotes/main [1ms]
2024-10-24 00:47:20.805 [info] > git for-each-ref --sort -committerdate --format %(refname) %(objectname) %(*objectname) [2ms]
2024-10-24 00:47:20.833 [info] > git status -z -uall [36ms]
2024-10-24 00:47:25.064 [info] > git show --textconv :waybar/config.jsonc [9ms]
2024-10-24 00:47:25.065 [info] > git ls-files --stage -- /home/Heryforce/.config/waybar/config.jsonc [2ms]
2024-10-24 00:47:25.074 [info] > git cat-file -s 2110111829556e9f85fc17179baeb4231e20b165 [2ms]
2024-10-24 00:47:25.859 [info] > git config --get commit.template [9ms]
2024-10-24 00:47:25.860 [info] > git for-each-ref --format=%(refname)%00%(upstream:short)%00%(objectname)%00%(upstream:track)%00%(upstream:remotename)%00%(upstream:remoteref) refs/heads/main refs/remotes/main [2ms]
2024-10-24 00:47:25.873 [info] > git for-each-ref --sort -committerdate --format %(refname) %(objectname) %(*objectname) [2ms]
2024-10-24 00:47:25.898 [info] > git status -z -uall [33ms]
2024-10-24 00:47:30.917 [info] > git config --get commit.template [6ms]
2024-10-24 00:47:30.917 [info] > git for-each-ref --format=%(refname)%00%(upstream:short)%00%(objectname)%00%(upstream:track)%00%(upstream:remotename)%00%(upstream:remoteref) refs/heads/main refs/remotes/main [1ms]
2024-10-24 00:47:30.928 [info] > git for-each-ref --sort -committerdate --format %(refname) %(objectname) %(*objectname) [2ms]
2024-10-24 00:47:30.950 [info] > git status -z -uall [28ms]
2024-10-24 00:47:35.972 [info] > git config --get commit.template [5ms]
2024-10-24 00:47:35.972 [info] > git for-each-ref --format=%(refname)%00%(upstream:short)%00%(objectname)%00%(upstream:track)%00%(upstream:remotename)%00%(upstream:remoteref) refs/heads/main refs/remotes/main [1ms]
2024-10-24 00:47:35.987 [info] > git for-each-ref --sort -committerdate --format %(refname) %(objectname) %(*objectname) [2ms]
2024-10-24 00:47:36.014 [info] > git status -z -uall [35ms]
2024-10-24 00:47:41.028 [info] > git config --get commit.template [0ms]
2024-10-24 00:47:41.036 [info] > git for-each-ref --format=%(refname)%00%(upstream:short)%00%(objectname)%00%(upstream:track)%00%(upstream:remotename)%00%(upstream:remoteref) refs/heads/main refs/remotes/main [3ms]
2024-10-24 00:47:41.052 [info] > git for-each-ref --sort -committerdate --format %(refname) %(objectname) %(*objectname) [2ms]
2024-10-24 00:47:41.077 [info] > git status -z -uall [33ms]
2024-10-24 00:47:44.086 [info] > git show --textconv :hypr/hyprlock.conf [9ms]
2024-10-24 00:47:44.088 [info] > git ls-files --stage -- /home/Heryforce/.config/hypr/hyprlock.conf [3ms]
2024-10-24 00:47:44.096 [info] > git cat-file -s b0d67739c72e9b9c172349efd2e34d9b87cc897d [2ms]
2024-10-24 00:47:46.103 [info] > git config --get commit.template [9ms]
2024-10-24 00:47:46.104 [info] > git for-each-ref --format=%(refname)%00%(upstream:short)%00%(objectname)%00%(upstream:track)%00%(upstream:remotename)%00%(upstream:remoteref) refs/heads/main refs/remotes/main [2ms]
2024-10-24 00:47:46.115 [info] > git for-each-ref --sort -committerdate --format %(refname) %(objectname) %(*objectname) [1ms]
2024-10-24 00:47:46.138 [info] > git status -z -uall [28ms]
2024-10-24 00:47:51.163 [info] > git config --get commit.template [9ms]
2024-10-24 00:47:51.164 [info] > git for-each-ref --format=%(refname)%00%(upstream:short)%00%(objectname)%00%(upstream:track)%00%(upstream:remotename)%00%(upstream:remoteref) refs/heads/main refs/remotes/main [2ms]
2024-10-24 00:47:51.176 [info] > git for-each-ref --sort -committerdate --format %(refname) %(objectname) %(*objectname) [1ms]
2024-10-24 00:47:51.201 [info] > git status -z -uall [31ms]
2024-10-24 00:47:56.227 [info] > git config --get commit.template [8ms]
2024-10-24 00:47:56.228 [info] > git for-each-ref --format=%(refname)%00%(upstream:short)%00%(objectname)%00%(upstream:track)%00%(upstream:remotename)%00%(upstream:remoteref) refs/heads/main refs/remotes/main [3ms]
2024-10-24 00:47:56.244 [info] > git for-each-ref --sort -committerdate --format %(refname) %(objectname) %(*objectname) [3ms]
2024-10-24 00:47:56.270 [info] > git status -z -uall [35ms]
2024-10-24 00:48:01.297 [info] > git config --get commit.template [8ms]
2024-10-24 00:48:01.298 [info] > git for-each-ref --format=%(refname)%00%(upstream:short)%00%(objectname)%00%(upstream:track)%00%(upstream:remotename)%00%(upstream:remoteref) refs/heads/main refs/remotes/main [2ms]
2024-10-24 00:48:01.313 [info] > git for-each-ref --sort -committerdate --format %(refname) %(objectname) %(*objectname) [2ms]
2024-10-24 00:48:01.335 [info] > git status -z -uall [31ms]
2024-10-24 00:48:06.353 [info] > git config --get commit.template [1ms]
2024-10-24 00:48:06.362 [info] > git for-each-ref --format=%(refname)%00%(upstream:short)%00%(objectname)%00%(upstream:track)%00%(upstream:remotename)%00%(upstream:remoteref) refs/heads/main refs/remotes/main [3ms]
2024-10-24 00:48:06.377 [info] > git for-each-ref --sort -committerdate --format %(refname) %(objectname) %(*objectname) [2ms]
2024-10-24 00:48:06.404 [info] > git status -z -uall [35ms]
2024-10-24 00:48:11.432 [info] > git config --get commit.template [9ms]
2024-10-24 00:48:11.433 [info] > git for-each-ref --format=%(refname)%00%(upstream:short)%00%(objectname)%00%(upstream:track)%00%(upstream:remotename)%00%(upstream:remoteref) refs/heads/main refs/remotes/main [3ms]
2024-10-24 00:48:11.450 [info] > git for-each-ref --sort -committerdate --format %(refname) %(objectname) %(*objectname) [2ms]
2024-10-24 00:48:11.477 [info] > git status -z -uall [35ms]
2024-10-24 00:48:16.501 [info] > git config --get commit.template [7ms]
2024-10-24 00:48:16.503 [info] > git for-each-ref --format=%(refname)%00%(upstream:short)%00%(objectname)%00%(upstream:track)%00%(upstream:remotename)%00%(upstream:remoteref) refs/heads/main refs/remotes/main [3ms]
2024-10-24 00:48:16.520 [info] > git for-each-ref --sort -committerdate --format %(refname) %(objectname) %(*objectname) [2ms]
2024-10-24 00:48:16.544 [info] > git status -z -uall [33ms]
2024-10-24 00:48:21.573 [info] > git config --get commit.template [9ms]
2024-10-24 00:48:21.574 [info] > git for-each-ref --format=%(refname)%00%(upstream:short)%00%(objectname)%00%(upstream:track)%00%(upstream:remotename)%00%(upstream:remoteref) refs/heads/main refs/remotes/main [2ms]
2024-10-24 00:48:21.589 [info] > git for-each-ref --sort -committerdate --format %(refname) %(objectname) %(*objectname) [2ms]
2024-10-24 00:48:21.613 [info] > git status -z -uall [32ms]
2024-10-24 00:48:26.631 [info] > git config --get commit.template [5ms]
2024-10-24 00:48:26.631 [info] > git for-each-ref --format=%(refname)%00%(upstream:short)%00%(objectname)%00%(upstream:track)%00%(upstream:remotename)%00%(upstream:remoteref) refs/heads/main refs/remotes/main [1ms]
2024-10-24 00:48:26.641 [info] > git for-each-ref --sort -committerdate --format %(refname) %(objectname) %(*objectname) [1ms]
2024-10-24 00:48:26.664 [info] > git status -z -uall [29ms]
2024-10-24 00:48:31.685 [info] > git config --get commit.template [5ms]
2024-10-24 00:48:31.686 [info] > git for-each-ref --format=%(refname)%00%(upstream:short)%00%(objectname)%00%(upstream:track)%00%(upstream:remotename)%00%(upstream:remoteref) refs/heads/main refs/remotes/main [2ms]
2024-10-24 00:48:31.697 [info] > git for-each-ref --sort -committerdate --format %(refname) %(objectname) %(*objectname) [1ms]
2024-10-24 00:48:31.728 [info] > git status -z -uall [38ms]
2024-10-24 00:48:36.743 [info] > git config --get commit.template [1ms]
2024-10-24 00:48:36.748 [info] > git for-each-ref --format=%(refname)%00%(upstream:short)%00%(objectname)%00%(upstream:track)%00%(upstream:remotename)%00%(upstream:remoteref) refs/heads/main refs/remotes/main [1ms]
2024-10-24 00:48:36.757 [info] > git for-each-ref --sort -committerdate --format %(refname) %(objectname) %(*objectname) [1ms]
2024-10-24 00:48:36.782 [info] > git status -z -uall [30ms]
2024-10-24 00:48:41.804 [info] > git config --get commit.template [4ms]
2024-10-24 00:48:41.804 [info] > git for-each-ref --format=%(refname)%00%(upstream:short)%00%(objectname)%00%(upstream:track)%00%(upstream:remotename)%00%(upstream:remoteref) refs/heads/main refs/remotes/main [0ms]
2024-10-24 00:48:41.813 [info] > git for-each-ref --sort -committerdate --format %(refname) %(objectname) %(*objectname) [1ms]
2024-10-24 00:48:41.835 [info] > git status -z -uall [27ms]
2024-10-24 00:48:46.866 [info] > git config --get commit.template [10ms]
2024-10-24 00:48:46.867 [info] > git for-each-ref --format=%(refname)%00%(upstream:short)%00%(objectname)%00%(upstream:track)%00%(upstream:remotename)%00%(upstream:remoteref) refs/heads/main refs/remotes/main [2ms]
2024-10-24 00:48:46.884 [info] > git for-each-ref --sort -committerdate --format %(refname) %(objectname) %(*objectname) [2ms]
2024-10-24 00:48:46.910 [info] > git status -z -uall [35ms]
2024-10-24 00:48:51.935 [info] > git config --get commit.template [8ms]
2024-10-24 00:48:51.937 [info] > git for-each-ref --format=%(refname)%00%(upstream:short)%00%(objectname)%00%(upstream:track)%00%(upstream:remotename)%00%(upstream:remoteref) refs/heads/main refs/remotes/main [3ms]
2024-10-24 00:48:51.950 [info] > git for-each-ref --sort -committerdate --format %(refname) %(objectname) %(*objectname) [1ms]
2024-10-24 00:48:51.974 [info] > git status -z -uall [30ms]
2024-10-24 00:48:56.988 [info] > git config --get commit.template [1ms]
2024-10-24 00:48:56.994 [info] > git for-each-ref --format=%(refname)%00%(upstream:short)%00%(objectname)%00%(upstream:track)%00%(upstream:remotename)%00%(upstream:remoteref) refs/heads/main refs/remotes/main [1ms]
2024-10-24 00:48:57.003 [info] > git for-each-ref --sort -committerdate --format %(refname) %(objectname) %(*objectname) [1ms]
2024-10-24 00:48:57.028 [info] > git status -z -uall [30ms]
2024-10-24 00:49:02.055 [info] > git config --get commit.template [8ms]
2024-10-24 00:49:02.056 [info] > git for-each-ref --format=%(refname)%00%(upstream:short)%00%(objectname)%00%(upstream:track)%00%(upstream:remotename)%00%(upstream:remoteref) refs/heads/main refs/remotes/main [2ms]
2024-10-24 00:49:02.070 [info] > git for-each-ref --sort -committerdate --format %(refname) %(objectname) %(*objectname) [1ms]
2024-10-24 00:49:02.093 [info] > git status -z -uall [30ms]
2024-10-24 00:49:07.114 [info] > git config --get commit.template [6ms]
2024-10-24 00:49:07.115 [info] > git for-each-ref --format=%(refname)%00%(upstream:short)%00%(objectname)%00%(upstream:track)%00%(upstream:remotename)%00%(upstream:remoteref) refs/heads/main refs/remotes/main [2ms]
2024-10-24 00:49:07.128 [info] > git for-each-ref --sort -committerdate --format %(refname) %(objectname) %(*objectname) [1ms]
2024-10-24 00:49:07.153 [info] > git status -z -uall [31ms]
2024-10-24 00:49:12.179 [info] > git config --get commit.template [6ms]
2024-10-24 00:49:12.180 [info] > git for-each-ref --format=%(refname)%00%(upstream:short)%00%(objectname)%00%(upstream:track)%00%(upstream:remotename)%00%(upstream:remoteref) refs/heads/main refs/remotes/main [2ms]
2024-10-24 00:49:12.192 [info] > git for-each-ref --sort -committerdate --format %(refname) %(objectname) %(*objectname) [1ms]
2024-10-24 00:49:12.214 [info] > git status -z -uall [27ms]
2024-10-24 00:49:17.232 [info] > git config --get commit.template [1ms]
2024-10-24 00:49:17.239 [info] > git for-each-ref --format=%(refname)%00%(upstream:short)%00%(objectname)%00%(upstream:track)%00%(upstream:remotename)%00%(upstream:remoteref) refs/heads/main refs/remotes/main [2ms]
2024-10-24 00:49:17.251 [info] > git for-each-ref --sort -committerdate --format %(refname) %(objectname) %(*objectname) [2ms]
2024-10-24 00:49:17.279 [info] > git status -z -uall [36ms]
2024-10-24 00:49:22.305 [info] > git config --get commit.template [7ms]
2024-10-24 00:49:22.305 [info] > git for-each-ref --format=%(refname)%00%(upstream:short)%00%(objectname)%00%(upstream:track)%00%(upstream:remotename)%00%(upstream:remoteref) refs/heads/main refs/remotes/main [1ms]
2024-10-24 00:49:22.317 [info] > git for-each-ref --sort -committerdate --format %(refname) %(objectname) %(*objectname) [1ms]
2024-10-24 00:49:22.340 [info] > git status -z -uall [29ms]
2024-10-24 00:49:27.353 [info] > git config --get commit.template [1ms]
2024-10-24 00:49:27.360 [info] > git for-each-ref --format=%(refname)%00%(upstream:short)%00%(objectname)%00%(upstream:track)%00%(upstream:remotename)%00%(upstream:remoteref) refs/heads/main refs/remotes/main [2ms]
2024-10-24 00:49:27.378 [info] > git for-each-ref --sort -committerdate --format %(refname) %(objectname) %(*objectname) [2ms]
2024-10-24 00:49:27.408 [info] > git status -z -uall [40ms]
2024-10-24 00:49:32.427 [info] > git for-each-ref --format=%(refname)%00%(upstream:short)%00%(objectname)%00%(upstream:track)%00%(upstream:remotename)%00%(upstream:remoteref) refs/heads/main refs/remotes/main [2ms]
2024-10-24 00:49:32.427 [info] > git config --get commit.template [6ms]
2024-10-24 00:49:32.438 [info] > git for-each-ref --sort -committerdate --format %(refname) %(objectname) %(*objectname) [1ms]
2024-10-24 00:49:32.464 [info] > git status -z -uall [32ms]
2024-10-24 00:49:37.489 [info] > git config --get commit.template [8ms]
2024-10-24 00:49:37.490 [info] > git for-each-ref --format=%(refname)%00%(upstream:short)%00%(objectname)%00%(upstream:track)%00%(upstream:remotename)%00%(upstream:remoteref) refs/heads/main refs/remotes/main [2ms]
2024-10-24 00:49:37.505 [info] > git for-each-ref --sort -committerdate --format %(refname) %(objectname) %(*objectname) [2ms]
2024-10-24 00:49:37.531 [info] > git status -z -uall [34ms]
2024-10-24 00:49:42.544 [info] > git config --get commit.template [0ms]
2024-10-24 00:49:42.549 [info] > git for-each-ref --format=%(refname)%00%(upstream:short)%00%(objectname)%00%(upstream:track)%00%(upstream:remotename)%00%(upstream:remoteref) refs/heads/main refs/remotes/main [1ms]
2024-10-24 00:49:42.559 [info] > git for-each-ref --sort -committerdate --format %(refname) %(objectname) %(*objectname) [2ms]
2024-10-24 00:49:42.585 [info] > git status -z -uall [32ms]
2024-10-24 00:49:47.604 [info] > git config --get commit.template [6ms]
2024-10-24 00:49:47.605 [info] > git for-each-ref --format=%(refname)%00%(upstream:short)%00%(objectname)%00%(upstream:track)%00%(upstream:remotename)%00%(upstream:remoteref) refs/heads/main refs/remotes/main [1ms]
2024-10-24 00:49:47.615 [info] > git for-each-ref --sort -committerdate --format %(refname) %(objectname) %(*objectname) [1ms]
2024-10-24 00:49:47.636 [info] > git status -z -uall [26ms]
2024-10-24 00:49:58.441 [info] > git config --get commit.template [5ms]
2024-10-24 00:49:58.442 [info] > git for-each-ref --format=%(refname)%00%(upstream:short)%00%(objectname)%00%(upstream:track)%00%(upstream:remotename)%00%(upstream:remoteref) refs/heads/main refs/remotes/main [1ms]
2024-10-24 00:49:58.454 [info] > git for-each-ref --sort -committerdate --format %(refname) %(objectname) %(*objectname) [1ms]
2024-10-24 00:49:58.478 [info] > git status -z -uall [30ms]
2024-10-24 00:50:03.503 [info] > git config --get commit.template [6ms]
2024-10-24 00:50:03.503 [info] > git for-each-ref --format=%(refname)%00%(upstream:short)%00%(objectname)%00%(upstream:track)%00%(upstream:remotename)%00%(upstream:remoteref) refs/heads/main refs/remotes/main [1ms]
2024-10-24 00:50:03.517 [info] > git for-each-ref --sort -committerdate --format %(refname) %(objectname) %(*objectname) [2ms]
2024-10-24 00:50:03.537 [info] > git status -z -uall [28ms]
2024-10-24 00:50:08.561 [info] > git config --get commit.template [1ms]
2024-10-24 00:50:08.567 [info] > git for-each-ref --format=%(refname)%00%(upstream:short)%00%(objectname)%00%(upstream:track)%00%(upstream:remotename)%00%(upstream:remoteref) refs/heads/main refs/remotes/main [1ms]
2024-10-24 00:50:08.578 [info] > git for-each-ref --sort -committerdate --format %(refname) %(objectname) %(*objectname) [1ms]
2024-10-24 00:50:08.612 [info] > git status -z -uall [40ms]
2024-10-24 00:50:13.640 [info] > git config --get commit.template [8ms]
2024-10-24 00:50:13.642 [info] > git for-each-ref --format=%(refname)%00%(upstream:short)%00%(objectname)%00%(upstream:track)%00%(upstream:remotename)%00%(upstream:remoteref) refs/heads/main refs/remotes/main [2ms]
2024-10-24 00:50:13.657 [info] > git for-each-ref --sort -committerdate --format %(refname) %(objectname) %(*objectname) [2ms]
2024-10-24 00:50:13.681 [info] > git status -z -uall [31ms]
2024-10-24 00:50:18.699 [info] > git config --get commit.template [1ms]
2024-10-24 00:50:18.709 [info] > git for-each-ref --format=%(refname)%00%(upstream:short)%00%(objectname)%00%(upstream:track)%00%(upstream:remotename)%00%(upstream:remoteref) refs/heads/main refs/remotes/main [2ms]
2024-10-24 00:50:18.723 [info] > git for-each-ref --sort -committerdate --format %(refname) %(objectname) %(*objectname) [1ms]
2024-10-24 00:50:18.750 [info] > git status -z -uall [33ms]
2024-10-24 00:50:23.777 [info] > git config --get commit.template [9ms]
2024-10-24 00:50:23.778 [info] > git for-each-ref --format=%(refname)%00%(upstream:short)%00%(objectname)%00%(upstream:track)%00%(upstream:remotename)%00%(upstream:remoteref) refs/heads/main refs/remotes/main [2ms]
2024-10-24 00:50:23.794 [info] > git for-each-ref --sort -committerdate --format %(refname) %(objectname) %(*objectname) [2ms]
2024-10-24 00:50:23.819 [info] > git status -z -uall [34ms]
2024-10-24 00:50:28.833 [info] > git config --get commit.template [2ms]
2024-10-24 00:50:28.838 [info] > git for-each-ref --format=%(refname)%00%(upstream:short)%00%(objectname)%00%(upstream:track)%00%(upstream:remotename)%00%(upstream:remoteref) refs/heads/main refs/remotes/main [1ms]
2024-10-24 00:50:28.848 [info] > git for-each-ref --sort -committerdate --format %(refname) %(objectname) %(*objectname) [1ms]
2024-10-24 00:50:28.887 [info] > git status -z -uall [45ms]
2024-10-24 00:50:33.911 [info] > git config --get commit.template [8ms]
2024-10-24 00:50:33.911 [info] > git for-each-ref --format=%(refname)%00%(upstream:short)%00%(objectname)%00%(upstream:track)%00%(upstream:remotename)%00%(upstream:remoteref) refs/heads/main refs/remotes/main [1ms]
2024-10-24 00:50:33.924 [info] > git for-each-ref --sort -committerdate --format %(refname) %(objectname) %(*objectname) [2ms]
2024-10-24 00:50:33.949 [info] > git status -z -uall [32ms]
2024-10-24 00:50:38.974 [info] > git config --get commit.template [9ms]
2024-10-24 00:50:38.975 [info] > git for-each-ref --format=%(refname)%00%(upstream:short)%00%(objectname)%00%(upstream:track)%00%(upstream:remotename)%00%(upstream:remoteref) refs/heads/main refs/remotes/main [2ms]
2024-10-24 00:50:38.989 [info] > git for-each-ref --sort -committerdate --format %(refname) %(objectname) %(*objectname) [2ms]
2024-10-24 00:50:39.016 [info] > git status -z -uall [34ms]
2024-10-24 00:50:44.044 [info] > git config --get commit.template [9ms]
2024-10-24 00:50:44.045 [info] > git for-each-ref --format=%(refname)%00%(upstream:short)%00%(objectname)%00%(upstream:track)%00%(upstream:remotename)%00%(upstream:remoteref) refs/heads/main refs/remotes/main [3ms]
2024-10-24 00:50:44.060 [info] > git for-each-ref --sort -committerdate --format %(refname) %(objectname) %(*objectname) [2ms]
2024-10-24 00:50:44.086 [info] > git status -z -uall [34ms]
