2024-10-29 19:51:57.270 [info] [main] Log level: Info
2024-10-29 19:51:57.270 [info] [main] Validating found git in: "git"
2024-10-29 19:51:57.270 [info] [main] Using git "2.47.0" from "git"
2024-10-29 19:51:57.270 [info] [Model][doInitialScan] Initial repository scan started
2024-10-29 19:51:57.270 [info] > git rev-parse --show-toplevel [2ms]
2024-10-29 19:51:57.270 [info] > git rev-parse --git-dir --git-common-dir [2ms]
2024-10-29 19:51:57.270 [info] [Model][openRepository] Opened repository: /home/Heryforce/.config
2024-10-29 19:51:57.272 [info] > git rev-parse --show-toplevel [36ms]
2024-10-29 19:51:57.273 [info] > git config --get commit.template [41ms]
2024-10-29 19:51:57.296 [info] > git for-each-ref --format=%(refname)%00%(upstream:short)%00%(objectname)%00%(upstream:track)%00%(upstream:remotename)%00%(upstream:remoteref) refs/heads/main refs/remotes/main [2ms]
2024-10-29 19:51:57.317 [info] > git for-each-ref --sort -committerdate --format %(refname) %(objectname) %(*objectname) [7ms]
2024-10-29 19:51:57.319 [info] > git rev-parse --show-toplevel [2ms]
2024-10-29 19:51:57.325 [info] > git rev-parse --show-toplevel [2ms]
2024-10-29 19:51:57.332 [info] > git rev-parse --show-toplevel [1ms]
2024-10-29 19:51:57.340 [info] > git rev-parse --show-toplevel [2ms]
2024-10-29 19:51:57.347 [info] > git rev-parse --show-toplevel [1ms]
2024-10-29 19:51:57.354 [info] > git rev-parse --show-toplevel [1ms]
2024-10-29 19:51:57.364 [info] > git rev-parse --show-toplevel [3ms]
2024-10-29 19:51:57.388 [info] > git status -z -uall [84ms]
2024-10-29 19:51:57.388 [info] > git rev-parse --show-toplevel [5ms]
2024-10-29 19:51:57.479 [info] > git for-each-ref --format=%(refname)%00%(upstream:short)%00%(objectname)%00%(upstream:track)%00%(upstream:remotename)%00%(upstream:remoteref) refs/heads/main refs/remotes/main [17ms]
2024-10-29 19:51:57.489 [info] > git config --get commit.template [9ms]
2024-10-29 19:51:57.489 [info] > git rev-parse --show-toplevel [16ms]
2024-10-29 19:51:57.508 [info] > git config --local branch.main.vscode-merge-base [22ms]
2024-10-29 19:51:57.508 [warning] [Git][config] git config failed: Failed to execute git
2024-10-29 19:51:57.906 [info] > git reflog main --grep-reflog=branch: Created from *. [389ms]
2024-10-29 19:51:57.911 [info] > git rev-parse --show-toplevel [404ms]
2024-10-29 19:51:57.950 [info] > git check-ignore -v -z --stdin [29ms]
2024-10-29 19:51:57.951 [info] > git symbolic-ref --short refs/remotes/origin/HEAD [40ms]
2024-10-29 19:51:57.951 [info] fatal: ref refs/remotes/origin/HEAD is not a symbolic ref
2024-10-29 19:51:57.951 [warning] [Repository][getDefaultBranch] Failed to get default branch details: Failed to execute git.
2024-10-29 19:51:57.959 [info] > git for-each-ref --format=%(refname)%00%(upstream:short)%00%(objectname)%00%(upstream:track)%00%(upstream:remotename)%00%(upstream:remoteref) refs/heads/main refs/remotes/main [56ms]
2024-10-29 19:51:57.961 [info] > git merge-base refs/heads/main refs/remotes/origin/main [2ms]
2024-10-29 19:51:57.968 [info] > git rev-parse --show-toplevel [19ms]
2024-10-29 19:51:57.977 [info] > git diff --name-status -z --diff-filter=ADMR d4d20faaa5841efd0beb4f20a46bbefe855d3220...refs/remotes/origin/main [9ms]
2024-10-29 19:51:57.993 [info] > git rev-parse --show-toplevel [17ms]
2024-10-29 19:51:58.001 [info] > git for-each-ref --sort -committerdate --format %(refname) %(objectname) %(*objectname) [9ms]
2024-10-29 19:51:58.049 [info] > git rev-parse --show-toplevel [49ms]
2024-10-29 19:51:58.060 [info] > git rev-parse --show-toplevel [2ms]
2024-10-29 19:51:58.071 [info] > git status -z -uall [86ms]
2024-10-29 19:51:58.101 [info] > git rev-parse --show-toplevel [34ms]
2024-10-29 19:51:58.109 [info] > git rev-parse --show-toplevel [2ms]
2024-10-29 19:51:58.121 [info] > git rev-parse --show-toplevel [4ms]
2024-10-29 19:51:58.129 [info] > git rev-parse --show-toplevel [2ms]
2024-10-29 19:51:58.136 [info] > git rev-parse --show-toplevel [2ms]
2024-10-29 19:51:58.136 [info] [Model][doInitialScan] Initial repository scan completed - repositories (1), closed repositories (0), parent repositories (0), unsafe repositories (0)
2024-10-29 19:51:58.409 [info] > git show --textconv :hypr/hyprland.conf [7ms]
2024-10-29 19:51:58.411 [info] > git ls-files --stage -- /home/Heryforce/.config/hypr/hyprland.conf [3ms]
2024-10-29 19:51:58.418 [info] > git cat-file -s 3aaef507266a7ee9595dfa608e6e69e8e8bbb2c4 [1ms]
2024-10-29 19:52:02.520 [info] > git config --get commit.template [8ms]
2024-10-29 19:52:02.521 [info] > git for-each-ref --format=%(refname)%00%(upstream:short)%00%(objectname)%00%(upstream:track)%00%(upstream:remotename)%00%(upstream:remoteref) refs/heads/main refs/remotes/main [2ms]
2024-10-29 19:52:02.536 [info] > git for-each-ref --sort -committerdate --format %(refname) %(objectname) %(*objectname) [2ms]
2024-10-29 19:52:02.582 [info] > git status -z -uall [54ms]
2024-10-29 19:52:07.737 [info] > git config --get commit.template [6ms]
2024-10-29 19:52:07.738 [info] > git for-each-ref --format=%(refname)%00%(upstream:short)%00%(objectname)%00%(upstream:track)%00%(upstream:remotename)%00%(upstream:remoteref) refs/heads/main refs/remotes/main [1ms]
2024-10-29 19:52:07.751 [info] > git for-each-ref --sort -committerdate --format %(refname) %(objectname) %(*objectname) [2ms]
2024-10-29 19:52:07.796 [info] > git status -z -uall [53ms]
2024-10-29 19:52:12.821 [info] > git config --get commit.template [1ms]
2024-10-29 19:52:12.831 [info] > git for-each-ref --format=%(refname)%00%(upstream:short)%00%(objectname)%00%(upstream:track)%00%(upstream:remotename)%00%(upstream:remoteref) refs/heads/main refs/remotes/main [3ms]
2024-10-29 19:52:12.845 [info] > git for-each-ref --sort -committerdate --format %(refname) %(objectname) %(*objectname) [2ms]
2024-10-29 19:52:12.887 [info] > git status -z -uall [49ms]
2024-10-29 19:52:17.918 [info] > git config --get commit.template [8ms]
2024-10-29 19:52:17.919 [info] > git for-each-ref --format=%(refname)%00%(upstream:short)%00%(objectname)%00%(upstream:track)%00%(upstream:remotename)%00%(upstream:remoteref) refs/heads/main refs/remotes/main [2ms]
2024-10-29 19:52:17.929 [info] > git for-each-ref --sort -committerdate --format %(refname) %(objectname) %(*objectname) [1ms]
2024-10-29 19:52:17.965 [info] > git status -z -uall [41ms]
2024-10-29 19:52:23.000 [info] > git config --get commit.template [9ms]
2024-10-29 19:52:23.001 [info] > git for-each-ref --format=%(refname)%00%(upstream:short)%00%(objectname)%00%(upstream:track)%00%(upstream:remotename)%00%(upstream:remoteref) refs/heads/main refs/remotes/main [2ms]
2024-10-29 19:52:23.012 [info] > git for-each-ref --sort -committerdate --format %(refname) %(objectname) %(*objectname) [1ms]
2024-10-29 19:52:23.047 [info] > git status -z -uall [40ms]
2024-10-29 19:52:28.080 [info] > git config --get commit.template [9ms]
2024-10-29 19:52:28.082 [info] > git for-each-ref --format=%(refname)%00%(upstream:short)%00%(objectname)%00%(upstream:track)%00%(upstream:remotename)%00%(upstream:remoteref) refs/heads/main refs/remotes/main [3ms]
2024-10-29 19:52:28.097 [info] > git for-each-ref --sort -committerdate --format %(refname) %(objectname) %(*objectname) [1ms]
2024-10-29 19:52:28.132 [info] > git status -z -uall [42ms]
2024-10-29 19:52:41.175 [info] > git config --get commit.template [6ms]
2024-10-29 19:52:41.176 [info] > git for-each-ref --format=%(refname)%00%(upstream:short)%00%(objectname)%00%(upstream:track)%00%(upstream:remotename)%00%(upstream:remoteref) refs/heads/main refs/remotes/main [2ms]
2024-10-29 19:52:41.188 [info] > git for-each-ref --sort -committerdate --format %(refname) %(objectname) %(*objectname) [1ms]
2024-10-29 19:52:41.233 [info] > git status -z -uall [52ms]
2024-10-29 19:52:47.893 [info] > git config --get commit.template [6ms]
2024-10-29 19:52:47.893 [info] > git for-each-ref --format=%(refname)%00%(upstream:short)%00%(objectname)%00%(upstream:track)%00%(upstream:remotename)%00%(upstream:remoteref) refs/heads/main refs/remotes/main [1ms]
2024-10-29 19:52:47.906 [info] > git for-each-ref --sort -committerdate --format %(refname) %(objectname) %(*objectname) [1ms]
2024-10-29 19:52:47.948 [info] > git status -z -uall [49ms]
2024-10-29 19:52:52.978 [info] > git config --get commit.template [1ms]
2024-10-29 19:52:52.982 [info] > git for-each-ref --format=%(refname)%00%(upstream:short)%00%(objectname)%00%(upstream:track)%00%(upstream:remotename)%00%(upstream:remoteref) refs/heads/main refs/remotes/main [1ms]
2024-10-29 19:52:52.991 [info] > git for-each-ref --sort -committerdate --format %(refname) %(objectname) %(*objectname) [1ms]
2024-10-29 19:52:53.026 [info] > git status -z -uall [40ms]
2024-10-29 19:52:58.061 [info] > git config --get commit.template [8ms]
2024-10-29 19:52:58.062 [info] > git for-each-ref --format=%(refname)%00%(upstream:short)%00%(objectname)%00%(upstream:track)%00%(upstream:remotename)%00%(upstream:remoteref) refs/heads/main refs/remotes/main [3ms]
2024-10-29 19:52:58.076 [info] > git for-each-ref --sort -committerdate --format %(refname) %(objectname) %(*objectname) [1ms]
2024-10-29 19:52:58.115 [info] > git status -z -uall [46ms]
2024-10-29 19:53:03.147 [info] > git config --get commit.template [7ms]
2024-10-29 19:53:03.148 [info] > git for-each-ref --format=%(refname)%00%(upstream:short)%00%(objectname)%00%(upstream:track)%00%(upstream:remotename)%00%(upstream:remoteref) refs/heads/main refs/remotes/main [2ms]
2024-10-29 19:53:03.161 [info] > git for-each-ref --sort -committerdate --format %(refname) %(objectname) %(*objectname) [1ms]
2024-10-29 19:53:03.201 [info] > git status -z -uall [48ms]
2024-10-29 19:53:08.227 [info] > git config --get commit.template [1ms]
2024-10-29 19:53:08.237 [info] > git for-each-ref --format=%(refname)%00%(upstream:short)%00%(objectname)%00%(upstream:track)%00%(upstream:remotename)%00%(upstream:remoteref) refs/heads/main refs/remotes/main [2ms]
2024-10-29 19:53:08.253 [info] > git for-each-ref --sort -committerdate --format %(refname) %(objectname) %(*objectname) [2ms]
2024-10-29 19:53:08.292 [info] > git status -z -uall [48ms]
2024-10-29 19:53:13.320 [info] > git config --get commit.template [6ms]
2024-10-29 19:53:13.321 [info] > git for-each-ref --format=%(refname)%00%(upstream:short)%00%(objectname)%00%(upstream:track)%00%(upstream:remotename)%00%(upstream:remoteref) refs/heads/main refs/remotes/main [2ms]
2024-10-29 19:53:13.331 [info] > git for-each-ref --sort -committerdate --format %(refname) %(objectname) %(*objectname) [2ms]
2024-10-29 19:53:13.367 [info] > git status -z -uall [42ms]
2024-10-29 19:53:18.392 [info] > git config --get commit.template [1ms]
2024-10-29 19:53:18.398 [info] > git for-each-ref --format=%(refname)%00%(upstream:short)%00%(objectname)%00%(upstream:track)%00%(upstream:remotename)%00%(upstream:remoteref) refs/heads/main refs/remotes/main [3ms]
2024-10-29 19:53:18.412 [info] > git for-each-ref --sort -committerdate --format %(refname) %(objectname) %(*objectname) [1ms]
2024-10-29 19:53:18.451 [info] > git status -z -uall [46ms]
2024-10-29 19:53:23.473 [info] > git config --get commit.template [1ms]
2024-10-29 19:53:23.483 [info] > git for-each-ref --format=%(refname)%00%(upstream:short)%00%(objectname)%00%(upstream:track)%00%(upstream:remotename)%00%(upstream:remoteref) refs/heads/main refs/remotes/main [3ms]
2024-10-29 19:53:23.496 [info] > git for-each-ref --sort -committerdate --format %(refname) %(objectname) %(*objectname) [1ms]
2024-10-29 19:53:23.534 [info] > git status -z -uall [47ms]
2024-10-29 19:53:28.562 [info] > git config --get commit.template [6ms]
2024-10-29 19:53:28.564 [info] > git for-each-ref --format=%(refname)%00%(upstream:short)%00%(objectname)%00%(upstream:track)%00%(upstream:remotename)%00%(upstream:remoteref) refs/heads/main refs/remotes/main [2ms]
2024-10-29 19:53:28.575 [info] > git for-each-ref --sort -committerdate --format %(refname) %(objectname) %(*objectname) [1ms]
2024-10-29 19:53:28.611 [info] > git status -z -uall [42ms]
2024-10-29 19:53:33.641 [info] > git config --get commit.template [5ms]
2024-10-29 19:53:33.642 [info] > git for-each-ref --format=%(refname)%00%(upstream:short)%00%(objectname)%00%(upstream:track)%00%(upstream:remotename)%00%(upstream:remoteref) refs/heads/main refs/remotes/main [2ms]
2024-10-29 19:53:33.655 [info] > git for-each-ref --sort -committerdate --format %(refname) %(objectname) %(*objectname) [1ms]
2024-10-29 19:53:33.698 [info] > git status -z -uall [50ms]
2024-10-29 19:53:38.728 [info] > git config --get commit.template [5ms]
2024-10-29 19:53:38.729 [info] > git for-each-ref --format=%(refname)%00%(upstream:short)%00%(objectname)%00%(upstream:track)%00%(upstream:remotename)%00%(upstream:remoteref) refs/heads/main refs/remotes/main [2ms]
2024-10-29 19:53:38.746 [info] > git for-each-ref --sort -committerdate --format %(refname) %(objectname) %(*objectname) [1ms]
2024-10-29 19:53:38.780 [info] > git status -z -uall [43ms]
2024-10-29 19:53:43.810 [info] > git config --get commit.template [6ms]
2024-10-29 19:53:43.812 [info] > git for-each-ref --format=%(refname)%00%(upstream:short)%00%(objectname)%00%(upstream:track)%00%(upstream:remotename)%00%(upstream:remoteref) refs/heads/main refs/remotes/main [3ms]
2024-10-29 19:53:43.826 [info] > git for-each-ref --sort -committerdate --format %(refname) %(objectname) %(*objectname) [0ms]
2024-10-29 19:53:43.863 [info] > git status -z -uall [43ms]
2024-10-29 19:53:48.896 [info] > git config --get commit.template [8ms]
2024-10-29 19:53:48.897 [info] > git for-each-ref --format=%(refname)%00%(upstream:short)%00%(objectname)%00%(upstream:track)%00%(upstream:remotename)%00%(upstream:remoteref) refs/heads/main refs/remotes/main [2ms]
2024-10-29 19:53:48.913 [info] > git for-each-ref --sort -committerdate --format %(refname) %(objectname) %(*objectname) [2ms]
2024-10-29 19:53:48.953 [info] > git status -z -uall [48ms]
2024-10-29 19:53:53.981 [info] > git config --get commit.template [1ms]
2024-10-29 19:53:53.991 [info] > git for-each-ref --format=%(refname)%00%(upstream:short)%00%(objectname)%00%(upstream:track)%00%(upstream:remotename)%00%(upstream:remoteref) refs/heads/main refs/remotes/main [3ms]
2024-10-29 19:53:54.006 [info] > git for-each-ref --sort -committerdate --format %(refname) %(objectname) %(*objectname) [2ms]
2024-10-29 19:53:54.043 [info] > git status -z -uall [46ms]
2024-10-29 19:53:56.428 [info] > git show --textconv :waybar/style.css [7ms]
2024-10-29 19:53:56.429 [info] > git ls-files --stage -- /home/Heryforce/.config/waybar/style.css [2ms]
2024-10-29 19:53:56.437 [info] > git cat-file -s 20574e1229b98bec2343af3c6f2c6b069aba882b [1ms]
2024-10-29 19:53:57.777 [info] > git show --textconv :kitty/kitty.conf [6ms]
2024-10-29 19:53:57.778 [info] > git ls-files --stage -- /home/Heryforce/.config/kitty/kitty.conf [2ms]
2024-10-29 19:53:57.783 [info] > git cat-file -s b5ae4e4bd14f9ee1bdaab5d66b686d1de2b14104 [1ms]
2024-10-29 19:53:59.082 [info] > git for-each-ref --format=%(refname)%00%(upstream:short)%00%(objectname)%00%(upstream:track)%00%(upstream:remotename)%00%(upstream:remoteref) refs/heads/main refs/remotes/main [9ms]
2024-10-29 19:53:59.082 [info] > git config --get commit.template [17ms]
2024-10-29 19:53:59.089 [info] > git show --textconv :dunst/dunstrc [8ms]
2024-10-29 19:53:59.090 [info] > git ls-files --stage -- /home/Heryforce/.config/dunst/dunstrc [2ms]
2024-10-29 19:53:59.105 [info] > git cat-file -s f5e2f6e5e0134f4a5d7ff78dc623f8d556386534 [10ms]
2024-10-29 19:53:59.106 [info] > git for-each-ref --sort -committerdate --format %(refname) %(objectname) %(*objectname) [1ms]
2024-10-29 19:53:59.147 [info] > git status -z -uall [48ms]
2024-10-29 19:54:04.182 [info] > git config --get commit.template [8ms]
2024-10-29 19:54:04.184 [info] > git for-each-ref --format=%(refname)%00%(upstream:short)%00%(objectname)%00%(upstream:track)%00%(upstream:remotename)%00%(upstream:remoteref) refs/heads/main refs/remotes/main [3ms]
2024-10-29 19:54:04.198 [info] > git for-each-ref --sort -committerdate --format %(refname) %(objectname) %(*objectname) [1ms]
2024-10-29 19:54:04.238 [info] > git status -z -uall [46ms]
2024-10-29 19:54:09.261 [info] > git config --get commit.template [1ms]
2024-10-29 19:54:09.269 [info] > git for-each-ref --format=%(refname)%00%(upstream:short)%00%(objectname)%00%(upstream:track)%00%(upstream:remotename)%00%(upstream:remoteref) refs/heads/main refs/remotes/main [2ms]
2024-10-29 19:54:09.282 [info] > git for-each-ref --sort -committerdate --format %(refname) %(objectname) %(*objectname) [1ms]
2024-10-29 19:54:09.319 [info] > git status -z -uall [43ms]
2024-10-29 19:54:14.349 [info] > git config --get commit.template [6ms]
2024-10-29 19:54:14.350 [info] > git for-each-ref --format=%(refname)%00%(upstream:short)%00%(objectname)%00%(upstream:track)%00%(upstream:remotename)%00%(upstream:remoteref) refs/heads/main refs/remotes/main [1ms]
2024-10-29 19:54:14.367 [info] > git for-each-ref --sort -committerdate --format %(refname) %(objectname) %(*objectname) [2ms]
2024-10-29 19:54:14.404 [info] > git status -z -uall [47ms]
2024-10-29 19:54:19.427 [info] > git config --get commit.template [1ms]
2024-10-29 19:54:19.434 [info] > git for-each-ref --format=%(refname)%00%(upstream:short)%00%(objectname)%00%(upstream:track)%00%(upstream:remotename)%00%(upstream:remoteref) refs/heads/main refs/remotes/main [2ms]
2024-10-29 19:54:19.448 [info] > git for-each-ref --sort -committerdate --format %(refname) %(objectname) %(*objectname) [1ms]
2024-10-29 19:54:19.485 [info] > git status -z -uall [44ms]
2024-10-29 19:54:24.516 [info] > git config --get commit.template [5ms]
2024-10-29 19:54:24.517 [info] > git for-each-ref --format=%(refname)%00%(upstream:short)%00%(objectname)%00%(upstream:track)%00%(upstream:remotename)%00%(upstream:remoteref) refs/heads/main refs/remotes/main [2ms]
2024-10-29 19:54:24.557 [info] > git for-each-ref --sort -committerdate --format %(refname) %(objectname) %(*objectname) [1ms]
2024-10-29 19:54:24.595 [info] > git status -z -uall [46ms]
2024-10-29 19:54:29.625 [info] > git config --get commit.template [9ms]
2024-10-29 19:54:29.626 [info] > git for-each-ref --format=%(refname)%00%(upstream:short)%00%(objectname)%00%(upstream:track)%00%(upstream:remotename)%00%(upstream:remoteref) refs/heads/main refs/remotes/main [2ms]
2024-10-29 19:54:29.638 [info] > git for-each-ref --sort -committerdate --format %(refname) %(objectname) %(*objectname) [1ms]
2024-10-29 19:54:29.678 [info] > git status -z -uall [46ms]
2024-10-29 19:54:34.712 [info] > git config --get commit.template [9ms]
2024-10-29 19:54:34.713 [info] > git for-each-ref --format=%(refname)%00%(upstream:short)%00%(objectname)%00%(upstream:track)%00%(upstream:remotename)%00%(upstream:remoteref) refs/heads/main refs/remotes/main [2ms]
2024-10-29 19:54:34.728 [info] > git for-each-ref --sort -committerdate --format %(refname) %(objectname) %(*objectname) [2ms]
2024-10-29 19:54:34.766 [info] > git status -z -uall [46ms]
2024-10-29 19:54:39.791 [info] > git config --get commit.template [1ms]
2024-10-29 19:54:39.798 [info] > git for-each-ref --format=%(refname)%00%(upstream:short)%00%(objectname)%00%(upstream:track)%00%(upstream:remotename)%00%(upstream:remoteref) refs/heads/main refs/remotes/main [2ms]
2024-10-29 19:54:39.829 [info] > git for-each-ref --sort -committerdate --format %(refname) %(objectname) %(*objectname) [1ms]
2024-10-29 19:54:39.867 [info] > git status -z -uall [44ms]
2024-10-29 19:54:44.902 [info] > git config --get commit.template [9ms]
2024-10-29 19:54:44.903 [info] > git for-each-ref --format=%(refname)%00%(upstream:short)%00%(objectname)%00%(upstream:track)%00%(upstream:remotename)%00%(upstream:remoteref) refs/heads/main refs/remotes/main [3ms]
2024-10-29 19:54:44.919 [info] > git for-each-ref --sort -committerdate --format %(refname) %(objectname) %(*objectname) [2ms]
2024-10-29 19:54:44.964 [info] > git status -z -uall [53ms]
2024-10-29 19:54:49.993 [info] > git config --get commit.template [7ms]
2024-10-29 19:54:49.993 [info] > git for-each-ref --format=%(refname)%00%(upstream:short)%00%(objectname)%00%(upstream:track)%00%(upstream:remotename)%00%(upstream:remoteref) refs/heads/main refs/remotes/main [0ms]
2024-10-29 19:54:50.003 [info] > git for-each-ref --sort -committerdate --format %(refname) %(objectname) %(*objectname) [1ms]
2024-10-29 19:54:50.044 [info] > git status -z -uall [47ms]
2024-10-29 19:54:55.082 [info] > git config --get commit.template [9ms]
2024-10-29 19:54:55.083 [info] > git for-each-ref --format=%(refname)%00%(upstream:short)%00%(objectname)%00%(upstream:track)%00%(upstream:remotename)%00%(upstream:remoteref) refs/heads/main refs/remotes/main [2ms]
2024-10-29 19:54:55.099 [info] > git for-each-ref --sort -committerdate --format %(refname) %(objectname) %(*objectname) [3ms]
2024-10-29 19:54:55.136 [info] > git status -z -uall [45ms]
2024-10-29 19:55:00.170 [info] > git config --get commit.template [8ms]
2024-10-29 19:55:00.172 [info] > git for-each-ref --format=%(refname)%00%(upstream:short)%00%(objectname)%00%(upstream:track)%00%(upstream:remotename)%00%(upstream:remoteref) refs/heads/main refs/remotes/main [3ms]
2024-10-29 19:55:00.187 [info] > git for-each-ref --sort -committerdate --format %(refname) %(objectname) %(*objectname) [2ms]
2024-10-29 19:55:00.234 [info] > git status -z -uall [55ms]
2024-10-29 19:55:05.270 [info] > git config --get commit.template [10ms]
2024-10-29 19:55:05.272 [info] > git for-each-ref --format=%(refname)%00%(upstream:short)%00%(objectname)%00%(upstream:track)%00%(upstream:remotename)%00%(upstream:remoteref) refs/heads/main refs/remotes/main [1ms]
2024-10-29 19:55:05.286 [info] > git for-each-ref --sort -committerdate --format %(refname) %(objectname) %(*objectname) [2ms]
2024-10-29 19:55:05.321 [info] > git status -z -uall [43ms]
2024-10-29 19:55:06.362 [info] > git show --textconv :hypr/hypridle.conf [9ms]
2024-10-29 19:55:06.364 [info] > git ls-files --stage -- /home/Heryforce/.config/hypr/hypridle.conf [3ms]
2024-10-29 19:55:06.372 [info] > git cat-file -s 9b1d0d865b311096638b34216faf746c6c58338d [2ms]
2024-10-29 19:55:07.049 [info] > git show --textconv :waybar/style.css [8ms]
2024-10-29 19:55:07.051 [info] > git ls-files --stage -- /home/Heryforce/.config/waybar/style.css [3ms]
2024-10-29 19:55:07.059 [info] > git cat-file -s 20574e1229b98bec2343af3c6f2c6b069aba882b [2ms]
2024-10-29 19:55:07.369 [info] > git show --textconv :hypr/hyprland.conf [8ms]
2024-10-29 19:55:07.371 [info] > git ls-files --stage -- /home/Heryforce/.config/hypr/hyprland.conf [3ms]
2024-10-29 19:55:07.380 [info] > git cat-file -s 3aaef507266a7ee9595dfa608e6e69e8e8bbb2c4 [2ms]
2024-10-29 19:55:10.352 [info] > git config --get commit.template [9ms]
2024-10-29 19:55:10.353 [info] > git for-each-ref --format=%(refname)%00%(upstream:short)%00%(objectname)%00%(upstream:track)%00%(upstream:remotename)%00%(upstream:remoteref) refs/heads/main refs/remotes/main [2ms]
2024-10-29 19:55:10.366 [info] > git for-each-ref --sort -committerdate --format %(refname) %(objectname) %(*objectname) [2ms]
2024-10-29 19:55:10.401 [info] > git status -z -uall [44ms]
2024-10-29 19:55:15.426 [info] > git config --get commit.template [2ms]
2024-10-29 19:55:15.436 [info] > git for-each-ref --format=%(refname)%00%(upstream:short)%00%(objectname)%00%(upstream:track)%00%(upstream:remotename)%00%(upstream:remoteref) refs/heads/main refs/remotes/main [2ms]
2024-10-29 19:55:15.452 [info] > git for-each-ref --sort -committerdate --format %(refname) %(objectname) %(*objectname) [2ms]
2024-10-29 19:55:15.489 [info] > git status -z -uall [46ms]
2024-10-29 19:55:20.509 [info] > git config --get commit.template [1ms]
2024-10-29 19:55:20.514 [info] > git for-each-ref --format=%(refname)%00%(upstream:short)%00%(objectname)%00%(upstream:track)%00%(upstream:remotename)%00%(upstream:remoteref) refs/heads/main refs/remotes/main [1ms]
2024-10-29 19:55:20.525 [info] > git for-each-ref --sort -committerdate --format %(refname) %(objectname) %(*objectname) [2ms]
2024-10-29 19:55:20.564 [info] > git status -z -uall [45ms]
2024-10-29 19:55:25.598 [info] > git config --get commit.template [1ms]
2024-10-29 19:55:25.604 [info] > git for-each-ref --format=%(refname)%00%(upstream:short)%00%(objectname)%00%(upstream:track)%00%(upstream:remotename)%00%(upstream:remoteref) refs/heads/main refs/remotes/main [2ms]
2024-10-29 19:55:25.617 [info] > git for-each-ref --sort -committerdate --format %(refname) %(objectname) %(*objectname) [1ms]
2024-10-29 19:55:25.656 [info] > git status -z -uall [43ms]
2024-10-29 19:55:30.687 [info] > git config --get commit.template [9ms]
2024-10-29 19:55:30.689 [info] > git for-each-ref --format=%(refname)%00%(upstream:short)%00%(objectname)%00%(upstream:track)%00%(upstream:remotename)%00%(upstream:remoteref) refs/heads/main refs/remotes/main [3ms]
2024-10-29 19:55:30.704 [info] > git for-each-ref --sort -committerdate --format %(refname) %(objectname) %(*objectname) [1ms]
2024-10-29 19:55:30.743 [info] > git status -z -uall [47ms]
2024-10-29 19:55:35.766 [info] > git config --get commit.template [1ms]
2024-10-29 19:55:35.774 [info] > git for-each-ref --format=%(refname)%00%(upstream:short)%00%(objectname)%00%(upstream:track)%00%(upstream:remotename)%00%(upstream:remoteref) refs/heads/main refs/remotes/main [3ms]
2024-10-29 19:55:35.786 [info] > git for-each-ref --sort -committerdate --format %(refname) %(objectname) %(*objectname) [2ms]
2024-10-29 19:55:35.820 [info] > git status -z -uall [43ms]
2024-10-29 19:55:40.841 [info] > git config --get commit.template [1ms]
2024-10-29 19:55:40.846 [info] > git for-each-ref --format=%(refname)%00%(upstream:short)%00%(objectname)%00%(upstream:track)%00%(upstream:remotename)%00%(upstream:remoteref) refs/heads/main refs/remotes/main [1ms]
2024-10-29 19:55:40.856 [info] > git for-each-ref --sort -committerdate --format %(refname) %(objectname) %(*objectname) [1ms]
2024-10-29 19:55:40.895 [info] > git status -z -uall [45ms]
2024-10-29 19:55:45.921 [info] > git config --get commit.template [1ms]
2024-10-29 19:55:45.929 [info] > git for-each-ref --format=%(refname)%00%(upstream:short)%00%(objectname)%00%(upstream:track)%00%(upstream:remotename)%00%(upstream:remoteref) refs/heads/main refs/remotes/main [3ms]
2024-10-29 19:55:45.944 [info] > git for-each-ref --sort -committerdate --format %(refname) %(objectname) %(*objectname) [2ms]
2024-10-29 19:55:45.982 [info] > git status -z -uall [46ms]
2024-10-29 19:55:51.012 [info] > git config --get commit.template [7ms]
2024-10-29 19:55:51.013 [info] > git for-each-ref --format=%(refname)%00%(upstream:short)%00%(objectname)%00%(upstream:track)%00%(upstream:remotename)%00%(upstream:remoteref) refs/heads/main refs/remotes/main [1ms]
2024-10-29 19:55:51.027 [info] > git for-each-ref --sort -committerdate --format %(refname) %(objectname) %(*objectname) [1ms]
2024-10-29 19:55:51.065 [info] > git status -z -uall [44ms]
2024-10-29 19:55:56.087 [info] > git config --get commit.template [2ms]
2024-10-29 19:55:56.091 [info] > git for-each-ref --format=%(refname)%00%(upstream:short)%00%(objectname)%00%(upstream:track)%00%(upstream:remotename)%00%(upstream:remoteref) refs/heads/main refs/remotes/main [1ms]
2024-10-29 19:55:56.101 [info] > git for-each-ref --sort -committerdate --format %(refname) %(objectname) %(*objectname) [1ms]
2024-10-29 19:55:56.137 [info] > git status -z -uall [41ms]
2024-10-29 19:56:01.165 [info] > git config --get commit.template [7ms]
2024-10-29 19:56:01.165 [info] > git for-each-ref --format=%(refname)%00%(upstream:short)%00%(objectname)%00%(upstream:track)%00%(upstream:remotename)%00%(upstream:remoteref) refs/heads/main refs/remotes/main [1ms]
2024-10-29 19:56:01.176 [info] > git for-each-ref --sort -committerdate --format %(refname) %(objectname) %(*objectname) [1ms]
2024-10-29 19:56:01.218 [info] > git status -z -uall [48ms]
