2024-10-23 23:40:39.884 [info] Extension host with pid 25511 started
2024-10-23 23:40:39.884 [info] Skipping acquiring lock for /home/Heryforce/.config/VSCodium/User/workspaceStorage/1cda70b88a7f9558a940c4a576b54b94.
2024-10-23 23:40:40.036 [info] ExtensionService#_doActivateExtension vscode.emmet, startup: false, activationEvent: 'onLanguage'
2024-10-23 23:40:40.056 [info] ExtensionService#_doActivateExtension vscode.configuration-editing, startup: false, activationEvent: 'onLanguage:jsonc'
2024-10-23 23:40:40.069 [info] ExtensionService#_doActivateExtension vscode.json-language-features, startup: false, activationEvent: 'onLanguage:jsonc'
2024-10-23 23:40:40.127 [info] ExtensionService#_doActivateExtension vscode.typescript-language-features, startup: false, activationEvent: 'onLanguage:jsonc'
2024-10-23 23:40:40.476 [info] ExtensionService#_doActivateExtension vscode.git-base, startup: true, activationEvent: '*', root cause: vscode.git
2024-10-23 23:40:40.489 [info] ExtensionService#_doActivateExtension vscode.git, startup: true, activationEvent: '*'
2024-10-23 23:40:40.570 [info] ExtensionService#_doActivateExtension vscode.github, startup: true, activationEvent: '*'
2024-10-23 23:40:40.625 [info] Eager extensions activated
2024-10-23 23:40:40.643 [info] ExtensionService#_doActivateExtension vscode.debug-auto-launch, startup: false, activationEvent: 'onStartupFinished'
2024-10-23 23:40:40.645 [info] ExtensionService#_doActivateExtension vscode.merge-conflict, startup: false, activationEvent: 'onStartupFinished'
2024-10-23 23:40:40.767 [warning] [Decorations] CAPPING events from decorations provider vscode.git 711
2024-10-23 23:40:40.892 [info] ExtensionService#_doActivateExtension vscode.github-authentication, startup: false, activationEvent: 'onAuthenticationRequest:github'
2024-10-23 23:40:41.001 [warning] [Decorations] CAPPING events from decorations provider vscode.git 712
2024-10-23 23:40:43.318 [warning] [Decorations] CAPPING events from decorations provider vscode.git 712
2024-10-23 23:49:46.860 [warning] [Decorations] CAPPING events from decorations provider vscode.git 742
2024-10-23 23:49:51.925 [warning] [Decorations] CAPPING events from decorations provider vscode.git 741
2024-10-23 23:49:56.996 [warning] [Decorations] CAPPING events from decorations provider vscode.git 741
2024-10-23 23:50:02.054 [warning] [Decorations] CAPPING events from decorations provider vscode.git 741
2024-10-23 23:50:07.135 [warning] [Decorations] CAPPING events from decorations provider vscode.git 742
