2024-10-24 00:27:09.925 [info] [main] Log level: Info
2024-10-24 00:27:09.925 [info] [main] Validating found git in: "git"
2024-10-24 00:27:09.925 [info] [main] Using git "2.47.0" from "git"
2024-10-24 00:27:09.925 [info] [Model][doInitialScan] Initial repository scan started
2024-10-24 00:27:09.925 [info] > git rev-parse --show-toplevel [5ms]
2024-10-24 00:27:09.925 [info] > git rev-parse --git-dir --git-common-dir [5ms]
2024-10-24 00:27:09.925 [info] [Model][openRepository] Opened repository: /home/Heryforce/.config
2024-10-24 00:27:09.926 [info] > git rev-parse --show-toplevel [6ms]
2024-10-24 00:27:09.928 [info] > git config --get commit.template [2ms]
2024-10-24 00:27:09.936 [info] > git for-each-ref --format=%(refname)%00%(upstream:short)%00%(objectname)%00%(upstream:track)%00%(upstream:remotename)%00%(upstream:remoteref) refs/heads/main refs/remotes/main [3ms]
2024-10-24 00:27:09.950 [info] > git for-each-ref --sort -committerdate --format %(refname) %(objectname) %(*objectname) [2ms]
2024-10-24 00:27:09.957 [info] > git rev-parse --show-toplevel [1ms]
2024-10-24 00:27:09.962 [info] > git rev-parse --show-toplevel [1ms]
2024-10-24 00:27:09.968 [info] > git rev-parse --show-toplevel [1ms]
2024-10-24 00:27:09.975 [info] > git rev-parse --show-toplevel [2ms]
2024-10-24 00:27:09.980 [info] > git rev-parse --show-toplevel [1ms]
2024-10-24 00:27:09.985 [info] > git rev-parse --show-toplevel [1ms]
2024-10-24 00:27:09.990 [info] > git rev-parse --show-toplevel [1ms]
2024-10-24 00:27:09.996 [info] > git rev-parse --show-toplevel [1ms]
2024-10-24 00:27:10.000 [info] > git rev-parse --show-toplevel [0ms]
2024-10-24 00:27:10.006 [info] > git status -z -uall [63ms]
2024-10-24 00:27:10.006 [info] > git rev-parse --show-toplevel [2ms]
2024-10-24 00:27:10.103 [info] > git for-each-ref --format=%(refname)%00%(upstream:short)%00%(objectname)%00%(upstream:track)%00%(upstream:remotename)%00%(upstream:remoteref) refs/heads/main refs/remotes/main [77ms]
2024-10-24 00:27:10.111 [info] > git config --local branch.main.vscode-merge-base [3ms]
2024-10-24 00:27:10.111 [warning] [Git][config] git config failed: Failed to execute git
2024-10-24 00:27:10.117 [info] > git config --get commit.template [15ms]
2024-10-24 00:27:10.117 [info] > git rev-parse --show-toplevel [19ms]
2024-10-24 00:27:10.150 [info] > git reflog main --grep-reflog=branch: Created from *. [33ms]
2024-10-24 00:27:10.161 [info] > git symbolic-ref --short refs/remotes/origin/HEAD [7ms]
2024-10-24 00:27:10.161 [info] fatal: ref refs/remotes/origin/HEAD is not a symbolic ref
2024-10-24 00:27:10.161 [warning] [Repository][getDefaultBranch] Failed to get default branch details: Failed to execute git.
2024-10-24 00:27:10.166 [info] > git rev-parse --show-toplevel [18ms]
2024-10-24 00:27:10.172 [info] > git merge-base refs/heads/main refs/remotes/origin/main [6ms]
2024-10-24 00:27:10.177 [info] > git for-each-ref --format=%(refname)%00%(upstream:short)%00%(objectname)%00%(upstream:track)%00%(upstream:remotename)%00%(upstream:remoteref) refs/heads/main refs/remotes/main [16ms]
2024-10-24 00:27:10.178 [info] > git rev-parse --show-toplevel [7ms]
2024-10-24 00:27:10.179 [info] > git diff --name-status -z --diff-filter=ADMR 89bb1eee961d013cd994e3b65d4dd8d3e3334beb...refs/remotes/origin/main [2ms]
2024-10-24 00:27:10.194 [info] > git rev-parse --show-toplevel [11ms]
2024-10-24 00:27:10.198 [info] > git for-each-ref --sort -committerdate --format %(refname) %(objectname) %(*objectname) [5ms]
2024-10-24 00:27:10.199 [info] > git rev-parse --show-toplevel [2ms]
2024-10-24 00:27:10.205 [info] > git rev-parse --show-toplevel [1ms]
2024-10-24 00:27:10.210 [info] > git rev-parse --show-toplevel [1ms]
2024-10-24 00:27:10.214 [info] > git rev-parse --show-toplevel [0ms]
2024-10-24 00:27:10.215 [info] [Model][doInitialScan] Initial repository scan completed - repositories (1), closed repositories (0), parent repositories (0), unsafe repositories (0)
2024-10-24 00:27:10.223 [info] > git status -z -uall [35ms]
2024-10-24 00:27:10.445 [info] > git check-ignore -v -z --stdin [1ms]
2024-10-24 00:27:10.588 [info] > git show --textconv :waybar/style.css [7ms]
2024-10-24 00:27:10.589 [info] > git ls-files --stage -- /home/Heryforce/.config/waybar/style.css [2ms]
2024-10-24 00:27:10.595 [info] > git cat-file -s b3385769822b6ec03d58fe9d0d7e23895366b0a8 [1ms]
2024-10-24 00:27:12.455 [info] > git config --get commit.template [7ms]
2024-10-24 00:27:12.456 [info] > git for-each-ref --format=%(refname)%00%(upstream:short)%00%(objectname)%00%(upstream:track)%00%(upstream:remotename)%00%(upstream:remoteref) refs/heads/main refs/remotes/main [1ms]
2024-10-24 00:27:12.468 [info] > git for-each-ref --sort -committerdate --format %(refname) %(objectname) %(*objectname) [1ms]
2024-10-24 00:27:12.494 [info] > git status -z -uall [33ms]
2024-10-24 00:27:17.515 [info] > git config --get commit.template [1ms]
2024-10-24 00:27:17.520 [info] > git for-each-ref --format=%(refname)%00%(upstream:short)%00%(objectname)%00%(upstream:track)%00%(upstream:remotename)%00%(upstream:remoteref) refs/heads/main refs/remotes/main [1ms]
2024-10-24 00:27:17.529 [info] > git for-each-ref --sort -committerdate --format %(refname) %(objectname) %(*objectname) [1ms]
2024-10-24 00:27:17.557 [info] > git status -z -uall [33ms]
2024-10-24 00:27:22.583 [info] > git config --get commit.template [8ms]
2024-10-24 00:27:22.584 [info] > git for-each-ref --format=%(refname)%00%(upstream:short)%00%(objectname)%00%(upstream:track)%00%(upstream:remotename)%00%(upstream:remoteref) refs/heads/main refs/remotes/main [2ms]
2024-10-24 00:27:22.598 [info] > git for-each-ref --sort -committerdate --format %(refname) %(objectname) %(*objectname) [1ms]
2024-10-24 00:27:22.624 [info] > git status -z -uall [33ms]
2024-10-24 00:27:27.640 [info] > git config --get commit.template [1ms]
2024-10-24 00:27:27.648 [info] > git for-each-ref --format=%(refname)%00%(upstream:short)%00%(objectname)%00%(upstream:track)%00%(upstream:remotename)%00%(upstream:remoteref) refs/heads/main refs/remotes/main [2ms]
2024-10-24 00:27:27.662 [info] > git for-each-ref --sort -committerdate --format %(refname) %(objectname) %(*objectname) [2ms]
2024-10-24 00:27:27.684 [info] > git status -z -uall [30ms]
2024-10-24 00:29:17.939 [info] > git config --get commit.template [1ms]
2024-10-24 00:29:17.946 [info] > git for-each-ref --format=%(refname)%00%(upstream:short)%00%(objectname)%00%(upstream:track)%00%(upstream:remotename)%00%(upstream:remoteref) refs/heads/main refs/remotes/main [1ms]
2024-10-24 00:29:17.957 [info] > git for-each-ref --sort -committerdate --format %(refname) %(objectname) %(*objectname) [1ms]
2024-10-24 00:29:17.983 [info] > git status -z -uall [32ms]
2024-10-24 00:29:22.528 [info] > git show --textconv :waybar/config.jsonc [7ms]
2024-10-24 00:29:22.529 [info] > git ls-files --stage -- /home/Heryforce/.config/waybar/config.jsonc [2ms]
2024-10-24 00:29:22.536 [info] > git cat-file -s 2110111829556e9f85fc17179baeb4231e20b165 [1ms]
2024-10-24 00:29:23.011 [info] > git config --get commit.template [10ms]
2024-10-24 00:29:23.012 [info] > git for-each-ref --format=%(refname)%00%(upstream:short)%00%(objectname)%00%(upstream:track)%00%(upstream:remotename)%00%(upstream:remoteref) refs/heads/main refs/remotes/main [2ms]
2024-10-24 00:29:23.030 [info] > git for-each-ref --sort -committerdate --format %(refname) %(objectname) %(*objectname) [3ms]
2024-10-24 00:29:23.060 [info] > git status -z -uall [40ms]
2024-10-24 00:29:24.451 [info] > git show --textconv :waybar/style.css [8ms]
2024-10-24 00:29:24.452 [info] > git ls-files --stage -- /home/Heryforce/.config/waybar/style.css [2ms]
2024-10-24 00:29:24.460 [info] > git cat-file -s b3385769822b6ec03d58fe9d0d7e23895366b0a8 [2ms]
2024-10-24 00:29:28.074 [info] > git config --get commit.template [0ms]
2024-10-24 00:29:28.079 [info] > git for-each-ref --format=%(refname)%00%(upstream:short)%00%(objectname)%00%(upstream:track)%00%(upstream:remotename)%00%(upstream:remoteref) refs/heads/main refs/remotes/main [1ms]
2024-10-24 00:29:28.090 [info] > git for-each-ref --sort -committerdate --format %(refname) %(objectname) %(*objectname) [2ms]
2024-10-24 00:29:28.114 [info] > git status -z -uall [31ms]
2024-10-24 00:29:33.133 [info] > git config --get commit.template [6ms]
2024-10-24 00:29:33.133 [info] > git for-each-ref --format=%(refname)%00%(upstream:short)%00%(objectname)%00%(upstream:track)%00%(upstream:remotename)%00%(upstream:remoteref) refs/heads/main refs/remotes/main [1ms]
2024-10-24 00:29:33.144 [info] > git for-each-ref --sort -committerdate --format %(refname) %(objectname) %(*objectname) [1ms]
2024-10-24 00:29:33.169 [info] > git status -z -uall [31ms]
2024-10-24 00:29:38.187 [info] > git config --get commit.template [2ms]
2024-10-24 00:29:38.192 [info] > git for-each-ref --format=%(refname)%00%(upstream:short)%00%(objectname)%00%(upstream:track)%00%(upstream:remotename)%00%(upstream:remoteref) refs/heads/main refs/remotes/main [1ms]
2024-10-24 00:29:38.201 [info] > git for-each-ref --sort -committerdate --format %(refname) %(objectname) %(*objectname) [1ms]
2024-10-24 00:29:38.222 [info] > git status -z -uall [27ms]
2024-10-24 00:29:43.237 [info] > git config --get commit.template [0ms]
2024-10-24 00:29:43.242 [info] > git for-each-ref --format=%(refname)%00%(upstream:short)%00%(objectname)%00%(upstream:track)%00%(upstream:remotename)%00%(upstream:remoteref) refs/heads/main refs/remotes/main [1ms]
2024-10-24 00:29:43.252 [info] > git for-each-ref --sort -committerdate --format %(refname) %(objectname) %(*objectname) [1ms]
2024-10-24 00:29:43.273 [info] > git status -z -uall [27ms]
2024-10-24 00:29:48.286 [info] > git config --get commit.template [1ms]
2024-10-24 00:29:48.291 [info] > git for-each-ref --format=%(refname)%00%(upstream:short)%00%(objectname)%00%(upstream:track)%00%(upstream:remotename)%00%(upstream:remoteref) refs/heads/main refs/remotes/main [1ms]
2024-10-24 00:29:48.300 [info] > git for-each-ref --sort -committerdate --format %(refname) %(objectname) %(*objectname) [1ms]
2024-10-24 00:29:48.323 [info] > git status -z -uall [28ms]
2024-10-24 00:29:53.345 [info] > git config --get commit.template [1ms]
2024-10-24 00:29:53.351 [info] > git for-each-ref --format=%(refname)%00%(upstream:short)%00%(objectname)%00%(upstream:track)%00%(upstream:remotename)%00%(upstream:remoteref) refs/heads/main refs/remotes/main [2ms]
2024-10-24 00:29:53.386 [info] > git for-each-ref --sort -committerdate --format %(refname) %(objectname) %(*objectname) [2ms]
2024-10-24 00:29:53.407 [info] > git status -z -uall [30ms]
2024-10-24 00:29:58.420 [info] > git config --get commit.template [1ms]
2024-10-24 00:29:58.424 [info] > git for-each-ref --format=%(refname)%00%(upstream:short)%00%(objectname)%00%(upstream:track)%00%(upstream:remotename)%00%(upstream:remoteref) refs/heads/main refs/remotes/main [1ms]
2024-10-24 00:29:58.451 [info] > git for-each-ref --sort -committerdate --format %(refname) %(objectname) %(*objectname) [1ms]
2024-10-24 00:29:58.475 [info] > git status -z -uall [28ms]
2024-10-24 00:30:03.492 [info] > git config --get commit.template [5ms]
2024-10-24 00:30:03.493 [info] > git for-each-ref --format=%(refname)%00%(upstream:short)%00%(objectname)%00%(upstream:track)%00%(upstream:remotename)%00%(upstream:remoteref) refs/heads/main refs/remotes/main [2ms]
2024-10-24 00:30:03.501 [info] > git for-each-ref --sort -committerdate --format %(refname) %(objectname) %(*objectname) [1ms]
2024-10-24 00:30:03.523 [info] > git status -z -uall [27ms]
2024-10-24 00:30:08.548 [info] > git config --get commit.template [9ms]
2024-10-24 00:30:08.550 [info] > git for-each-ref --format=%(refname)%00%(upstream:short)%00%(objectname)%00%(upstream:track)%00%(upstream:remotename)%00%(upstream:remoteref) refs/heads/main refs/remotes/main [3ms]
2024-10-24 00:30:08.566 [info] > git for-each-ref --sort -committerdate --format %(refname) %(objectname) %(*objectname) [2ms]
2024-10-24 00:30:08.594 [info] > git status -z -uall [37ms]
2024-10-24 00:30:13.613 [info] > git config --get commit.template [1ms]
2024-10-24 00:30:13.618 [info] > git for-each-ref --format=%(refname)%00%(upstream:short)%00%(objectname)%00%(upstream:track)%00%(upstream:remotename)%00%(upstream:remoteref) refs/heads/main refs/remotes/main [1ms]
2024-10-24 00:30:13.626 [info] > git for-each-ref --sort -committerdate --format %(refname) %(objectname) %(*objectname) [1ms]
2024-10-24 00:30:13.649 [info] > git status -z -uall [28ms]
2024-10-24 00:30:18.673 [info] > git config --get commit.template [8ms]
2024-10-24 00:30:18.675 [info] > git for-each-ref --format=%(refname)%00%(upstream:short)%00%(objectname)%00%(upstream:track)%00%(upstream:remotename)%00%(upstream:remoteref) refs/heads/main refs/remotes/main [3ms]
2024-10-24 00:30:18.689 [info] > git for-each-ref --sort -committerdate --format %(refname) %(objectname) %(*objectname) [2ms]
2024-10-24 00:30:18.711 [info] > git status -z -uall [30ms]
2024-10-24 00:30:23.726 [info] > git config --get commit.template [1ms]
2024-10-24 00:30:23.731 [info] > git for-each-ref --format=%(refname)%00%(upstream:short)%00%(objectname)%00%(upstream:track)%00%(upstream:remotename)%00%(upstream:remoteref) refs/heads/main refs/remotes/main [1ms]
2024-10-24 00:30:23.740 [info] > git for-each-ref --sort -committerdate --format %(refname) %(objectname) %(*objectname) [1ms]
2024-10-24 00:30:23.762 [info] > git status -z -uall [27ms]
2024-10-24 00:30:28.786 [info] > git config --get commit.template [6ms]
2024-10-24 00:30:28.787 [info] > git for-each-ref --format=%(refname)%00%(upstream:short)%00%(objectname)%00%(upstream:track)%00%(upstream:remotename)%00%(upstream:remoteref) refs/heads/main refs/remotes/main [3ms]
2024-10-24 00:30:28.798 [info] > git for-each-ref --sort -committerdate --format %(refname) %(objectname) %(*objectname) [1ms]
2024-10-24 00:30:28.824 [info] > git status -z -uall [32ms]
2024-10-24 00:30:33.849 [info] > git config --get commit.template [5ms]
2024-10-24 00:30:33.850 [info] > git for-each-ref --format=%(refname)%00%(upstream:short)%00%(objectname)%00%(upstream:track)%00%(upstream:remotename)%00%(upstream:remoteref) refs/heads/main refs/remotes/main [2ms]
2024-10-24 00:30:33.868 [info] > git for-each-ref --sort -committerdate --format %(refname) %(objectname) %(*objectname) [3ms]
2024-10-24 00:30:33.896 [info] > git status -z -uall [38ms]
2024-10-24 00:30:38.912 [info] > git config --get commit.template [1ms]
2024-10-24 00:30:38.918 [info] > git for-each-ref --format=%(refname)%00%(upstream:short)%00%(objectname)%00%(upstream:track)%00%(upstream:remotename)%00%(upstream:remoteref) refs/heads/main refs/remotes/main [1ms]
2024-10-24 00:30:38.928 [info] > git for-each-ref --sort -committerdate --format %(refname) %(objectname) %(*objectname) [1ms]
2024-10-24 00:30:38.953 [info] > git status -z -uall [30ms]
2024-10-24 00:30:43.978 [info] > git config --get commit.template [8ms]
2024-10-24 00:30:43.979 [info] > git for-each-ref --format=%(refname)%00%(upstream:short)%00%(objectname)%00%(upstream:track)%00%(upstream:remotename)%00%(upstream:remoteref) refs/heads/main refs/remotes/main [2ms]
2024-10-24 00:30:43.995 [info] > git for-each-ref --sort -committerdate --format %(refname) %(objectname) %(*objectname) [2ms]
2024-10-24 00:30:44.019 [info] > git status -z -uall [32ms]
2024-10-24 00:30:49.043 [info] > git config --get commit.template [9ms]
2024-10-24 00:30:49.044 [info] > git for-each-ref --format=%(refname)%00%(upstream:short)%00%(objectname)%00%(upstream:track)%00%(upstream:remotename)%00%(upstream:remoteref) refs/heads/main refs/remotes/main [2ms]
2024-10-24 00:30:49.056 [info] > git for-each-ref --sort -committerdate --format %(refname) %(objectname) %(*objectname) [2ms]
2024-10-24 00:30:49.082 [info] > git status -z -uall [34ms]
2024-10-24 00:30:54.105 [info] > git config --get commit.template [7ms]
2024-10-24 00:30:54.107 [info] > git for-each-ref --format=%(refname)%00%(upstream:short)%00%(objectname)%00%(upstream:track)%00%(upstream:remotename)%00%(upstream:remoteref) refs/heads/main refs/remotes/main [2ms]
2024-10-24 00:30:54.123 [info] > git for-each-ref --sort -committerdate --format %(refname) %(objectname) %(*objectname) [2ms]
2024-10-24 00:30:54.148 [info] > git status -z -uall [34ms]
2024-10-24 00:30:59.164 [info] > git config --get commit.template [2ms]
2024-10-24 00:30:59.170 [info] > git for-each-ref --format=%(refname)%00%(upstream:short)%00%(objectname)%00%(upstream:track)%00%(upstream:remotename)%00%(upstream:remoteref) refs/heads/main refs/remotes/main [2ms]
2024-10-24 00:30:59.180 [info] > git for-each-ref --sort -committerdate --format %(refname) %(objectname) %(*objectname) [1ms]
2024-10-24 00:30:59.201 [info] > git status -z -uall [25ms]
2024-10-24 00:31:04.212 [info] > git config --get commit.template [1ms]
2024-10-24 00:31:04.217 [info] > git for-each-ref --format=%(refname)%00%(upstream:short)%00%(objectname)%00%(upstream:track)%00%(upstream:remotename)%00%(upstream:remoteref) refs/heads/main refs/remotes/main [1ms]
2024-10-24 00:31:04.231 [info] > git for-each-ref --sort -committerdate --format %(refname) %(objectname) %(*objectname) [2ms]
2024-10-24 00:31:04.252 [info] > git status -z -uall [28ms]
2024-10-24 00:31:09.267 [info] > git config --get commit.template [1ms]
2024-10-24 00:31:09.275 [info] > git for-each-ref --format=%(refname)%00%(upstream:short)%00%(objectname)%00%(upstream:track)%00%(upstream:remotename)%00%(upstream:remoteref) refs/heads/main refs/remotes/main [3ms]
2024-10-24 00:31:09.292 [info] > git for-each-ref --sort -committerdate --format %(refname) %(objectname) %(*objectname) [3ms]
2024-10-24 00:31:09.312 [info] > git status -z -uall [29ms]
2024-10-24 00:31:14.328 [info] > git config --get commit.template [1ms]
2024-10-24 00:31:14.335 [info] > git for-each-ref --format=%(refname)%00%(upstream:short)%00%(objectname)%00%(upstream:track)%00%(upstream:remotename)%00%(upstream:remoteref) refs/heads/main refs/remotes/main [2ms]
2024-10-24 00:31:14.351 [info] > git for-each-ref --sort -committerdate --format %(refname) %(objectname) %(*objectname) [3ms]
2024-10-24 00:31:14.377 [info] > git status -z -uall [35ms]
2024-10-24 00:31:19.390 [info] > git config --get commit.template [1ms]
2024-10-24 00:31:19.398 [info] > git for-each-ref --format=%(refname)%00%(upstream:short)%00%(objectname)%00%(upstream:track)%00%(upstream:remotename)%00%(upstream:remoteref) refs/heads/main refs/remotes/main [2ms]
2024-10-24 00:31:19.413 [info] > git for-each-ref --sort -committerdate --format %(refname) %(objectname) %(*objectname) [2ms]
2024-10-24 00:31:19.443 [info] > git status -z -uall [38ms]
2024-10-24 00:31:24.459 [info] > git config --get commit.template [4ms]
2024-10-24 00:31:24.459 [info] > git for-each-ref --format=%(refname)%00%(upstream:short)%00%(objectname)%00%(upstream:track)%00%(upstream:remotename)%00%(upstream:remoteref) refs/heads/main refs/remotes/main [1ms]
2024-10-24 00:31:24.468 [info] > git for-each-ref --sort -committerdate --format %(refname) %(objectname) %(*objectname) [1ms]
2024-10-24 00:31:24.492 [info] > git status -z -uall [29ms]
2024-10-24 00:31:29.517 [info] > git config --get commit.template [6ms]
2024-10-24 00:31:29.517 [info] > git for-each-ref --format=%(refname)%00%(upstream:short)%00%(objectname)%00%(upstream:track)%00%(upstream:remotename)%00%(upstream:remoteref) refs/heads/main refs/remotes/main [0ms]
2024-10-24 00:31:29.553 [info] > git for-each-ref --sort -committerdate --format %(refname) %(objectname) %(*objectname) [2ms]
2024-10-24 00:31:29.576 [info] > git status -z -uall [30ms]
2024-10-24 00:31:34.589 [info] > git config --get commit.template [1ms]
2024-10-24 00:31:34.593 [info] > git for-each-ref --format=%(refname)%00%(upstream:short)%00%(objectname)%00%(upstream:track)%00%(upstream:remotename)%00%(upstream:remoteref) refs/heads/main refs/remotes/main [0ms]
2024-10-24 00:31:34.632 [info] > git for-each-ref --sort -committerdate --format %(refname) %(objectname) %(*objectname) [2ms]
2024-10-24 00:31:34.658 [info] > git status -z -uall [35ms]
2024-10-24 00:31:39.676 [info] > git config --get commit.template [5ms]
2024-10-24 00:31:39.676 [info] > git for-each-ref --format=%(refname)%00%(upstream:short)%00%(objectname)%00%(upstream:track)%00%(upstream:remotename)%00%(upstream:remoteref) refs/heads/main refs/remotes/main [1ms]
2024-10-24 00:31:39.713 [info] > git for-each-ref --sort -committerdate --format %(refname) %(objectname) %(*objectname) [1ms]
2024-10-24 00:31:39.740 [info] > git status -z -uall [34ms]
2024-10-24 00:31:44.758 [info] > git config --get commit.template [6ms]
2024-10-24 00:31:44.760 [info] > git for-each-ref --format=%(refname)%00%(upstream:short)%00%(objectname)%00%(upstream:track)%00%(upstream:remotename)%00%(upstream:remoteref) refs/heads/main refs/remotes/main [2ms]
2024-10-24 00:31:44.796 [info] > git for-each-ref --sort -committerdate --format %(refname) %(objectname) %(*objectname) [1ms]
2024-10-24 00:31:44.823 [info] > git status -z -uall [33ms]
2024-10-24 00:31:49.836 [info] > git config --get commit.template [1ms]
2024-10-24 00:31:49.844 [info] > git for-each-ref --format=%(refname)%00%(upstream:short)%00%(objectname)%00%(upstream:track)%00%(upstream:remotename)%00%(upstream:remoteref) refs/heads/main refs/remotes/main [2ms]
2024-10-24 00:31:49.860 [info] > git for-each-ref --sort -committerdate --format %(refname) %(objectname) %(*objectname) [2ms]
2024-10-24 00:31:49.884 [info] > git status -z -uall [32ms]
2024-10-24 00:31:54.906 [info] > git config --get commit.template [8ms]
2024-10-24 00:31:54.907 [info] > git for-each-ref --format=%(refname)%00%(upstream:short)%00%(objectname)%00%(upstream:track)%00%(upstream:remotename)%00%(upstream:remoteref) refs/heads/main refs/remotes/main [2ms]
2024-10-24 00:31:54.923 [info] > git for-each-ref --sort -committerdate --format %(refname) %(objectname) %(*objectname) [1ms]
2024-10-24 00:31:54.946 [info] > git status -z -uall [32ms]
2024-10-24 00:31:59.969 [info] > git config --get commit.template [8ms]
2024-10-24 00:31:59.971 [info] > git for-each-ref --format=%(refname)%00%(upstream:short)%00%(objectname)%00%(upstream:track)%00%(upstream:remotename)%00%(upstream:remoteref) refs/heads/main refs/remotes/main [3ms]
2024-10-24 00:31:59.987 [info] > git for-each-ref --sort -committerdate --format %(refname) %(objectname) %(*objectname) [2ms]
2024-10-24 00:32:00.030 [info] > git status -z -uall [51ms]
2024-10-24 00:32:05.047 [info] > git config --get commit.template [5ms]
2024-10-24 00:32:05.048 [info] > git for-each-ref --format=%(refname)%00%(upstream:short)%00%(objectname)%00%(upstream:track)%00%(upstream:remotename)%00%(upstream:remoteref) refs/heads/main refs/remotes/main [2ms]
2024-10-24 00:32:05.061 [info] > git for-each-ref --sort -committerdate --format %(refname) %(objectname) %(*objectname) [1ms]
2024-10-24 00:32:05.086 [info] > git status -z -uall [32ms]
2024-10-24 00:32:10.107 [info] > git config --get commit.template [8ms]
2024-10-24 00:32:10.108 [info] > git for-each-ref --format=%(refname)%00%(upstream:short)%00%(objectname)%00%(upstream:track)%00%(upstream:remotename)%00%(upstream:remoteref) refs/heads/main refs/remotes/main [2ms]
2024-10-24 00:32:10.123 [info] > git for-each-ref --sort -committerdate --format %(refname) %(objectname) %(*objectname) [2ms]
2024-10-24 00:32:10.146 [info] > git status -z -uall [32ms]
