2024-10-27 22:15:50.195 [info] [main] Log level: Info
2024-10-27 22:15:50.195 [info] [main] Validating found git in: "git"
2024-10-27 22:15:50.195 [info] [main] Using git "2.47.0" from "git"
2024-10-27 22:15:50.195 [info] [Model][doInitialScan] Initial repository scan started
2024-10-27 22:15:50.195 [info] > git rev-parse --show-toplevel [9ms]
2024-10-27 22:15:50.195 [info] > git rev-parse --git-dir --git-common-dir [32ms]
2024-10-27 22:15:50.195 [info] [Model][openRepository] Opened repository: /home/Heryforce/.config
2024-10-27 22:15:50.195 [info] > git rev-parse --show-toplevel [3ms]
2024-10-27 22:15:50.195 [info] > git config --get commit.template [11ms]
2024-10-27 22:15:50.204 [info] > git for-each-ref --format=%(refname)%00%(upstream:short)%00%(objectname)%00%(upstream:track)%00%(upstream:remotename)%00%(upstream:remoteref) refs/heads/main refs/remotes/main [3ms]
2024-10-27 22:15:50.226 [info] > git for-each-ref --sort -committerdate --format %(refname) %(objectname) %(*objectname) [4ms]
2024-10-27 22:15:50.236 [info] > git rev-parse --show-toplevel [2ms]
2024-10-27 22:15:50.245 [info] > git rev-parse --show-toplevel [1ms]
2024-10-27 22:15:50.253 [info] > git rev-parse --show-toplevel [2ms]
2024-10-27 22:15:50.263 [info] > git rev-parse --show-toplevel [2ms]
2024-10-27 22:15:50.272 [info] > git rev-parse --show-toplevel [2ms]
2024-10-27 22:15:50.282 [info] > git rev-parse --show-toplevel [1ms]
2024-10-27 22:15:50.288 [info] > git rev-parse --show-toplevel [2ms]
2024-10-27 22:15:50.296 [info] > git status -z -uall [81ms]
2024-10-27 22:15:50.296 [info] > git rev-parse --show-toplevel [3ms]
2024-10-27 22:15:50.365 [info] > git for-each-ref --format=%(refname)%00%(upstream:short)%00%(objectname)%00%(upstream:track)%00%(upstream:remotename)%00%(upstream:remoteref) refs/heads/main refs/remotes/main [17ms]
2024-10-27 22:15:50.377 [info] > git config --local branch.main.vscode-merge-base [6ms]
2024-10-27 22:15:50.377 [warning] [Git][config] git config failed: Failed to execute git
2024-10-27 22:15:50.384 [info] > git config --get commit.template [20ms]
2024-10-27 22:15:50.384 [info] > git rev-parse --show-toplevel [26ms]
2024-10-27 22:15:50.442 [info] > git rev-parse --show-toplevel [51ms]
2024-10-27 22:15:50.442 [info] > git reflog main --grep-reflog=branch: Created from *. [59ms]
2024-10-27 22:15:50.604 [info] > git symbolic-ref --short refs/remotes/origin/HEAD [157ms]
2024-10-27 22:15:50.604 [info] fatal: ref refs/remotes/origin/HEAD is not a symbolic ref
2024-10-27 22:15:50.604 [warning] [Repository][getDefaultBranch] Failed to get default branch details: Failed to execute git.
2024-10-27 22:15:50.610 [info] > git for-each-ref --format=%(refname)%00%(upstream:short)%00%(objectname)%00%(upstream:track)%00%(upstream:remotename)%00%(upstream:remoteref) refs/heads/main refs/remotes/main [169ms]
2024-10-27 22:15:50.613 [info] > git merge-base refs/heads/main refs/remotes/origin/main [4ms]
2024-10-27 22:15:50.620 [info] > git rev-parse --show-toplevel [17ms]
2024-10-27 22:15:50.629 [info] > git rev-parse --show-toplevel [2ms]
2024-10-27 22:15:50.629 [info] > git diff --name-status -z --diff-filter=ADMR d4d20faaa5841efd0beb4f20a46bbefe855d3220...refs/remotes/origin/main [9ms]
2024-10-27 22:15:50.654 [info] > git rev-parse --show-toplevel [7ms]
2024-10-27 22:15:50.655 [info] > git for-each-ref --sort -committerdate --format %(refname) %(objectname) %(*objectname) [12ms]
2024-10-27 22:15:50.663 [info] > git rev-parse --show-toplevel [1ms]
2024-10-27 22:15:50.669 [info] > git rev-parse --show-toplevel [1ms]
2024-10-27 22:15:50.674 [info] > git rev-parse --show-toplevel [1ms]
2024-10-27 22:15:50.680 [info] > git rev-parse --show-toplevel [1ms]
2024-10-27 22:15:50.687 [info] > git rev-parse --show-toplevel [1ms]
2024-10-27 22:15:50.694 [info] > git rev-parse --show-toplevel [2ms]
2024-10-27 22:15:50.694 [info] [Model][doInitialScan] Initial repository scan completed - repositories (1), closed repositories (0), parent repositories (0), unsafe repositories (0)
2024-10-27 22:15:50.705 [info] > git show --textconv :waybar/style.css [5ms]
2024-10-27 22:15:50.713 [info] > git ls-files --stage -- /home/Heryforce/.config/waybar/style.css [9ms]
2024-10-27 22:15:50.719 [info] > git check-ignore -v -z --stdin [8ms]
2024-10-27 22:15:50.720 [info] > git cat-file -s 20574e1229b98bec2343af3c6f2c6b069aba882b [2ms]
2024-10-27 22:15:50.725 [info] > git status -z -uall [89ms]
2024-10-27 22:15:57.231 [info] > git config --get commit.template [6ms]
2024-10-27 22:15:57.231 [info] > git for-each-ref --format=%(refname)%00%(upstream:short)%00%(objectname)%00%(upstream:track)%00%(upstream:remotename)%00%(upstream:remoteref) refs/heads/main refs/remotes/main [1ms]
2024-10-27 22:15:57.243 [info] > git for-each-ref --sort -committerdate --format %(refname) %(objectname) %(*objectname) [1ms]
2024-10-27 22:15:57.281 [info] > git status -z -uall [45ms]
2024-10-27 22:16:02.304 [info] > git config --get commit.template [1ms]
2024-10-27 22:16:02.310 [info] > git for-each-ref --format=%(refname)%00%(upstream:short)%00%(objectname)%00%(upstream:track)%00%(upstream:remotename)%00%(upstream:remoteref) refs/heads/main refs/remotes/main [1ms]
2024-10-27 22:16:02.320 [info] > git for-each-ref --sort -committerdate --format %(refname) %(objectname) %(*objectname) [1ms]
2024-10-27 22:16:02.358 [info] > git status -z -uall [43ms]
2024-10-27 22:16:07.385 [info] > git config --get commit.template [6ms]
2024-10-27 22:16:07.385 [info] > git for-each-ref --format=%(refname)%00%(upstream:short)%00%(objectname)%00%(upstream:track)%00%(upstream:remotename)%00%(upstream:remoteref) refs/heads/main refs/remotes/main [1ms]
2024-10-27 22:16:07.394 [info] > git for-each-ref --sort -committerdate --format %(refname) %(objectname) %(*objectname) [1ms]
2024-10-27 22:16:07.433 [info] > git status -z -uall [44ms]
2024-10-27 22:16:12.454 [info] > git config --get commit.template [1ms]
2024-10-27 22:16:12.459 [info] > git for-each-ref --format=%(refname)%00%(upstream:short)%00%(objectname)%00%(upstream:track)%00%(upstream:remotename)%00%(upstream:remoteref) refs/heads/main refs/remotes/main [1ms]
2024-10-27 22:16:12.468 [info] > git for-each-ref --sort -committerdate --format %(refname) %(objectname) %(*objectname) [1ms]
2024-10-27 22:16:12.504 [info] > git status -z -uall [42ms]
2024-10-27 22:16:17.521 [info] > git config --get commit.template [1ms]
2024-10-27 22:16:17.525 [info] > git for-each-ref --format=%(refname)%00%(upstream:short)%00%(objectname)%00%(upstream:track)%00%(upstream:remotename)%00%(upstream:remoteref) refs/heads/main refs/remotes/main [0ms]
2024-10-27 22:16:17.535 [info] > git for-each-ref --sort -committerdate --format %(refname) %(objectname) %(*objectname) [1ms]
2024-10-27 22:16:17.571 [info] > git status -z -uall [42ms]
2024-10-27 22:16:22.590 [info] > git config --get commit.template [0ms]
2024-10-27 22:16:22.595 [info] > git for-each-ref --format=%(refname)%00%(upstream:short)%00%(objectname)%00%(upstream:track)%00%(upstream:remotename)%00%(upstream:remoteref) refs/heads/main refs/remotes/main [1ms]
2024-10-27 22:16:22.605 [info] > git for-each-ref --sort -committerdate --format %(refname) %(objectname) %(*objectname) [2ms]
2024-10-27 22:16:22.642 [info] > git status -z -uall [43ms]
2024-10-27 22:16:27.662 [info] > git config --get commit.template [1ms]
2024-10-27 22:16:27.667 [info] > git for-each-ref --format=%(refname)%00%(upstream:short)%00%(objectname)%00%(upstream:track)%00%(upstream:remotename)%00%(upstream:remoteref) refs/heads/main refs/remotes/main [1ms]
2024-10-27 22:16:27.676 [info] > git for-each-ref --sort -committerdate --format %(refname) %(objectname) %(*objectname) [2ms]
2024-10-27 22:16:27.712 [info] > git status -z -uall [41ms]
2024-10-27 22:16:32.744 [info] > git config --get commit.template [8ms]
2024-10-27 22:16:32.745 [info] > git for-each-ref --format=%(refname)%00%(upstream:short)%00%(objectname)%00%(upstream:track)%00%(upstream:remotename)%00%(upstream:remoteref) refs/heads/main refs/remotes/main [2ms]
2024-10-27 22:16:32.781 [info] > git for-each-ref --sort -committerdate --format %(refname) %(objectname) %(*objectname) [1ms]
2024-10-27 22:16:32.817 [info] > git status -z -uall [43ms]
2024-10-27 22:16:37.844 [info] > git config --get commit.template [8ms]
2024-10-27 22:16:37.846 [info] > git for-each-ref --format=%(refname)%00%(upstream:short)%00%(objectname)%00%(upstream:track)%00%(upstream:remotename)%00%(upstream:remoteref) refs/heads/main refs/remotes/main [2ms]
2024-10-27 22:16:37.858 [info] > git for-each-ref --sort -committerdate --format %(refname) %(objectname) %(*objectname) [1ms]
2024-10-27 22:16:37.894 [info] > git status -z -uall [42ms]
2024-10-27 22:16:42.912 [info] > git config --get commit.template [1ms]
2024-10-27 22:16:42.916 [info] > git for-each-ref --format=%(refname)%00%(upstream:short)%00%(objectname)%00%(upstream:track)%00%(upstream:remotename)%00%(upstream:remoteref) refs/heads/main refs/remotes/main [1ms]
2024-10-27 22:16:42.925 [info] > git for-each-ref --sort -committerdate --format %(refname) %(objectname) %(*objectname) [1ms]
2024-10-27 22:16:42.967 [info] > git status -z -uall [46ms]
