2024-10-28 19:01:07.151 [info] Extension host with pid 1479 started
2024-10-28 19:01:07.151 [info] Skipping acquiring lock for /home/Heryforce/.config/VSCodium/User/workspaceStorage/1cda70b88a7f9558a940c4a576b54b94.
2024-10-28 19:01:07.385 [info] ExtensionService#_doActivateExtension vscode.emmet, startup: false, activationEvent: 'onLanguage'
2024-10-28 19:01:07.410 [info] ExtensionService#_doActivateExtension vscode.css-language-features, startup: false, activationEvent: 'onLanguage:css'
2024-10-28 19:01:08.083 [info] ExtensionService#_doActivateExtension vscode.git-base, startup: true, activationEvent: '*', root cause: vscode.git
2024-10-28 19:01:08.088 [info] ExtensionService#_doActivateExtension vscode.git, startup: true, activationEvent: '*'
2024-10-28 19:01:08.209 [info] ExtensionService#_doActivateExtension vscode.github, startup: true, activationEvent: '*'
2024-10-28 19:01:08.296 [info] Eager extensions activated
2024-10-28 19:01:08.326 [info] ExtensionService#_doActivateExtension vscode.debug-auto-launch, startup: false, activationEvent: 'onStartupFinished'
2024-10-28 19:01:08.329 [info] ExtensionService#_doActivateExtension vscode.merge-conflict, startup: false, activationEvent: 'onStartupFinished'
2024-10-28 19:01:08.559 [warning] [Decorations] CAPPING events from decorations provider vscode.git 2002
2024-10-28 19:01:08.616 [info] ExtensionService#_doActivateExtension vscode.github-authentication, startup: false, activationEvent: 'onAuthenticationRequest:github'
2024-10-28 19:01:09.045 [warning] [Decorations] CAPPING events from decorations provider vscode.git 2020
2024-10-28 23:27:33.332 [warning] [Decorations] CAPPING events from decorations provider vscode.git 2107
2024-10-28 23:36:23.426 [warning] [Decorations] CAPPING events from decorations provider vscode.git 2073
2024-10-28 23:36:28.510 [warning] [Decorations] CAPPING events from decorations provider vscode.git 2073
2024-10-28 23:36:33.598 [warning] [Decorations] CAPPING events from decorations provider vscode.git 2073
2024-10-28 23:36:38.684 [warning] [Decorations] CAPPING events from decorations provider vscode.git 2073
2024-10-28 23:36:56.633 [warning] [Decorations] CAPPING events from decorations provider vscode.git 2073
2024-10-28 23:37:01.718 [warning] [Decorations] CAPPING events from decorations provider vscode.git 2073
2024-10-28 23:37:06.794 [warning] [Decorations] CAPPING events from decorations provider vscode.git 2073
2024-10-28 23:37:11.908 [warning] [Decorations] CAPPING events from decorations provider vscode.git 2073
2024-10-28 23:37:16.997 [warning] [Decorations] CAPPING events from decorations provider vscode.git 2073
2024-10-28 23:37:22.082 [warning] [Decorations] CAPPING events from decorations provider vscode.git 2073
2024-10-28 23:37:27.171 [warning] [Decorations] CAPPING events from decorations provider vscode.git 2073
2024-10-28 23:37:32.240 [warning] [Decorations] CAPPING events from decorations provider vscode.git 2073
2024-10-28 23:37:32.307 [info] ExtensionService#_doActivateExtension vscode.simple-browser, startup: false, activationEvent: 'onOpenExternalUri:https'
2024-10-28 23:38:25.716 [warning] [Decorations] CAPPING events from decorations provider vscode.git 2073
2024-10-28 23:38:30.786 [warning] [Decorations] CAPPING events from decorations provider vscode.git 2073
2024-10-28 23:38:35.862 [warning] [Decorations] CAPPING events from decorations provider vscode.git 2073
2024-10-28 23:38:40.942 [warning] [Decorations] CAPPING events from decorations provider vscode.git 2073
2024-10-28 23:38:46.026 [warning] [Decorations] CAPPING events from decorations provider vscode.git 2073
2024-10-28 23:38:51.132 [warning] [Decorations] CAPPING events from decorations provider vscode.git 2073
2024-10-28 23:38:59.776 [warning] [Decorations] CAPPING events from decorations provider vscode.git 2073
2024-10-28 23:39:04.894 [warning] [Decorations] CAPPING events from decorations provider vscode.git 2073
2024-10-28 23:39:46.054 [warning] [Decorations] CAPPING events from decorations provider vscode.git 2073
2024-10-28 23:39:51.127 [warning] [Decorations] CAPPING events from decorations provider vscode.git 2073
2024-10-28 23:39:56.220 [warning] [Decorations] CAPPING events from decorations provider vscode.git 2073
2024-10-28 23:40:01.327 [warning] [Decorations] CAPPING events from decorations provider vscode.git 2073
2024-10-28 23:40:06.417 [warning] [Decorations] CAPPING events from decorations provider vscode.git 2073
2024-10-28 23:40:14.751 [warning] [Decorations] CAPPING events from decorations provider vscode.git 2074
2024-10-28 23:40:40.968 [warning] [Decorations] CAPPING events from decorations provider vscode.git 2074
2024-10-28 23:40:46.052 [warning] [Decorations] CAPPING events from decorations provider vscode.git 2073
2024-10-28 23:41:41.835 [warning] [Decorations] CAPPING events from decorations provider vscode.git 2073
2024-10-28 23:41:46.912 [warning] [Decorations] CAPPING events from decorations provider vscode.git 2073
