2024-10-29 19:38:09.203 [info] [main] Log level: Info
2024-10-29 19:38:09.203 [info] [main] Validating found git in: "git"
2024-10-29 19:38:09.203 [info] [main] Using git "2.47.0" from "git"
2024-10-29 19:38:09.203 [info] [Model][doInitialScan] Initial repository scan started
2024-10-29 19:38:09.203 [info] > git rev-parse --show-toplevel [10ms]
2024-10-29 19:38:09.203 [info] > git rev-parse --git-dir --git-common-dir [31ms]
2024-10-29 19:38:09.203 [info] [Model][openRepository] Opened repository: /home/Heryforce/.config
2024-10-29 19:38:09.204 [info] > git rev-parse --show-toplevel [3ms]
2024-10-29 19:38:09.205 [info] > git config --get commit.template [7ms]
2024-10-29 19:38:09.215 [info] > git for-each-ref --format=%(refname)%00%(upstream:short)%00%(objectname)%00%(upstream:track)%00%(upstream:remotename)%00%(upstream:remoteref) refs/heads/main refs/remotes/main [6ms]
2024-10-29 19:38:09.232 [info] > git for-each-ref --sort -committerdate --format %(refname) %(objectname) %(*objectname) [3ms]
2024-10-29 19:38:09.243 [info] > git rev-parse --show-toplevel [1ms]
2024-10-29 19:38:09.250 [info] > git rev-parse --show-toplevel [1ms]
2024-10-29 19:38:09.257 [info] > git rev-parse --show-toplevel [2ms]
2024-10-29 19:38:09.263 [info] > git rev-parse --show-toplevel [1ms]
2024-10-29 19:38:09.271 [info] > git rev-parse --show-toplevel [2ms]
2024-10-29 19:38:09.280 [info] > git rev-parse --show-toplevel [2ms]
2024-10-29 19:38:09.288 [info] > git rev-parse --show-toplevel [2ms]
2024-10-29 19:38:09.297 [info] > git rev-parse --show-toplevel [2ms]
2024-10-29 19:38:09.308 [info] > git rev-parse --show-toplevel [4ms]
2024-10-29 19:38:09.317 [info] > git status -z -uall [95ms]
2024-10-29 19:38:09.317 [info] > git rev-parse --show-toplevel [3ms]
2024-10-29 19:38:09.393 [info] > git for-each-ref --format=%(refname)%00%(upstream:short)%00%(objectname)%00%(upstream:track)%00%(upstream:remotename)%00%(upstream:remoteref) refs/heads/main refs/remotes/main [20ms]
2024-10-29 19:38:09.410 [info] > git config --local branch.main.vscode-merge-base [10ms]
2024-10-29 19:38:09.411 [warning] [Git][config] git config failed: Failed to execute git
2024-10-29 19:38:09.417 [info] > git config --get commit.template [25ms]
2024-10-29 19:38:09.417 [info] > git rev-parse --show-toplevel [32ms]
2024-10-29 19:38:09.429 [info] > git reflog main --grep-reflog=branch: Created from *. [12ms]
2024-10-29 19:38:09.756 [info] > git symbolic-ref --short refs/remotes/origin/HEAD [323ms]
2024-10-29 19:38:09.757 [info] fatal: ref refs/remotes/origin/HEAD is not a symbolic ref
2024-10-29 19:38:09.757 [warning] [Repository][getDefaultBranch] Failed to get default branch details: Failed to execute git.
2024-10-29 19:38:09.764 [info] > git for-each-ref --format=%(refname)%00%(upstream:short)%00%(objectname)%00%(upstream:track)%00%(upstream:remotename)%00%(upstream:remoteref) refs/heads/main refs/remotes/main [336ms]
2024-10-29 19:38:09.765 [info] > git rev-parse --show-toplevel [341ms]
2024-10-29 19:38:09.779 [info] > git merge-base refs/heads/main refs/remotes/origin/main [16ms]
2024-10-29 19:38:09.787 [info] > git rev-parse --show-toplevel [9ms]
2024-10-29 19:38:09.794 [info] > git diff --name-status -z --diff-filter=ADMR d4d20faaa5841efd0beb4f20a46bbefe855d3220...refs/remotes/origin/main [7ms]
2024-10-29 19:38:09.807 [info] > git rev-parse --show-toplevel [14ms]
2024-10-29 19:38:09.865 [info] > git check-ignore -v -z --stdin [53ms]
2024-10-29 19:38:09.867 [info] > git for-each-ref --sort -committerdate --format %(refname) %(objectname) %(*objectname) [60ms]
2024-10-29 19:38:09.875 [info] > git status -z -uall [75ms]
2024-10-29 19:38:09.875 [info] > git rev-parse --show-toplevel [11ms]
2024-10-29 19:38:09.921 [info] > git rev-parse --show-toplevel [5ms]
2024-10-29 19:38:09.932 [info] > git rev-parse --show-toplevel [3ms]
2024-10-29 19:38:09.952 [info] > git rev-parse --show-toplevel [15ms]
2024-10-29 19:38:09.963 [info] > git rev-parse --show-toplevel [1ms]
2024-10-29 19:38:09.963 [info] [Model][doInitialScan] Initial repository scan completed - repositories (1), closed repositories (0), parent repositories (0), unsafe repositories (0)
2024-10-29 19:38:09.978 [info] > git show --textconv :hypr/hyprland.conf [9ms]
2024-10-29 19:38:09.979 [info] > git ls-files --stage -- /home/Heryforce/.config/hypr/hyprland.conf [2ms]
2024-10-29 19:38:10.200 [info] > git cat-file -s 3aaef507266a7ee9595dfa608e6e69e8e8bbb2c4 [215ms]
2024-10-29 19:38:12.575 [info] > git show --textconv :dunst/dunstrc [7ms]
2024-10-29 19:38:12.576 [info] > git ls-files --stage -- /home/Heryforce/.config/dunst/dunstrc [2ms]
2024-10-29 19:38:12.582 [info] > git cat-file -s f5e2f6e5e0134f4a5d7ff78dc623f8d556386534 [1ms]
2024-10-29 19:38:22.073 [info] > git config --get commit.template [6ms]
2024-10-29 19:38:22.074 [info] > git for-each-ref --format=%(refname)%00%(upstream:short)%00%(objectname)%00%(upstream:track)%00%(upstream:remotename)%00%(upstream:remoteref) refs/heads/main refs/remotes/main [2ms]
2024-10-29 19:38:22.090 [info] > git for-each-ref --sort -committerdate --format %(refname) %(objectname) %(*objectname) [2ms]
2024-10-29 19:38:22.153 [info] > git status -z -uall [70ms]
2024-10-29 19:38:27.197 [info] > git config --get commit.template [7ms]
2024-10-29 19:38:27.198 [info] > git for-each-ref --format=%(refname)%00%(upstream:short)%00%(objectname)%00%(upstream:track)%00%(upstream:remotename)%00%(upstream:remoteref) refs/heads/main refs/remotes/main [2ms]
2024-10-29 19:38:27.212 [info] > git for-each-ref --sort -committerdate --format %(refname) %(objectname) %(*objectname) [1ms]
2024-10-29 19:38:27.251 [info] > git status -z -uall [46ms]
2024-10-29 19:38:32.276 [info] > git config --get commit.template [1ms]
2024-10-29 19:38:32.281 [info] > git for-each-ref --format=%(refname)%00%(upstream:short)%00%(objectname)%00%(upstream:track)%00%(upstream:remotename)%00%(upstream:remoteref) refs/heads/main refs/remotes/main [1ms]
2024-10-29 19:38:32.291 [info] > git for-each-ref --sort -committerdate --format %(refname) %(objectname) %(*objectname) [1ms]
2024-10-29 19:38:32.329 [info] > git status -z -uall [44ms]
2024-10-29 19:38:37.350 [info] > git config --get commit.template [1ms]
2024-10-29 19:38:37.354 [info] > git for-each-ref --format=%(refname)%00%(upstream:short)%00%(objectname)%00%(upstream:track)%00%(upstream:remotename)%00%(upstream:remoteref) refs/heads/main refs/remotes/main [1ms]
2024-10-29 19:38:37.363 [info] > git for-each-ref --sort -committerdate --format %(refname) %(objectname) %(*objectname) [1ms]
2024-10-29 19:38:37.402 [info] > git status -z -uall [44ms]
2024-10-29 19:38:42.441 [info] > git config --get commit.template [8ms]
2024-10-29 19:38:42.442 [info] > git for-each-ref --format=%(refname)%00%(upstream:short)%00%(objectname)%00%(upstream:track)%00%(upstream:remotename)%00%(upstream:remoteref) refs/heads/main refs/remotes/main [3ms]
2024-10-29 19:38:42.453 [info] > git for-each-ref --sort -committerdate --format %(refname) %(objectname) %(*objectname) [1ms]
2024-10-29 19:38:42.490 [info] > git status -z -uall [41ms]
2024-10-29 19:38:47.513 [info] > git config --get commit.template [1ms]
2024-10-29 19:38:47.518 [info] > git for-each-ref --format=%(refname)%00%(upstream:short)%00%(objectname)%00%(upstream:track)%00%(upstream:remotename)%00%(upstream:remoteref) refs/heads/main refs/remotes/main [1ms]
2024-10-29 19:38:47.527 [info] > git for-each-ref --sort -committerdate --format %(refname) %(objectname) %(*objectname) [1ms]
2024-10-29 19:38:47.567 [info] > git status -z -uall [45ms]
2024-10-29 19:38:52.595 [info] > git config --get commit.template [5ms]
2024-10-29 19:38:52.596 [info] > git for-each-ref --format=%(refname)%00%(upstream:short)%00%(objectname)%00%(upstream:track)%00%(upstream:remotename)%00%(upstream:remoteref) refs/heads/main refs/remotes/main [1ms]
2024-10-29 19:38:52.606 [info] > git for-each-ref --sort -committerdate --format %(refname) %(objectname) %(*objectname) [1ms]
2024-10-29 19:38:52.651 [info] > git status -z -uall [51ms]
2024-10-29 19:38:57.684 [info] > git config --get commit.template [9ms]
2024-10-29 19:38:57.686 [info] > git for-each-ref --format=%(refname)%00%(upstream:short)%00%(objectname)%00%(upstream:track)%00%(upstream:remotename)%00%(upstream:remoteref) refs/heads/main refs/remotes/main [3ms]
2024-10-29 19:38:57.699 [info] > git for-each-ref --sort -committerdate --format %(refname) %(objectname) %(*objectname) [1ms]
2024-10-29 19:38:57.739 [info] > git status -z -uall [46ms]
2024-10-29 19:39:02.760 [info] > git config --get commit.template [1ms]
2024-10-29 19:39:02.765 [info] > git for-each-ref --format=%(refname)%00%(upstream:short)%00%(objectname)%00%(upstream:track)%00%(upstream:remotename)%00%(upstream:remoteref) refs/heads/main refs/remotes/main [1ms]
2024-10-29 19:39:02.775 [info] > git for-each-ref --sort -committerdate --format %(refname) %(objectname) %(*objectname) [1ms]
2024-10-29 19:39:02.808 [info] > git status -z -uall [40ms]
2024-10-29 19:39:07.836 [info] > git config --get commit.template [5ms]
2024-10-29 19:39:07.837 [info] > git for-each-ref --format=%(refname)%00%(upstream:short)%00%(objectname)%00%(upstream:track)%00%(upstream:remotename)%00%(upstream:remoteref) refs/heads/main refs/remotes/main [2ms]
2024-10-29 19:39:07.849 [info] > git for-each-ref --sort -committerdate --format %(refname) %(objectname) %(*objectname) [1ms]
2024-10-29 19:39:07.887 [info] > git status -z -uall [43ms]
2024-10-29 19:39:12.913 [info] > git config --get commit.template [5ms]
2024-10-29 19:39:12.913 [info] > git for-each-ref --format=%(refname)%00%(upstream:short)%00%(objectname)%00%(upstream:track)%00%(upstream:remotename)%00%(upstream:remoteref) refs/heads/main refs/remotes/main [1ms]
2024-10-29 19:39:12.923 [info] > git for-each-ref --sort -committerdate --format %(refname) %(objectname) %(*objectname) [1ms]
2024-10-29 19:39:12.961 [info] > git status -z -uall [44ms]
2024-10-29 19:40:56.448 [info] > git config --get commit.template [7ms]
2024-10-29 19:40:56.448 [info] > git for-each-ref --format=%(refname)%00%(upstream:short)%00%(objectname)%00%(upstream:track)%00%(upstream:remotename)%00%(upstream:remoteref) refs/heads/main refs/remotes/main [1ms]
2024-10-29 19:40:56.461 [info] > git for-each-ref --sort -committerdate --format %(refname) %(objectname) %(*objectname) [2ms]
2024-10-29 19:40:56.499 [info] > git status -z -uall [45ms]
2024-10-29 19:41:12.825 [info] > git config --get commit.template [7ms]
2024-10-29 19:41:12.826 [info] > git for-each-ref --format=%(refname)%00%(upstream:short)%00%(objectname)%00%(upstream:track)%00%(upstream:remotename)%00%(upstream:remoteref) refs/heads/main refs/remotes/main [1ms]
2024-10-29 19:41:12.837 [info] > git for-each-ref --sort -committerdate --format %(refname) %(objectname) %(*objectname) [2ms]
2024-10-29 19:41:12.885 [info] > git status -z -uall [54ms]
2024-10-29 19:41:15.555 [info] > git show --textconv :hypr/hyprland.conf [6ms]
2024-10-29 19:41:15.555 [info] > git ls-files --stage -- /home/Heryforce/.config/hypr/hyprland.conf [1ms]
2024-10-29 19:41:15.560 [info] > git cat-file -s 3aaef507266a7ee9595dfa608e6e69e8e8bbb2c4 [1ms]
2024-10-29 19:41:17.911 [info] > git config --get commit.template [2ms]
2024-10-29 19:41:17.916 [info] > git for-each-ref --format=%(refname)%00%(upstream:short)%00%(objectname)%00%(upstream:track)%00%(upstream:remotename)%00%(upstream:remoteref) refs/heads/main refs/remotes/main [1ms]
2024-10-29 19:41:17.929 [info] > git for-each-ref --sort -committerdate --format %(refname) %(objectname) %(*objectname) [2ms]
2024-10-29 19:41:17.970 [info] > git status -z -uall [49ms]
2024-10-29 19:41:22.996 [info] > git config --get commit.template [0ms]
2024-10-29 19:41:23.002 [info] > git for-each-ref --format=%(refname)%00%(upstream:short)%00%(objectname)%00%(upstream:track)%00%(upstream:remotename)%00%(upstream:remoteref) refs/heads/main refs/remotes/main [1ms]
2024-10-29 19:41:23.012 [info] > git for-each-ref --sort -committerdate --format %(refname) %(objectname) %(*objectname) [1ms]
2024-10-29 19:41:23.050 [info] > git status -z -uall [44ms]
2024-10-29 19:44:30.899 [info] > git config --get commit.template [2ms]
2024-10-29 19:44:30.905 [info] > git for-each-ref --format=%(refname)%00%(upstream:short)%00%(objectname)%00%(upstream:track)%00%(upstream:remotename)%00%(upstream:remoteref) refs/heads/main refs/remotes/main [1ms]
2024-10-29 19:44:30.916 [info] > git for-each-ref --sort -committerdate --format %(refname) %(objectname) %(*objectname) [1ms]
2024-10-29 19:44:30.956 [info] > git status -z -uall [46ms]
2024-10-29 19:44:35.981 [info] > git config --get commit.template [1ms]
2024-10-29 19:44:35.986 [info] > git for-each-ref --format=%(refname)%00%(upstream:short)%00%(objectname)%00%(upstream:track)%00%(upstream:remotename)%00%(upstream:remoteref) refs/heads/main refs/remotes/main [1ms]
2024-10-29 19:44:35.998 [info] > git for-each-ref --sort -committerdate --format %(refname) %(objectname) %(*objectname) [1ms]
2024-10-29 19:44:36.040 [info] > git status -z -uall [48ms]
2024-10-29 19:44:37.010 [info] > git show --textconv :dunst/dunstrc [5ms]
2024-10-29 19:44:37.011 [info] > git ls-files --stage -- /home/Heryforce/.config/dunst/dunstrc [2ms]
2024-10-29 19:44:37.015 [info] > git cat-file -s f5e2f6e5e0134f4a5d7ff78dc623f8d556386534 [1ms]
2024-10-29 19:44:41.070 [info] > git config --get commit.template [1ms]
2024-10-29 19:44:41.078 [info] > git for-each-ref --format=%(refname)%00%(upstream:short)%00%(objectname)%00%(upstream:track)%00%(upstream:remotename)%00%(upstream:remoteref) refs/heads/main refs/remotes/main [3ms]
2024-10-29 19:44:41.095 [info] > git for-each-ref --sort -committerdate --format %(refname) %(objectname) %(*objectname) [2ms]
2024-10-29 19:44:41.131 [info] > git status -z -uall [46ms]
2024-10-29 19:44:46.166 [info] > git config --get commit.template [9ms]
2024-10-29 19:44:46.167 [info] > git for-each-ref --format=%(refname)%00%(upstream:short)%00%(objectname)%00%(upstream:track)%00%(upstream:remotename)%00%(upstream:remoteref) refs/heads/main refs/remotes/main [2ms]
2024-10-29 19:44:46.183 [info] > git for-each-ref --sort -committerdate --format %(refname) %(objectname) %(*objectname) [2ms]
2024-10-29 19:44:46.221 [info] > git status -z -uall [46ms]
2024-10-29 19:44:51.243 [info] > git config --get commit.template [1ms]
2024-10-29 19:44:51.248 [info] > git for-each-ref --format=%(refname)%00%(upstream:short)%00%(objectname)%00%(upstream:track)%00%(upstream:remotename)%00%(upstream:remoteref) refs/heads/main refs/remotes/main [1ms]
2024-10-29 19:44:51.277 [info] > git for-each-ref --sort -committerdate --format %(refname) %(objectname) %(*objectname) [1ms]
2024-10-29 19:44:51.312 [info] > git status -z -uall [41ms]
2024-10-29 19:44:56.344 [info] > git config --get commit.template [5ms]
2024-10-29 19:44:56.345 [info] > git for-each-ref --format=%(refname)%00%(upstream:short)%00%(objectname)%00%(upstream:track)%00%(upstream:remotename)%00%(upstream:remoteref) refs/heads/main refs/remotes/main [2ms]
2024-10-29 19:44:56.373 [info] > git for-each-ref --sort -committerdate --format %(refname) %(objectname) %(*objectname) [1ms]
2024-10-29 19:44:56.411 [info] > git status -z -uall [43ms]
2024-10-29 19:45:01.431 [info] > git config --get commit.template [1ms]
2024-10-29 19:45:01.436 [info] > git for-each-ref --format=%(refname)%00%(upstream:short)%00%(objectname)%00%(upstream:track)%00%(upstream:remotename)%00%(upstream:remoteref) refs/heads/main refs/remotes/main [1ms]
2024-10-29 19:45:01.464 [info] > git for-each-ref --sort -committerdate --format %(refname) %(objectname) %(*objectname) [1ms]
2024-10-29 19:45:01.501 [info] > git status -z -uall [42ms]
2024-10-29 19:45:06.532 [info] > git config --get commit.template [8ms]
2024-10-29 19:45:06.533 [info] > git for-each-ref --format=%(refname)%00%(upstream:short)%00%(objectname)%00%(upstream:track)%00%(upstream:remotename)%00%(upstream:remoteref) refs/heads/main refs/remotes/main [2ms]
2024-10-29 19:45:06.549 [info] > git for-each-ref --sort -committerdate --format %(refname) %(objectname) %(*objectname) [2ms]
2024-10-29 19:45:06.583 [info] > git status -z -uall [44ms]
2024-10-29 19:45:11.627 [info] > git config --get commit.template [6ms]
2024-10-29 19:45:11.628 [info] > git for-each-ref --format=%(refname)%00%(upstream:short)%00%(objectname)%00%(upstream:track)%00%(upstream:remotename)%00%(upstream:remoteref) refs/heads/main refs/remotes/main [1ms]
2024-10-29 19:45:11.638 [info] > git for-each-ref --sort -committerdate --format %(refname) %(objectname) %(*objectname) [2ms]
2024-10-29 19:45:11.682 [info] > git status -z -uall [50ms]
2024-10-29 19:45:17.046 [info] > git config --get commit.template [7ms]
2024-10-29 19:45:17.046 [info] > git for-each-ref --format=%(refname)%00%(upstream:short)%00%(objectname)%00%(upstream:track)%00%(upstream:remotename)%00%(upstream:remoteref) refs/heads/main refs/remotes/main [1ms]
2024-10-29 19:45:17.057 [info] > git for-each-ref --sort -committerdate --format %(refname) %(objectname) %(*objectname) [1ms]
2024-10-29 19:45:17.097 [info] > git status -z -uall [47ms]
2024-10-29 19:45:22.132 [info] > git config --get commit.template [8ms]
2024-10-29 19:45:22.133 [info] > git for-each-ref --format=%(refname)%00%(upstream:short)%00%(objectname)%00%(upstream:track)%00%(upstream:remotename)%00%(upstream:remoteref) refs/heads/main refs/remotes/main [2ms]
2024-10-29 19:45:22.151 [info] > git for-each-ref --sort -committerdate --format %(refname) %(objectname) %(*objectname) [2ms]
2024-10-29 19:45:22.194 [info] > git status -z -uall [53ms]
2024-10-29 19:45:27.220 [info] > git config --get commit.template [6ms]
2024-10-29 19:45:27.222 [info] > git for-each-ref --format=%(refname)%00%(upstream:short)%00%(objectname)%00%(upstream:track)%00%(upstream:remotename)%00%(upstream:remoteref) refs/heads/main refs/remotes/main [2ms]
2024-10-29 19:45:27.238 [info] > git for-each-ref --sort -committerdate --format %(refname) %(objectname) %(*objectname) [2ms]
2024-10-29 19:45:27.278 [info] > git status -z -uall [49ms]
2024-10-29 19:47:47.682 [info] > git config --get commit.template [6ms]
2024-10-29 19:47:47.682 [info] > git for-each-ref --format=%(refname)%00%(upstream:short)%00%(objectname)%00%(upstream:track)%00%(upstream:remotename)%00%(upstream:remoteref) refs/heads/main refs/remotes/main [1ms]
2024-10-29 19:47:47.694 [info] > git for-each-ref --sort -committerdate --format %(refname) %(objectname) %(*objectname) [1ms]
2024-10-29 19:47:47.736 [info] > git status -z -uall [49ms]
2024-10-29 19:49:03.380 [info] > git config --get commit.template [6ms]
2024-10-29 19:49:03.381 [info] > git for-each-ref --format=%(refname)%00%(upstream:short)%00%(objectname)%00%(upstream:track)%00%(upstream:remotename)%00%(upstream:remoteref) refs/heads/main refs/remotes/main [2ms]
2024-10-29 19:49:03.393 [info] > git for-each-ref --sort -committerdate --format %(refname) %(objectname) %(*objectname) [1ms]
2024-10-29 19:49:03.436 [info] > git status -z -uall [50ms]
2024-10-29 19:49:08.470 [info] > git config --get commit.template [8ms]
2024-10-29 19:49:08.473 [info] > git for-each-ref --format=%(refname)%00%(upstream:short)%00%(objectname)%00%(upstream:track)%00%(upstream:remotename)%00%(upstream:remoteref) refs/heads/main refs/remotes/main [3ms]
2024-10-29 19:49:08.486 [info] > git for-each-ref --sort -committerdate --format %(refname) %(objectname) %(*objectname) [1ms]
2024-10-29 19:49:08.524 [info] > git status -z -uall [44ms]
2024-10-29 19:49:13.549 [info] > git config --get commit.template [0ms]
2024-10-29 19:49:13.559 [info] > git for-each-ref --format=%(refname)%00%(upstream:short)%00%(objectname)%00%(upstream:track)%00%(upstream:remotename)%00%(upstream:remoteref) refs/heads/main refs/remotes/main [3ms]
2024-10-29 19:49:13.575 [info] > git for-each-ref --sort -committerdate --format %(refname) %(objectname) %(*objectname) [2ms]
2024-10-29 19:49:13.615 [info] > git status -z -uall [48ms]
2024-10-29 19:49:18.648 [info] > git config --get commit.template [6ms]
2024-10-29 19:49:18.649 [info] > git for-each-ref --format=%(refname)%00%(upstream:short)%00%(objectname)%00%(upstream:track)%00%(upstream:remotename)%00%(upstream:remoteref) refs/heads/main refs/remotes/main [2ms]
2024-10-29 19:49:18.665 [info] > git for-each-ref --sort -committerdate --format %(refname) %(objectname) %(*objectname) [2ms]
2024-10-29 19:49:18.704 [info] > git status -z -uall [47ms]
2024-10-29 19:49:23.737 [info] > git config --get commit.template [7ms]
2024-10-29 19:49:23.739 [info] > git for-each-ref --format=%(refname)%00%(upstream:short)%00%(objectname)%00%(upstream:track)%00%(upstream:remotename)%00%(upstream:remoteref) refs/heads/main refs/remotes/main [2ms]
2024-10-29 19:49:23.751 [info] > git for-each-ref --sort -committerdate --format %(refname) %(objectname) %(*objectname) [1ms]
2024-10-29 19:49:23.792 [info] > git status -z -uall [49ms]
2024-10-29 19:49:28.817 [info] > git config --get commit.template [2ms]
2024-10-29 19:49:28.827 [info] > git for-each-ref --format=%(refname)%00%(upstream:short)%00%(objectname)%00%(upstream:track)%00%(upstream:remotename)%00%(upstream:remoteref) refs/heads/main refs/remotes/main [3ms]
2024-10-29 19:49:28.838 [info] > git for-each-ref --sort -committerdate --format %(refname) %(objectname) %(*objectname) [2ms]
2024-10-29 19:49:28.875 [info] > git status -z -uall [44ms]
2024-10-29 19:49:33.912 [info] > git config --get commit.template [8ms]
2024-10-29 19:49:33.913 [info] > git for-each-ref --format=%(refname)%00%(upstream:short)%00%(objectname)%00%(upstream:track)%00%(upstream:remotename)%00%(upstream:remoteref) refs/heads/main refs/remotes/main [2ms]
2024-10-29 19:49:33.927 [info] > git for-each-ref --sort -committerdate --format %(refname) %(objectname) %(*objectname) [1ms]
2024-10-29 19:49:33.966 [info] > git status -z -uall [45ms]
2024-10-29 19:49:39.001 [info] > git config --get commit.template [9ms]
2024-10-29 19:49:39.002 [info] > git for-each-ref --format=%(refname)%00%(upstream:short)%00%(objectname)%00%(upstream:track)%00%(upstream:remotename)%00%(upstream:remoteref) refs/heads/main refs/remotes/main [2ms]
2024-10-29 19:49:39.014 [info] > git for-each-ref --sort -committerdate --format %(refname) %(objectname) %(*objectname) [2ms]
2024-10-29 19:49:39.048 [info] > git status -z -uall [42ms]
2024-10-29 19:49:44.072 [info] > git config --get commit.template [1ms]
2024-10-29 19:49:44.082 [info] > git for-each-ref --format=%(refname)%00%(upstream:short)%00%(objectname)%00%(upstream:track)%00%(upstream:remotename)%00%(upstream:remoteref) refs/heads/main refs/remotes/main [3ms]
2024-10-29 19:49:44.097 [info] > git for-each-ref --sort -committerdate --format %(refname) %(objectname) %(*objectname) [2ms]
2024-10-29 19:49:44.136 [info] > git status -z -uall [48ms]
2024-10-29 19:49:49.164 [info] > git config --get commit.template [8ms]
2024-10-29 19:49:49.165 [info] > git for-each-ref --format=%(refname)%00%(upstream:short)%00%(objectname)%00%(upstream:track)%00%(upstream:remotename)%00%(upstream:remoteref) refs/heads/main refs/remotes/main [2ms]
2024-10-29 19:49:49.179 [info] > git for-each-ref --sort -committerdate --format %(refname) %(objectname) %(*objectname) [1ms]
2024-10-29 19:49:49.213 [info] > git status -z -uall [41ms]
2024-10-29 19:49:54.245 [info] > git config --get commit.template [8ms]
2024-10-29 19:49:54.246 [info] > git for-each-ref --format=%(refname)%00%(upstream:short)%00%(objectname)%00%(upstream:track)%00%(upstream:remotename)%00%(upstream:remoteref) refs/heads/main refs/remotes/main [2ms]
2024-10-29 19:49:54.261 [info] > git for-each-ref --sort -committerdate --format %(refname) %(objectname) %(*objectname) [2ms]
2024-10-29 19:49:54.296 [info] > git status -z -uall [43ms]
2024-10-29 19:49:59.322 [info] > git config --get commit.template [1ms]
2024-10-29 19:49:59.332 [info] > git for-each-ref --format=%(refname)%00%(upstream:short)%00%(objectname)%00%(upstream:track)%00%(upstream:remotename)%00%(upstream:remoteref) refs/heads/main refs/remotes/main [2ms]
2024-10-29 19:49:59.359 [info] > git for-each-ref --sort -committerdate --format %(refname) %(objectname) %(*objectname) [2ms]
2024-10-29 19:49:59.401 [info] > git status -z -uall [49ms]
2024-10-29 19:50:04.423 [info] > git config --get commit.template [1ms]
2024-10-29 19:50:04.429 [info] > git for-each-ref --format=%(refname)%00%(upstream:short)%00%(objectname)%00%(upstream:track)%00%(upstream:remotename)%00%(upstream:remoteref) refs/heads/main refs/remotes/main [2ms]
2024-10-29 19:50:04.437 [info] > git for-each-ref --sort -committerdate --format %(refname) %(objectname) %(*objectname) [1ms]
2024-10-29 19:50:04.477 [info] > git status -z -uall [45ms]
2024-10-29 19:50:09.495 [info] > git config --get commit.template [1ms]
2024-10-29 19:50:09.500 [info] > git for-each-ref --format=%(refname)%00%(upstream:short)%00%(objectname)%00%(upstream:track)%00%(upstream:remotename)%00%(upstream:remoteref) refs/heads/main refs/remotes/main [1ms]
2024-10-29 19:50:09.508 [info] > git for-each-ref --sort -committerdate --format %(refname) %(objectname) %(*objectname) [2ms]
2024-10-29 19:50:09.545 [info] > git status -z -uall [42ms]
2024-10-29 19:50:14.566 [info] > git config --get commit.template [1ms]
2024-10-29 19:50:14.571 [info] > git for-each-ref --format=%(refname)%00%(upstream:short)%00%(objectname)%00%(upstream:track)%00%(upstream:remotename)%00%(upstream:remoteref) refs/heads/main refs/remotes/main [1ms]
2024-10-29 19:50:14.580 [info] > git for-each-ref --sort -committerdate --format %(refname) %(objectname) %(*objectname) [1ms]
2024-10-29 19:50:14.615 [info] > git status -z -uall [41ms]
2024-10-29 19:50:19.651 [info] > git config --get commit.template [10ms]
2024-10-29 19:50:19.651 [info] > git for-each-ref --format=%(refname)%00%(upstream:short)%00%(objectname)%00%(upstream:track)%00%(upstream:remotename)%00%(upstream:remoteref) refs/heads/main refs/remotes/main [2ms]
2024-10-29 19:50:19.668 [info] > git for-each-ref --sort -committerdate --format %(refname) %(objectname) %(*objectname) [2ms]
2024-10-29 19:50:19.705 [info] > git status -z -uall [46ms]
