2024-10-24 00:32:47.723 [info] Extension host with pid 38543 started
2024-10-24 00:32:47.723 [info] Skipping acquiring lock for /home/Heryforce/.config/VSCodium/User/workspaceStorage/1cda70b88a7f9558a940c4a576b54b94.
2024-10-24 00:32:47.918 [info] ExtensionService#_doActivateExtension vscode.emmet, startup: false, activationEvent: 'onLanguage'
2024-10-24 00:32:47.937 [info] ExtensionService#_doActivateExtension vscode.css-language-features, startup: false, activationEvent: 'onLanguage:css'
2024-10-24 00:32:48.350 [info] ExtensionService#_doActivateExtension vscode.git-base, startup: true, activationEvent: '*', root cause: vscode.git
2024-10-24 00:32:48.354 [info] ExtensionService#_doActivateExtension vscode.git, startup: true, activationEvent: '*'
2024-10-24 00:32:48.425 [info] ExtensionService#_doActivateExtension vscode.github, startup: true, activationEvent: '*'
2024-10-24 00:32:48.483 [info] Eager extensions activated
2024-10-24 00:32:48.501 [info] ExtensionService#_doActivateExtension vscode.debug-auto-launch, startup: false, activationEvent: 'onStartupFinished'
2024-10-24 00:32:48.503 [info] ExtensionService#_doActivateExtension vscode.merge-conflict, startup: false, activationEvent: 'onStartupFinished'
2024-10-24 00:32:48.631 [warning] [Decorations] CAPPING events from decorations provider vscode.git 819
2024-10-24 00:32:48.750 [info] ExtensionService#_doActivateExtension vscode.github-authentication, startup: false, activationEvent: 'onAuthenticationRequest:github'
2024-10-24 00:32:48.874 [warning] [Decorations] CAPPING events from decorations provider vscode.git 820
2024-10-24 00:32:56.222 [warning] [Decorations] CAPPING events from decorations provider vscode.git 820
2024-10-24 00:33:01.287 [warning] [Decorations] CAPPING events from decorations provider vscode.git 851
2024-10-24 00:35:13.061 [warning] [Decorations] CAPPING events from decorations provider vscode.git 851
2024-10-24 00:37:24.764 [warning] [Decorations] CAPPING events from decorations provider vscode.git 851
2024-10-24 00:37:27.672 [info] ExtensionService#_doActivateExtension vscode.configuration-editing, startup: false, activationEvent: 'onLanguage:jsonc'
2024-10-24 00:37:27.683 [info] ExtensionService#_doActivateExtension vscode.json-language-features, startup: false, activationEvent: 'onLanguage:jsonc'
2024-10-24 00:37:27.748 [info] ExtensionService#_doActivateExtension vscode.typescript-language-features, startup: false, activationEvent: 'onLanguage:jsonc'
2024-10-24 00:37:29.817 [warning] [Decorations] CAPPING events from decorations provider vscode.git 853
2024-10-24 00:37:34.868 [warning] [Decorations] CAPPING events from decorations provider vscode.git 853
2024-10-24 00:37:52.757 [warning] [Decorations] CAPPING events from decorations provider vscode.git 853
2024-10-24 00:37:57.810 [warning] [Decorations] CAPPING events from decorations provider vscode.git 854
2024-10-24 00:38:02.878 [warning] [Decorations] CAPPING events from decorations provider vscode.git 852
2024-10-24 00:38:07.945 [warning] [Decorations] CAPPING events from decorations provider vscode.git 852
2024-10-24 00:38:13.017 [warning] [Decorations] CAPPING events from decorations provider vscode.git 852
2024-10-24 00:38:18.102 [warning] [Decorations] CAPPING events from decorations provider vscode.git 852
2024-10-24 00:38:23.156 [warning] [Decorations] CAPPING events from decorations provider vscode.git 852
2024-10-24 00:38:29.186 [warning] [Decorations] CAPPING events from decorations provider vscode.git 852
2024-10-24 00:38:32.467 [info] ExtensionService#_doActivateExtension vscode.extension-editing, startup: false, activationEvent: 'onLanguage:json'
2024-10-24 00:38:32.481 [info] ExtensionService#_doActivateExtension vscode.npm, startup: false, activationEvent: 'onLanguage:json'
2024-10-24 00:38:34.239 [warning] [Decorations] CAPPING events from decorations provider vscode.git 852
2024-10-24 00:47:05.655 [warning] [Decorations] CAPPING events from decorations provider vscode.git 854
2024-10-24 00:47:10.710 [warning] [Decorations] CAPPING events from decorations provider vscode.git 854
2024-10-24 00:47:15.778 [warning] [Decorations] CAPPING events from decorations provider vscode.git 854
2024-10-24 00:47:18.232 [warning] vscode.json-language-features - Code actions of kind 'quickfix' requested but returned code action is of kind 'source.sort.json'. Code action will be dropped. Please check 'CodeActionContext.only' to only return requested code actions.
2024-10-24 00:47:20.840 [warning] [Decorations] CAPPING events from decorations provider vscode.git 854
2024-10-24 00:47:25.904 [warning] [Decorations] CAPPING events from decorations provider vscode.git 855
2024-10-24 00:47:30.954 [warning] [Decorations] CAPPING events from decorations provider vscode.git 856
2024-10-24 00:47:36.019 [warning] [Decorations] CAPPING events from decorations provider vscode.git 856
2024-10-24 00:47:41.082 [warning] [Decorations] CAPPING events from decorations provider vscode.git 856
2024-10-24 00:47:46.142 [warning] [Decorations] CAPPING events from decorations provider vscode.git 856
2024-10-24 00:47:51.206 [warning] [Decorations] CAPPING events from decorations provider vscode.git 856
2024-10-24 00:47:56.275 [warning] [Decorations] CAPPING events from decorations provider vscode.git 856
2024-10-24 00:48:01.340 [warning] [Decorations] CAPPING events from decorations provider vscode.git 856
2024-10-24 00:48:06.409 [warning] [Decorations] CAPPING events from decorations provider vscode.git 855
2024-10-24 00:48:11.482 [warning] [Decorations] CAPPING events from decorations provider vscode.git 856
2024-10-24 00:48:16.549 [warning] [Decorations] CAPPING events from decorations provider vscode.git 858
2024-10-24 00:48:21.618 [warning] [Decorations] CAPPING events from decorations provider vscode.git 857
2024-10-24 00:48:26.668 [warning] [Decorations] CAPPING events from decorations provider vscode.git 858
2024-10-24 00:48:31.734 [warning] [Decorations] CAPPING events from decorations provider vscode.git 858
2024-10-24 00:48:36.787 [warning] [Decorations] CAPPING events from decorations provider vscode.git 859
2024-10-24 00:48:41.841 [warning] [Decorations] CAPPING events from decorations provider vscode.git 858
2024-10-24 00:48:46.915 [warning] [Decorations] CAPPING events from decorations provider vscode.git 858
2024-10-24 00:48:51.979 [warning] [Decorations] CAPPING events from decorations provider vscode.git 859
2024-10-24 00:48:57.034 [warning] [Decorations] CAPPING events from decorations provider vscode.git 860
2024-10-24 00:49:02.098 [warning] [Decorations] CAPPING events from decorations provider vscode.git 859
2024-10-24 00:49:07.158 [warning] [Decorations] CAPPING events from decorations provider vscode.git 860
2024-10-24 00:49:12.220 [warning] [Decorations] CAPPING events from decorations provider vscode.git 860
2024-10-24 00:49:17.284 [warning] [Decorations] CAPPING events from decorations provider vscode.git 860
2024-10-24 00:49:22.345 [warning] [Decorations] CAPPING events from decorations provider vscode.git 860
2024-10-24 00:49:27.414 [warning] [Decorations] CAPPING events from decorations provider vscode.git 860
2024-10-24 00:49:32.469 [warning] [Decorations] CAPPING events from decorations provider vscode.git 860
2024-10-24 00:49:37.535 [warning] [Decorations] CAPPING events from decorations provider vscode.git 861
2024-10-24 00:49:42.590 [warning] [Decorations] CAPPING events from decorations provider vscode.git 862
2024-10-24 00:49:47.641 [warning] [Decorations] CAPPING events from decorations provider vscode.git 861
2024-10-24 00:49:58.484 [warning] [Decorations] CAPPING events from decorations provider vscode.git 861
2024-10-24 00:50:03.548 [warning] [Decorations] CAPPING events from decorations provider vscode.git 862
2024-10-24 00:50:08.618 [warning] [Decorations] CAPPING events from decorations provider vscode.git 863
2024-10-24 00:50:13.686 [warning] [Decorations] CAPPING events from decorations provider vscode.git 862
2024-10-24 00:50:18.756 [warning] [Decorations] CAPPING events from decorations provider vscode.git 862
2024-10-24 00:50:23.824 [warning] [Decorations] CAPPING events from decorations provider vscode.git 862
2024-10-24 00:50:28.893 [warning] [Decorations] CAPPING events from decorations provider vscode.git 863
2024-10-24 00:50:33.953 [warning] [Decorations] CAPPING events from decorations provider vscode.git 863
2024-10-24 00:50:39.021 [warning] [Decorations] CAPPING events from decorations provider vscode.git 864
2024-10-24 00:50:44.091 [warning] [Decorations] CAPPING events from decorations provider vscode.git 863
